[0.446s] DEBUG:colcon:Command line arguments: ['/usr/bin/colcon', 'build']
[0.447s] DEBUG:colcon:Parsed command line arguments: Namespace(ament_cmake_args=None, base_paths=['.'], build_base='build', catkin_cmake_args=None, catkin_skip_building_tests=False, cmake_args=None, cmake_clean_cache=False, cmake_clean_first=False, cmake_force_configure=False, cmake_target=None, cmake_target_skip_unavailable=False, continue_on_error=False, event_handlers=None, executor='parallel', ignore_user_meta=False, install_base='install', log_base=None, log_level=None, main=<bound method BuildVerb.main of <colcon_core.verb.build.BuildVerb object at 0x7f7ad5d89430>>, merge_install=False, metas=['./colcon.meta'], packages_above=None, packages_above_and_dependencies=None, packages_above_depth=None, packages_end=None, packages_ignore=None, packages_ignore_regex=None, packages_select=None, packages_select_build_failed=False, packages_select_by_dep=None, packages_select_regex=None, packages_select_test_failures=False, packages_skip=None, packages_skip_build_finished=False, packages_skip_by_dep=None, packages_skip_regex=None, packages_skip_test_passed=False, packages_skip_up_to=None, packages_start=None, packages_up_to=None, packages_up_to_regex=None, parallel_workers=4, paths=None, symlink_install=False, test_result_base=None, verb_extension=<colcon_core.verb.build.BuildVerb object at 0x7f7ad5d89430>, verb_name='build', verb_parser=<colcon_defaults.argument_parser.defaults.DefaultArgumentsDecorator object at 0x7f7ad5d89970>)
[0.454s] Level 1:colcon.colcon_core.package_discovery:discover_packages(colcon_meta) check parameters
[0.454s] Level 1:colcon.colcon_core.package_discovery:discover_packages(recursive) check parameters
[0.454s] Level 1:colcon.colcon_core.package_discovery:discover_packages(ignore) check parameters
[0.454s] Level 1:colcon.colcon_core.package_discovery:discover_packages(path) check parameters
[0.454s] Level 1:colcon.colcon_core.package_discovery:discover_packages(colcon_meta) discover
[0.454s] Level 1:colcon.colcon_core.package_discovery:discover_packages(recursive) discover
[0.454s] INFO:colcon.colcon_core.package_discovery:Crawling recursively for packages in '/home/bolka/dev_ws'
[0.454s] Level 1:colcon.colcon_core.package_identification:_identify(.) by extensions ['ignore', 'ignore_ament_install']
[0.454s] Level 1:colcon.colcon_core.package_identification:_identify(.) by extension 'ignore'
[0.455s] Level 1:colcon.colcon_core.package_identification:_identify(.) by extension 'ignore_ament_install'
[0.455s] Level 1:colcon.colcon_core.package_identification:_identify(.) by extensions ['colcon_pkg']
[0.455s] Level 1:colcon.colcon_core.package_identification:_identify(.) by extension 'colcon_pkg'
[0.455s] Level 1:colcon.colcon_core.package_identification:_identify(.) by extensions ['colcon_meta']
[0.455s] Level 1:colcon.colcon_core.package_identification:_identify(.) by extension 'colcon_meta'
[0.455s] Level 1:colcon.colcon_core.package_identification:_identify(.) by extensions ['ros']
[0.455s] Level 1:colcon.colcon_core.package_identification:_identify(.) by extension 'ros'
[0.471s] Level 1:colcon.colcon_core.package_identification:_identify(.) by extensions ['cmake', 'python']
[0.471s] Level 1:colcon.colcon_core.package_identification:_identify(.) by extension 'cmake'
[0.471s] Level 1:colcon.colcon_core.package_identification:_identify(.) by extension 'python'
[0.471s] Level 1:colcon.colcon_core.package_identification:_identify(.) by extensions ['python_setup_py']
[0.471s] Level 1:colcon.colcon_core.package_identification:_identify(.) by extension 'python_setup_py'
[0.471s] Level 1:colcon.colcon_core.package_identification:_identify(build) by extensions ['ignore', 'ignore_ament_install']
[0.471s] Level 1:colcon.colcon_core.package_identification:_identify(build) by extension 'ignore'
[0.471s] Level 1:colcon.colcon_core.package_identification:_identify(build) ignored
[0.471s] Level 1:colcon.colcon_core.package_identification:_identify(install) by extensions ['ignore', 'ignore_ament_install']
[0.472s] Level 1:colcon.colcon_core.package_identification:_identify(install) by extension 'ignore'
[0.472s] Level 1:colcon.colcon_core.package_identification:_identify(install) ignored
[0.472s] Level 1:colcon.colcon_core.package_identification:_identify(log) by extensions ['ignore', 'ignore_ament_install']
[0.472s] Level 1:colcon.colcon_core.package_identification:_identify(log) by extension 'ignore'
[0.472s] Level 1:colcon.colcon_core.package_identification:_identify(log) ignored
[0.472s] Level 1:colcon.colcon_core.package_identification:_identify(src) by extensions ['ignore', 'ignore_ament_install']
[0.472s] Level 1:colcon.colcon_core.package_identification:_identify(src) by extension 'ignore'
[0.472s] Level 1:colcon.colcon_core.package_identification:_identify(src) by extension 'ignore_ament_install'
[0.472s] Level 1:colcon.colcon_core.package_identification:_identify(src) by extensions ['colcon_pkg']
[0.472s] Level 1:colcon.colcon_core.package_identification:_identify(src) by extension 'colcon_pkg'
[0.473s] Level 1:colcon.colcon_core.package_identification:_identify(src) by extensions ['colcon_meta']
[0.473s] Level 1:colcon.colcon_core.package_identification:_identify(src) by extension 'colcon_meta'
[0.473s] Level 1:colcon.colcon_core.package_identification:_identify(src) by extensions ['ros']
[0.473s] Level 1:colcon.colcon_core.package_identification:_identify(src) by extension 'ros'
[0.473s] Level 1:colcon.colcon_core.package_identification:_identify(src) by extensions ['cmake', 'python']
[0.473s] Level 1:colcon.colcon_core.package_identification:_identify(src) by extension 'cmake'
[0.473s] Level 1:colcon.colcon_core.package_identification:_identify(src) by extension 'python'
[0.473s] Level 1:colcon.colcon_core.package_identification:_identify(src) by extensions ['python_setup_py']
[0.473s] Level 1:colcon.colcon_core.package_identification:_identify(src) by extension 'python_setup_py'
[0.473s] Level 1:colcon.colcon_core.package_identification:_identify(src/build) by extensions ['ignore', 'ignore_ament_install']
[0.473s] Level 1:colcon.colcon_core.package_identification:_identify(src/build) by extension 'ignore'
[0.473s] Level 1:colcon.colcon_core.package_identification:_identify(src/build) ignored
[0.473s] Level 1:colcon.colcon_core.package_identification:_identify(src/install) by extensions ['ignore', 'ignore_ament_install']
[0.474s] Level 1:colcon.colcon_core.package_identification:_identify(src/install) by extension 'ignore'
[0.474s] Level 1:colcon.colcon_core.package_identification:_identify(src/install) ignored
[0.474s] Level 1:colcon.colcon_core.package_identification:_identify(src/log) by extensions ['ignore', 'ignore_ament_install']
[0.474s] Level 1:colcon.colcon_core.package_identification:_identify(src/log) by extension 'ignore'
[0.474s] Level 1:colcon.colcon_core.package_identification:_identify(src/log) ignored
[0.474s] Level 1:colcon.colcon_core.package_identification:_identify(src/map) by extensions ['ignore', 'ignore_ament_install']
[0.474s] Level 1:colcon.colcon_core.package_identification:_identify(src/map) by extension 'ignore'
[0.474s] Level 1:colcon.colcon_core.package_identification:_identify(src/map) by extension 'ignore_ament_install'
[0.474s] Level 1:colcon.colcon_core.package_identification:_identify(src/map) by extensions ['colcon_pkg']
[0.474s] Level 1:colcon.colcon_core.package_identification:_identify(src/map) by extension 'colcon_pkg'
[0.474s] Level 1:colcon.colcon_core.package_identification:_identify(src/map) by extensions ['colcon_meta']
[0.474s] Level 1:colcon.colcon_core.package_identification:_identify(src/map) by extension 'colcon_meta'
[0.475s] Level 1:colcon.colcon_core.package_identification:_identify(src/map) by extensions ['ros']
[0.475s] Level 1:colcon.colcon_core.package_identification:_identify(src/map) by extension 'ros'
[0.478s] DEBUG:colcon.colcon_core.package_identification:Package 'src/map' with type 'ros.ament_python' and name 'map'
[0.478s] Level 1:colcon.colcon_core.package_identification:_identify(src/my_package) by extensions ['ignore', 'ignore_ament_install']
[0.478s] Level 1:colcon.colcon_core.package_identification:_identify(src/my_package) by extension 'ignore'
[0.478s] Level 1:colcon.colcon_core.package_identification:_identify(src/my_package) by extension 'ignore_ament_install'
[0.478s] Level 1:colcon.colcon_core.package_identification:_identify(src/my_package) by extensions ['colcon_pkg']
[0.478s] Level 1:colcon.colcon_core.package_identification:_identify(src/my_package) by extension 'colcon_pkg'
[0.478s] Level 1:colcon.colcon_core.package_identification:_identify(src/my_package) by extensions ['colcon_meta']
[0.478s] Level 1:colcon.colcon_core.package_identification:_identify(src/my_package) by extension 'colcon_meta'
[0.478s] Level 1:colcon.colcon_core.package_identification:_identify(src/my_package) by extensions ['ros']
[0.478s] Level 1:colcon.colcon_core.package_identification:_identify(src/my_package) by extension 'ros'
[0.479s] DEBUG:colcon.colcon_core.package_identification:Package 'src/my_package' with type 'ros.ament_python' and name 'my_package'
[0.479s] Level 1:colcon.colcon_core.package_identification:_identify(src/ros_tutorials) by extensions ['ignore', 'ignore_ament_install']
[0.479s] Level 1:colcon.colcon_core.package_identification:_identify(src/ros_tutorials) by extension 'ignore'
[0.480s] Level 1:colcon.colcon_core.package_identification:_identify(src/ros_tutorials) by extension 'ignore_ament_install'
[0.480s] Level 1:colcon.colcon_core.package_identification:_identify(src/ros_tutorials) by extensions ['colcon_pkg']
[0.480s] Level 1:colcon.colcon_core.package_identification:_identify(src/ros_tutorials) by extension 'colcon_pkg'
[0.480s] Level 1:colcon.colcon_core.package_identification:_identify(src/ros_tutorials) by extensions ['colcon_meta']
[0.480s] Level 1:colcon.colcon_core.package_identification:_identify(src/ros_tutorials) by extension 'colcon_meta'
[0.480s] Level 1:colcon.colcon_core.package_identification:_identify(src/ros_tutorials) by extensions ['ros']
[0.480s] Level 1:colcon.colcon_core.package_identification:_identify(src/ros_tutorials) by extension 'ros'
[0.480s] Level 1:colcon.colcon_core.package_identification:_identify(src/ros_tutorials) by extensions ['cmake', 'python']
[0.480s] Level 1:colcon.colcon_core.package_identification:_identify(src/ros_tutorials) by extension 'cmake'
[0.480s] Level 1:colcon.colcon_core.package_identification:_identify(src/ros_tutorials) by extension 'python'
[0.480s] Level 1:colcon.colcon_core.package_identification:_identify(src/ros_tutorials) by extensions ['python_setup_py']
[0.480s] Level 1:colcon.colcon_core.package_identification:_identify(src/ros_tutorials) by extension 'python_setup_py'
[0.480s] Level 1:colcon.colcon_core.package_identification:_identify(src/ros_tutorials/ros_tutorials) by extensions ['ignore', 'ignore_ament_install']
[0.480s] Level 1:colcon.colcon_core.package_identification:_identify(src/ros_tutorials/ros_tutorials) by extension 'ignore'
[0.481s] Level 1:colcon.colcon_core.package_identification:_identify(src/ros_tutorials/ros_tutorials) ignored
[0.481s] Level 1:colcon.colcon_core.package_identification:_identify(src/ros_tutorials/roscpp_tutorials) by extensions ['ignore', 'ignore_ament_install']
[0.481s] Level 1:colcon.colcon_core.package_identification:_identify(src/ros_tutorials/roscpp_tutorials) by extension 'ignore'
[0.481s] Level 1:colcon.colcon_core.package_identification:_identify(src/ros_tutorials/roscpp_tutorials) ignored
[0.481s] Level 1:colcon.colcon_core.package_identification:_identify(src/ros_tutorials/rospy_tutorials) by extensions ['ignore', 'ignore_ament_install']
[0.481s] Level 1:colcon.colcon_core.package_identification:_identify(src/ros_tutorials/rospy_tutorials) by extension 'ignore'
[0.481s] Level 1:colcon.colcon_core.package_identification:_identify(src/ros_tutorials/rospy_tutorials) ignored
[0.481s] Level 1:colcon.colcon_core.package_identification:_identify(src/ros_tutorials/turtlesim) by extensions ['ignore', 'ignore_ament_install']
[0.481s] Level 1:colcon.colcon_core.package_identification:_identify(src/ros_tutorials/turtlesim) by extension 'ignore'
[0.481s] Level 1:colcon.colcon_core.package_identification:_identify(src/ros_tutorials/turtlesim) by extension 'ignore_ament_install'
[0.482s] Level 1:colcon.colcon_core.package_identification:_identify(src/ros_tutorials/turtlesim) by extensions ['colcon_pkg']
[0.482s] Level 1:colcon.colcon_core.package_identification:_identify(src/ros_tutorials/turtlesim) by extension 'colcon_pkg'
[0.482s] Level 1:colcon.colcon_core.package_identification:_identify(src/ros_tutorials/turtlesim) by extensions ['colcon_meta']
[0.482s] Level 1:colcon.colcon_core.package_identification:_identify(src/ros_tutorials/turtlesim) by extension 'colcon_meta'
[0.482s] Level 1:colcon.colcon_core.package_identification:_identify(src/ros_tutorials/turtlesim) by extensions ['ros']
[0.482s] Level 1:colcon.colcon_core.package_identification:_identify(src/ros_tutorials/turtlesim) by extension 'ros'
[0.483s] DEBUG:colcon.colcon_core.package_identification:Package 'src/ros_tutorials/turtlesim' with type 'ros.ament_cmake' and name 'turtlesim'
[0.484s] Level 1:colcon.colcon_core.package_identification:_identify(src/simulator) by extensions ['ignore', 'ignore_ament_install']
[0.484s] Level 1:colcon.colcon_core.package_identification:_identify(src/simulator) by extension 'ignore'
[0.484s] Level 1:colcon.colcon_core.package_identification:_identify(src/simulator) by extension 'ignore_ament_install'
[0.484s] Level 1:colcon.colcon_core.package_identification:_identify(src/simulator) by extensions ['colcon_pkg']
[0.484s] Level 1:colcon.colcon_core.package_identification:_identify(src/simulator) by extension 'colcon_pkg'
[0.484s] Level 1:colcon.colcon_core.package_identification:_identify(src/simulator) by extensions ['colcon_meta']
[0.484s] Level 1:colcon.colcon_core.package_identification:_identify(src/simulator) by extension 'colcon_meta'
[0.484s] Level 1:colcon.colcon_core.package_identification:_identify(src/simulator) by extensions ['ros']
[0.484s] Level 1:colcon.colcon_core.package_identification:_identify(src/simulator) by extension 'ros'
[0.485s] DEBUG:colcon.colcon_core.package_identification:Package 'src/simulator' with type 'ros.ament_python' and name 'simulator'
[0.485s] Level 1:colcon.colcon_core.package_discovery:discover_packages(recursive) using defaults
[0.485s] Level 1:colcon.colcon_core.package_discovery:discover_packages(ignore) discover
[0.485s] Level 1:colcon.colcon_core.package_discovery:discover_packages(ignore) using defaults
[0.485s] Level 1:colcon.colcon_core.package_discovery:discover_packages(path) discover
[0.485s] Level 1:colcon.colcon_core.package_discovery:discover_packages(path) using defaults
[0.510s] Level 5:colcon.colcon_core.verb:set package 'map' build argument 'cmake_args' from command line to 'None'
[0.511s] Level 5:colcon.colcon_core.verb:set package 'map' build argument 'cmake_target' from command line to 'None'
[0.511s] Level 5:colcon.colcon_core.verb:set package 'map' build argument 'cmake_target_skip_unavailable' from command line to 'False'
[0.511s] Level 5:colcon.colcon_core.verb:set package 'map' build argument 'cmake_clean_cache' from command line to 'False'
[0.511s] Level 5:colcon.colcon_core.verb:set package 'map' build argument 'cmake_clean_first' from command line to 'False'
[0.511s] Level 5:colcon.colcon_core.verb:set package 'map' build argument 'cmake_force_configure' from command line to 'False'
[0.511s] Level 5:colcon.colcon_core.verb:set package 'map' build argument 'ament_cmake_args' from command line to 'None'
[0.511s] Level 5:colcon.colcon_core.verb:set package 'map' build argument 'catkin_cmake_args' from command line to 'None'
[0.511s] Level 5:colcon.colcon_core.verb:set package 'map' build argument 'catkin_skip_building_tests' from command line to 'False'
[0.511s] DEBUG:colcon.colcon_core.verb:Building package 'map' with the following arguments: {'ament_cmake_args': None, 'build_base': '/home/bolka/dev_ws/build/map', 'catkin_cmake_args': None, 'catkin_skip_building_tests': False, 'cmake_args': None, 'cmake_clean_cache': False, 'cmake_clean_first': False, 'cmake_force_configure': False, 'cmake_target': None, 'cmake_target_skip_unavailable': False, 'install_base': '/home/bolka/dev_ws/install/map', 'merge_install': False, 'path': '/home/bolka/dev_ws/src/map', 'symlink_install': False, 'test_result_base': None}
[0.514s] Level 5:colcon.colcon_core.verb:set package 'my_package' build argument 'cmake_args' from command line to 'None'
[0.514s] Level 5:colcon.colcon_core.verb:set package 'my_package' build argument 'cmake_target' from command line to 'None'
[0.514s] Level 5:colcon.colcon_core.verb:set package 'my_package' build argument 'cmake_target_skip_unavailable' from command line to 'False'
[0.514s] Level 5:colcon.colcon_core.verb:set package 'my_package' build argument 'cmake_clean_cache' from command line to 'False'
[0.514s] Level 5:colcon.colcon_core.verb:set package 'my_package' build argument 'cmake_clean_first' from command line to 'False'
[0.514s] Level 5:colcon.colcon_core.verb:set package 'my_package' build argument 'cmake_force_configure' from command line to 'False'
[0.515s] Level 5:colcon.colcon_core.verb:set package 'my_package' build argument 'ament_cmake_args' from command line to 'None'
[0.515s] Level 5:colcon.colcon_core.verb:set package 'my_package' build argument 'catkin_cmake_args' from command line to 'None'
[0.515s] Level 5:colcon.colcon_core.verb:set package 'my_package' build argument 'catkin_skip_building_tests' from command line to 'False'
[0.515s] DEBUG:colcon.colcon_core.verb:Building package 'my_package' with the following arguments: {'ament_cmake_args': None, 'build_base': '/home/bolka/dev_ws/build/my_package', 'catkin_cmake_args': None, 'catkin_skip_building_tests': False, 'cmake_args': None, 'cmake_clean_cache': False, 'cmake_clean_first': False, 'cmake_force_configure': False, 'cmake_target': None, 'cmake_target_skip_unavailable': False, 'install_base': '/home/bolka/dev_ws/install/my_package', 'merge_install': False, 'path': '/home/bolka/dev_ws/src/my_package', 'symlink_install': False, 'test_result_base': None}
[0.518s] Level 5:colcon.colcon_core.verb:set package 'simulator' build argument 'cmake_args' from command line to 'None'
[0.518s] Level 5:colcon.colcon_core.verb:set package 'simulator' build argument 'cmake_target' from command line to 'None'
[0.518s] Level 5:colcon.colcon_core.verb:set package 'simulator' build argument 'cmake_target_skip_unavailable' from command line to 'False'
[0.518s] Level 5:colcon.colcon_core.verb:set package 'simulator' build argument 'cmake_clean_cache' from command line to 'False'
[0.518s] Level 5:colcon.colcon_core.verb:set package 'simulator' build argument 'cmake_clean_first' from command line to 'False'
[0.518s] Level 5:colcon.colcon_core.verb:set package 'simulator' build argument 'cmake_force_configure' from command line to 'False'
[0.518s] Level 5:colcon.colcon_core.verb:set package 'simulator' build argument 'ament_cmake_args' from command line to 'None'
[0.518s] Level 5:colcon.colcon_core.verb:set package 'simulator' build argument 'catkin_cmake_args' from command line to 'None'
[0.518s] Level 5:colcon.colcon_core.verb:set package 'simulator' build argument 'catkin_skip_building_tests' from command line to 'False'
[0.518s] DEBUG:colcon.colcon_core.verb:Building package 'simulator' with the following arguments: {'ament_cmake_args': None, 'build_base': '/home/bolka/dev_ws/build/simulator', 'catkin_cmake_args': None, 'catkin_skip_building_tests': False, 'cmake_args': None, 'cmake_clean_cache': False, 'cmake_clean_first': False, 'cmake_force_configure': False, 'cmake_target': None, 'cmake_target_skip_unavailable': False, 'install_base': '/home/bolka/dev_ws/install/simulator', 'merge_install': False, 'path': '/home/bolka/dev_ws/src/simulator', 'symlink_install': False, 'test_result_base': None}
[0.521s] Level 5:colcon.colcon_core.verb:set package 'turtlesim' build argument 'cmake_args' from command line to 'None'
[0.521s] Level 5:colcon.colcon_core.verb:set package 'turtlesim' build argument 'cmake_target' from command line to 'None'
[0.522s] Level 5:colcon.colcon_core.verb:set package 'turtlesim' build argument 'cmake_target_skip_unavailable' from command line to 'False'
[0.522s] Level 5:colcon.colcon_core.verb:set package 'turtlesim' build argument 'cmake_clean_cache' from command line to 'False'
[0.522s] Level 5:colcon.colcon_core.verb:set package 'turtlesim' build argument 'cmake_clean_first' from command line to 'False'
[0.522s] Level 5:colcon.colcon_core.verb:set package 'turtlesim' build argument 'cmake_force_configure' from command line to 'False'
[0.522s] Level 5:colcon.colcon_core.verb:set package 'turtlesim' build argument 'ament_cmake_args' from command line to 'None'
[0.522s] Level 5:colcon.colcon_core.verb:set package 'turtlesim' build argument 'catkin_cmake_args' from command line to 'None'
[0.522s] Level 5:colcon.colcon_core.verb:set package 'turtlesim' build argument 'catkin_skip_building_tests' from command line to 'False'
[0.522s] DEBUG:colcon.colcon_core.verb:Building package 'turtlesim' with the following arguments: {'ament_cmake_args': None, 'build_base': '/home/bolka/dev_ws/build/turtlesim', 'catkin_cmake_args': None, 'catkin_skip_building_tests': False, 'cmake_args': None, 'cmake_clean_cache': False, 'cmake_clean_first': False, 'cmake_force_configure': False, 'cmake_target': None, 'cmake_target_skip_unavailable': False, 'install_base': '/home/bolka/dev_ws/install/turtlesim', 'merge_install': False, 'path': '/home/bolka/dev_ws/src/ros_tutorials/turtlesim', 'symlink_install': False, 'test_result_base': None}
[0.522s] INFO:colcon.colcon_core.executor:Executing jobs using 'parallel' executor
[0.525s] DEBUG:colcon.colcon_parallel_executor.executor.parallel:run_until_complete
[0.526s] INFO:colcon.colcon_ros.task.ament_python.build:Building ROS package in '/home/bolka/dev_ws/src/map' with build type 'ament_python'
[0.526s] Level 1:colcon.colcon_core.shell:create_environment_hook('map', 'ament_prefix_path')
[0.532s] INFO:colcon.colcon_core.plugin_system:Skipping extension 'colcon_core.shell.bat': Not used on non-Windows systems
[0.532s] INFO:colcon.colcon_core.shell:Creating environment hook '/home/bolka/dev_ws/install/map/share/map/hook/ament_prefix_path.ps1'
[0.534s] INFO:colcon.colcon_core.shell:Creating environment descriptor '/home/bolka/dev_ws/install/map/share/map/hook/ament_prefix_path.dsv'
[0.535s] INFO:colcon.colcon_core.shell:Creating environment hook '/home/bolka/dev_ws/install/map/share/map/hook/ament_prefix_path.sh'
[0.536s] INFO:colcon.colcon_core.shell:Skip shell extension 'powershell' for command environment: Not usable outside of PowerShell
[0.536s] DEBUG:colcon.colcon_core.shell:Skip shell extension 'dsv' for command environment
[0.543s] DEBUG:colcon.colcon_core.shell:Ignoring prefix path '/opt/ros/galactic'
[0.546s] INFO:colcon.colcon_ros.task.ament_python.build:Building ROS package in '/home/bolka/dev_ws/src/my_package' with build type 'ament_python'
[0.547s] Level 1:colcon.colcon_core.shell:create_environment_hook('my_package', 'ament_prefix_path')
[0.548s] INFO:colcon.colcon_core.shell:Creating environment hook '/home/bolka/dev_ws/install/my_package/share/my_package/hook/ament_prefix_path.ps1'
[0.550s] INFO:colcon.colcon_core.shell:Creating environment descriptor '/home/bolka/dev_ws/install/my_package/share/my_package/hook/ament_prefix_path.dsv'
[0.550s] INFO:colcon.colcon_core.shell:Creating environment hook '/home/bolka/dev_ws/install/my_package/share/my_package/hook/ament_prefix_path.sh'
[0.551s] INFO:colcon.colcon_core.shell:Skip shell extension 'powershell' for command environment: Not usable outside of PowerShell
[0.552s] DEBUG:colcon.colcon_core.shell:Skip shell extension 'dsv' for command environment
[0.555s] DEBUG:colcon.colcon_core.shell:Ignoring prefix path '/opt/ros/galactic'
[0.561s] INFO:colcon.colcon_ros.task.ament_python.build:Building ROS package in '/home/bolka/dev_ws/src/simulator' with build type 'ament_python'
[0.562s] Level 1:colcon.colcon_core.shell:create_environment_hook('simulator', 'ament_prefix_path')
[0.564s] INFO:colcon.colcon_core.shell:Creating environment hook '/home/bolka/dev_ws/install/simulator/share/simulator/hook/ament_prefix_path.ps1'
[0.565s] INFO:colcon.colcon_core.shell:Creating environment descriptor '/home/bolka/dev_ws/install/simulator/share/simulator/hook/ament_prefix_path.dsv'
[0.565s] INFO:colcon.colcon_core.shell:Creating environment hook '/home/bolka/dev_ws/install/simulator/share/simulator/hook/ament_prefix_path.sh'
[0.567s] INFO:colcon.colcon_core.shell:Skip shell extension 'powershell' for command environment: Not usable outside of PowerShell
[0.567s] DEBUG:colcon.colcon_core.shell:Skip shell extension 'dsv' for command environment
[0.569s] DEBUG:colcon.colcon_core.shell:Ignoring prefix path '/opt/ros/galactic'
[0.573s] INFO:colcon.colcon_ros.task.ament_cmake.build:Building ROS package in '/home/bolka/dev_ws/src/ros_tutorials/turtlesim' with build type 'ament_cmake'
[0.573s] INFO:colcon.colcon_cmake.task.cmake.build:Building CMake package in '/home/bolka/dev_ws/src/ros_tutorials/turtlesim'
[0.576s] INFO:colcon.colcon_core.shell:Skip shell extension 'powershell' for command environment: Not usable outside of PowerShell
[0.576s] DEBUG:colcon.colcon_core.shell:Skip shell extension 'dsv' for command environment
[0.579s] DEBUG:colcon.colcon_core.shell:Ignoring prefix path '/opt/ros/galactic'
[0.930s] INFO:colcon.colcon_core.task.python.build:Building Python package in '/home/bolka/dev_ws/src/map'
[0.932s] INFO:colcon.colcon_core.shell:Skip shell extension 'powershell' for command environment: Not usable outside of PowerShell
[0.932s] DEBUG:colcon.colcon_core.shell:Skip shell extension 'dsv' for command environment
[0.934s] DEBUG:colcon.colcon_core.shell:Ignoring prefix path '/opt/ros/galactic'
[1.270s] INFO:colcon.colcon_core.task.python.build:Building Python package in '/home/bolka/dev_ws/src/my_package'
[1.272s] INFO:colcon.colcon_core.shell:Skip shell extension 'powershell' for command environment: Not usable outside of PowerShell
[1.272s] DEBUG:colcon.colcon_core.shell:Skip shell extension 'dsv' for command environment
[1.275s] DEBUG:colcon.colcon_core.shell:Ignoring prefix path '/opt/ros/galactic'
[1.622s] INFO:colcon.colcon_core.task.python.build:Building Python package in '/home/bolka/dev_ws/src/simulator'
[1.625s] INFO:colcon.colcon_core.shell:Skip shell extension 'powershell' for command environment: Not usable outside of PowerShell
[1.625s] DEBUG:colcon.colcon_core.shell:Skip shell extension 'dsv' for command environment
[1.631s] DEBUG:colcon.colcon_core.shell:Ignoring prefix path '/opt/ros/galactic'
[1.642s] DEBUG:colcon.colcon_core.event_handler.log_command:Invoking command in '/home/bolka/dev_ws/build/turtlesim': CMAKE_PREFIX_PATH=${CMAKE_PREFIX_PATH}:/home/bolka/dev_ws/install/simulator:/home/bolka/dev_ws/install/my_package:/home/bolka/dev_ws/install/map:/opt/ros/galactic /usr/bin/cmake --build /home/bolka/dev_ws/build/turtlesim -- -j4 -l4
[1.660s] DEBUG:colcon.colcon_core.event_handler.log_command:Invoking command in '/home/bolka/dev_ws/src/map': PYTHONPATH=/home/bolka/dev_ws/install/map/lib/python3.8/site-packages:${PYTHONPATH} /usr/bin/python3 setup.py egg_info --egg-base ../../build/map build --build-base /home/bolka/dev_ws/build/map/build install --prefix /home/bolka/dev_ws/install/map --record /home/bolka/dev_ws/build/map/install.log --single-version-externally-managed
[1.669s] DEBUG:colcon.colcon_core.event_handler.log_command:Invoking command in '/home/bolka/dev_ws/src/my_package': PYTHONPATH=/home/bolka/dev_ws/install/my_package/lib/python3.8/site-packages:${PYTHONPATH} /usr/bin/python3 setup.py egg_info --egg-base ../../build/my_package build --build-base /home/bolka/dev_ws/build/my_package/build install --prefix /home/bolka/dev_ws/install/my_package --record /home/bolka/dev_ws/build/my_package/install.log --single-version-externally-managed
[1.693s] DEBUG:colcon.colcon_core.event_handler.log_command:Invoking command in '/home/bolka/dev_ws/src/simulator': PYTHONPATH=/home/bolka/dev_ws/install/simulator/lib/python3.8/site-packages:${PYTHONPATH} /usr/bin/python3 setup.py egg_info --egg-base ../../build/simulator build --build-base /home/bolka/dev_ws/build/simulator/build install --prefix /home/bolka/dev_ws/install/simulator --record /home/bolka/dev_ws/build/simulator/install.log --single-version-externally-managed
[3.299s] DEBUG:colcon.colcon_core.event_handler.log_command:Invoked command in '/home/bolka/dev_ws/src/simulator' returned '0': PYTHONPATH=/home/bolka/dev_ws/install/simulator/lib/python3.8/site-packages:${PYTHONPATH} /usr/bin/python3 setup.py egg_info --egg-base ../../build/simulator build --build-base /home/bolka/dev_ws/build/simulator/build install --prefix /home/bolka/dev_ws/install/simulator --record /home/bolka/dev_ws/build/simulator/install.log --single-version-externally-managed
[3.307s] Level 1:colcon.colcon_core.environment:checking '/home/bolka/dev_ws/install/simulator' for CMake module files
[3.308s] Level 1:colcon.colcon_core.environment:checking '/home/bolka/dev_ws/install/simulator' for CMake config files
[3.309s] Level 1:colcon.colcon_core.environment:checking '/home/bolka/dev_ws/install/simulator/lib'
[3.310s] Level 1:colcon.colcon_core.environment:checking '/home/bolka/dev_ws/install/simulator/bin'
[3.310s] Level 1:colcon.colcon_core.environment:checking '/home/bolka/dev_ws/install/simulator/lib/pkgconfig/simulator.pc'
[3.310s] Level 1:colcon.colcon_core.environment:checking '/home/bolka/dev_ws/install/simulator/lib/python3.8/site-packages'
[3.310s] Level 1:colcon.colcon_core.shell:create_environment_hook('simulator', 'pythonpath')
[3.312s] INFO:colcon.colcon_core.shell:Creating environment hook '/home/bolka/dev_ws/install/simulator/share/simulator/hook/pythonpath.ps1'
[3.313s] INFO:colcon.colcon_core.shell:Creating environment descriptor '/home/bolka/dev_ws/install/simulator/share/simulator/hook/pythonpath.dsv'
[3.313s] INFO:colcon.colcon_core.shell:Creating environment hook '/home/bolka/dev_ws/install/simulator/share/simulator/hook/pythonpath.sh'
[3.314s] Level 1:colcon.colcon_core.environment:create_environment_scripts_only(simulator)
[3.316s] INFO:colcon.colcon_core.shell:Creating package script '/home/bolka/dev_ws/install/simulator/share/simulator/package.ps1'
[3.318s] INFO:colcon.colcon_core.shell:Creating package descriptor '/home/bolka/dev_ws/install/simulator/share/simulator/package.dsv'
[3.319s] INFO:colcon.colcon_core.shell:Creating package script '/home/bolka/dev_ws/install/simulator/share/simulator/package.sh'
[3.321s] INFO:colcon.colcon_core.shell:Creating package script '/home/bolka/dev_ws/install/simulator/share/simulator/package.bash'
[3.322s] INFO:colcon.colcon_core.shell:Creating package script '/home/bolka/dev_ws/install/simulator/share/simulator/package.zsh'
[3.324s] Level 1:colcon.colcon_core.environment:create_file_with_runtime_dependencies(/home/bolka/dev_ws/install/simulator/share/colcon-core/packages/simulator)
[3.327s] DEBUG:colcon.colcon_core.event_handler.log_command:Invoked command in '/home/bolka/dev_ws/build/turtlesim' returned '0': CMAKE_PREFIX_PATH=${CMAKE_PREFIX_PATH}:/home/bolka/dev_ws/install/simulator:/home/bolka/dev_ws/install/my_package:/home/bolka/dev_ws/install/map:/opt/ros/galactic /usr/bin/cmake --build /home/bolka/dev_ws/build/turtlesim -- -j4 -l4
[3.334s] Level 1:colcon.colcon_core.environment:checking '/home/bolka/dev_ws/install/my_package' for CMake module files
[3.337s] DEBUG:colcon.colcon_core.event_handler.log_command:Invoked command in '/home/bolka/dev_ws/src/my_package' returned '0': PYTHONPATH=/home/bolka/dev_ws/install/my_package/lib/python3.8/site-packages:${PYTHONPATH} /usr/bin/python3 setup.py egg_info --egg-base ../../build/my_package build --build-base /home/bolka/dev_ws/build/my_package/build install --prefix /home/bolka/dev_ws/install/my_package --record /home/bolka/dev_ws/build/my_package/install.log --single-version-externally-managed
[3.339s] Level 1:colcon.colcon_core.environment:checking '/home/bolka/dev_ws/install/my_package' for CMake config files
[3.341s] Level 1:colcon.colcon_core.environment:checking '/home/bolka/dev_ws/install/my_package/lib'
[3.341s] Level 1:colcon.colcon_core.environment:checking '/home/bolka/dev_ws/install/my_package/bin'
[3.342s] Level 1:colcon.colcon_core.environment:checking '/home/bolka/dev_ws/install/my_package/lib/pkgconfig/my_package.pc'
[3.342s] Level 1:colcon.colcon_core.environment:checking '/home/bolka/dev_ws/install/my_package/lib/python3.8/site-packages'
[3.345s] Level 1:colcon.colcon_core.shell:create_environment_hook('my_package', 'pythonpath')
[3.348s] INFO:colcon.colcon_core.shell:Creating environment hook '/home/bolka/dev_ws/install/my_package/share/my_package/hook/pythonpath.ps1'
[3.349s] INFO:colcon.colcon_core.shell:Creating environment descriptor '/home/bolka/dev_ws/install/my_package/share/my_package/hook/pythonpath.dsv'
[3.350s] INFO:colcon.colcon_core.shell:Creating environment hook '/home/bolka/dev_ws/install/my_package/share/my_package/hook/pythonpath.sh'
[3.352s] Level 1:colcon.colcon_core.environment:create_environment_scripts_only(my_package)
[3.353s] INFO:colcon.colcon_core.shell:Creating package script '/home/bolka/dev_ws/install/my_package/share/my_package/package.ps1'
[3.355s] INFO:colcon.colcon_core.shell:Creating package descriptor '/home/bolka/dev_ws/install/my_package/share/my_package/package.dsv'
[3.356s] INFO:colcon.colcon_core.shell:Creating package script '/home/bolka/dev_ws/install/my_package/share/my_package/package.sh'
[3.357s] INFO:colcon.colcon_core.shell:Creating package script '/home/bolka/dev_ws/install/my_package/share/my_package/package.bash'
[3.358s] INFO:colcon.colcon_core.shell:Creating package script '/home/bolka/dev_ws/install/my_package/share/my_package/package.zsh'
[3.360s] Level 1:colcon.colcon_core.environment:create_file_with_runtime_dependencies(/home/bolka/dev_ws/install/my_package/share/colcon-core/packages/my_package)
[3.467s] Level 1:colcon.colcon_core.environment:checking '/home/bolka/dev_ws/install/map' for CMake module files
[3.468s] DEBUG:colcon.colcon_core.event_handler.log_command:Invoked command in '/home/bolka/dev_ws/src/map' returned '0': PYTHONPATH=/home/bolka/dev_ws/install/map/lib/python3.8/site-packages:${PYTHONPATH} /usr/bin/python3 setup.py egg_info --egg-base ../../build/map build --build-base /home/bolka/dev_ws/build/map/build install --prefix /home/bolka/dev_ws/install/map --record /home/bolka/dev_ws/build/map/install.log --single-version-externally-managed
[3.469s] Level 1:colcon.colcon_core.environment:checking '/home/bolka/dev_ws/install/map' for CMake config files
[3.470s] Level 1:colcon.colcon_core.environment:checking '/home/bolka/dev_ws/install/map/lib'
[3.470s] Level 1:colcon.colcon_core.environment:checking '/home/bolka/dev_ws/install/map/bin'
[3.470s] Level 1:colcon.colcon_core.environment:checking '/home/bolka/dev_ws/install/map/lib/pkgconfig/map.pc'
[3.470s] Level 1:colcon.colcon_core.environment:checking '/home/bolka/dev_ws/install/map/lib/python3.8/site-packages'
[3.470s] Level 1:colcon.colcon_core.shell:create_environment_hook('map', 'pythonpath')
[3.471s] INFO:colcon.colcon_core.shell:Creating environment hook '/home/bolka/dev_ws/install/map/share/map/hook/pythonpath.ps1'
[3.472s] INFO:colcon.colcon_core.shell:Creating environment descriptor '/home/bolka/dev_ws/install/map/share/map/hook/pythonpath.dsv'
[3.473s] INFO:colcon.colcon_core.shell:Creating environment hook '/home/bolka/dev_ws/install/map/share/map/hook/pythonpath.sh'
[3.476s] Level 1:colcon.colcon_core.environment:create_environment_scripts_only(map)
[3.480s] INFO:colcon.colcon_core.shell:Creating package script '/home/bolka/dev_ws/install/map/share/map/package.ps1'
[3.481s] INFO:colcon.colcon_core.shell:Creating package descriptor '/home/bolka/dev_ws/install/map/share/map/package.dsv'
[3.483s] INFO:colcon.colcon_core.shell:Creating package script '/home/bolka/dev_ws/install/map/share/map/package.sh'
[3.484s] INFO:colcon.colcon_core.shell:Creating package script '/home/bolka/dev_ws/install/map/share/map/package.bash'
[3.485s] INFO:colcon.colcon_core.shell:Creating package script '/home/bolka/dev_ws/install/map/share/map/package.zsh'
[3.486s] Level 1:colcon.colcon_core.environment:create_file_with_runtime_dependencies(/home/bolka/dev_ws/install/map/share/colcon-core/packages/map)
[3.751s] DEBUG:colcon.colcon_core.event_handler.log_command:Invoking command in '/home/bolka/dev_ws/build/turtlesim': CMAKE_PREFIX_PATH=${CMAKE_PREFIX_PATH}:/home/bolka/dev_ws/install/simulator:/home/bolka/dev_ws/install/my_package:/home/bolka/dev_ws/install/map:/opt/ros/galactic /usr/bin/cmake --install /home/bolka/dev_ws/build/turtlesim
[3.876s] Level 1:colcon.colcon_core.environment:create_environment_scripts_only(turtlesim)
[3.880s] Level 1:colcon.colcon_core.environment:checking '/home/bolka/dev_ws/install/turtlesim' for CMake module files
[3.881s] DEBUG:colcon.colcon_core.event_handler.log_command:Invoked command in '/home/bolka/dev_ws/build/turtlesim' returned '0': CMAKE_PREFIX_PATH=${CMAKE_PREFIX_PATH}:/home/bolka/dev_ws/install/simulator:/home/bolka/dev_ws/install/my_package:/home/bolka/dev_ws/install/map:/opt/ros/galactic /usr/bin/cmake --install /home/bolka/dev_ws/build/turtlesim
[3.882s] Level 1:colcon.colcon_core.environment:checking '/home/bolka/dev_ws/install/turtlesim' for CMake config files
[3.882s] Level 1:colcon.colcon_core.shell:create_environment_hook('turtlesim', 'cmake_prefix_path')
[3.883s] INFO:colcon.colcon_core.shell:Creating environment hook '/home/bolka/dev_ws/install/turtlesim/share/turtlesim/hook/cmake_prefix_path.ps1'
[3.884s] INFO:colcon.colcon_core.shell:Creating environment descriptor '/home/bolka/dev_ws/install/turtlesim/share/turtlesim/hook/cmake_prefix_path.dsv'
[3.885s] INFO:colcon.colcon_core.shell:Creating environment hook '/home/bolka/dev_ws/install/turtlesim/share/turtlesim/hook/cmake_prefix_path.sh'
[3.886s] Level 1:colcon.colcon_core.environment:checking '/home/bolka/dev_ws/install/turtlesim/lib'
[3.886s] Level 1:colcon.colcon_core.shell:create_environment_hook('turtlesim', 'ld_library_path_lib')
[3.887s] INFO:colcon.colcon_core.shell:Creating environment hook '/home/bolka/dev_ws/install/turtlesim/share/turtlesim/hook/ld_library_path_lib.ps1'
[3.888s] INFO:colcon.colcon_core.shell:Creating environment descriptor '/home/bolka/dev_ws/install/turtlesim/share/turtlesim/hook/ld_library_path_lib.dsv'
[3.888s] INFO:colcon.colcon_core.shell:Creating environment hook '/home/bolka/dev_ws/install/turtlesim/share/turtlesim/hook/ld_library_path_lib.sh'
[3.889s] Level 1:colcon.colcon_core.environment:checking '/home/bolka/dev_ws/install/turtlesim/bin'
[3.889s] Level 1:colcon.colcon_core.environment:checking '/home/bolka/dev_ws/install/turtlesim/lib/pkgconfig/turtlesim.pc'
[3.889s] Level 1:colcon.colcon_core.environment:checking '/home/bolka/dev_ws/install/turtlesim/lib/python3.8/site-packages'
[3.889s] Level 1:colcon.colcon_core.shell:create_environment_hook('turtlesim', 'pythonpath')
[3.890s] INFO:colcon.colcon_core.shell:Creating environment hook '/home/bolka/dev_ws/install/turtlesim/share/turtlesim/hook/pythonpath.ps1'
[3.891s] INFO:colcon.colcon_core.shell:Creating environment descriptor '/home/bolka/dev_ws/install/turtlesim/share/turtlesim/hook/pythonpath.dsv'
[3.892s] INFO:colcon.colcon_core.shell:Creating environment hook '/home/bolka/dev_ws/install/turtlesim/share/turtlesim/hook/pythonpath.sh'
[3.895s] INFO:colcon.colcon_core.shell:Creating package script '/home/bolka/dev_ws/install/turtlesim/share/turtlesim/package.ps1'
[3.897s] INFO:colcon.colcon_core.shell:Creating package descriptor '/home/bolka/dev_ws/install/turtlesim/share/turtlesim/package.dsv'
[3.897s] INFO:colcon.colcon_core.shell:Creating package script '/home/bolka/dev_ws/install/turtlesim/share/turtlesim/package.sh'
[3.898s] INFO:colcon.colcon_core.shell:Creating package script '/home/bolka/dev_ws/install/turtlesim/share/turtlesim/package.bash'
[3.899s] INFO:colcon.colcon_core.shell:Creating package script '/home/bolka/dev_ws/install/turtlesim/share/turtlesim/package.zsh'
[3.900s] Level 1:colcon.colcon_core.environment:create_file_with_runtime_dependencies(/home/bolka/dev_ws/install/turtlesim/share/colcon-core/packages/turtlesim)
[4.206s] Level 1:colcon.colcon_core.environment:create_environment_scripts_only(turtlesim)
[4.209s] Level 1:colcon.colcon_core.environment:checking '/home/bolka/dev_ws/install/turtlesim' for CMake module files
[4.212s] Level 1:colcon.colcon_core.environment:checking '/home/bolka/dev_ws/install/turtlesim' for CMake config files
[4.214s] Level 1:colcon.colcon_core.shell:create_environment_hook('turtlesim', 'cmake_prefix_path')
[4.215s] INFO:colcon.colcon_core.shell:Creating environment hook '/home/bolka/dev_ws/install/turtlesim/share/turtlesim/hook/cmake_prefix_path.ps1'
[4.217s] INFO:colcon.colcon_core.shell:Creating environment descriptor '/home/bolka/dev_ws/install/turtlesim/share/turtlesim/hook/cmake_prefix_path.dsv'
[4.218s] INFO:colcon.colcon_core.shell:Creating environment hook '/home/bolka/dev_ws/install/turtlesim/share/turtlesim/hook/cmake_prefix_path.sh'
[4.219s] Level 1:colcon.colcon_core.environment:checking '/home/bolka/dev_ws/install/turtlesim/lib'
[4.219s] Level 1:colcon.colcon_core.shell:create_environment_hook('turtlesim', 'ld_library_path_lib')
[4.220s] INFO:colcon.colcon_core.shell:Creating environment hook '/home/bolka/dev_ws/install/turtlesim/share/turtlesim/hook/ld_library_path_lib.ps1'
[4.221s] INFO:colcon.colcon_core.shell:Creating environment descriptor '/home/bolka/dev_ws/install/turtlesim/share/turtlesim/hook/ld_library_path_lib.dsv'
[4.221s] INFO:colcon.colcon_core.shell:Creating environment hook '/home/bolka/dev_ws/install/turtlesim/share/turtlesim/hook/ld_library_path_lib.sh'
[4.222s] Level 1:colcon.colcon_core.environment:checking '/home/bolka/dev_ws/install/turtlesim/bin'
[4.222s] Level 1:colcon.colcon_core.environment:checking '/home/bolka/dev_ws/install/turtlesim/lib/pkgconfig/turtlesim.pc'
[4.222s] Level 1:colcon.colcon_core.environment:checking '/home/bolka/dev_ws/install/turtlesim/lib/python3.8/site-packages'
[4.223s] Level 1:colcon.colcon_core.shell:create_environment_hook('turtlesim', 'pythonpath')
[4.226s] INFO:colcon.colcon_core.shell:Creating environment hook '/home/bolka/dev_ws/install/turtlesim/share/turtlesim/hook/pythonpath.ps1'
[4.228s] INFO:colcon.colcon_core.shell:Creating environment descriptor '/home/bolka/dev_ws/install/turtlesim/share/turtlesim/hook/pythonpath.dsv'
[4.229s] INFO:colcon.colcon_core.shell:Creating environment hook '/home/bolka/dev_ws/install/turtlesim/share/turtlesim/hook/pythonpath.sh'
[4.230s] INFO:colcon.colcon_core.shell:Creating package script '/home/bolka/dev_ws/install/turtlesim/share/turtlesim/package.ps1'
[4.232s] INFO:colcon.colcon_core.shell:Creating package descriptor '/home/bolka/dev_ws/install/turtlesim/share/turtlesim/package.dsv'
[4.234s] INFO:colcon.colcon_core.shell:Creating package script '/home/bolka/dev_ws/install/turtlesim/share/turtlesim/package.sh'
[4.235s] INFO:colcon.colcon_core.shell:Creating package script '/home/bolka/dev_ws/install/turtlesim/share/turtlesim/package.bash'
[4.236s] INFO:colcon.colcon_core.shell:Creating package script '/home/bolka/dev_ws/install/turtlesim/share/turtlesim/package.zsh'
[4.236s] Level 1:colcon.colcon_core.environment:create_file_with_runtime_dependencies(/home/bolka/dev_ws/install/turtlesim/share/colcon-core/packages/turtlesim)
[4.237s] DEBUG:colcon.colcon_parallel_executor.executor.parallel:closing loop
[4.238s] DEBUG:colcon.colcon_parallel_executor.executor.parallel:loop closed
[4.238s] DEBUG:colcon.colcon_parallel_executor.executor.parallel:run_until_complete finished with '0'
[4.238s] DEBUG:colcon.colcon_core.event_reactor:joining thread
[4.254s] INFO:colcon.colcon_core.plugin_system:Skipping extension 'colcon_notification.desktop_notification.terminal_notifier': Not used on non-Darwin systems
[4.254s] INFO:colcon.colcon_core.plugin_system:Skipping extension 'colcon_notification.desktop_notification.win32': Not used on non-Windows systems
[4.255s] INFO:colcon.colcon_notification.desktop_notification:Sending desktop notification using 'notify2'
[4.295s] DEBUG:colcon.colcon_core.event_reactor:joined thread
[4.296s] INFO:colcon.colcon_core.shell:Creating prefix script '/home/bolka/dev_ws/install/local_setup.ps1'
[4.299s] INFO:colcon.colcon_core.shell:Creating prefix util module '/home/bolka/dev_ws/install/_local_setup_util_ps1.py'
[4.302s] INFO:colcon.colcon_core.shell:Creating prefix chain script '/home/bolka/dev_ws/install/setup.ps1'
[4.312s] INFO:colcon.colcon_core.shell:Creating prefix script '/home/bolka/dev_ws/install/local_setup.sh'
[4.313s] INFO:colcon.colcon_core.shell:Creating prefix util module '/home/bolka/dev_ws/install/_local_setup_util_sh.py'
[4.314s] INFO:colcon.colcon_core.shell:Creating prefix chain script '/home/bolka/dev_ws/install/setup.sh'
[4.318s] INFO:colcon.colcon_core.shell:Creating prefix script '/home/bolka/dev_ws/install/local_setup.bash'
[4.320s] INFO:colcon.colcon_core.shell:Creating prefix chain script '/home/bolka/dev_ws/install/setup.bash'
[4.325s] INFO:colcon.colcon_core.shell:Creating prefix script '/home/bolka/dev_ws/install/local_setup.zsh'
[4.326s] INFO:colcon.colcon_core.shell:Creating prefix chain script '/home/bolka/dev_ws/install/setup.zsh'
