[1.117s] Invoking command in '/home/bolka/dev_ws/src/simulator': PYTHONPATH=/home/bolka/dev_ws/install/simulator/lib/python3.8/site-packages:${PYTHONPATH} /usr/bin/python3 setup.py egg_info --egg-base ../../build/simulator build --build-base /home/bolka/dev_ws/build/simulator/build install --prefix /home/bolka/dev_ws/install/simulator --record /home/bolka/dev_ws/build/simulator/install.log --single-version-externally-managed
[1.777s] running egg_info
[1.778s] writing ../../build/simulator/simulator.egg-info/PKG-INFO
[1.779s] writing dependency_links to ../../build/simulator/simulator.egg-info/dependency_links.txt
[1.780s] writing entry points to ../../build/simulator/simulator.egg-info/entry_points.txt
[1.780s] writing requirements to ../../build/simulator/simulator.egg-info/requires.txt
[1.780s] writing top-level names to ../../build/simulator/simulator.egg-info/top_level.txt
[1.882s] reading manifest file '../../build/simulator/simulator.egg-info/SOURCES.txt'
[1.884s] writing manifest file '../../build/simulator/simulator.egg-info/SOURCES.txt'
[1.885s] running build
[1.885s] running build_py
[1.886s] running install
[1.896s] running install_lib
[1.910s] running install_data
[1.910s] running install_egg_info
[1.915s] removing '/home/bolka/dev_ws/install/simulator/lib/python3.8/site-packages/simulator-0.0.0-py3.8.egg-info' (and everything under it)
[1.916s] Copying ../../build/simulator/simulator.egg-info to /home/bolka/dev_ws/install/simulator/lib/python3.8/site-packages/simulator-0.0.0-py3.8.egg-info
[1.920s] running install_scripts
[1.966s] Installing node2_simulator script to /home/bolka/dev_ws/install/simulator/lib/simulator
[1.967s] writing list of installed files to '/home/bolka/dev_ws/build/simulator/install.log'
[2.027s] Invoked command in '/home/bolka/dev_ws/src/simulator' returned '0': PYTHONPATH=/home/bolka/dev_ws/install/simulator/lib/python3.8/site-packages:${PYTHONPATH} /usr/bin/python3 setup.py egg_info --egg-base ../../build/simulator build --build-base /home/bolka/dev_ws/build/simulator/build install --prefix /home/bolka/dev_ws/install/simulator --record /home/bolka/dev_ws/build/simulator/install.log --single-version-externally-managed
