[1.069s] Invoking command in '/home/bolka/dev_ws/src/simulator': PYTHONPATH=/home/bolka/dev_ws/install/simulator/lib/python3.8/site-packages:${PYTHONPATH} /usr/bin/python3 setup.py egg_info --egg-base ../../build/simulator build --build-base /home/bolka/dev_ws/build/simulator/build install --prefix /home/bolka/dev_ws/install/simulator --record /home/bolka/dev_ws/build/simulator/install.log --single-version-externally-managed
[1.710s] running egg_info
[1.712s] writing ../../build/simulator/simulator.egg-info/PKG-INFO
[1.713s] writing dependency_links to ../../build/simulator/simulator.egg-info/dependency_links.txt
[1.714s] writing entry points to ../../build/simulator/simulator.egg-info/entry_points.txt
[1.714s] writing requirements to ../../build/simulator/simulator.egg-info/requires.txt
[1.715s] writing top-level names to ../../build/simulator/simulator.egg-info/top_level.txt
[1.828s] reading manifest file '../../build/simulator/simulator.egg-info/SOURCES.txt'
[1.831s] writing manifest file '../../build/simulator/simulator.egg-info/SOURCES.txt'
[1.832s] running build
[1.832s] running build_py
[1.834s] running install
[1.836s] running install_lib
[1.840s] running install_data
[1.842s] running install_egg_info
[1.846s] removing '/home/bolka/dev_ws/install/simulator/lib/python3.8/site-packages/simulator-0.0.0-py3.8.egg-info' (and everything under it)
[1.847s] Copying ../../build/simulator/simulator.egg-info to /home/bolka/dev_ws/install/simulator/lib/python3.8/site-packages/simulator-0.0.0-py3.8.egg-info
[1.849s] running install_scripts
[1.898s] Installing node2_simulator script to /home/bolka/dev_ws/install/simulator/lib/simulator
[1.899s] writing list of installed files to '/home/bolka/dev_ws/build/simulator/install.log'
[1.958s] Invoked command in '/home/bolka/dev_ws/src/simulator' returned '0': PYTHONPATH=/home/bolka/dev_ws/install/simulator/lib/python3.8/site-packages:${PYTHONPATH} /usr/bin/python3 setup.py egg_info --egg-base ../../build/simulator build --build-base /home/bolka/dev_ws/build/simulator/build install --prefix /home/bolka/dev_ws/install/simulator --record /home/bolka/dev_ws/build/simulator/install.log --single-version-externally-managed
