[1.069s] Invoking command in '/home/bolka/dev_ws/src/my_package': PYTHONPATH=/home/bolka/dev_ws/install/my_package/lib/python3.8/site-packages:${PYTHONPATH} /usr/bin/python3 setup.py egg_info --egg-base ../../build/my_package build --build-base /home/bolka/dev_ws/build/my_package/build install --prefix /home/bolka/dev_ws/install/my_package --record /home/bolka/dev_ws/build/my_package/install.log --single-version-externally-managed
[1.726s] running egg_info
[1.727s] writing ../../build/my_package/my_package.egg-info/PKG-INFO
[1.728s] writing dependency_links to ../../build/my_package/my_package.egg-info/dependency_links.txt
[1.728s] writing entry points to ../../build/my_package/my_package.egg-info/entry_points.txt
[1.729s] writing requirements to ../../build/my_package/my_package.egg-info/requires.txt
[1.729s] writing top-level names to ../../build/my_package/my_package.egg-info/top_level.txt
[1.827s] reading manifest file '../../build/my_package/my_package.egg-info/SOURCES.txt'
[1.829s] writing manifest file '../../build/my_package/my_package.egg-info/SOURCES.txt'
[1.829s] running build
[1.829s] running build_py
[1.830s] running install
[1.832s] running install_lib
[1.835s] running install_data
[1.839s] running install_egg_info
[1.843s] removing '/home/bolka/dev_ws/install/my_package/lib/python3.8/site-packages/my_package-0.0.0-py3.8.egg-info' (and everything under it)
[1.844s] Copying ../../build/my_package/my_package.egg-info to /home/bolka/dev_ws/install/my_package/lib/python3.8/site-packages/my_package-0.0.0-py3.8.egg-info
[1.846s] running install_scripts
[1.898s] Installing my_node script to /home/bolka/dev_ws/install/my_package/lib/my_package
[1.899s] writing list of installed files to '/home/bolka/dev_ws/build/my_package/install.log'
[1.959s] Invoked command in '/home/bolka/dev_ws/src/my_package' returned '0': PYTHONPATH=/home/bolka/dev_ws/install/my_package/lib/python3.8/site-packages:${PYTHONPATH} /usr/bin/python3 setup.py egg_info --egg-base ../../build/my_package build --build-base /home/bolka/dev_ws/build/my_package/build install --prefix /home/bolka/dev_ws/install/my_package --record /home/bolka/dev_ws/build/my_package/install.log --single-version-externally-managed
