[1.146s] Invoking command in '/home/bolka/dev_ws/src/my_package': PYTHONPATH=/home/bolka/dev_ws/install/my_package/lib/python3.8/site-packages:${PYTHONPATH} /usr/bin/python3 setup.py egg_info --egg-base ../../build/my_package build --build-base /home/bolka/dev_ws/build/my_package/build install --prefix /home/bolka/dev_ws/install/my_package --record /home/bolka/dev_ws/build/my_package/install.log --single-version-externally-managed
[1.871s] running egg_info
[1.872s] writing ../../build/my_package/my_package.egg-info/PKG-INFO
[1.873s] writing dependency_links to ../../build/my_package/my_package.egg-info/dependency_links.txt
[1.873s] writing entry points to ../../build/my_package/my_package.egg-info/entry_points.txt
[1.873s] writing requirements to ../../build/my_package/my_package.egg-info/requires.txt
[1.874s] writing top-level names to ../../build/my_package/my_package.egg-info/top_level.txt
[1.998s] reading manifest file '../../build/my_package/my_package.egg-info/SOURCES.txt'
[2.000s] writing manifest file '../../build/my_package/my_package.egg-info/SOURCES.txt'
[2.000s] running build
[2.001s] running build_py
[2.001s] running install
[2.003s] running install_lib
[2.007s] running install_data
[2.009s] running install_egg_info
[2.015s] removing '/home/bolka/dev_ws/install/my_package/lib/python3.8/site-packages/my_package-0.0.0-py3.8.egg-info' (and everything under it)
[2.020s] Copying ../../build/my_package/my_package.egg-info to /home/bolka/dev_ws/install/my_package/lib/python3.8/site-packages/my_package-0.0.0-py3.8.egg-info
[2.022s] running install_scripts
[2.119s] Installing my_node script to /home/bolka/dev_ws/install/my_package/lib/my_package
[2.120s] writing list of installed files to '/home/bolka/dev_ws/build/my_package/install.log'
[2.229s] Invoked command in '/home/bolka/dev_ws/src/my_package' returned '0': PYTHONPATH=/home/bolka/dev_ws/install/my_package/lib/python3.8/site-packages:${PYTHONPATH} /usr/bin/python3 setup.py egg_info --egg-base ../../build/my_package build --build-base /home/bolka/dev_ws/build/my_package/build install --prefix /home/bolka/dev_ws/install/my_package --record /home/bolka/dev_ws/build/my_package/install.log --single-version-externally-managed
