[1.136s] Invoking command in '/home/bolka/dev_ws/src/simulator': PYTHONPATH=/home/bolka/dev_ws/install/simulator/lib/python3.8/site-packages:${PYTHONPATH} /usr/bin/python3 setup.py egg_info --egg-base ../../build/simulator build --build-base /home/bolka/dev_ws/build/simulator/build install --prefix /home/bolka/dev_ws/install/simulator --record /home/bolka/dev_ws/build/simulator/install.log --single-version-externally-managed
[1.845s] running egg_info
[1.847s] writing ../../build/simulator/simulator.egg-info/PKG-INFO
[1.848s] writing dependency_links to ../../build/simulator/simulator.egg-info/dependency_links.txt
[1.849s] writing entry points to ../../build/simulator/simulator.egg-info/entry_points.txt
[1.850s] writing requirements to ../../build/simulator/simulator.egg-info/requires.txt
[1.850s] writing top-level names to ../../build/simulator/simulator.egg-info/top_level.txt
[1.985s] reading manifest file '../../build/simulator/simulator.egg-info/SOURCES.txt'
[1.988s] writing manifest file '../../build/simulator/simulator.egg-info/SOURCES.txt'
[1.988s] running build
[1.988s] running build_py
[1.989s] copying simulator/node2_simulator.py -> /home/bolka/dev_ws/build/simulator/build/lib/simulator
[1.990s] running install
[1.992s] running install_lib
[1.996s] copying /home/bolka/dev_ws/build/simulator/build/lib/simulator/node2_simulator.py -> /home/bolka/dev_ws/install/simulator/lib/python3.8/site-packages/simulator
[1.997s] byte-compiling /home/bolka/dev_ws/install/simulator/lib/python3.8/site-packages/simulator/node2_simulator.py to node2_simulator.cpython-38.pyc
[2.012s] running install_data
[2.013s] running install_egg_info
[2.014s] removing '/home/bolka/dev_ws/install/simulator/lib/python3.8/site-packages/simulator-0.0.0-py3.8.egg-info' (and everything under it)
[2.015s] Copying ../../build/simulator/simulator.egg-info to /home/bolka/dev_ws/install/simulator/lib/python3.8/site-packages/simulator-0.0.0-py3.8.egg-info
[2.022s] running install_scripts
[2.066s] Installing node2_simulator script to /home/bolka/dev_ws/install/simulator/lib/simulator
[2.067s] writing list of installed files to '/home/bolka/dev_ws/build/simulator/install.log'
[2.122s] Invoked command in '/home/bolka/dev_ws/src/simulator' returned '0': PYTHONPATH=/home/bolka/dev_ws/install/simulator/lib/python3.8/site-packages:${PYTHONPATH} /usr/bin/python3 setup.py egg_info --egg-base ../../build/simulator build --build-base /home/bolka/dev_ws/build/simulator/build install --prefix /home/bolka/dev_ws/install/simulator --record /home/bolka/dev_ws/build/simulator/install.log --single-version-externally-managed
