[1.083s] Invoking command in '/home/bolka/dev_ws/src/simulator': PYTHONPATH=/home/bolka/dev_ws/install/simulator/lib/python3.8/site-packages:${PYTHONPATH} /usr/bin/python3 setup.py egg_info --egg-base ../../build/simulator build --build-base /home/bolka/dev_ws/build/simulator/build install --prefix /home/bolka/dev_ws/install/simulator --record /home/bolka/dev_ws/build/simulator/install.log --single-version-externally-managed
[1.847s] running egg_info
[1.848s] writing ../../build/simulator/simulator.egg-info/PKG-INFO
[1.849s] writing dependency_links to ../../build/simulator/simulator.egg-info/dependency_links.txt
[1.850s] writing entry points to ../../build/simulator/simulator.egg-info/entry_points.txt
[1.851s] writing requirements to ../../build/simulator/simulator.egg-info/requires.txt
[1.851s] writing top-level names to ../../build/simulator/simulator.egg-info/top_level.txt
[1.986s] reading manifest file '../../build/simulator/simulator.egg-info/SOURCES.txt'
[1.992s] writing manifest file '../../build/simulator/simulator.egg-info/SOURCES.txt'
[1.992s] running build
[1.992s] running build_py
[1.993s] copying simulator/node2_simulator.py -> /home/bolka/dev_ws/build/simulator/build/lib/simulator
[1.993s] running install
[1.999s] running install_lib
[2.001s] copying /home/bolka/dev_ws/build/simulator/build/lib/simulator/node2_simulator.py -> /home/bolka/dev_ws/install/simulator/lib/python3.8/site-packages/simulator
[2.002s] byte-compiling /home/bolka/dev_ws/install/simulator/lib/python3.8/site-packages/simulator/node2_simulator.py to node2_simulator.cpython-38.pyc
[2.007s] running install_data
[2.008s] running install_egg_info
[2.012s] removing '/home/bolka/dev_ws/install/simulator/lib/python3.8/site-packages/simulator-0.0.0-py3.8.egg-info' (and everything under it)
[2.012s] Copying ../../build/simulator/simulator.egg-info to /home/bolka/dev_ws/install/simulator/lib/python3.8/site-packages/simulator-0.0.0-py3.8.egg-info
[2.014s] running install_scripts
[2.055s] Installing node2_simulator script to /home/bolka/dev_ws/install/simulator/lib/simulator
[2.056s] writing list of installed files to '/home/bolka/dev_ws/build/simulator/install.log'
[2.125s] Invoked command in '/home/bolka/dev_ws/src/simulator' returned '0': PYTHONPATH=/home/bolka/dev_ws/install/simulator/lib/python3.8/site-packages:${PYTHONPATH} /usr/bin/python3 setup.py egg_info --egg-base ../../build/simulator build --build-base /home/bolka/dev_ws/build/simulator/build install --prefix /home/bolka/dev_ws/install/simulator --record /home/bolka/dev_ws/build/simulator/install.log --single-version-externally-managed
