[1.036s] Invoking command in '/home/bolka/dev_ws/src/simulator': PYTHONPATH=/home/bolka/dev_ws/install/simulator/lib/python3.8/site-packages:${PYTHONPATH} /usr/bin/python3 setup.py egg_info --egg-base ../../build/simulator build --build-base /home/bolka/dev_ws/build/simulator/build install --prefix /home/bolka/dev_ws/install/simulator --record /home/bolka/dev_ws/build/simulator/install.log --single-version-externally-managed
[1.587s] running egg_info
[1.589s] creating ../../build/simulator/simulator.egg-info
[1.589s] writing ../../build/simulator/simulator.egg-info/PKG-INFO
[1.590s] writing dependency_links to ../../build/simulator/simulator.egg-info/dependency_links.txt
[1.590s] writing entry points to ../../build/simulator/simulator.egg-info/entry_points.txt
[1.590s] writing requirements to ../../build/simulator/simulator.egg-info/requires.txt
[1.590s] writing top-level names to ../../build/simulator/simulator.egg-info/top_level.txt
[1.601s] writing manifest file '../../build/simulator/simulator.egg-info/SOURCES.txt'
[1.728s] reading manifest file '../../build/simulator/simulator.egg-info/SOURCES.txt'
[1.730s] writing manifest file '../../build/simulator/simulator.egg-info/SOURCES.txt'
[1.730s] running build
[1.730s] running build_py
[1.731s] creating /home/bolka/dev_ws/build/simulator/build
[1.731s] creating /home/bolka/dev_ws/build/simulator/build/lib
[1.731s] creating /home/bolka/dev_ws/build/simulator/build/lib/simulator
[1.731s] copying simulator/node2_simulator.py -> /home/bolka/dev_ws/build/simulator/build/lib/simulator
[1.732s] copying simulator/__init__.py -> /home/bolka/dev_ws/build/simulator/build/lib/simulator
[1.732s] running install
[1.734s] running install_lib
[1.741s] creating /home/bolka/dev_ws/install/simulator/lib/python3.8/site-packages/simulator
[1.741s] copying /home/bolka/dev_ws/build/simulator/build/lib/simulator/node2_simulator.py -> /home/bolka/dev_ws/install/simulator/lib/python3.8/site-packages/simulator
[1.741s] copying /home/bolka/dev_ws/build/simulator/build/lib/simulator/__init__.py -> /home/bolka/dev_ws/install/simulator/lib/python3.8/site-packages/simulator
[1.742s] byte-compiling /home/bolka/dev_ws/install/simulator/lib/python3.8/site-packages/simulator/node2_simulator.py to node2_simulator.cpython-38.pyc
[1.745s] byte-compiling /home/bolka/dev_ws/install/simulator/lib/python3.8/site-packages/simulator/__init__.py to __init__.cpython-38.pyc
[1.745s] running install_data
[1.748s] creating /home/bolka/dev_ws/install/simulator/share/ament_index
[1.749s] creating /home/bolka/dev_ws/install/simulator/share/ament_index/resource_index
[1.749s] creating /home/bolka/dev_ws/install/simulator/share/ament_index/resource_index/packages
[1.749s] copying resource/simulator -> /home/bolka/dev_ws/install/simulator/share/ament_index/resource_index/packages
[1.749s] copying package.xml -> /home/bolka/dev_ws/install/simulator/share/simulator
[1.749s] running install_egg_info
[1.766s] Copying ../../build/simulator/simulator.egg-info to /home/bolka/dev_ws/install/simulator/lib/python3.8/site-packages/simulator-0.0.0-py3.8.egg-info
[1.769s] running install_scripts
[1.824s] Installing node2_simulator script to /home/bolka/dev_ws/install/simulator/lib/simulator
[1.825s] writing list of installed files to '/home/bolka/dev_ws/build/simulator/install.log'
[1.949s] Invoked command in '/home/bolka/dev_ws/src/simulator' returned '0': PYTHONPATH=/home/bolka/dev_ws/install/simulator/lib/python3.8/site-packages:${PYTHONPATH} /usr/bin/python3 setup.py egg_info --egg-base ../../build/simulator build --build-base /home/bolka/dev_ws/build/simulator/build install --prefix /home/bolka/dev_ws/install/simulator --record /home/bolka/dev_ws/build/simulator/install.log --single-version-externally-managed
