[1.395s] Invoking command in '/home/bolka/dev_ws/build/turtlesim': CMAKE_PREFIX_PATH=${CMAKE_PREFIX_PATH}:/home/bolka/dev_ws/install/simulator:/home/bolka/dev_ws/install/my_package:/home/bolka/dev_ws/install/map:/opt/ros/galactic /usr/bin/cmake --build /home/bolka/dev_ws/build/turtlesim -- -j4 -l4
[1.611s] [  1%] Built target turtlesim__cpp
[1.646s] [ 11%] Built target turtlesim__rosidl_generator_c
[1.740s] [ 21%] Built target turtlesim__rosidl_typesupport_introspection_cpp
[1.751s] [ 31%] Built target turtlesim__rosidl_typesupport_cpp
[1.776s] [ 41%] Built target turtlesim__rosidl_typesupport_c
[1.813s] [ 51%] Built target turtlesim__rosidl_typesupport_fastrtps_cpp
[1.826s] [ 61%] Built target turtlesim__rosidl_typesupport_introspection_c
[1.961s] [ 71%] Built target turtlesim__rosidl_typesupport_fastrtps_c
[2.081s] [ 71%] Built target turtlesim
[2.232s] [ 73%] Built target draw_square
[2.232s] [ 74%] Built target turtlesim__py
[2.252s] [ 76%] Built target mimic
[2.302s] [ 78%] Built target turtle_teleop_key
[2.408s] [ 87%] Built target turtlesim__python
[2.526s] [ 93%] Built target turtlesim_node
[2.568s] [ 95%] Built target turtlesim__rosidl_typesupport_introspection_c__pyext
[2.613s] [ 97%] Built target turtlesim__rosidl_typesupport_fastrtps_c__pyext
[2.635s] [100%] Built target turtlesim__rosidl_typesupport_c__pyext
[2.666s] Invoked command in '/home/bolka/dev_ws/build/turtlesim' returned '0': CMAKE_PREFIX_PATH=${CMAKE_PREFIX_PATH}:/home/bolka/dev_ws/install/simulator:/home/bolka/dev_ws/install/my_package:/home/bolka/dev_ws/install/map:/opt/ros/galactic /usr/bin/cmake --build /home/bolka/dev_ws/build/turtlesim -- -j4 -l4
[2.965s] Invoking command in '/home/bolka/dev_ws/build/turtlesim': CMAKE_PREFIX_PATH=${CMAKE_PREFIX_PATH}:/home/bolka/dev_ws/install/simulator:/home/bolka/dev_ws/install/my_package:/home/bolka/dev_ws/install/map:/opt/ros/galactic /usr/bin/cmake --install /home/bolka/dev_ws/build/turtlesim
[2.978s] -- Install configuration: ""
[2.979s] -- Up-to-date: /home/bolka/dev_ws/install/turtlesim/share/ament_index/resource_index/rosidl_interfaces/turtlesim
[2.980s] -- Up-to-date: /home/bolka/dev_ws/install/turtlesim/include/turtlesim
[2.980s] -- Up-to-date: /home/bolka/dev_ws/install/turtlesim/include/turtlesim/srv
[2.980s] -- Up-to-date: /home/bolka/dev_ws/install/turtlesim/include/turtlesim/srv/detail
[2.980s] -- Up-to-date: /home/bolka/dev_ws/install/turtlesim/include/turtlesim/srv/detail/spawn__functions.c
[2.980s] -- Up-to-date: /home/bolka/dev_ws/install/turtlesim/include/turtlesim/srv/detail/kill__type_support.h
[2.980s] -- Up-to-date: /home/bolka/dev_ws/install/turtlesim/include/turtlesim/srv/detail/teleport_absolute__type_support.h
[2.981s] -- Up-to-date: /home/bolka/dev_ws/install/turtlesim/include/turtlesim/srv/detail/set_pen__functions.c
[2.981s] -- Up-to-date: /home/bolka/dev_ws/install/turtlesim/include/turtlesim/srv/detail/teleport_absolute__functions.h
[2.981s] -- Up-to-date: /home/bolka/dev_ws/install/turtlesim/include/turtlesim/srv/detail/teleport_relative__type_support.h
[2.981s] -- Up-to-date: /home/bolka/dev_ws/install/turtlesim/include/turtlesim/srv/detail/teleport_absolute__struct.h
[2.981s] -- Up-to-date: /home/bolka/dev_ws/install/turtlesim/include/turtlesim/srv/detail/kill__struct.h
[2.981s] -- Up-to-date: /home/bolka/dev_ws/install/turtlesim/include/turtlesim/srv/detail/set_pen__struct.h
[2.982s] -- Up-to-date: /home/bolka/dev_ws/install/turtlesim/include/turtlesim/srv/detail/kill__functions.h
[2.982s] -- Up-to-date: /home/bolka/dev_ws/install/turtlesim/include/turtlesim/srv/detail/teleport_absolute__functions.c
[2.982s] -- Up-to-date: /home/bolka/dev_ws/install/turtlesim/include/turtlesim/srv/detail/set_pen__functions.h
[2.982s] -- Up-to-date: /home/bolka/dev_ws/install/turtlesim/include/turtlesim/srv/detail/spawn__type_support.h
[2.982s] -- Up-to-date: /home/bolka/dev_ws/install/turtlesim/include/turtlesim/srv/detail/kill__functions.c
[2.982s] -- Up-to-date: /home/bolka/dev_ws/install/turtlesim/include/turtlesim/srv/detail/teleport_relative__functions.h
[2.982s] -- Up-to-date: /home/bolka/dev_ws/install/turtlesim/include/turtlesim/srv/detail/spawn__struct.h
[2.983s] -- Up-to-date: /home/bolka/dev_ws/install/turtlesim/include/turtlesim/srv/detail/teleport_relative__functions.c
[2.983s] -- Up-to-date: /home/bolka/dev_ws/install/turtlesim/include/turtlesim/srv/detail/set_pen__type_support.h
[2.983s] -- Up-to-date: /home/bolka/dev_ws/install/turtlesim/include/turtlesim/srv/detail/spawn__functions.h
[2.983s] -- Up-to-date: /home/bolka/dev_ws/install/turtlesim/include/turtlesim/srv/detail/teleport_relative__struct.h
[2.983s] -- Up-to-date: /home/bolka/dev_ws/install/turtlesim/include/turtlesim/srv/teleport_absolute.h
[2.983s] -- Up-to-date: /home/bolka/dev_ws/install/turtlesim/include/turtlesim/srv/kill.h
[2.984s] -- Up-to-date: /home/bolka/dev_ws/install/turtlesim/include/turtlesim/srv/spawn.h
[2.984s] -- Up-to-date: /home/bolka/dev_ws/install/turtlesim/include/turtlesim/srv/set_pen.h
[2.985s] -- Up-to-date: /home/bolka/dev_ws/install/turtlesim/include/turtlesim/srv/teleport_relative.h
[2.985s] -- Up-to-date: /home/bolka/dev_ws/install/turtlesim/include/turtlesim/action
[2.985s] -- Up-to-date: /home/bolka/dev_ws/install/turtlesim/include/turtlesim/action/detail
[2.985s] -- Up-to-date: /home/bolka/dev_ws/install/turtlesim/include/turtlesim/action/detail/rotate_absolute__functions.c
[2.985s] -- Up-to-date: /home/bolka/dev_ws/install/turtlesim/include/turtlesim/action/detail/rotate_absolute__struct.h
[2.985s] -- Up-to-date: /home/bolka/dev_ws/install/turtlesim/include/turtlesim/action/detail/rotate_absolute__functions.h
[2.985s] -- Up-to-date: /home/bolka/dev_ws/install/turtlesim/include/turtlesim/action/detail/rotate_absolute__type_support.h
[2.986s] -- Up-to-date: /home/bolka/dev_ws/install/turtlesim/include/turtlesim/action/rotate_absolute.h
[2.986s] -- Up-to-date: /home/bolka/dev_ws/install/turtlesim/include/turtlesim/msg
[2.986s] -- Up-to-date: /home/bolka/dev_ws/install/turtlesim/include/turtlesim/msg/color.h
[2.986s] -- Up-to-date: /home/bolka/dev_ws/install/turtlesim/include/turtlesim/msg/detail
[2.986s] -- Up-to-date: /home/bolka/dev_ws/install/turtlesim/include/turtlesim/msg/detail/pose__functions.h
[2.986s] -- Up-to-date: /home/bolka/dev_ws/install/turtlesim/include/turtlesim/msg/detail/color__struct.h
[2.987s] -- Up-to-date: /home/bolka/dev_ws/install/turtlesim/include/turtlesim/msg/detail/color__type_support.h
[2.987s] -- Up-to-date: /home/bolka/dev_ws/install/turtlesim/include/turtlesim/msg/detail/pose__type_support.h
[2.987s] -- Up-to-date: /home/bolka/dev_ws/install/turtlesim/include/turtlesim/msg/detail/color__functions.c
[2.987s] -- Up-to-date: /home/bolka/dev_ws/install/turtlesim/include/turtlesim/msg/detail/color__functions.h
[2.988s] -- Up-to-date: /home/bolka/dev_ws/install/turtlesim/include/turtlesim/msg/detail/pose__struct.h
[2.988s] -- Up-to-date: /home/bolka/dev_ws/install/turtlesim/include/turtlesim/msg/detail/pose__functions.c
[2.988s] -- Up-to-date: /home/bolka/dev_ws/install/turtlesim/include/turtlesim/msg/rosidl_generator_c__visibility_control.h
[2.988s] -- Up-to-date: /home/bolka/dev_ws/install/turtlesim/include/turtlesim/msg/pose.h
[2.989s] -- Up-to-date: /home/bolka/dev_ws/install/turtlesim/share/turtlesim/environment/library_path.sh
[2.989s] -- Up-to-date: /home/bolka/dev_ws/install/turtlesim/share/turtlesim/environment/library_path.dsv
[2.989s] -- Up-to-date: /home/bolka/dev_ws/install/turtlesim/lib/libturtlesim__rosidl_generator_c.so
[2.990s] -- Up-to-date: /home/bolka/dev_ws/install/turtlesim/include/turtlesim
[2.990s] -- Up-to-date: /home/bolka/dev_ws/install/turtlesim/include/turtlesim/srv
[2.990s] -- Up-to-date: /home/bolka/dev_ws/install/turtlesim/include/turtlesim/srv/detail
[2.990s] -- Up-to-date: /home/bolka/dev_ws/install/turtlesim/include/turtlesim/srv/detail/teleport_absolute__rosidl_typesupport_fastrtps_c.h
[2.990s] -- Up-to-date: /home/bolka/dev_ws/install/turtlesim/include/turtlesim/srv/detail/teleport_relative__rosidl_typesupport_fastrtps_c.h
[2.990s] -- Up-to-date: /home/bolka/dev_ws/install/turtlesim/include/turtlesim/srv/detail/set_pen__rosidl_typesupport_fastrtps_c.h
[2.990s] -- Up-to-date: /home/bolka/dev_ws/install/turtlesim/include/turtlesim/srv/detail/spawn__rosidl_typesupport_fastrtps_c.h
[2.990s] -- Up-to-date: /home/bolka/dev_ws/install/turtlesim/include/turtlesim/srv/detail/kill__rosidl_typesupport_fastrtps_c.h
[2.991s] -- Up-to-date: /home/bolka/dev_ws/install/turtlesim/include/turtlesim/action
[2.991s] -- Up-to-date: /home/bolka/dev_ws/install/turtlesim/include/turtlesim/action/detail
[2.991s] -- Up-to-date: /home/bolka/dev_ws/install/turtlesim/include/turtlesim/action/detail/rotate_absolute__rosidl_typesupport_fastrtps_c.h
[2.991s] -- Up-to-date: /home/bolka/dev_ws/install/turtlesim/include/turtlesim/msg
[2.991s] -- Up-to-date: /home/bolka/dev_ws/install/turtlesim/include/turtlesim/msg/detail
[2.991s] -- Up-to-date: /home/bolka/dev_ws/install/turtlesim/include/turtlesim/msg/detail/pose__rosidl_typesupport_fastrtps_c.h
[2.991s] -- Up-to-date: /home/bolka/dev_ws/install/turtlesim/include/turtlesim/msg/detail/color__rosidl_typesupport_fastrtps_c.h
[2.991s] -- Up-to-date: /home/bolka/dev_ws/install/turtlesim/include/turtlesim/msg/rosidl_typesupport_fastrtps_c__visibility_control.h
[2.991s] -- Up-to-date: /home/bolka/dev_ws/install/turtlesim/lib/libturtlesim__rosidl_typesupport_fastrtps_c.so
[2.992s] -- Up-to-date: /home/bolka/dev_ws/install/turtlesim/include/turtlesim
[2.992s] -- Up-to-date: /home/bolka/dev_ws/install/turtlesim/include/turtlesim/srv
[2.992s] -- Up-to-date: /home/bolka/dev_ws/install/turtlesim/include/turtlesim/srv/detail
[2.992s] -- Up-to-date: /home/bolka/dev_ws/install/turtlesim/include/turtlesim/srv/detail/teleport_absolute__rosidl_typesupport_fastrtps_cpp.hpp
[2.992s] -- Up-to-date: /home/bolka/dev_ws/install/turtlesim/include/turtlesim/srv/detail/teleport_relative__rosidl_typesupport_fastrtps_cpp.hpp
[2.992s] -- Up-to-date: /home/bolka/dev_ws/install/turtlesim/include/turtlesim/srv/detail/spawn__rosidl_typesupport_fastrtps_cpp.hpp
[2.993s] -- Up-to-date: /home/bolka/dev_ws/install/turtlesim/include/turtlesim/srv/detail/kill__rosidl_typesupport_fastrtps_cpp.hpp
[2.993s] -- Up-to-date: /home/bolka/dev_ws/install/turtlesim/include/turtlesim/srv/detail/dds_fastrtps
[2.993s] -- Up-to-date: /home/bolka/dev_ws/install/turtlesim/include/turtlesim/srv/detail/set_pen__rosidl_typesupport_fastrtps_cpp.hpp
[2.993s] -- Up-to-date: /home/bolka/dev_ws/install/turtlesim/include/turtlesim/action
[2.993s] -- Up-to-date: /home/bolka/dev_ws/install/turtlesim/include/turtlesim/action/detail
[2.993s] -- Up-to-date: /home/bolka/dev_ws/install/turtlesim/include/turtlesim/action/detail/rotate_absolute__rosidl_typesupport_fastrtps_cpp.hpp
[2.994s] -- Up-to-date: /home/bolka/dev_ws/install/turtlesim/include/turtlesim/action/detail/dds_fastrtps
[2.994s] -- Up-to-date: /home/bolka/dev_ws/install/turtlesim/include/turtlesim/msg
[2.994s] -- Up-to-date: /home/bolka/dev_ws/install/turtlesim/include/turtlesim/msg/detail
[2.994s] -- Up-to-date: /home/bolka/dev_ws/install/turtlesim/include/turtlesim/msg/detail/dds_fastrtps
[2.994s] -- Up-to-date: /home/bolka/dev_ws/install/turtlesim/include/turtlesim/msg/detail/color__rosidl_typesupport_fastrtps_cpp.hpp
[2.994s] -- Up-to-date: /home/bolka/dev_ws/install/turtlesim/include/turtlesim/msg/detail/pose__rosidl_typesupport_fastrtps_cpp.hpp
[2.995s] -- Up-to-date: /home/bolka/dev_ws/install/turtlesim/include/turtlesim/msg/rosidl_typesupport_fastrtps_cpp__visibility_control.h
[2.995s] -- Up-to-date: /home/bolka/dev_ws/install/turtlesim/lib/libturtlesim__rosidl_typesupport_fastrtps_cpp.so
[2.995s] -- Up-to-date: /home/bolka/dev_ws/install/turtlesim/include/turtlesim
[2.995s] -- Up-to-date: /home/bolka/dev_ws/install/turtlesim/include/turtlesim/srv
[2.995s] -- Up-to-date: /home/bolka/dev_ws/install/turtlesim/include/turtlesim/srv/detail
[2.995s] -- Up-to-date: /home/bolka/dev_ws/install/turtlesim/include/turtlesim/srv/detail/teleport_relative__type_support.c
[2.996s] -- Up-to-date: /home/bolka/dev_ws/install/turtlesim/include/turtlesim/srv/detail/set_pen__rosidl_typesupport_introspection_c.h
[2.996s] -- Up-to-date: /home/bolka/dev_ws/install/turtlesim/include/turtlesim/srv/detail/spawn__type_support.c
[2.996s] -- Up-to-date: /home/bolka/dev_ws/install/turtlesim/include/turtlesim/srv/detail/teleport_absolute__rosidl_typesupport_introspection_c.h
[2.996s] -- Up-to-date: /home/bolka/dev_ws/install/turtlesim/include/turtlesim/srv/detail/spawn__rosidl_typesupport_introspection_c.h
[2.996s] -- Up-to-date: /home/bolka/dev_ws/install/turtlesim/include/turtlesim/srv/detail/teleport_relative__rosidl_typesupport_introspection_c.h
[2.997s] -- Up-to-date: /home/bolka/dev_ws/install/turtlesim/include/turtlesim/srv/detail/kill__rosidl_typesupport_introspection_c.h
[2.997s] -- Up-to-date: /home/bolka/dev_ws/install/turtlesim/include/turtlesim/srv/detail/kill__type_support.c
[2.997s] -- Up-to-date: /home/bolka/dev_ws/install/turtlesim/include/turtlesim/srv/detail/set_pen__type_support.c
[2.997s] -- Up-to-date: /home/bolka/dev_ws/install/turtlesim/include/turtlesim/srv/detail/teleport_absolute__type_support.c
[2.998s] -- Up-to-date: /home/bolka/dev_ws/install/turtlesim/include/turtlesim/action
[2.998s] -- Up-to-date: /home/bolka/dev_ws/install/turtlesim/include/turtlesim/action/detail
[2.999s] -- Up-to-date: /home/bolka/dev_ws/install/turtlesim/include/turtlesim/action/detail/rotate_absolute__type_support.c
[2.999s] -- Up-to-date: /home/bolka/dev_ws/install/turtlesim/include/turtlesim/action/detail/rotate_absolute__rosidl_typesupport_introspection_c.h
[3.000s] -- Up-to-date: /home/bolka/dev_ws/install/turtlesim/include/turtlesim/msg
[3.000s] -- Up-to-date: /home/bolka/dev_ws/install/turtlesim/include/turtlesim/msg/detail
[3.000s] -- Up-to-date: /home/bolka/dev_ws/install/turtlesim/include/turtlesim/msg/detail/color__type_support.c
[3.000s] -- Up-to-date: /home/bolka/dev_ws/install/turtlesim/include/turtlesim/msg/detail/color__rosidl_typesupport_introspection_c.h
[3.001s] -- Up-to-date: /home/bolka/dev_ws/install/turtlesim/include/turtlesim/msg/detail/pose__rosidl_typesupport_introspection_c.h
[3.001s] -- Up-to-date: /home/bolka/dev_ws/install/turtlesim/include/turtlesim/msg/detail/pose__type_support.c
[3.001s] -- Up-to-date: /home/bolka/dev_ws/install/turtlesim/include/turtlesim/msg/rosidl_typesupport_introspection_c__visibility_control.h
[3.001s] -- Up-to-date: /home/bolka/dev_ws/install/turtlesim/lib/libturtlesim__rosidl_typesupport_introspection_c.so
[3.001s] -- Up-to-date: /home/bolka/dev_ws/install/turtlesim/lib/libturtlesim__rosidl_typesupport_c.so
[3.002s] -- Up-to-date: /home/bolka/dev_ws/install/turtlesim/include/turtlesim
[3.002s] -- Up-to-date: /home/bolka/dev_ws/install/turtlesim/include/turtlesim/srv
[3.002s] -- Up-to-date: /home/bolka/dev_ws/install/turtlesim/include/turtlesim/srv/detail
[3.003s] -- Up-to-date: /home/bolka/dev_ws/install/turtlesim/include/turtlesim/srv/detail/kill__traits.hpp
[3.003s] -- Up-to-date: /home/bolka/dev_ws/install/turtlesim/include/turtlesim/srv/detail/spawn__struct.hpp
[3.003s] -- Up-to-date: /home/bolka/dev_ws/install/turtlesim/include/turtlesim/srv/detail/set_pen__traits.hpp
[3.003s] -- Up-to-date: /home/bolka/dev_ws/install/turtlesim/include/turtlesim/srv/detail/teleport_absolute__struct.hpp
[3.003s] -- Up-to-date: /home/bolka/dev_ws/install/turtlesim/include/turtlesim/srv/detail/spawn__traits.hpp
[3.004s] -- Up-to-date: /home/bolka/dev_ws/install/turtlesim/include/turtlesim/srv/detail/teleport_relative__struct.hpp
[3.004s] -- Up-to-date: /home/bolka/dev_ws/install/turtlesim/include/turtlesim/srv/detail/spawn__builder.hpp
[3.004s] -- Up-to-date: /home/bolka/dev_ws/install/turtlesim/include/turtlesim/srv/detail/teleport_absolute__traits.hpp
[3.004s] -- Up-to-date: /home/bolka/dev_ws/install/turtlesim/include/turtlesim/srv/detail/kill__builder.hpp
[3.004s] -- Up-to-date: /home/bolka/dev_ws/install/turtlesim/include/turtlesim/srv/detail/set_pen__struct.hpp
[3.005s] -- Up-to-date: /home/bolka/dev_ws/install/turtlesim/include/turtlesim/srv/detail/teleport_relative__traits.hpp
[3.005s] -- Up-to-date: /home/bolka/dev_ws/install/turtlesim/include/turtlesim/srv/detail/teleport_relative__builder.hpp
[3.005s] -- Up-to-date: /home/bolka/dev_ws/install/turtlesim/include/turtlesim/srv/detail/set_pen__builder.hpp
[3.005s] -- Up-to-date: /home/bolka/dev_ws/install/turtlesim/include/turtlesim/srv/detail/kill__struct.hpp
[3.005s] -- Up-to-date: /home/bolka/dev_ws/install/turtlesim/include/turtlesim/srv/detail/teleport_absolute__builder.hpp
[3.005s] -- Up-to-date: /home/bolka/dev_ws/install/turtlesim/include/turtlesim/srv/kill.hpp
[3.006s] -- Up-to-date: /home/bolka/dev_ws/install/turtlesim/include/turtlesim/srv/spawn.hpp
[3.006s] -- Up-to-date: /home/bolka/dev_ws/install/turtlesim/include/turtlesim/srv/teleport_absolute.hpp
[3.006s] -- Up-to-date: /home/bolka/dev_ws/install/turtlesim/include/turtlesim/srv/set_pen.hpp
[3.006s] -- Up-to-date: /home/bolka/dev_ws/install/turtlesim/include/turtlesim/srv/teleport_relative.hpp
[3.006s] -- Up-to-date: /home/bolka/dev_ws/install/turtlesim/include/turtlesim/action
[3.007s] -- Up-to-date: /home/bolka/dev_ws/install/turtlesim/include/turtlesim/action/rotate_absolute.hpp
[3.007s] -- Up-to-date: /home/bolka/dev_ws/install/turtlesim/include/turtlesim/action/detail
[3.007s] -- Up-to-date: /home/bolka/dev_ws/install/turtlesim/include/turtlesim/action/detail/rotate_absolute__traits.hpp
[3.007s] -- Up-to-date: /home/bolka/dev_ws/install/turtlesim/include/turtlesim/action/detail/rotate_absolute__builder.hpp
[3.007s] -- Up-to-date: /home/bolka/dev_ws/install/turtlesim/include/turtlesim/action/detail/rotate_absolute__struct.hpp
[3.008s] -- Up-to-date: /home/bolka/dev_ws/install/turtlesim/include/turtlesim/msg
[3.008s] -- Up-to-date: /home/bolka/dev_ws/install/turtlesim/include/turtlesim/msg/detail
[3.008s] -- Up-to-date: /home/bolka/dev_ws/install/turtlesim/include/turtlesim/msg/detail/color__struct.hpp
[3.008s] -- Up-to-date: /home/bolka/dev_ws/install/turtlesim/include/turtlesim/msg/detail/pose__builder.hpp
[3.008s] -- Up-to-date: /home/bolka/dev_ws/install/turtlesim/include/turtlesim/msg/detail/color__builder.hpp
[3.008s] -- Up-to-date: /home/bolka/dev_ws/install/turtlesim/include/turtlesim/msg/detail/color__traits.hpp
[3.009s] -- Up-to-date: /home/bolka/dev_ws/install/turtlesim/include/turtlesim/msg/detail/pose__struct.hpp
[3.009s] -- Up-to-date: /home/bolka/dev_ws/install/turtlesim/include/turtlesim/msg/detail/pose__traits.hpp
[3.009s] -- Up-to-date: /home/bolka/dev_ws/install/turtlesim/include/turtlesim/msg/color.hpp
[3.009s] -- Up-to-date: /home/bolka/dev_ws/install/turtlesim/include/turtlesim/msg/pose.hpp
[3.009s] -- Up-to-date: /home/bolka/dev_ws/install/turtlesim/include/turtlesim
[3.010s] -- Up-to-date: /home/bolka/dev_ws/install/turtlesim/include/turtlesim/srv
[3.010s] -- Up-to-date: /home/bolka/dev_ws/install/turtlesim/include/turtlesim/srv/detail
[3.010s] -- Up-to-date: /home/bolka/dev_ws/install/turtlesim/include/turtlesim/srv/detail/teleport_relative__rosidl_typesupport_introspection_cpp.hpp
[3.010s] -- Up-to-date: /home/bolka/dev_ws/install/turtlesim/include/turtlesim/srv/detail/spawn__type_support.cpp
[3.010s] -- Up-to-date: /home/bolka/dev_ws/install/turtlesim/include/turtlesim/srv/detail/set_pen__rosidl_typesupport_introspection_cpp.hpp
[3.011s] -- Up-to-date: /home/bolka/dev_ws/install/turtlesim/include/turtlesim/srv/detail/teleport_absolute__rosidl_typesupport_introspection_cpp.hpp
[3.011s] -- Up-to-date: /home/bolka/dev_ws/install/turtlesim/include/turtlesim/srv/detail/set_pen__type_support.cpp
[3.011s] -- Up-to-date: /home/bolka/dev_ws/install/turtlesim/include/turtlesim/srv/detail/teleport_absolute__type_support.cpp
[3.011s] -- Up-to-date: /home/bolka/dev_ws/install/turtlesim/include/turtlesim/srv/detail/spawn__rosidl_typesupport_introspection_cpp.hpp
[3.011s] -- Up-to-date: /home/bolka/dev_ws/install/turtlesim/include/turtlesim/srv/detail/teleport_relative__type_support.cpp
[3.011s] -- Up-to-date: /home/bolka/dev_ws/install/turtlesim/include/turtlesim/srv/detail/kill__type_support.cpp
[3.012s] -- Up-to-date: /home/bolka/dev_ws/install/turtlesim/include/turtlesim/srv/detail/kill__rosidl_typesupport_introspection_cpp.hpp
[3.012s] -- Up-to-date: /home/bolka/dev_ws/install/turtlesim/include/turtlesim/action
[3.012s] -- Up-to-date: /home/bolka/dev_ws/install/turtlesim/include/turtlesim/action/detail
[3.012s] -- Up-to-date: /home/bolka/dev_ws/install/turtlesim/include/turtlesim/action/detail/rotate_absolute__rosidl_typesupport_introspection_cpp.hpp
[3.012s] -- Up-to-date: /home/bolka/dev_ws/install/turtlesim/include/turtlesim/action/detail/rotate_absolute__type_support.cpp
[3.013s] -- Up-to-date: /home/bolka/dev_ws/install/turtlesim/include/turtlesim/msg
[3.013s] -- Up-to-date: /home/bolka/dev_ws/install/turtlesim/include/turtlesim/msg/detail
[3.013s] -- Up-to-date: /home/bolka/dev_ws/install/turtlesim/include/turtlesim/msg/detail/pose__rosidl_typesupport_introspection_cpp.hpp
[3.013s] -- Up-to-date: /home/bolka/dev_ws/install/turtlesim/include/turtlesim/msg/detail/pose__type_support.cpp
[3.013s] -- Up-to-date: /home/bolka/dev_ws/install/turtlesim/include/turtlesim/msg/detail/color__type_support.cpp
[3.014s] -- Up-to-date: /home/bolka/dev_ws/install/turtlesim/include/turtlesim/msg/detail/color__rosidl_typesupport_introspection_cpp.hpp
[3.014s] -- Up-to-date: /home/bolka/dev_ws/install/turtlesim/lib/libturtlesim__rosidl_typesupport_introspection_cpp.so
[3.015s] -- Up-to-date: /home/bolka/dev_ws/install/turtlesim/lib/libturtlesim__rosidl_typesupport_cpp.so
[3.015s] -- Up-to-date: /home/bolka/dev_ws/install/turtlesim/share/turtlesim/environment/pythonpath.sh
[3.015s] -- Up-to-date: /home/bolka/dev_ws/install/turtlesim/share/turtlesim/environment/pythonpath.dsv
[3.015s] -- Up-to-date: /home/bolka/dev_ws/install/turtlesim/lib/python3.8/site-packages/turtlesim/__init__.py
[3.051s] -- Up-to-date: /home/bolka/dev_ws/install/turtlesim/lib/python3.8/site-packages/turtlesim/action
[3.052s] -- Up-to-date: /home/bolka/dev_ws/install/turtlesim/lib/python3.8/site-packages/turtlesim/action/_rotate_absolute.py
[3.052s] -- Up-to-date: /home/bolka/dev_ws/install/turtlesim/lib/python3.8/site-packages/turtlesim/action/_rotate_absolute_s.c
[3.052s] -- Up-to-date: /home/bolka/dev_ws/install/turtlesim/lib/python3.8/site-packages/turtlesim/action/__init__.py
[3.052s] -- Up-to-date: /home/bolka/dev_ws/install/turtlesim/lib/python3.8/site-packages/turtlesim/msg
[3.052s] -- Up-to-date: /home/bolka/dev_ws/install/turtlesim/lib/python3.8/site-packages/turtlesim/msg/_pose_s.c
[3.053s] -- Up-to-date: /home/bolka/dev_ws/install/turtlesim/lib/python3.8/site-packages/turtlesim/msg/_color_s.c
[3.053s] -- Up-to-date: /home/bolka/dev_ws/install/turtlesim/lib/python3.8/site-packages/turtlesim/msg/_pose.py
[3.053s] -- Up-to-date: /home/bolka/dev_ws/install/turtlesim/lib/python3.8/site-packages/turtlesim/msg/_color.py
[3.053s] -- Up-to-date: /home/bolka/dev_ws/install/turtlesim/lib/python3.8/site-packages/turtlesim/msg/__init__.py
[3.053s] -- Up-to-date: /home/bolka/dev_ws/install/turtlesim/lib/python3.8/site-packages/turtlesim/srv
[3.053s] -- Up-to-date: /home/bolka/dev_ws/install/turtlesim/lib/python3.8/site-packages/turtlesim/srv/_spawn_s.c
[3.054s] -- Up-to-date: /home/bolka/dev_ws/install/turtlesim/lib/python3.8/site-packages/turtlesim/srv/_set_pen.py
[3.054s] -- Up-to-date: /home/bolka/dev_ws/install/turtlesim/lib/python3.8/site-packages/turtlesim/srv/_teleport_absolute.py
[3.054s] -- Up-to-date: /home/bolka/dev_ws/install/turtlesim/lib/python3.8/site-packages/turtlesim/srv/_teleport_relative_s.c
[3.054s] -- Up-to-date: /home/bolka/dev_ws/install/turtlesim/lib/python3.8/site-packages/turtlesim/srv/_kill.py
[3.054s] -- Up-to-date: /home/bolka/dev_ws/install/turtlesim/lib/python3.8/site-packages/turtlesim/srv/_spawn.py
[3.055s] -- Up-to-date: /home/bolka/dev_ws/install/turtlesim/lib/python3.8/site-packages/turtlesim/srv/_kill_s.c
[3.055s] -- Up-to-date: /home/bolka/dev_ws/install/turtlesim/lib/python3.8/site-packages/turtlesim/srv/_teleport_relative.py
[3.055s] -- Up-to-date: /home/bolka/dev_ws/install/turtlesim/lib/python3.8/site-packages/turtlesim/srv/__init__.py
[3.055s] -- Up-to-date: /home/bolka/dev_ws/install/turtlesim/lib/python3.8/site-packages/turtlesim/srv/_set_pen_s.c
[3.055s] -- Up-to-date: /home/bolka/dev_ws/install/turtlesim/lib/python3.8/site-packages/turtlesim/srv/_teleport_absolute_s.c
[3.055s] -- Up-to-date: /home/bolka/dev_ws/install/turtlesim/lib/python3.8/site-packages/turtlesim/turtlesim_s__rosidl_typesupport_fastrtps_c.cpython-38-x86_64-linux-gnu.so
[3.056s] -- Up-to-date: /home/bolka/dev_ws/install/turtlesim/lib/python3.8/site-packages/turtlesim/turtlesim_s__rosidl_typesupport_introspection_c.cpython-38-x86_64-linux-gnu.so
[3.056s] -- Up-to-date: /home/bolka/dev_ws/install/turtlesim/lib/python3.8/site-packages/turtlesim/turtlesim_s__rosidl_typesupport_c.cpython-38-x86_64-linux-gnu.so
[3.056s] -- Up-to-date: /home/bolka/dev_ws/install/turtlesim/lib/libturtlesim__python.so
[3.056s] -- Up-to-date: /home/bolka/dev_ws/install/turtlesim/share/turtlesim/action/RotateAbsolute.idl
[3.057s] -- Up-to-date: /home/bolka/dev_ws/install/turtlesim/share/turtlesim/msg/Color.idl
[3.057s] -- Up-to-date: /home/bolka/dev_ws/install/turtlesim/share/turtlesim/msg/Pose.idl
[3.057s] -- Up-to-date: /home/bolka/dev_ws/install/turtlesim/share/turtlesim/srv/Kill.idl
[3.058s] -- Up-to-date: /home/bolka/dev_ws/install/turtlesim/share/turtlesim/srv/SetPen.idl
[3.058s] -- Up-to-date: /home/bolka/dev_ws/install/turtlesim/share/turtlesim/srv/Spawn.idl
[3.058s] -- Up-to-date: /home/bolka/dev_ws/install/turtlesim/share/turtlesim/srv/TeleportAbsolute.idl
[3.059s] -- Up-to-date: /home/bolka/dev_ws/install/turtlesim/share/turtlesim/srv/TeleportRelative.idl
[3.059s] -- Up-to-date: /home/bolka/dev_ws/install/turtlesim/share/turtlesim/action/RotateAbsolute.action
[3.059s] -- Up-to-date: /home/bolka/dev_ws/install/turtlesim/share/turtlesim/msg/Color.msg
[3.059s] -- Up-to-date: /home/bolka/dev_ws/install/turtlesim/share/turtlesim/msg/Pose.msg
[3.059s] -- Up-to-date: /home/bolka/dev_ws/install/turtlesim/share/turtlesim/srv/Kill.srv
[3.060s] -- Up-to-date: /home/bolka/dev_ws/install/turtlesim/share/turtlesim/srv/Kill_Request.msg
[3.060s] -- Up-to-date: /home/bolka/dev_ws/install/turtlesim/share/turtlesim/srv/Kill_Response.msg
[3.060s] -- Up-to-date: /home/bolka/dev_ws/install/turtlesim/share/turtlesim/srv/SetPen.srv
[3.060s] -- Up-to-date: /home/bolka/dev_ws/install/turtlesim/share/turtlesim/srv/SetPen_Request.msg
[3.061s] -- Up-to-date: /home/bolka/dev_ws/install/turtlesim/share/turtlesim/srv/SetPen_Response.msg
[3.061s] -- Up-to-date: /home/bolka/dev_ws/install/turtlesim/share/turtlesim/srv/Spawn.srv
[3.061s] -- Up-to-date: /home/bolka/dev_ws/install/turtlesim/share/turtlesim/srv/Spawn_Request.msg
[3.061s] -- Up-to-date: /home/bolka/dev_ws/install/turtlesim/share/turtlesim/srv/Spawn_Response.msg
[3.061s] -- Up-to-date: /home/bolka/dev_ws/install/turtlesim/share/turtlesim/srv/TeleportAbsolute.srv
[3.062s] -- Up-to-date: /home/bolka/dev_ws/install/turtlesim/share/turtlesim/srv/TeleportAbsolute_Request.msg
[3.062s] -- Up-to-date: /home/bolka/dev_ws/install/turtlesim/share/turtlesim/srv/TeleportAbsolute_Response.msg
[3.062s] -- Up-to-date: /home/bolka/dev_ws/install/turtlesim/share/turtlesim/srv/TeleportRelative.srv
[3.062s] -- Up-to-date: /home/bolka/dev_ws/install/turtlesim/share/turtlesim/srv/TeleportRelative_Request.msg
[3.062s] -- Up-to-date: /home/bolka/dev_ws/install/turtlesim/share/turtlesim/srv/TeleportRelative_Response.msg
[3.063s] -- Up-to-date: /home/bolka/dev_ws/install/turtlesim/lib/turtlesim/turtlesim_node
[3.063s] -- Up-to-date: /home/bolka/dev_ws/install/turtlesim/lib/turtlesim/turtle_teleop_key
[3.063s] -- Up-to-date: /home/bolka/dev_ws/install/turtlesim/lib/turtlesim/draw_square
[3.063s] -- Up-to-date: /home/bolka/dev_ws/install/turtlesim/lib/turtlesim/mimic
[3.064s] -- Up-to-date: /home/bolka/dev_ws/install/turtlesim/share/turtlesim/images
[3.064s] -- Up-to-date: /home/bolka/dev_ws/install/turtlesim/share/turtlesim/images/galactic.png
[3.064s] -- Up-to-date: /home/bolka/dev_ws/install/turtlesim/share/turtlesim/images/crystal.png
[3.064s] -- Up-to-date: /home/bolka/dev_ws/install/turtlesim/share/turtlesim/images/bouncy.png
[3.065s] -- Up-to-date: /home/bolka/dev_ws/install/turtlesim/share/turtlesim/images/ardent.png
[3.065s] -- Up-to-date: /home/bolka/dev_ws/install/turtlesim/share/turtlesim/images/eloquent.png
[3.065s] -- Up-to-date: /home/bolka/dev_ws/install/turtlesim/share/turtlesim/images/foxy.png
[3.066s] -- Up-to-date: /home/bolka/dev_ws/install/turtlesim/share/turtlesim/images/dashing.png
[3.066s] -- Up-to-date: /home/bolka/dev_ws/install/turtlesim/share/turtlesim/launch
[3.066s] -- Up-to-date: /home/bolka/dev_ws/install/turtlesim/share/turtlesim/launch/multisim.launch.py
[3.066s] -- Up-to-date: /home/bolka/dev_ws/install/turtlesim/share/ament_index/resource_index/package_run_dependencies/turtlesim
[3.066s] -- Up-to-date: /home/bolka/dev_ws/install/turtlesim/share/ament_index/resource_index/parent_prefix_path/turtlesim
[3.067s] -- Up-to-date: /home/bolka/dev_ws/install/turtlesim/share/turtlesim/environment/ament_prefix_path.sh
[3.067s] -- Up-to-date: /home/bolka/dev_ws/install/turtlesim/share/turtlesim/environment/ament_prefix_path.dsv
[3.067s] -- Up-to-date: /home/bolka/dev_ws/install/turtlesim/share/turtlesim/environment/path.sh
[3.067s] -- Up-to-date: /home/bolka/dev_ws/install/turtlesim/share/turtlesim/environment/path.dsv
[3.068s] -- Up-to-date: /home/bolka/dev_ws/install/turtlesim/share/turtlesim/local_setup.bash
[3.068s] -- Up-to-date: /home/bolka/dev_ws/install/turtlesim/share/turtlesim/local_setup.sh
[3.068s] -- Up-to-date: /home/bolka/dev_ws/install/turtlesim/share/turtlesim/local_setup.zsh
[3.068s] -- Up-to-date: /home/bolka/dev_ws/install/turtlesim/share/turtlesim/local_setup.dsv
[3.069s] -- Installing: /home/bolka/dev_ws/install/turtlesim/share/turtlesim/package.dsv
[3.069s] -- Up-to-date: /home/bolka/dev_ws/install/turtlesim/share/ament_index/resource_index/packages/turtlesim
[3.069s] -- Up-to-date: /home/bolka/dev_ws/install/turtlesim/share/turtlesim/cmake/turtlesim__rosidl_generator_cExport.cmake
[3.069s] -- Up-to-date: /home/bolka/dev_ws/install/turtlesim/share/turtlesim/cmake/turtlesim__rosidl_generator_cExport-noconfig.cmake
[3.070s] -- Up-to-date: /home/bolka/dev_ws/install/turtlesim/share/turtlesim/cmake/turtlesim__rosidl_typesupport_introspection_cExport.cmake
[3.070s] -- Up-to-date: /home/bolka/dev_ws/install/turtlesim/share/turtlesim/cmake/turtlesim__rosidl_typesupport_introspection_cExport-noconfig.cmake
[3.070s] -- Up-to-date: /home/bolka/dev_ws/install/turtlesim/share/turtlesim/cmake/turtlesim__rosidl_typesupport_cExport.cmake
[3.070s] -- Up-to-date: /home/bolka/dev_ws/install/turtlesim/share/turtlesim/cmake/turtlesim__rosidl_typesupport_cExport-noconfig.cmake
[3.070s] -- Up-to-date: /home/bolka/dev_ws/install/turtlesim/share/turtlesim/cmake/turtlesim__rosidl_generator_cppExport.cmake
[3.070s] -- Up-to-date: /home/bolka/dev_ws/install/turtlesim/share/turtlesim/cmake/turtlesim__rosidl_typesupport_introspection_cppExport.cmake
[3.071s] -- Up-to-date: /home/bolka/dev_ws/install/turtlesim/share/turtlesim/cmake/turtlesim__rosidl_typesupport_introspection_cppExport-noconfig.cmake
[3.071s] -- Up-to-date: /home/bolka/dev_ws/install/turtlesim/share/turtlesim/cmake/turtlesim__rosidl_typesupport_cppExport.cmake
[3.071s] -- Up-to-date: /home/bolka/dev_ws/install/turtlesim/share/turtlesim/cmake/turtlesim__rosidl_typesupport_cppExport-noconfig.cmake
[3.071s] -- Up-to-date: /home/bolka/dev_ws/install/turtlesim/share/turtlesim/cmake/rosidl_cmake-extras.cmake
[3.071s] -- Up-to-date: /home/bolka/dev_ws/install/turtlesim/share/turtlesim/cmake/ament_cmake_export_dependencies-extras.cmake
[3.071s] -- Up-to-date: /home/bolka/dev_ws/install/turtlesim/share/turtlesim/cmake/ament_cmake_export_libraries-extras.cmake
[3.071s] -- Up-to-date: /home/bolka/dev_ws/install/turtlesim/share/turtlesim/cmake/ament_cmake_export_targets-extras.cmake
[3.072s] -- Up-to-date: /home/bolka/dev_ws/install/turtlesim/share/turtlesim/cmake/ament_cmake_export_include_directories-extras.cmake
[3.072s] -- Up-to-date: /home/bolka/dev_ws/install/turtlesim/share/turtlesim/cmake/rosidl_cmake_export_typesupport_libraries-extras.cmake
[3.072s] -- Up-to-date: /home/bolka/dev_ws/install/turtlesim/share/turtlesim/cmake/rosidl_cmake_export_typesupport_targets-extras.cmake
[3.072s] -- Up-to-date: /home/bolka/dev_ws/install/turtlesim/share/turtlesim/cmake/turtlesimConfig.cmake
[3.072s] -- Up-to-date: /home/bolka/dev_ws/install/turtlesim/share/turtlesim/cmake/turtlesimConfig-version.cmake
[3.073s] -- Up-to-date: /home/bolka/dev_ws/install/turtlesim/share/turtlesim/package.xml
[3.075s] Invoked command in '/home/bolka/dev_ws/build/turtlesim' returned '0': CMAKE_PREFIX_PATH=${CMAKE_PREFIX_PATH}:/home/bolka/dev_ws/install/simulator:/home/bolka/dev_ws/install/my_package:/home/bolka/dev_ws/install/map:/opt/ros/galactic /usr/bin/cmake --install /home/bolka/dev_ws/build/turtlesim
