[0.366s] Invoking command in '/home/bolka/dev_ws/src/simulator': PYTHONPATH=/home/bolka/dev_ws/install/simulator/lib/python3.8/site-packages:${PYTHONPATH} /usr/bin/python3 setup.py egg_info --egg-base ../../build/simulator build --build-base /home/bolka/dev_ws/build/simulator/build install --prefix /home/bolka/dev_ws/install/simulator --record /home/bolka/dev_ws/build/simulator/install.log --single-version-externally-managed
[0.672s] running egg_info
[0.673s] writing ../../build/simulator/simulator.egg-info/PKG-INFO
[0.674s] writing dependency_links to ../../build/simulator/simulator.egg-info/dependency_links.txt
[0.674s] writing entry points to ../../build/simulator/simulator.egg-info/entry_points.txt
[0.674s] writing requirements to ../../build/simulator/simulator.egg-info/requires.txt
[0.675s] writing top-level names to ../../build/simulator/simulator.egg-info/top_level.txt
[0.725s] reading manifest file '../../build/simulator/simulator.egg-info/SOURCES.txt'
[0.727s] writing manifest file '../../build/simulator/simulator.egg-info/SOURCES.txt'
[0.727s] running build
[0.727s] running build_py
[0.727s] copying simulator/node2_simulator.py -> /home/bolka/dev_ws/build/simulator/build/lib/simulator
[0.728s] running install
[0.729s] running install_lib
[0.730s] copying /home/bolka/dev_ws/build/simulator/build/lib/simulator/node2_simulator.py -> /home/bolka/dev_ws/install/simulator/lib/python3.8/site-packages/simulator
[0.731s] byte-compiling /home/bolka/dev_ws/install/simulator/lib/python3.8/site-packages/simulator/node2_simulator.py to node2_simulator.cpython-38.pyc
[0.734s] running install_data
[0.735s] running install_egg_info
[0.737s] removing '/home/bolka/dev_ws/install/simulator/lib/python3.8/site-packages/simulator-0.0.0-py3.8.egg-info' (and everything under it)
[0.738s] Copying ../../build/simulator/simulator.egg-info to /home/bolka/dev_ws/install/simulator/lib/python3.8/site-packages/simulator-0.0.0-py3.8.egg-info
[0.739s] running install_scripts
[0.761s] Installing node2_simulator script to /home/bolka/dev_ws/install/simulator/lib/simulator
[0.761s] writing list of installed files to '/home/bolka/dev_ws/build/simulator/install.log'
[0.791s] Invoked command in '/home/bolka/dev_ws/src/simulator' returned '0': PYTHONPATH=/home/bolka/dev_ws/install/simulator/lib/python3.8/site-packages:${PYTHONPATH} /usr/bin/python3 setup.py egg_info --egg-base ../../build/simulator build --build-base /home/bolka/dev_ws/build/simulator/build install --prefix /home/bolka/dev_ws/install/simulator --record /home/bolka/dev_ws/build/simulator/install.log --single-version-externally-managed
