[1.296s] Invoking command in '/home/bolka/dev_ws/src/my_package': PYTHONPATH=/home/bolka/dev_ws/install/my_package/lib/python3.8/site-packages:${PYTHONPATH} /usr/bin/python3 setup.py egg_info --egg-base ../../build/my_package build --build-base /home/bolka/dev_ws/build/my_package/build install --prefix /home/bolka/dev_ws/install/my_package --record /home/bolka/dev_ws/build/my_package/install.log --single-version-externally-managed
[2.327s] running egg_info
[2.329s] writing ../../build/my_package/my_package.egg-info/PKG-INFO
[2.329s] writing dependency_links to ../../build/my_package/my_package.egg-info/dependency_links.txt
[2.329s] writing entry points to ../../build/my_package/my_package.egg-info/entry_points.txt
[2.330s] writing requirements to ../../build/my_package/my_package.egg-info/requires.txt
[2.330s] writing top-level names to ../../build/my_package/my_package.egg-info/top_level.txt
[2.456s] reading manifest file '../../build/my_package/my_package.egg-info/SOURCES.txt'
[2.458s] writing manifest file '../../build/my_package/my_package.egg-info/SOURCES.txt'
[2.458s] running build
[2.458s] running build_py
[2.459s] running install
[2.460s] running install_lib
[2.464s] running install_data
[2.465s] running install_egg_info
[2.469s] removing '/home/bolka/dev_ws/install/my_package/lib/python3.8/site-packages/my_package-0.0.0-py3.8.egg-info' (and everything under it)
[2.469s] Copying ../../build/my_package/my_package.egg-info to /home/bolka/dev_ws/install/my_package/lib/python3.8/site-packages/my_package-0.0.0-py3.8.egg-info
[2.471s] running install_scripts
[2.539s] Installing my_node script to /home/bolka/dev_ws/install/my_package/lib/my_package
[2.539s] writing list of installed files to '/home/bolka/dev_ws/build/my_package/install.log'
[2.637s] Invoked command in '/home/bolka/dev_ws/src/my_package' returned '0': PYTHONPATH=/home/bolka/dev_ws/install/my_package/lib/python3.8/site-packages:${PYTHONPATH} /usr/bin/python3 setup.py egg_info --egg-base ../../build/my_package build --build-base /home/bolka/dev_ws/build/my_package/build install --prefix /home/bolka/dev_ws/install/my_package --record /home/bolka/dev_ws/build/my_package/install.log --single-version-externally-managed
