[1.057s] Invoking command in '/home/bolka/dev_ws/src/simulator': PYTHONPATH=/home/bolka/dev_ws/install/simulator/lib/python3.8/site-packages:${PYTHONPATH} /usr/bin/python3 setup.py egg_info --egg-base ../../build/simulator build --build-base /home/bolka/dev_ws/build/simulator/build install --prefix /home/bolka/dev_ws/install/simulator --record /home/bolka/dev_ws/build/simulator/install.log --single-version-externally-managed
[1.687s] running egg_info
[1.691s] writing ../../build/simulator/simulator.egg-info/PKG-INFO
[1.692s] writing dependency_links to ../../build/simulator/simulator.egg-info/dependency_links.txt
[1.693s] writing entry points to ../../build/simulator/simulator.egg-info/entry_points.txt
[1.693s] writing requirements to ../../build/simulator/simulator.egg-info/requires.txt
[1.694s] writing top-level names to ../../build/simulator/simulator.egg-info/top_level.txt
[1.789s] reading manifest file '../../build/simulator/simulator.egg-info/SOURCES.txt'
[1.792s] writing manifest file '../../build/simulator/simulator.egg-info/SOURCES.txt'
[1.793s] running build
[1.793s] running build_py
[1.795s] copying simulator/node2_simulator.py -> /home/bolka/dev_ws/build/simulator/build/lib/simulator
[1.796s] running install
[1.798s] running install_lib
[1.801s] copying /home/bolka/dev_ws/build/simulator/build/lib/simulator/node2_simulator.py -> /home/bolka/dev_ws/install/simulator/lib/python3.8/site-packages/simulator
[1.804s] byte-compiling /home/bolka/dev_ws/install/simulator/lib/python3.8/site-packages/simulator/node2_simulator.py to node2_simulator.cpython-38.pyc
[1.809s] running install_data
[1.811s] running install_egg_info
[1.816s] removing '/home/bolka/dev_ws/install/simulator/lib/python3.8/site-packages/simulator-0.0.0-py3.8.egg-info' (and everything under it)
[1.817s] Copying ../../build/simulator/simulator.egg-info to /home/bolka/dev_ws/install/simulator/lib/python3.8/site-packages/simulator-0.0.0-py3.8.egg-info
[1.820s] running install_scripts
[1.866s] Installing node2_simulator script to /home/bolka/dev_ws/install/simulator/lib/simulator
[1.868s] writing list of installed files to '/home/bolka/dev_ws/build/simulator/install.log'
[1.960s] Invoked command in '/home/bolka/dev_ws/src/simulator' returned '0': PYTHONPATH=/home/bolka/dev_ws/install/simulator/lib/python3.8/site-packages:${PYTHONPATH} /usr/bin/python3 setup.py egg_info --egg-base ../../build/simulator build --build-base /home/bolka/dev_ws/build/simulator/build install --prefix /home/bolka/dev_ws/install/simulator --record /home/bolka/dev_ws/build/simulator/install.log --single-version-externally-managed
