[1.035s] Invoking command in '/home/bolka/dev_ws/src/map': PYTHONPATH=/home/bolka/dev_ws/install/map/lib/python3.8/site-packages:${PYTHONPATH} /usr/bin/python3 setup.py egg_info --egg-base ../../build/map build --build-base /home/bolka/dev_ws/build/map/build install --prefix /home/bolka/dev_ws/install/map --record /home/bolka/dev_ws/build/map/install.log --single-version-externally-managed
[1.615s] running egg_info
[1.617s] writing ../../build/map/map.egg-info/PKG-INFO
[1.618s] writing dependency_links to ../../build/map/map.egg-info/dependency_links.txt
[1.618s] writing entry points to ../../build/map/map.egg-info/entry_points.txt
[1.619s] writing requirements to ../../build/map/map.egg-info/requires.txt
[1.619s] writing top-level names to ../../build/map/map.egg-info/top_level.txt
[1.715s] reading manifest file '../../build/map/map.egg-info/SOURCES.txt'
[1.717s] writing manifest file '../../build/map/map.egg-info/SOURCES.txt'
[1.718s] running build
[1.718s] running build_py
[1.719s] running install
[1.722s] running install_lib
[1.725s] running install_data
[1.727s] running install_egg_info
[1.737s] removing '/home/bolka/dev_ws/install/map/lib/python3.8/site-packages/map-0.0.0-py3.8.egg-info' (and everything under it)
[1.738s] Copying ../../build/map/map.egg-info to /home/bolka/dev_ws/install/map/lib/python3.8/site-packages/map-0.0.0-py3.8.egg-info
[1.741s] running install_scripts
[1.788s] Installing node1_map script to /home/bolka/dev_ws/install/map/lib/map
[1.789s] writing list of installed files to '/home/bolka/dev_ws/build/map/install.log'
[1.866s] Invoked command in '/home/bolka/dev_ws/src/map' returned '0': PYTHONPATH=/home/bolka/dev_ws/install/map/lib/python3.8/site-packages:${PYTHONPATH} /usr/bin/python3 setup.py egg_info --egg-base ../../build/map build --build-base /home/bolka/dev_ws/build/map/build install --prefix /home/bolka/dev_ws/install/map --record /home/bolka/dev_ws/build/map/install.log --single-version-externally-managed
