[1.458s] Invoking command in '/home/bolka/dev_ws/src/simulator': PYTHONPATH=/home/bolka/dev_ws/install/simulator/lib/python3.8/site-packages:${PYTHONPATH} /usr/bin/python3 setup.py egg_info --egg-base ../../build/simulator build --build-base /home/bolka/dev_ws/build/simulator/build install --prefix /home/bolka/dev_ws/install/simulator --record /home/bolka/dev_ws/build/simulator/install.log --single-version-externally-managed
[2.281s] running egg_info
[2.283s] writing ../../build/simulator/simulator.egg-info/PKG-INFO
[2.284s] writing dependency_links to ../../build/simulator/simulator.egg-info/dependency_links.txt
[2.287s] writing entry points to ../../build/simulator/simulator.egg-info/entry_points.txt
[2.288s] writing requirements to ../../build/simulator/simulator.egg-info/requires.txt
[2.289s] writing top-level names to ../../build/simulator/simulator.egg-info/top_level.txt
[2.431s] reading manifest file '../../build/simulator/simulator.egg-info/SOURCES.txt'
[2.436s] writing manifest file '../../build/simulator/simulator.egg-info/SOURCES.txt'
[2.437s] running build
[2.437s] running build_py
[2.437s] copying simulator/node2_simulator.py -> /home/bolka/dev_ws/build/simulator/build/lib/simulator
[2.438s] running install
[2.440s] running install_lib
[2.446s] copying /home/bolka/dev_ws/build/simulator/build/lib/simulator/node2_simulator.py -> /home/bolka/dev_ws/install/simulator/lib/python3.8/site-packages/simulator
[2.448s] byte-compiling /home/bolka/dev_ws/install/simulator/lib/python3.8/site-packages/simulator/node2_simulator.py to node2_simulator.cpython-38.pyc
[2.453s] running install_data
[2.455s] running install_egg_info
[2.458s] removing '/home/bolka/dev_ws/install/simulator/lib/python3.8/site-packages/simulator-0.0.0-py3.8.egg-info' (and everything under it)
[2.459s] Copying ../../build/simulator/simulator.egg-info to /home/bolka/dev_ws/install/simulator/lib/python3.8/site-packages/simulator-0.0.0-py3.8.egg-info
[2.461s] running install_scripts
[2.537s] Installing node2_simulator script to /home/bolka/dev_ws/install/simulator/lib/simulator
[2.539s] writing list of installed files to '/home/bolka/dev_ws/build/simulator/install.log'
[2.649s] Invoked command in '/home/bolka/dev_ws/src/simulator' returned '0': PYTHONPATH=/home/bolka/dev_ws/install/simulator/lib/python3.8/site-packages:${PYTHONPATH} /usr/bin/python3 setup.py egg_info --egg-base ../../build/simulator build --build-base /home/bolka/dev_ws/build/simulator/build install --prefix /home/bolka/dev_ws/install/simulator --record /home/bolka/dev_ws/build/simulator/install.log --single-version-externally-managed
