[1.066s] Invoking command in '/home/bolka/dev_ws/src/my_package': PYTHONPATH=/home/bolka/dev_ws/install/my_package/lib/python3.8/site-packages:${PYTHONPATH} /usr/bin/python3 setup.py egg_info --egg-base ../../build/my_package build --build-base /home/bolka/dev_ws/build/my_package/build install --prefix /home/bolka/dev_ws/install/my_package --record /home/bolka/dev_ws/build/my_package/install.log --single-version-externally-managed
[1.695s] running egg_info
[1.696s] writing ../../build/my_package/my_package.egg-info/PKG-INFO
[1.698s] writing dependency_links to ../../build/my_package/my_package.egg-info/dependency_links.txt
[1.699s] writing entry points to ../../build/my_package/my_package.egg-info/entry_points.txt
[1.699s] writing requirements to ../../build/my_package/my_package.egg-info/requires.txt
[1.700s] writing top-level names to ../../build/my_package/my_package.egg-info/top_level.txt
[1.793s] reading manifest file '../../build/my_package/my_package.egg-info/SOURCES.txt'
[1.796s] writing manifest file '../../build/my_package/my_package.egg-info/SOURCES.txt'
[1.797s] running build
[1.797s] running build_py
[1.798s] running install
[1.801s] running install_lib
[1.804s] running install_data
[1.805s] running install_egg_info
[1.810s] removing '/home/bolka/dev_ws/install/my_package/lib/python3.8/site-packages/my_package-0.0.0-py3.8.egg-info' (and everything under it)
[1.812s] Copying ../../build/my_package/my_package.egg-info to /home/bolka/dev_ws/install/my_package/lib/python3.8/site-packages/my_package-0.0.0-py3.8.egg-info
[1.814s] running install_scripts
[1.862s] Installing my_node script to /home/bolka/dev_ws/install/my_package/lib/my_package
[1.863s] writing list of installed files to '/home/bolka/dev_ws/build/my_package/install.log'
[1.958s] Invoked command in '/home/bolka/dev_ws/src/my_package' returned '0': PYTHONPATH=/home/bolka/dev_ws/install/my_package/lib/python3.8/site-packages:${PYTHONPATH} /usr/bin/python3 setup.py egg_info --egg-base ../../build/my_package build --build-base /home/bolka/dev_ws/build/my_package/build install --prefix /home/bolka/dev_ws/install/my_package --record /home/bolka/dev_ws/build/my_package/install.log --single-version-externally-managed
