[1.031s] Invoking command in '/home/bolka/dev_ws/src/my_package': PYTHONPATH=/home/bolka/dev_ws/install/my_package/lib/python3.8/site-packages:${PYTHONPATH} /usr/bin/python3 setup.py egg_info --egg-base ../../build/my_package build --build-base /home/bolka/dev_ws/build/my_package/build install --prefix /home/bolka/dev_ws/install/my_package --record /home/bolka/dev_ws/build/my_package/install.log --single-version-externally-managed
[1.602s] running egg_info
[1.604s] writing ../../build/my_package/my_package.egg-info/PKG-INFO
[1.604s] writing dependency_links to ../../build/my_package/my_package.egg-info/dependency_links.txt
[1.605s] writing entry points to ../../build/my_package/my_package.egg-info/entry_points.txt
[1.605s] writing requirements to ../../build/my_package/my_package.egg-info/requires.txt
[1.605s] writing top-level names to ../../build/my_package/my_package.egg-info/top_level.txt
[1.696s] reading manifest file '../../build/my_package/my_package.egg-info/SOURCES.txt'
[1.698s] writing manifest file '../../build/my_package/my_package.egg-info/SOURCES.txt'
[1.698s] running build
[1.698s] running build_py
[1.699s] running install
[1.700s] running install_lib
[1.704s] running install_data
[1.705s] running install_egg_info
[1.709s] removing '/home/bolka/dev_ws/install/my_package/lib/python3.8/site-packages/my_package-0.0.0-py3.8.egg-info' (and everything under it)
[1.709s] Copying ../../build/my_package/my_package.egg-info to /home/bolka/dev_ws/install/my_package/lib/python3.8/site-packages/my_package-0.0.0-py3.8.egg-info
[1.711s] running install_scripts
[1.752s] Installing my_node script to /home/bolka/dev_ws/install/my_package/lib/my_package
[1.753s] writing list of installed files to '/home/bolka/dev_ws/build/my_package/install.log'
[1.800s] Invoked command in '/home/bolka/dev_ws/src/my_package' returned '0': PYTHONPATH=/home/bolka/dev_ws/install/my_package/lib/python3.8/site-packages:${PYTHONPATH} /usr/bin/python3 setup.py egg_info --egg-base ../../build/my_package build --build-base /home/bolka/dev_ws/build/my_package/build install --prefix /home/bolka/dev_ws/install/my_package --record /home/bolka/dev_ws/build/my_package/install.log --single-version-externally-managed
