[1.143s] Invoking command in '/home/bolka/dev_ws/src/my_package': PYTHONPATH=/home/bolka/dev_ws/install/my_package/lib/python3.8/site-packages:${PYTHONPATH} /usr/bin/python3 setup.py egg_info --egg-base ../../build/my_package build --build-base /home/bolka/dev_ws/build/my_package/build install --prefix /home/bolka/dev_ws/install/my_package --record /home/bolka/dev_ws/build/my_package/install.log --single-version-externally-managed
[1.903s] running egg_info
[1.904s] writing ../../build/my_package/my_package.egg-info/PKG-INFO
[1.905s] writing dependency_links to ../../build/my_package/my_package.egg-info/dependency_links.txt
[1.905s] writing entry points to ../../build/my_package/my_package.egg-info/entry_points.txt
[1.906s] writing requirements to ../../build/my_package/my_package.egg-info/requires.txt
[1.906s] writing top-level names to ../../build/my_package/my_package.egg-info/top_level.txt
[2.015s] reading manifest file '../../build/my_package/my_package.egg-info/SOURCES.txt'
[2.018s] writing manifest file '../../build/my_package/my_package.egg-info/SOURCES.txt'
[2.018s] running build
[2.018s] running build_py
[2.019s] running install
[2.021s] running install_lib
[2.024s] running install_data
[2.025s] running install_egg_info
[2.030s] removing '/home/bolka/dev_ws/install/my_package/lib/python3.8/site-packages/my_package-0.0.0-py3.8.egg-info' (and everything under it)
[2.031s] Copying ../../build/my_package/my_package.egg-info to /home/bolka/dev_ws/install/my_package/lib/python3.8/site-packages/my_package-0.0.0-py3.8.egg-info
[2.033s] running install_scripts
[2.080s] Installing my_node script to /home/bolka/dev_ws/install/my_package/lib/my_package
[2.080s] writing list of installed files to '/home/bolka/dev_ws/build/my_package/install.log'
[2.145s] Invoked command in '/home/bolka/dev_ws/src/my_package' returned '0': PYTHONPATH=/home/bolka/dev_ws/install/my_package/lib/python3.8/site-packages:${PYTHONPATH} /usr/bin/python3 setup.py egg_info --egg-base ../../build/my_package build --build-base /home/bolka/dev_ws/build/my_package/build install --prefix /home/bolka/dev_ws/install/my_package --record /home/bolka/dev_ws/build/my_package/install.log --single-version-externally-managed
