[0.377s] Invoking command in '/home/bolka/dev_ws/src/simulator': PYTHONPATH=/home/bolka/dev_ws/install/simulator/lib/python3.8/site-packages:${PYTHONPATH} /usr/bin/python3 setup.py egg_info --egg-base ../../build/simulator build --build-base /home/bolka/dev_ws/build/simulator/build install --prefix /home/bolka/dev_ws/install/simulator --record /home/bolka/dev_ws/build/simulator/install.log --single-version-externally-managed
[0.694s] running egg_info
[0.695s] writing ../../build/simulator/simulator.egg-info/PKG-INFO
[0.695s] writing dependency_links to ../../build/simulator/simulator.egg-info/dependency_links.txt
[0.695s] writing entry points to ../../build/simulator/simulator.egg-info/entry_points.txt
[0.696s] writing requirements to ../../build/simulator/simulator.egg-info/requires.txt
[0.696s] writing top-level names to ../../build/simulator/simulator.egg-info/top_level.txt
[0.747s] reading manifest file '../../build/simulator/simulator.egg-info/SOURCES.txt'
[0.748s] writing manifest file '../../build/simulator/simulator.egg-info/SOURCES.txt'
[0.749s] running build
[0.749s] running build_py
[0.749s] copying simulator/node2_simulator.py -> /home/bolka/dev_ws/build/simulator/build/lib/simulator
[0.749s] running install
[0.750s] running install_lib
[0.752s] copying /home/bolka/dev_ws/build/simulator/build/lib/simulator/node2_simulator.py -> /home/bolka/dev_ws/install/simulator/lib/python3.8/site-packages/simulator
[0.753s] byte-compiling /home/bolka/dev_ws/install/simulator/lib/python3.8/site-packages/simulator/node2_simulator.py to node2_simulator.cpython-38.pyc
[0.756s] running install_data
[0.757s] running install_egg_info
[0.759s] removing '/home/bolka/dev_ws/install/simulator/lib/python3.8/site-packages/simulator-0.0.0-py3.8.egg-info' (and everything under it)
[0.759s] Copying ../../build/simulator/simulator.egg-info to /home/bolka/dev_ws/install/simulator/lib/python3.8/site-packages/simulator-0.0.0-py3.8.egg-info
[0.760s] running install_scripts
[0.786s] Installing node2_simulator script to /home/bolka/dev_ws/install/simulator/lib/simulator
[0.786s] writing list of installed files to '/home/bolka/dev_ws/build/simulator/install.log'
[0.821s] Invoked command in '/home/bolka/dev_ws/src/simulator' returned '0': PYTHONPATH=/home/bolka/dev_ws/install/simulator/lib/python3.8/site-packages:${PYTHONPATH} /usr/bin/python3 setup.py egg_info --egg-base ../../build/simulator build --build-base /home/bolka/dev_ws/build/simulator/build install --prefix /home/bolka/dev_ws/install/simulator --record /home/bolka/dev_ws/build/simulator/install.log --single-version-externally-managed
