[1.052s] Invoking command in '/home/bolka/dev_ws/src/map': PYTHONPATH=/home/bolka/dev_ws/install/map/lib/python3.8/site-packages:${PYTHONPATH} /usr/bin/python3 setup.py egg_info --egg-base ../../build/map build --build-base /home/bolka/dev_ws/build/map/build install --prefix /home/bolka/dev_ws/install/map --record /home/bolka/dev_ws/build/map/install.log --single-version-externally-managed
[1.661s] running egg_info
[1.670s] writing ../../build/map/map.egg-info/PKG-INFO
[1.671s] writing dependency_links to ../../build/map/map.egg-info/dependency_links.txt
[1.672s] writing entry points to ../../build/map/map.egg-info/entry_points.txt
[1.673s] writing requirements to ../../build/map/map.egg-info/requires.txt
[1.675s] writing top-level names to ../../build/map/map.egg-info/top_level.txt
[1.790s] reading manifest file '../../build/map/map.egg-info/SOURCES.txt'
[1.793s] writing manifest file '../../build/map/map.egg-info/SOURCES.txt'
[1.794s] running build
[1.794s] running build_py
[1.795s] running install
[1.797s] running install_lib
[1.800s] byte-compiling /home/bolka/dev_ws/install/map/lib/python3.8/site-packages/map/node1_map.py to node1_map.cpython-38.pyc
[1.803s] running install_data
[1.805s] running install_egg_info
[1.808s] removing '/home/bolka/dev_ws/install/map/lib/python3.8/site-packages/map-0.0.0-py3.8.egg-info' (and everything under it)
[1.809s] Copying ../../build/map/map.egg-info to /home/bolka/dev_ws/install/map/lib/python3.8/site-packages/map-0.0.0-py3.8.egg-info
[1.811s] running install_scripts
[1.873s] Installing node1_map script to /home/bolka/dev_ws/install/map/lib/map
[1.878s] writing list of installed files to '/home/bolka/dev_ws/build/map/install.log'
[1.936s] Invoked command in '/home/bolka/dev_ws/src/map' returned '0': PYTHONPATH=/home/bolka/dev_ws/install/map/lib/python3.8/site-packages:${PYTHONPATH} /usr/bin/python3 setup.py egg_info --egg-base ../../build/map build --build-base /home/bolka/dev_ws/build/map/build install --prefix /home/bolka/dev_ws/install/map --record /home/bolka/dev_ws/build/map/install.log --single-version-externally-managed
