[1.086s] Invoking command in '/home/bolka/dev_ws/src/my_package': PYTHONPATH=/home/bolka/dev_ws/install/my_package/lib/python3.8/site-packages:${PYTHONPATH} /usr/bin/python3 setup.py egg_info --egg-base ../../build/my_package build --build-base /home/bolka/dev_ws/build/my_package/build install --prefix /home/bolka/dev_ws/install/my_package --record /home/bolka/dev_ws/build/my_package/install.log --single-version-externally-managed
[1.730s] running egg_info
[1.732s] writing ../../build/my_package/my_package.egg-info/PKG-INFO
[1.732s] writing dependency_links to ../../build/my_package/my_package.egg-info/dependency_links.txt
[1.733s] writing entry points to ../../build/my_package/my_package.egg-info/entry_points.txt
[1.733s] writing requirements to ../../build/my_package/my_package.egg-info/requires.txt
[1.734s] writing top-level names to ../../build/my_package/my_package.egg-info/top_level.txt
[1.840s] reading manifest file '../../build/my_package/my_package.egg-info/SOURCES.txt'
[1.843s] writing manifest file '../../build/my_package/my_package.egg-info/SOURCES.txt'
[1.844s] running build
[1.844s] running build_py
[1.847s] running install
[1.851s] running install_lib
[1.856s] running install_data
[1.860s] running install_egg_info
[1.867s] removing '/home/bolka/dev_ws/install/my_package/lib/python3.8/site-packages/my_package-0.0.0-py3.8.egg-info' (and everything under it)
[1.876s] Copying ../../build/my_package/my_package.egg-info to /home/bolka/dev_ws/install/my_package/lib/python3.8/site-packages/my_package-0.0.0-py3.8.egg-info
[1.878s] running install_scripts
[1.921s] Installing my_node script to /home/bolka/dev_ws/install/my_package/lib/my_package
[1.922s] writing list of installed files to '/home/bolka/dev_ws/build/my_package/install.log'
[2.011s] Invoked command in '/home/bolka/dev_ws/src/my_package' returned '0': PYTHONPATH=/home/bolka/dev_ws/install/my_package/lib/python3.8/site-packages:${PYTHONPATH} /usr/bin/python3 setup.py egg_info --egg-base ../../build/my_package build --build-base /home/bolka/dev_ws/build/my_package/build install --prefix /home/bolka/dev_ws/install/my_package --record /home/bolka/dev_ws/build/my_package/install.log --single-version-externally-managed
