[1.320s] Invoking command in '/home/bolka/dev_ws/src/map': PYTHONPATH=/home/bolka/dev_ws/install/map/lib/python3.8/site-packages:${PYTHONPATH} /usr/bin/python3 setup.py egg_info --egg-base ../../build/map build --build-base /home/bolka/dev_ws/build/map/build install --prefix /home/bolka/dev_ws/install/map --record /home/bolka/dev_ws/build/map/install.log --single-version-externally-managed
[2.092s] running egg_info
[2.093s] writing ../../build/map/map.egg-info/PKG-INFO
[2.093s] writing dependency_links to ../../build/map/map.egg-info/dependency_links.txt
[2.094s] writing entry points to ../../build/map/map.egg-info/entry_points.txt
[2.094s] writing requirements to ../../build/map/map.egg-info/requires.txt
[2.094s] writing top-level names to ../../build/map/map.egg-info/top_level.txt
[2.248s] reading manifest file '../../build/map/map.egg-info/SOURCES.txt'
[2.252s] writing manifest file '../../build/map/map.egg-info/SOURCES.txt'
[2.254s] running build
[2.254s] running build_py
[2.257s] running install
[2.272s] running install_lib
[2.276s] running install_data
[2.278s] running install_egg_info
[2.282s] removing '/home/bolka/dev_ws/install/map/lib/python3.8/site-packages/map-0.0.0-py3.8.egg-info' (and everything under it)
[2.283s] Copying ../../build/map/map.egg-info to /home/bolka/dev_ws/install/map/lib/python3.8/site-packages/map-0.0.0-py3.8.egg-info
[2.285s] running install_scripts
[2.349s] Installing node1_map script to /home/bolka/dev_ws/install/map/lib/map
[2.350s] writing list of installed files to '/home/bolka/dev_ws/build/map/install.log'
[2.426s] Invoked command in '/home/bolka/dev_ws/src/map' returned '0': PYTHONPATH=/home/bolka/dev_ws/install/map/lib/python3.8/site-packages:${PYTHONPATH} /usr/bin/python3 setup.py egg_info --egg-base ../../build/map build --build-base /home/bolka/dev_ws/build/map/build install --prefix /home/bolka/dev_ws/install/map --record /home/bolka/dev_ws/build/map/install.log --single-version-externally-managed
