[1.126s] Invoking command in '/home/bolka/dev_ws/src/my_package': PYTHONPATH=/home/bolka/dev_ws/install/my_package/lib/python3.8/site-packages:${PYTHONPATH} /usr/bin/python3 setup.py egg_info --egg-base ../../build/my_package build --build-base /home/bolka/dev_ws/build/my_package/build install --prefix /home/bolka/dev_ws/install/my_package --record /home/bolka/dev_ws/build/my_package/install.log --single-version-externally-managed
[1.843s] running egg_info
[1.845s] writing ../../build/my_package/my_package.egg-info/PKG-INFO
[1.845s] writing dependency_links to ../../build/my_package/my_package.egg-info/dependency_links.txt
[1.846s] writing entry points to ../../build/my_package/my_package.egg-info/entry_points.txt
[1.846s] writing requirements to ../../build/my_package/my_package.egg-info/requires.txt
[1.847s] writing top-level names to ../../build/my_package/my_package.egg-info/top_level.txt
[1.997s] reading manifest file '../../build/my_package/my_package.egg-info/SOURCES.txt'
[2.023s] writing manifest file '../../build/my_package/my_package.egg-info/SOURCES.txt'
[2.023s] running build
[2.023s] running build_py
[2.023s] running install
[2.026s] running install_lib
[2.030s] running install_data
[2.042s] running install_egg_info
[2.070s] removing '/home/bolka/dev_ws/install/my_package/lib/python3.8/site-packages/my_package-0.0.0-py3.8.egg-info' (and everything under it)
[2.070s] Copying ../../build/my_package/my_package.egg-info to /home/bolka/dev_ws/install/my_package/lib/python3.8/site-packages/my_package-0.0.0-py3.8.egg-info
[2.072s] running install_scripts
[2.150s] Installing my_node script to /home/bolka/dev_ws/install/my_package/lib/my_package
[2.151s] writing list of installed files to '/home/bolka/dev_ws/build/my_package/install.log'
[2.243s] Invoked command in '/home/bolka/dev_ws/src/my_package' returned '0': PYTHONPATH=/home/bolka/dev_ws/install/my_package/lib/python3.8/site-packages:${PYTHONPATH} /usr/bin/python3 setup.py egg_info --egg-base ../../build/my_package build --build-base /home/bolka/dev_ws/build/my_package/build install --prefix /home/bolka/dev_ws/install/my_package --record /home/bolka/dev_ws/build/my_package/install.log --single-version-externally-managed
