[0.354s] Invoking command in '/home/bolka/dev_ws/src/simulator': PYTHONPATH=/home/bolka/dev_ws/install/simulator/lib/python3.8/site-packages:${PYTHONPATH} /usr/bin/python3 setup.py egg_info --egg-base ../../build/simulator build --build-base /home/bolka/dev_ws/build/simulator/build install --prefix /home/bolka/dev_ws/install/simulator --record /home/bolka/dev_ws/build/simulator/install.log --single-version-externally-managed
[0.655s] running egg_info
[0.656s] writing ../../build/simulator/simulator.egg-info/PKG-INFO
[0.656s] writing dependency_links to ../../build/simulator/simulator.egg-info/dependency_links.txt
[0.657s] writing entry points to ../../build/simulator/simulator.egg-info/entry_points.txt
[0.657s] writing requirements to ../../build/simulator/simulator.egg-info/requires.txt
[0.657s] writing top-level names to ../../build/simulator/simulator.egg-info/top_level.txt
[0.703s] reading manifest file '../../build/simulator/simulator.egg-info/SOURCES.txt'
[0.704s] writing manifest file '../../build/simulator/simulator.egg-info/SOURCES.txt'
[0.704s] running build
[0.705s] running build_py
[0.705s] copying simulator/node2_simulator.py -> /home/bolka/dev_ws/build/simulator/build/lib/simulator
[0.705s] running install
[0.706s] running install_lib
[0.708s] copying /home/bolka/dev_ws/build/simulator/build/lib/simulator/node2_simulator.py -> /home/bolka/dev_ws/install/simulator/lib/python3.8/site-packages/simulator
[0.709s] byte-compiling /home/bolka/dev_ws/install/simulator/lib/python3.8/site-packages/simulator/node2_simulator.py to node2_simulator.cpython-38.pyc
[0.712s] running install_data
[0.712s] running install_egg_info
[0.715s] removing '/home/bolka/dev_ws/install/simulator/lib/python3.8/site-packages/simulator-0.0.0-py3.8.egg-info' (and everything under it)
[0.715s] Copying ../../build/simulator/simulator.egg-info to /home/bolka/dev_ws/install/simulator/lib/python3.8/site-packages/simulator-0.0.0-py3.8.egg-info
[0.716s] running install_scripts
[0.739s] Installing node2_simulator script to /home/bolka/dev_ws/install/simulator/lib/simulator
[0.740s] writing list of installed files to '/home/bolka/dev_ws/build/simulator/install.log'
[0.772s] Invoked command in '/home/bolka/dev_ws/src/simulator' returned '0': PYTHONPATH=/home/bolka/dev_ws/install/simulator/lib/python3.8/site-packages:${PYTHONPATH} /usr/bin/python3 setup.py egg_info --egg-base ../../build/simulator build --build-base /home/bolka/dev_ws/build/simulator/build install --prefix /home/bolka/dev_ws/install/simulator --record /home/bolka/dev_ws/build/simulator/install.log --single-version-externally-managed
