[0.983s] Invoking command in '/home/bolka/dev_ws/build/turtlesim': CMAKE_PREFIX_PATH=/opt/ros/galactic /usr/bin/cmake --build /home/bolka/dev_ws/build/turtlesim -- -j4 -l4
[1.305s] [  1%] Built target turtlesim__cpp
[1.340s] [ 11%] Built target turtlesim__rosidl_generator_c
[1.434s] [ 21%] Built target turtlesim__rosidl_typesupport_cpp
[1.463s] [ 31%] Built target turtlesim__rosidl_typesupport_introspection_cpp
[1.473s] [ 41%] Built target turtlesim__rosidl_typesupport_c
[1.491s] [ 51%] Built target turtlesim__rosidl_typesupport_fastrtps_cpp
[1.550s] [ 61%] Built target turtlesim__rosidl_typesupport_introspection_c
[1.588s] [ 71%] Built target turtlesim__rosidl_typesupport_fastrtps_c
[1.635s] [ 71%] Built target turtlesim
[1.744s] [ 73%] Built target draw_square
[1.746s] [ 75%] Built target mimic
[1.761s] [ 76%] Built target turtlesim__py
[1.780s] [ 78%] Built target turtle_teleop_key
[1.892s] [ 87%] Built target turtlesim__python
[1.913s] [ 93%] Built target turtlesim_node
[1.960s] [ 95%] Built target turtlesim__rosidl_typesupport_introspection_c__pyext
[1.962s] [ 97%] Built target turtlesim__rosidl_typesupport_c__pyext
[1.972s] [100%] Built target turtlesim__rosidl_typesupport_fastrtps_c__pyext
[1.989s] Invoked command in '/home/bolka/dev_ws/build/turtlesim' returned '0': CMAKE_PREFIX_PATH=/opt/ros/galactic /usr/bin/cmake --build /home/bolka/dev_ws/build/turtlesim -- -j4 -l4
[2.224s] Invoking command in '/home/bolka/dev_ws/build/turtlesim': CMAKE_PREFIX_PATH=/opt/ros/galactic /usr/bin/cmake --install /home/bolka/dev_ws/build/turtlesim
[2.241s] -- Install configuration: ""
[2.243s] -- Up-to-date: /home/bolka/dev_ws/install/turtlesim/share/ament_index/resource_index/rosidl_interfaces/turtlesim
[2.243s] -- Up-to-date: /home/bolka/dev_ws/install/turtlesim/include/turtlesim
[2.244s] -- Up-to-date: /home/bolka/dev_ws/install/turtlesim/include/turtlesim/srv
[2.244s] -- Up-to-date: /home/bolka/dev_ws/install/turtlesim/include/turtlesim/srv/detail
[2.245s] -- Up-to-date: /home/bolka/dev_ws/install/turtlesim/include/turtlesim/srv/detail/spawn__functions.c
[2.245s] -- Up-to-date: /home/bolka/dev_ws/install/turtlesim/include/turtlesim/srv/detail/kill__type_support.h
[2.245s] -- Up-to-date: /home/bolka/dev_ws/install/turtlesim/include/turtlesim/srv/detail/teleport_absolute__type_support.h
[2.245s] -- Up-to-date: /home/bolka/dev_ws/install/turtlesim/include/turtlesim/srv/detail/set_pen__functions.c
[2.246s] -- Up-to-date: /home/bolka/dev_ws/install/turtlesim/include/turtlesim/srv/detail/teleport_absolute__functions.h
[2.246s] -- Up-to-date: /home/bolka/dev_ws/install/turtlesim/include/turtlesim/srv/detail/teleport_relative__type_support.h
[2.251s] -- Up-to-date: /home/bolka/dev_ws/install/turtlesim/include/turtlesim/srv/detail/teleport_absolute__struct.h
[2.251s] -- Up-to-date: /home/bolka/dev_ws/install/turtlesim/include/turtlesim/srv/detail/kill__struct.h
[2.251s] -- Up-to-date: /home/bolka/dev_ws/install/turtlesim/include/turtlesim/srv/detail/set_pen__struct.h
[2.251s] -- Up-to-date: /home/bolka/dev_ws/install/turtlesim/include/turtlesim/srv/detail/kill__functions.h
[2.251s] -- Up-to-date: /home/bolka/dev_ws/install/turtlesim/include/turtlesim/srv/detail/teleport_absolute__functions.c
[2.251s] -- Up-to-date: /home/bolka/dev_ws/install/turtlesim/include/turtlesim/srv/detail/set_pen__functions.h
[2.252s] -- Up-to-date: /home/bolka/dev_ws/install/turtlesim/include/turtlesim/srv/detail/spawn__type_support.h
[2.252s] -- Up-to-date: /home/bolka/dev_ws/install/turtlesim/include/turtlesim/srv/detail/kill__functions.c
[2.252s] -- Up-to-date: /home/bolka/dev_ws/install/turtlesim/include/turtlesim/srv/detail/teleport_relative__functions.h
[2.252s] -- Up-to-date: /home/bolka/dev_ws/install/turtlesim/include/turtlesim/srv/detail/spawn__struct.h
[2.253s] -- Up-to-date: /home/bolka/dev_ws/install/turtlesim/include/turtlesim/srv/detail/teleport_relative__functions.c
[2.253s] -- Up-to-date: /home/bolka/dev_ws/install/turtlesim/include/turtlesim/srv/detail/set_pen__type_support.h
[2.253s] -- Up-to-date: /home/bolka/dev_ws/install/turtlesim/include/turtlesim/srv/detail/spawn__functions.h
[2.253s] -- Up-to-date: /home/bolka/dev_ws/install/turtlesim/include/turtlesim/srv/detail/teleport_relative__struct.h
[2.253s] -- Up-to-date: /home/bolka/dev_ws/install/turtlesim/include/turtlesim/srv/teleport_absolute.h
[2.253s] -- Up-to-date: /home/bolka/dev_ws/install/turtlesim/include/turtlesim/srv/kill.h
[2.253s] -- Up-to-date: /home/bolka/dev_ws/install/turtlesim/include/turtlesim/srv/spawn.h
[2.253s] -- Up-to-date: /home/bolka/dev_ws/install/turtlesim/include/turtlesim/srv/set_pen.h
[2.253s] -- Up-to-date: /home/bolka/dev_ws/install/turtlesim/include/turtlesim/srv/teleport_relative.h
[2.254s] -- Up-to-date: /home/bolka/dev_ws/install/turtlesim/include/turtlesim/action
[2.254s] -- Up-to-date: /home/bolka/dev_ws/install/turtlesim/include/turtlesim/action/detail
[2.254s] -- Up-to-date: /home/bolka/dev_ws/install/turtlesim/include/turtlesim/action/detail/rotate_absolute__functions.c
[2.254s] -- Up-to-date: /home/bolka/dev_ws/install/turtlesim/include/turtlesim/action/detail/rotate_absolute__struct.h
[2.254s] -- Up-to-date: /home/bolka/dev_ws/install/turtlesim/include/turtlesim/action/detail/rotate_absolute__functions.h
[2.254s] -- Up-to-date: /home/bolka/dev_ws/install/turtlesim/include/turtlesim/action/detail/rotate_absolute__type_support.h
[2.254s] -- Up-to-date: /home/bolka/dev_ws/install/turtlesim/include/turtlesim/action/rotate_absolute.h
[2.254s] -- Up-to-date: /home/bolka/dev_ws/install/turtlesim/include/turtlesim/msg
[2.254s] -- Up-to-date: /home/bolka/dev_ws/install/turtlesim/include/turtlesim/msg/color.h
[2.255s] -- Up-to-date: /home/bolka/dev_ws/install/turtlesim/include/turtlesim/msg/detail
[2.255s] -- Up-to-date: /home/bolka/dev_ws/install/turtlesim/include/turtlesim/msg/detail/pose__functions.h
[2.255s] -- Up-to-date: /home/bolka/dev_ws/install/turtlesim/include/turtlesim/msg/detail/color__struct.h
[2.255s] -- Up-to-date: /home/bolka/dev_ws/install/turtlesim/include/turtlesim/msg/detail/color__type_support.h
[2.255s] -- Up-to-date: /home/bolka/dev_ws/install/turtlesim/include/turtlesim/msg/detail/pose__type_support.h
[2.255s] -- Up-to-date: /home/bolka/dev_ws/install/turtlesim/include/turtlesim/msg/detail/color__functions.c
[2.256s] -- Up-to-date: /home/bolka/dev_ws/install/turtlesim/include/turtlesim/msg/detail/color__functions.h
[2.256s] -- Up-to-date: /home/bolka/dev_ws/install/turtlesim/include/turtlesim/msg/detail/pose__struct.h
[2.256s] -- Up-to-date: /home/bolka/dev_ws/install/turtlesim/include/turtlesim/msg/detail/pose__functions.c
[2.256s] -- Up-to-date: /home/bolka/dev_ws/install/turtlesim/include/turtlesim/msg/rosidl_generator_c__visibility_control.h
[2.256s] -- Up-to-date: /home/bolka/dev_ws/install/turtlesim/include/turtlesim/msg/pose.h
[2.256s] -- Up-to-date: /home/bolka/dev_ws/install/turtlesim/share/turtlesim/environment/library_path.sh
[2.256s] -- Up-to-date: /home/bolka/dev_ws/install/turtlesim/share/turtlesim/environment/library_path.dsv
[2.256s] -- Up-to-date: /home/bolka/dev_ws/install/turtlesim/lib/libturtlesim__rosidl_generator_c.so
[2.257s] -- Up-to-date: /home/bolka/dev_ws/install/turtlesim/include/turtlesim
[2.257s] -- Up-to-date: /home/bolka/dev_ws/install/turtlesim/include/turtlesim/srv
[2.257s] -- Up-to-date: /home/bolka/dev_ws/install/turtlesim/include/turtlesim/srv/detail
[2.257s] -- Up-to-date: /home/bolka/dev_ws/install/turtlesim/include/turtlesim/srv/detail/teleport_absolute__rosidl_typesupport_fastrtps_c.h
[2.257s] -- Up-to-date: /home/bolka/dev_ws/install/turtlesim/include/turtlesim/srv/detail/teleport_relative__rosidl_typesupport_fastrtps_c.h
[2.257s] -- Up-to-date: /home/bolka/dev_ws/install/turtlesim/include/turtlesim/srv/detail/set_pen__rosidl_typesupport_fastrtps_c.h
[2.257s] -- Up-to-date: /home/bolka/dev_ws/install/turtlesim/include/turtlesim/srv/detail/spawn__rosidl_typesupport_fastrtps_c.h
[2.257s] -- Up-to-date: /home/bolka/dev_ws/install/turtlesim/include/turtlesim/srv/detail/kill__rosidl_typesupport_fastrtps_c.h
[2.257s] -- Up-to-date: /home/bolka/dev_ws/install/turtlesim/include/turtlesim/action
[2.257s] -- Up-to-date: /home/bolka/dev_ws/install/turtlesim/include/turtlesim/action/detail
[2.258s] -- Up-to-date: /home/bolka/dev_ws/install/turtlesim/include/turtlesim/action/detail/rotate_absolute__rosidl_typesupport_fastrtps_c.h
[2.258s] -- Up-to-date: /home/bolka/dev_ws/install/turtlesim/include/turtlesim/msg
[2.258s] -- Up-to-date: /home/bolka/dev_ws/install/turtlesim/include/turtlesim/msg/detail
[2.258s] -- Up-to-date: /home/bolka/dev_ws/install/turtlesim/include/turtlesim/msg/detail/pose__rosidl_typesupport_fastrtps_c.h
[2.258s] -- Up-to-date: /home/bolka/dev_ws/install/turtlesim/include/turtlesim/msg/detail/color__rosidl_typesupport_fastrtps_c.h
[2.258s] -- Up-to-date: /home/bolka/dev_ws/install/turtlesim/include/turtlesim/msg/rosidl_typesupport_fastrtps_c__visibility_control.h
[2.258s] -- Up-to-date: /home/bolka/dev_ws/install/turtlesim/lib/libturtlesim__rosidl_typesupport_fastrtps_c.so
[2.258s] -- Up-to-date: /home/bolka/dev_ws/install/turtlesim/include/turtlesim
[2.258s] -- Up-to-date: /home/bolka/dev_ws/install/turtlesim/include/turtlesim/srv
[2.258s] -- Up-to-date: /home/bolka/dev_ws/install/turtlesim/include/turtlesim/srv/detail
[2.259s] -- Up-to-date: /home/bolka/dev_ws/install/turtlesim/include/turtlesim/srv/detail/teleport_absolute__rosidl_typesupport_fastrtps_cpp.hpp
[2.259s] -- Up-to-date: /home/bolka/dev_ws/install/turtlesim/include/turtlesim/srv/detail/teleport_relative__rosidl_typesupport_fastrtps_cpp.hpp
[2.259s] -- Up-to-date: /home/bolka/dev_ws/install/turtlesim/include/turtlesim/srv/detail/spawn__rosidl_typesupport_fastrtps_cpp.hpp
[2.259s] -- Up-to-date: /home/bolka/dev_ws/install/turtlesim/include/turtlesim/srv/detail/kill__rosidl_typesupport_fastrtps_cpp.hpp
[2.259s] -- Up-to-date: /home/bolka/dev_ws/install/turtlesim/include/turtlesim/srv/detail/dds_fastrtps
[2.259s] -- Up-to-date: /home/bolka/dev_ws/install/turtlesim/include/turtlesim/srv/detail/set_pen__rosidl_typesupport_fastrtps_cpp.hpp
[2.259s] -- Up-to-date: /home/bolka/dev_ws/install/turtlesim/include/turtlesim/action
[2.259s] -- Up-to-date: /home/bolka/dev_ws/install/turtlesim/include/turtlesim/action/detail
[2.259s] -- Up-to-date: /home/bolka/dev_ws/install/turtlesim/include/turtlesim/action/detail/rotate_absolute__rosidl_typesupport_fastrtps_cpp.hpp
[2.259s] -- Up-to-date: /home/bolka/dev_ws/install/turtlesim/include/turtlesim/action/detail/dds_fastrtps
[2.259s] -- Up-to-date: /home/bolka/dev_ws/install/turtlesim/include/turtlesim/msg
[2.260s] -- Up-to-date: /home/bolka/dev_ws/install/turtlesim/include/turtlesim/msg/detail
[2.260s] -- Up-to-date: /home/bolka/dev_ws/install/turtlesim/include/turtlesim/msg/detail/dds_fastrtps
[2.260s] -- Up-to-date: /home/bolka/dev_ws/install/turtlesim/include/turtlesim/msg/detail/color__rosidl_typesupport_fastrtps_cpp.hpp
[2.260s] -- Up-to-date: /home/bolka/dev_ws/install/turtlesim/include/turtlesim/msg/detail/pose__rosidl_typesupport_fastrtps_cpp.hpp
[2.260s] -- Up-to-date: /home/bolka/dev_ws/install/turtlesim/include/turtlesim/msg/rosidl_typesupport_fastrtps_cpp__visibility_control.h
[2.262s] -- Up-to-date: /home/bolka/dev_ws/install/turtlesim/lib/libturtlesim__rosidl_typesupport_fastrtps_cpp.so
[2.263s] -- Up-to-date: /home/bolka/dev_ws/install/turtlesim/include/turtlesim
[2.263s] -- Up-to-date: /home/bolka/dev_ws/install/turtlesim/include/turtlesim/srv
[2.263s] -- Up-to-date: /home/bolka/dev_ws/install/turtlesim/include/turtlesim/srv/detail
[2.264s] -- Up-to-date: /home/bolka/dev_ws/install/turtlesim/include/turtlesim/srv/detail/teleport_relative__type_support.c
[2.264s] -- Up-to-date: /home/bolka/dev_ws/install/turtlesim/include/turtlesim/srv/detail/set_pen__rosidl_typesupport_introspection_c.h
[2.264s] -- Up-to-date: /home/bolka/dev_ws/install/turtlesim/include/turtlesim/srv/detail/spawn__type_support.c
[2.264s] -- Up-to-date: /home/bolka/dev_ws/install/turtlesim/include/turtlesim/srv/detail/teleport_absolute__rosidl_typesupport_introspection_c.h
[2.265s] -- Up-to-date: /home/bolka/dev_ws/install/turtlesim/include/turtlesim/srv/detail/spawn__rosidl_typesupport_introspection_c.h
[2.265s] -- Up-to-date: /home/bolka/dev_ws/install/turtlesim/include/turtlesim/srv/detail/teleport_relative__rosidl_typesupport_introspection_c.h
[2.265s] -- Up-to-date: /home/bolka/dev_ws/install/turtlesim/include/turtlesim/srv/detail/kill__rosidl_typesupport_introspection_c.h
[2.266s] -- Up-to-date: /home/bolka/dev_ws/install/turtlesim/include/turtlesim/srv/detail/kill__type_support.c
[2.266s] -- Up-to-date: /home/bolka/dev_ws/install/turtlesim/include/turtlesim/srv/detail/set_pen__type_support.c
[2.266s] -- Up-to-date: /home/bolka/dev_ws/install/turtlesim/include/turtlesim/srv/detail/teleport_absolute__type_support.c
[2.266s] -- Up-to-date: /home/bolka/dev_ws/install/turtlesim/include/turtlesim/action
[2.266s] -- Up-to-date: /home/bolka/dev_ws/install/turtlesim/include/turtlesim/action/detail
[2.266s] -- Up-to-date: /home/bolka/dev_ws/install/turtlesim/include/turtlesim/action/detail/rotate_absolute__type_support.c
[2.266s] -- Up-to-date: /home/bolka/dev_ws/install/turtlesim/include/turtlesim/action/detail/rotate_absolute__rosidl_typesupport_introspection_c.h
[2.266s] -- Up-to-date: /home/bolka/dev_ws/install/turtlesim/include/turtlesim/msg
[2.267s] -- Up-to-date: /home/bolka/dev_ws/install/turtlesim/include/turtlesim/msg/detail
[2.267s] -- Up-to-date: /home/bolka/dev_ws/install/turtlesim/include/turtlesim/msg/detail/color__type_support.c
[2.267s] -- Up-to-date: /home/bolka/dev_ws/install/turtlesim/include/turtlesim/msg/detail/color__rosidl_typesupport_introspection_c.h
[2.267s] -- Up-to-date: /home/bolka/dev_ws/install/turtlesim/include/turtlesim/msg/detail/pose__rosidl_typesupport_introspection_c.h
[2.267s] -- Up-to-date: /home/bolka/dev_ws/install/turtlesim/include/turtlesim/msg/detail/pose__type_support.c
[2.268s] -- Up-to-date: /home/bolka/dev_ws/install/turtlesim/include/turtlesim/msg/rosidl_typesupport_introspection_c__visibility_control.h
[2.268s] -- Up-to-date: /home/bolka/dev_ws/install/turtlesim/lib/libturtlesim__rosidl_typesupport_introspection_c.so
[2.268s] -- Up-to-date: /home/bolka/dev_ws/install/turtlesim/lib/libturtlesim__rosidl_typesupport_c.so
[2.269s] -- Up-to-date: /home/bolka/dev_ws/install/turtlesim/include/turtlesim
[2.270s] -- Up-to-date: /home/bolka/dev_ws/install/turtlesim/include/turtlesim/srv
[2.270s] -- Up-to-date: /home/bolka/dev_ws/install/turtlesim/include/turtlesim/srv/detail
[2.270s] -- Up-to-date: /home/bolka/dev_ws/install/turtlesim/include/turtlesim/srv/detail/kill__traits.hpp
[2.271s] -- Up-to-date: /home/bolka/dev_ws/install/turtlesim/include/turtlesim/srv/detail/spawn__struct.hpp
[2.271s] -- Up-to-date: /home/bolka/dev_ws/install/turtlesim/include/turtlesim/srv/detail/set_pen__traits.hpp
[2.271s] -- Up-to-date: /home/bolka/dev_ws/install/turtlesim/include/turtlesim/srv/detail/teleport_absolute__struct.hpp
[2.271s] -- Up-to-date: /home/bolka/dev_ws/install/turtlesim/include/turtlesim/srv/detail/spawn__traits.hpp
[2.272s] -- Up-to-date: /home/bolka/dev_ws/install/turtlesim/include/turtlesim/srv/detail/teleport_relative__struct.hpp
[2.272s] -- Up-to-date: /home/bolka/dev_ws/install/turtlesim/include/turtlesim/srv/detail/spawn__builder.hpp
[2.272s] -- Up-to-date: /home/bolka/dev_ws/install/turtlesim/include/turtlesim/srv/detail/teleport_absolute__traits.hpp
[2.272s] -- Up-to-date: /home/bolka/dev_ws/install/turtlesim/include/turtlesim/srv/detail/kill__builder.hpp
[2.272s] -- Up-to-date: /home/bolka/dev_ws/install/turtlesim/include/turtlesim/srv/detail/set_pen__struct.hpp
[2.273s] -- Up-to-date: /home/bolka/dev_ws/install/turtlesim/include/turtlesim/srv/detail/teleport_relative__traits.hpp
[2.273s] -- Up-to-date: /home/bolka/dev_ws/install/turtlesim/include/turtlesim/srv/detail/teleport_relative__builder.hpp
[2.273s] -- Up-to-date: /home/bolka/dev_ws/install/turtlesim/include/turtlesim/srv/detail/set_pen__builder.hpp
[2.273s] -- Up-to-date: /home/bolka/dev_ws/install/turtlesim/include/turtlesim/srv/detail/kill__struct.hpp
[2.273s] -- Up-to-date: /home/bolka/dev_ws/install/turtlesim/include/turtlesim/srv/detail/teleport_absolute__builder.hpp
[2.273s] -- Up-to-date: /home/bolka/dev_ws/install/turtlesim/include/turtlesim/srv/kill.hpp
[2.273s] -- Up-to-date: /home/bolka/dev_ws/install/turtlesim/include/turtlesim/srv/spawn.hpp
[2.273s] -- Up-to-date: /home/bolka/dev_ws/install/turtlesim/include/turtlesim/srv/teleport_absolute.hpp
[2.273s] -- Up-to-date: /home/bolka/dev_ws/install/turtlesim/include/turtlesim/srv/set_pen.hpp
[2.273s] -- Up-to-date: /home/bolka/dev_ws/install/turtlesim/include/turtlesim/srv/teleport_relative.hpp
[2.274s] -- Up-to-date: /home/bolka/dev_ws/install/turtlesim/include/turtlesim/action
[2.274s] -- Up-to-date: /home/bolka/dev_ws/install/turtlesim/include/turtlesim/action/rotate_absolute.hpp
[2.274s] -- Up-to-date: /home/bolka/dev_ws/install/turtlesim/include/turtlesim/action/detail
[2.274s] -- Up-to-date: /home/bolka/dev_ws/install/turtlesim/include/turtlesim/action/detail/rotate_absolute__traits.hpp
[2.274s] -- Up-to-date: /home/bolka/dev_ws/install/turtlesim/include/turtlesim/action/detail/rotate_absolute__builder.hpp
[2.274s] -- Up-to-date: /home/bolka/dev_ws/install/turtlesim/include/turtlesim/action/detail/rotate_absolute__struct.hpp
[2.274s] -- Up-to-date: /home/bolka/dev_ws/install/turtlesim/include/turtlesim/msg
[2.274s] -- Up-to-date: /home/bolka/dev_ws/install/turtlesim/include/turtlesim/msg/detail
[2.274s] -- Up-to-date: /home/bolka/dev_ws/install/turtlesim/include/turtlesim/msg/detail/color__struct.hpp
[2.274s] -- Up-to-date: /home/bolka/dev_ws/install/turtlesim/include/turtlesim/msg/detail/pose__builder.hpp
[2.274s] -- Up-to-date: /home/bolka/dev_ws/install/turtlesim/include/turtlesim/msg/detail/color__builder.hpp
[2.275s] -- Up-to-date: /home/bolka/dev_ws/install/turtlesim/include/turtlesim/msg/detail/color__traits.hpp
[2.275s] -- Up-to-date: /home/bolka/dev_ws/install/turtlesim/include/turtlesim/msg/detail/pose__struct.hpp
[2.275s] -- Up-to-date: /home/bolka/dev_ws/install/turtlesim/include/turtlesim/msg/detail/pose__traits.hpp
[2.275s] -- Up-to-date: /home/bolka/dev_ws/install/turtlesim/include/turtlesim/msg/color.hpp
[2.275s] -- Up-to-date: /home/bolka/dev_ws/install/turtlesim/include/turtlesim/msg/pose.hpp
[2.275s] -- Up-to-date: /home/bolka/dev_ws/install/turtlesim/include/turtlesim
[2.275s] -- Up-to-date: /home/bolka/dev_ws/install/turtlesim/include/turtlesim/srv
[2.275s] -- Up-to-date: /home/bolka/dev_ws/install/turtlesim/include/turtlesim/srv/detail
[2.275s] -- Up-to-date: /home/bolka/dev_ws/install/turtlesim/include/turtlesim/srv/detail/teleport_relative__rosidl_typesupport_introspection_cpp.hpp
[2.275s] -- Up-to-date: /home/bolka/dev_ws/install/turtlesim/include/turtlesim/srv/detail/spawn__type_support.cpp
[2.276s] -- Up-to-date: /home/bolka/dev_ws/install/turtlesim/include/turtlesim/srv/detail/set_pen__rosidl_typesupport_introspection_cpp.hpp
[2.276s] -- Up-to-date: /home/bolka/dev_ws/install/turtlesim/include/turtlesim/srv/detail/teleport_absolute__rosidl_typesupport_introspection_cpp.hpp
[2.276s] -- Up-to-date: /home/bolka/dev_ws/install/turtlesim/include/turtlesim/srv/detail/set_pen__type_support.cpp
[2.276s] -- Up-to-date: /home/bolka/dev_ws/install/turtlesim/include/turtlesim/srv/detail/teleport_absolute__type_support.cpp
[2.276s] -- Up-to-date: /home/bolka/dev_ws/install/turtlesim/include/turtlesim/srv/detail/spawn__rosidl_typesupport_introspection_cpp.hpp
[2.276s] -- Up-to-date: /home/bolka/dev_ws/install/turtlesim/include/turtlesim/srv/detail/teleport_relative__type_support.cpp
[2.276s] -- Up-to-date: /home/bolka/dev_ws/install/turtlesim/include/turtlesim/srv/detail/kill__type_support.cpp
[2.276s] -- Up-to-date: /home/bolka/dev_ws/install/turtlesim/include/turtlesim/srv/detail/kill__rosidl_typesupport_introspection_cpp.hpp
[2.276s] -- Up-to-date: /home/bolka/dev_ws/install/turtlesim/include/turtlesim/action
[2.276s] -- Up-to-date: /home/bolka/dev_ws/install/turtlesim/include/turtlesim/action/detail
[2.277s] -- Up-to-date: /home/bolka/dev_ws/install/turtlesim/include/turtlesim/action/detail/rotate_absolute__rosidl_typesupport_introspection_cpp.hpp
[2.277s] -- Up-to-date: /home/bolka/dev_ws/install/turtlesim/include/turtlesim/action/detail/rotate_absolute__type_support.cpp
[2.277s] -- Up-to-date: /home/bolka/dev_ws/install/turtlesim/include/turtlesim/msg
[2.277s] -- Up-to-date: /home/bolka/dev_ws/install/turtlesim/include/turtlesim/msg/detail
[2.277s] -- Up-to-date: /home/bolka/dev_ws/install/turtlesim/include/turtlesim/msg/detail/pose__rosidl_typesupport_introspection_cpp.hpp
[2.277s] -- Up-to-date: /home/bolka/dev_ws/install/turtlesim/include/turtlesim/msg/detail/pose__type_support.cpp
[2.277s] -- Up-to-date: /home/bolka/dev_ws/install/turtlesim/include/turtlesim/msg/detail/color__type_support.cpp
[2.277s] -- Up-to-date: /home/bolka/dev_ws/install/turtlesim/include/turtlesim/msg/detail/color__rosidl_typesupport_introspection_cpp.hpp
[2.284s] -- Up-to-date: /home/bolka/dev_ws/install/turtlesim/lib/libturtlesim__rosidl_typesupport_introspection_cpp.so
[2.286s] -- Up-to-date: /home/bolka/dev_ws/install/turtlesim/lib/libturtlesim__rosidl_typesupport_cpp.so
[2.287s] -- Up-to-date: /home/bolka/dev_ws/install/turtlesim/share/turtlesim/environment/pythonpath.sh
[2.287s] -- Up-to-date: /home/bolka/dev_ws/install/turtlesim/share/turtlesim/environment/pythonpath.dsv
[2.288s] -- Up-to-date: /home/bolka/dev_ws/install/turtlesim/lib/python3.8/site-packages/turtlesim/__init__.py
[2.341s] -- Up-to-date: /home/bolka/dev_ws/install/turtlesim/lib/python3.8/site-packages/turtlesim/action
[2.342s] -- Up-to-date: /home/bolka/dev_ws/install/turtlesim/lib/python3.8/site-packages/turtlesim/action/_rotate_absolute.py
[2.342s] -- Up-to-date: /home/bolka/dev_ws/install/turtlesim/lib/python3.8/site-packages/turtlesim/action/_rotate_absolute_s.c
[2.342s] -- Up-to-date: /home/bolka/dev_ws/install/turtlesim/lib/python3.8/site-packages/turtlesim/action/__init__.py
[2.342s] -- Up-to-date: /home/bolka/dev_ws/install/turtlesim/lib/python3.8/site-packages/turtlesim/msg
[2.343s] -- Up-to-date: /home/bolka/dev_ws/install/turtlesim/lib/python3.8/site-packages/turtlesim/msg/_pose_s.c
[2.343s] -- Up-to-date: /home/bolka/dev_ws/install/turtlesim/lib/python3.8/site-packages/turtlesim/msg/_color_s.c
[2.343s] -- Up-to-date: /home/bolka/dev_ws/install/turtlesim/lib/python3.8/site-packages/turtlesim/msg/_pose.py
[2.343s] -- Up-to-date: /home/bolka/dev_ws/install/turtlesim/lib/python3.8/site-packages/turtlesim/msg/_color.py
[2.343s] -- Up-to-date: /home/bolka/dev_ws/install/turtlesim/lib/python3.8/site-packages/turtlesim/msg/__init__.py
[2.344s] -- Up-to-date: /home/bolka/dev_ws/install/turtlesim/lib/python3.8/site-packages/turtlesim/srv
[2.344s] -- Up-to-date: /home/bolka/dev_ws/install/turtlesim/lib/python3.8/site-packages/turtlesim/srv/_spawn_s.c
[2.344s] -- Up-to-date: /home/bolka/dev_ws/install/turtlesim/lib/python3.8/site-packages/turtlesim/srv/_set_pen.py
[2.344s] -- Up-to-date: /home/bolka/dev_ws/install/turtlesim/lib/python3.8/site-packages/turtlesim/srv/_teleport_absolute.py
[2.344s] -- Up-to-date: /home/bolka/dev_ws/install/turtlesim/lib/python3.8/site-packages/turtlesim/srv/_teleport_relative_s.c
[2.344s] -- Up-to-date: /home/bolka/dev_ws/install/turtlesim/lib/python3.8/site-packages/turtlesim/srv/_kill.py
[2.344s] -- Up-to-date: /home/bolka/dev_ws/install/turtlesim/lib/python3.8/site-packages/turtlesim/srv/_spawn.py
[2.345s] -- Up-to-date: /home/bolka/dev_ws/install/turtlesim/lib/python3.8/site-packages/turtlesim/srv/_kill_s.c
[2.345s] -- Up-to-date: /home/bolka/dev_ws/install/turtlesim/lib/python3.8/site-packages/turtlesim/srv/_teleport_relative.py
[2.345s] -- Up-to-date: /home/bolka/dev_ws/install/turtlesim/lib/python3.8/site-packages/turtlesim/srv/__init__.py
[2.345s] -- Up-to-date: /home/bolka/dev_ws/install/turtlesim/lib/python3.8/site-packages/turtlesim/srv/_set_pen_s.c
[2.345s] -- Up-to-date: /home/bolka/dev_ws/install/turtlesim/lib/python3.8/site-packages/turtlesim/srv/_teleport_absolute_s.c
[2.345s] -- Up-to-date: /home/bolka/dev_ws/install/turtlesim/lib/python3.8/site-packages/turtlesim/turtlesim_s__rosidl_typesupport_fastrtps_c.cpython-38-x86_64-linux-gnu.so
[2.348s] -- Up-to-date: /home/bolka/dev_ws/install/turtlesim/lib/python3.8/site-packages/turtlesim/turtlesim_s__rosidl_typesupport_introspection_c.cpython-38-x86_64-linux-gnu.so
[2.355s] -- Up-to-date: /home/bolka/dev_ws/install/turtlesim/lib/python3.8/site-packages/turtlesim/turtlesim_s__rosidl_typesupport_c.cpython-38-x86_64-linux-gnu.so
[2.357s] -- Up-to-date: /home/bolka/dev_ws/install/turtlesim/lib/libturtlesim__python.so
[2.358s] -- Up-to-date: /home/bolka/dev_ws/install/turtlesim/share/turtlesim/action/RotateAbsolute.idl
[2.358s] -- Up-to-date: /home/bolka/dev_ws/install/turtlesim/share/turtlesim/msg/Color.idl
[2.358s] -- Up-to-date: /home/bolka/dev_ws/install/turtlesim/share/turtlesim/msg/Pose.idl
[2.359s] -- Up-to-date: /home/bolka/dev_ws/install/turtlesim/share/turtlesim/srv/Kill.idl
[2.359s] -- Up-to-date: /home/bolka/dev_ws/install/turtlesim/share/turtlesim/srv/SetPen.idl
[2.359s] -- Up-to-date: /home/bolka/dev_ws/install/turtlesim/share/turtlesim/srv/Spawn.idl
[2.360s] -- Up-to-date: /home/bolka/dev_ws/install/turtlesim/share/turtlesim/srv/TeleportAbsolute.idl
[2.360s] -- Up-to-date: /home/bolka/dev_ws/install/turtlesim/share/turtlesim/srv/TeleportRelative.idl
[2.360s] -- Up-to-date: /home/bolka/dev_ws/install/turtlesim/share/turtlesim/action/RotateAbsolute.action
[2.360s] -- Up-to-date: /home/bolka/dev_ws/install/turtlesim/share/turtlesim/msg/Color.msg
[2.361s] -- Up-to-date: /home/bolka/dev_ws/install/turtlesim/share/turtlesim/msg/Pose.msg
[2.361s] -- Up-to-date: /home/bolka/dev_ws/install/turtlesim/share/turtlesim/srv/Kill.srv
[2.361s] -- Up-to-date: /home/bolka/dev_ws/install/turtlesim/share/turtlesim/srv/Kill_Request.msg
[2.361s] -- Up-to-date: /home/bolka/dev_ws/install/turtlesim/share/turtlesim/srv/Kill_Response.msg
[2.361s] -- Up-to-date: /home/bolka/dev_ws/install/turtlesim/share/turtlesim/srv/SetPen.srv
[2.362s] -- Up-to-date: /home/bolka/dev_ws/install/turtlesim/share/turtlesim/srv/SetPen_Request.msg
[2.362s] -- Up-to-date: /home/bolka/dev_ws/install/turtlesim/share/turtlesim/srv/SetPen_Response.msg
[2.362s] -- Up-to-date: /home/bolka/dev_ws/install/turtlesim/share/turtlesim/srv/Spawn.srv
[2.362s] -- Up-to-date: /home/bolka/dev_ws/install/turtlesim/share/turtlesim/srv/Spawn_Request.msg
[2.362s] -- Up-to-date: /home/bolka/dev_ws/install/turtlesim/share/turtlesim/srv/Spawn_Response.msg
[2.362s] -- Up-to-date: /home/bolka/dev_ws/install/turtlesim/share/turtlesim/srv/TeleportAbsolute.srv
[2.362s] -- Up-to-date: /home/bolka/dev_ws/install/turtlesim/share/turtlesim/srv/TeleportAbsolute_Request.msg
[2.363s] -- Up-to-date: /home/bolka/dev_ws/install/turtlesim/share/turtlesim/srv/TeleportAbsolute_Response.msg
[2.363s] -- Up-to-date: /home/bolka/dev_ws/install/turtlesim/share/turtlesim/srv/TeleportRelative.srv
[2.363s] -- Up-to-date: /home/bolka/dev_ws/install/turtlesim/share/turtlesim/srv/TeleportRelative_Request.msg
[2.363s] -- Up-to-date: /home/bolka/dev_ws/install/turtlesim/share/turtlesim/srv/TeleportRelative_Response.msg
[2.363s] -- Up-to-date: /home/bolka/dev_ws/install/turtlesim/lib/turtlesim/turtlesim_node
[2.365s] -- Up-to-date: /home/bolka/dev_ws/install/turtlesim/lib/turtlesim/turtle_teleop_key
[2.368s] -- Up-to-date: /home/bolka/dev_ws/install/turtlesim/lib/turtlesim/draw_square
[2.369s] -- Up-to-date: /home/bolka/dev_ws/install/turtlesim/lib/turtlesim/mimic
[2.369s] -- Up-to-date: /home/bolka/dev_ws/install/turtlesim/share/turtlesim/images
[2.370s] -- Up-to-date: /home/bolka/dev_ws/install/turtlesim/share/turtlesim/images/galactic.png
[2.370s] -- Up-to-date: /home/bolka/dev_ws/install/turtlesim/share/turtlesim/images/crystal.png
[2.370s] -- Up-to-date: /home/bolka/dev_ws/install/turtlesim/share/turtlesim/images/bouncy.png
[2.371s] -- Up-to-date: /home/bolka/dev_ws/install/turtlesim/share/turtlesim/images/ardent.png
[2.371s] -- Up-to-date: /home/bolka/dev_ws/install/turtlesim/share/turtlesim/images/eloquent.png
[2.371s] -- Up-to-date: /home/bolka/dev_ws/install/turtlesim/share/turtlesim/images/foxy.png
[2.371s] -- Up-to-date: /home/bolka/dev_ws/install/turtlesim/share/turtlesim/images/dashing.png
[2.371s] -- Up-to-date: /home/bolka/dev_ws/install/turtlesim/share/turtlesim/launch
[2.371s] -- Up-to-date: /home/bolka/dev_ws/install/turtlesim/share/turtlesim/launch/multisim.launch.py
[2.371s] -- Up-to-date: /home/bolka/dev_ws/install/turtlesim/share/ament_index/resource_index/package_run_dependencies/turtlesim
[2.372s] -- Up-to-date: /home/bolka/dev_ws/install/turtlesim/share/ament_index/resource_index/parent_prefix_path/turtlesim
[2.372s] -- Up-to-date: /home/bolka/dev_ws/install/turtlesim/share/turtlesim/environment/ament_prefix_path.sh
[2.372s] -- Up-to-date: /home/bolka/dev_ws/install/turtlesim/share/turtlesim/environment/ament_prefix_path.dsv
[2.372s] -- Up-to-date: /home/bolka/dev_ws/install/turtlesim/share/turtlesim/environment/path.sh
[2.373s] -- Up-to-date: /home/bolka/dev_ws/install/turtlesim/share/turtlesim/environment/path.dsv
[2.373s] -- Up-to-date: /home/bolka/dev_ws/install/turtlesim/share/turtlesim/local_setup.bash
[2.373s] -- Up-to-date: /home/bolka/dev_ws/install/turtlesim/share/turtlesim/local_setup.sh
[2.373s] -- Up-to-date: /home/bolka/dev_ws/install/turtlesim/share/turtlesim/local_setup.zsh
[2.373s] -- Up-to-date: /home/bolka/dev_ws/install/turtlesim/share/turtlesim/local_setup.dsv
[2.373s] -- Installing: /home/bolka/dev_ws/install/turtlesim/share/turtlesim/package.dsv
[2.374s] -- Up-to-date: /home/bolka/dev_ws/install/turtlesim/share/ament_index/resource_index/packages/turtlesim
[2.376s] -- Up-to-date: /home/bolka/dev_ws/install/turtlesim/share/turtlesim/cmake/turtlesim__rosidl_generator_cExport.cmake
[2.376s] -- Up-to-date: /home/bolka/dev_ws/install/turtlesim/share/turtlesim/cmake/turtlesim__rosidl_generator_cExport-noconfig.cmake
[2.377s] -- Up-to-date: /home/bolka/dev_ws/install/turtlesim/share/turtlesim/cmake/turtlesim__rosidl_typesupport_introspection_cExport.cmake
[2.377s] -- Up-to-date: /home/bolka/dev_ws/install/turtlesim/share/turtlesim/cmake/turtlesim__rosidl_typesupport_introspection_cExport-noconfig.cmake
[2.378s] -- Up-to-date: /home/bolka/dev_ws/install/turtlesim/share/turtlesim/cmake/turtlesim__rosidl_typesupport_cExport.cmake
[2.378s] -- Up-to-date: /home/bolka/dev_ws/install/turtlesim/share/turtlesim/cmake/turtlesim__rosidl_typesupport_cExport-noconfig.cmake
[2.379s] -- Up-to-date: /home/bolka/dev_ws/install/turtlesim/share/turtlesim/cmake/turtlesim__rosidl_generator_cppExport.cmake
[2.380s] -- Up-to-date: /home/bolka/dev_ws/install/turtlesim/share/turtlesim/cmake/turtlesim__rosidl_typesupport_introspection_cppExport.cmake
[2.380s] -- Up-to-date: /home/bolka/dev_ws/install/turtlesim/share/turtlesim/cmake/turtlesim__rosidl_typesupport_introspection_cppExport-noconfig.cmake
[2.381s] -- Up-to-date: /home/bolka/dev_ws/install/turtlesim/share/turtlesim/cmake/turtlesim__rosidl_typesupport_cppExport.cmake
[2.381s] -- Up-to-date: /home/bolka/dev_ws/install/turtlesim/share/turtlesim/cmake/turtlesim__rosidl_typesupport_cppExport-noconfig.cmake
[2.381s] -- Up-to-date: /home/bolka/dev_ws/install/turtlesim/share/turtlesim/cmake/rosidl_cmake-extras.cmake
[2.382s] -- Up-to-date: /home/bolka/dev_ws/install/turtlesim/share/turtlesim/cmake/ament_cmake_export_dependencies-extras.cmake
[2.382s] -- Up-to-date: /home/bolka/dev_ws/install/turtlesim/share/turtlesim/cmake/ament_cmake_export_libraries-extras.cmake
[2.382s] -- Up-to-date: /home/bolka/dev_ws/install/turtlesim/share/turtlesim/cmake/ament_cmake_export_targets-extras.cmake
[2.382s] -- Up-to-date: /home/bolka/dev_ws/install/turtlesim/share/turtlesim/cmake/ament_cmake_export_include_directories-extras.cmake
[2.382s] -- Up-to-date: /home/bolka/dev_ws/install/turtlesim/share/turtlesim/cmake/rosidl_cmake_export_typesupport_libraries-extras.cmake
[2.382s] -- Up-to-date: /home/bolka/dev_ws/install/turtlesim/share/turtlesim/cmake/rosidl_cmake_export_typesupport_targets-extras.cmake
[2.382s] -- Up-to-date: /home/bolka/dev_ws/install/turtlesim/share/turtlesim/cmake/turtlesimConfig.cmake
[2.382s] -- Up-to-date: /home/bolka/dev_ws/install/turtlesim/share/turtlesim/cmake/turtlesimConfig-version.cmake
[2.382s] -- Up-to-date: /home/bolka/dev_ws/install/turtlesim/share/turtlesim/package.xml
[2.387s] Invoked command in '/home/bolka/dev_ws/build/turtlesim' returned '0': CMAKE_PREFIX_PATH=/opt/ros/galactic /usr/bin/cmake --install /home/bolka/dev_ws/build/turtlesim
