[1.047s] Invoking command in '/home/bolka/dev_ws/src/simulator': PYTHONPATH=/home/bolka/dev_ws/install/simulator/lib/python3.8/site-packages:${PYTHONPATH} /usr/bin/python3 setup.py egg_info --egg-base ../../build/simulator build --build-base /home/bolka/dev_ws/build/simulator/build install --prefix /home/bolka/dev_ws/install/simulator --record /home/bolka/dev_ws/build/simulator/install.log --single-version-externally-managed
[1.676s] running egg_info
[1.678s] writing ../../build/simulator/simulator.egg-info/PKG-INFO
[1.679s] writing dependency_links to ../../build/simulator/simulator.egg-info/dependency_links.txt
[1.679s] writing entry points to ../../build/simulator/simulator.egg-info/entry_points.txt
[1.679s] writing requirements to ../../build/simulator/simulator.egg-info/requires.txt
[1.680s] writing top-level names to ../../build/simulator/simulator.egg-info/top_level.txt
[1.781s] reading manifest file '../../build/simulator/simulator.egg-info/SOURCES.txt'
[1.792s] writing manifest file '../../build/simulator/simulator.egg-info/SOURCES.txt'
[1.793s] running build
[1.793s] running build_py
[1.793s] copying simulator/node2_simulator.py -> /home/bolka/dev_ws/build/simulator/build/lib/simulator
[1.798s] running install
[1.800s] running install_lib
[1.800s] copying /home/bolka/dev_ws/build/simulator/build/lib/simulator/node2_simulator.py -> /home/bolka/dev_ws/install/simulator/lib/python3.8/site-packages/simulator
[1.801s] byte-compiling /home/bolka/dev_ws/install/simulator/lib/python3.8/site-packages/simulator/node2_simulator.py to node2_simulator.cpython-38.pyc
[1.805s] running install_data
[1.805s] running install_egg_info
[1.812s] removing '/home/bolka/dev_ws/install/simulator/lib/python3.8/site-packages/simulator-0.0.0-py3.8.egg-info' (and everything under it)
[1.813s] Copying ../../build/simulator/simulator.egg-info to /home/bolka/dev_ws/install/simulator/lib/python3.8/site-packages/simulator-0.0.0-py3.8.egg-info
[1.813s] running install_scripts
[1.849s] Installing node2_simulator script to /home/bolka/dev_ws/install/simulator/lib/simulator
[1.851s] writing list of installed files to '/home/bolka/dev_ws/build/simulator/install.log'
[1.920s] Invoked command in '/home/bolka/dev_ws/src/simulator' returned '0': PYTHONPATH=/home/bolka/dev_ws/install/simulator/lib/python3.8/site-packages:${PYTHONPATH} /usr/bin/python3 setup.py egg_info --egg-base ../../build/simulator build --build-base /home/bolka/dev_ws/build/simulator/build install --prefix /home/bolka/dev_ws/install/simulator --record /home/bolka/dev_ws/build/simulator/install.log --single-version-externally-managed
