[1.017s] Invoking command in '/home/bolka/dev_ws/build/turtlesim': CMAKE_PREFIX_PATH=${CMAKE_PREFIX_PATH}:/home/bolka/dev_ws/install/simulator:/home/bolka/dev_ws/install/my_package:/home/bolka/dev_ws/install/map:/opt/ros/galactic /usr/bin/cmake --build /home/bolka/dev_ws/build/turtlesim -- -j4 -l4
[1.152s] [  1%] Built target turtlesim__cpp
[1.231s] [ 11%] Built target turtlesim__rosidl_generator_c
[1.254s] [ 21%] Built target turtlesim__rosidl_typesupport_cpp
[1.286s] [ 31%] Built target turtlesim__rosidl_typesupport_introspection_cpp
[1.334s] [ 41%] Built target turtlesim__rosidl_typesupport_fastrtps_cpp
[1.361s] [ 51%] Built target turtlesim__rosidl_typesupport_c
[1.371s] [ 61%] Built target turtlesim__rosidl_typesupport_introspection_c
[1.432s] [ 71%] Built target turtlesim__rosidl_typesupport_fastrtps_c
[1.475s] [ 71%] Built target turtlesim
[1.576s] [ 73%] Built target draw_square
[1.611s] [ 75%] Built target mimic
[1.612s] [ 76%] Built target turtlesim__py
[1.637s] [ 78%] Built target turtle_teleop_key
[1.718s] [ 84%] Built target turtlesim_node
[1.725s] [ 93%] Built target turtlesim__python
[1.814s] [ 95%] Built target turtlesim__rosidl_typesupport_introspection_c__pyext
[1.858s] [ 97%] Built target turtlesim__rosidl_typesupport_c__pyext
[1.865s] [100%] Built target turtlesim__rosidl_typesupport_fastrtps_c__pyext
[1.898s] Invoked command in '/home/bolka/dev_ws/build/turtlesim' returned '0': CMAKE_PREFIX_PATH=${CMAKE_PREFIX_PATH}:/home/bolka/dev_ws/install/simulator:/home/bolka/dev_ws/install/my_package:/home/bolka/dev_ws/install/map:/opt/ros/galactic /usr/bin/cmake --build /home/bolka/dev_ws/build/turtlesim -- -j4 -l4
[2.194s] Invoking command in '/home/bolka/dev_ws/build/turtlesim': CMAKE_PREFIX_PATH=${CMAKE_PREFIX_PATH}:/home/bolka/dev_ws/install/simulator:/home/bolka/dev_ws/install/my_package:/home/bolka/dev_ws/install/map:/opt/ros/galactic /usr/bin/cmake --install /home/bolka/dev_ws/build/turtlesim
[2.208s] -- Install configuration: ""
[2.209s] -- Up-to-date: /home/bolka/dev_ws/install/turtlesim/share/ament_index/resource_index/rosidl_interfaces/turtlesim
[2.209s] -- Up-to-date: /home/bolka/dev_ws/install/turtlesim/include/turtlesim
[2.209s] -- Up-to-date: /home/bolka/dev_ws/install/turtlesim/include/turtlesim/srv
[2.209s] -- Up-to-date: /home/bolka/dev_ws/install/turtlesim/include/turtlesim/srv/detail
[2.210s] -- Up-to-date: /home/bolka/dev_ws/install/turtlesim/include/turtlesim/srv/detail/spawn__functions.c
[2.210s] -- Up-to-date: /home/bolka/dev_ws/install/turtlesim/include/turtlesim/srv/detail/kill__type_support.h
[2.210s] -- Up-to-date: /home/bolka/dev_ws/install/turtlesim/include/turtlesim/srv/detail/teleport_absolute__type_support.h
[2.210s] -- Up-to-date: /home/bolka/dev_ws/install/turtlesim/include/turtlesim/srv/detail/set_pen__functions.c
[2.210s] -- Up-to-date: /home/bolka/dev_ws/install/turtlesim/include/turtlesim/srv/detail/teleport_absolute__functions.h
[2.210s] -- Up-to-date: /home/bolka/dev_ws/install/turtlesim/include/turtlesim/srv/detail/teleport_relative__type_support.h
[2.210s] -- Up-to-date: /home/bolka/dev_ws/install/turtlesim/include/turtlesim/srv/detail/teleport_absolute__struct.h
[2.211s] -- Up-to-date: /home/bolka/dev_ws/install/turtlesim/include/turtlesim/srv/detail/kill__struct.h
[2.211s] -- Up-to-date: /home/bolka/dev_ws/install/turtlesim/include/turtlesim/srv/detail/set_pen__struct.h
[2.211s] -- Up-to-date: /home/bolka/dev_ws/install/turtlesim/include/turtlesim/srv/detail/kill__functions.h
[2.211s] -- Up-to-date: /home/bolka/dev_ws/install/turtlesim/include/turtlesim/srv/detail/teleport_absolute__functions.c
[2.211s] -- Up-to-date: /home/bolka/dev_ws/install/turtlesim/include/turtlesim/srv/detail/set_pen__functions.h
[2.211s] -- Up-to-date: /home/bolka/dev_ws/install/turtlesim/include/turtlesim/srv/detail/spawn__type_support.h
[2.212s] -- Up-to-date: /home/bolka/dev_ws/install/turtlesim/include/turtlesim/srv/detail/kill__functions.c
[2.212s] -- Up-to-date: /home/bolka/dev_ws/install/turtlesim/include/turtlesim/srv/detail/teleport_relative__functions.h
[2.212s] -- Up-to-date: /home/bolka/dev_ws/install/turtlesim/include/turtlesim/srv/detail/spawn__struct.h
[2.212s] -- Up-to-date: /home/bolka/dev_ws/install/turtlesim/include/turtlesim/srv/detail/teleport_relative__functions.c
[2.212s] -- Up-to-date: /home/bolka/dev_ws/install/turtlesim/include/turtlesim/srv/detail/set_pen__type_support.h
[2.212s] -- Up-to-date: /home/bolka/dev_ws/install/turtlesim/include/turtlesim/srv/detail/spawn__functions.h
[2.213s] -- Up-to-date: /home/bolka/dev_ws/install/turtlesim/include/turtlesim/srv/detail/teleport_relative__struct.h
[2.213s] -- Up-to-date: /home/bolka/dev_ws/install/turtlesim/include/turtlesim/srv/teleport_absolute.h
[2.213s] -- Up-to-date: /home/bolka/dev_ws/install/turtlesim/include/turtlesim/srv/kill.h
[2.213s] -- Up-to-date: /home/bolka/dev_ws/install/turtlesim/include/turtlesim/srv/spawn.h
[2.213s] -- Up-to-date: /home/bolka/dev_ws/install/turtlesim/include/turtlesim/srv/set_pen.h
[2.213s] -- Up-to-date: /home/bolka/dev_ws/install/turtlesim/include/turtlesim/srv/teleport_relative.h
[2.213s] -- Up-to-date: /home/bolka/dev_ws/install/turtlesim/include/turtlesim/action
[2.214s] -- Up-to-date: /home/bolka/dev_ws/install/turtlesim/include/turtlesim/action/detail
[2.214s] -- Up-to-date: /home/bolka/dev_ws/install/turtlesim/include/turtlesim/action/detail/rotate_absolute__functions.c
[2.214s] -- Up-to-date: /home/bolka/dev_ws/install/turtlesim/include/turtlesim/action/detail/rotate_absolute__struct.h
[2.215s] -- Up-to-date: /home/bolka/dev_ws/install/turtlesim/include/turtlesim/action/detail/rotate_absolute__functions.h
[2.215s] -- Up-to-date: /home/bolka/dev_ws/install/turtlesim/include/turtlesim/action/detail/rotate_absolute__type_support.h
[2.215s] -- Up-to-date: /home/bolka/dev_ws/install/turtlesim/include/turtlesim/action/rotate_absolute.h
[2.215s] -- Up-to-date: /home/bolka/dev_ws/install/turtlesim/include/turtlesim/msg
[2.215s] -- Up-to-date: /home/bolka/dev_ws/install/turtlesim/include/turtlesim/msg/color.h
[2.215s] -- Up-to-date: /home/bolka/dev_ws/install/turtlesim/include/turtlesim/msg/detail
[2.216s] -- Up-to-date: /home/bolka/dev_ws/install/turtlesim/include/turtlesim/msg/detail/pose__functions.h
[2.216s] -- Up-to-date: /home/bolka/dev_ws/install/turtlesim/include/turtlesim/msg/detail/color__struct.h
[2.216s] -- Up-to-date: /home/bolka/dev_ws/install/turtlesim/include/turtlesim/msg/detail/color__type_support.h
[2.216s] -- Up-to-date: /home/bolka/dev_ws/install/turtlesim/include/turtlesim/msg/detail/pose__type_support.h
[2.217s] -- Up-to-date: /home/bolka/dev_ws/install/turtlesim/include/turtlesim/msg/detail/color__functions.c
[2.217s] -- Up-to-date: /home/bolka/dev_ws/install/turtlesim/include/turtlesim/msg/detail/color__functions.h
[2.217s] -- Up-to-date: /home/bolka/dev_ws/install/turtlesim/include/turtlesim/msg/detail/pose__struct.h
[2.218s] -- Up-to-date: /home/bolka/dev_ws/install/turtlesim/include/turtlesim/msg/detail/pose__functions.c
[2.218s] -- Up-to-date: /home/bolka/dev_ws/install/turtlesim/include/turtlesim/msg/rosidl_generator_c__visibility_control.h
[2.218s] -- Up-to-date: /home/bolka/dev_ws/install/turtlesim/include/turtlesim/msg/pose.h
[2.218s] -- Up-to-date: /home/bolka/dev_ws/install/turtlesim/share/turtlesim/environment/library_path.sh
[2.219s] -- Up-to-date: /home/bolka/dev_ws/install/turtlesim/share/turtlesim/environment/library_path.dsv
[2.219s] -- Up-to-date: /home/bolka/dev_ws/install/turtlesim/lib/libturtlesim__rosidl_generator_c.so
[2.219s] -- Up-to-date: /home/bolka/dev_ws/install/turtlesim/include/turtlesim
[2.219s] -- Up-to-date: /home/bolka/dev_ws/install/turtlesim/include/turtlesim/srv
[2.219s] -- Up-to-date: /home/bolka/dev_ws/install/turtlesim/include/turtlesim/srv/detail
[2.219s] -- Up-to-date: /home/bolka/dev_ws/install/turtlesim/include/turtlesim/srv/detail/teleport_absolute__rosidl_typesupport_fastrtps_c.h
[2.219s] -- Up-to-date: /home/bolka/dev_ws/install/turtlesim/include/turtlesim/srv/detail/teleport_relative__rosidl_typesupport_fastrtps_c.h
[2.219s] -- Up-to-date: /home/bolka/dev_ws/install/turtlesim/include/turtlesim/srv/detail/set_pen__rosidl_typesupport_fastrtps_c.h
[2.220s] -- Up-to-date: /home/bolka/dev_ws/install/turtlesim/include/turtlesim/srv/detail/spawn__rosidl_typesupport_fastrtps_c.h
[2.220s] -- Up-to-date: /home/bolka/dev_ws/install/turtlesim/include/turtlesim/srv/detail/kill__rosidl_typesupport_fastrtps_c.h
[2.220s] -- Up-to-date: /home/bolka/dev_ws/install/turtlesim/include/turtlesim/action
[2.220s] -- Up-to-date: /home/bolka/dev_ws/install/turtlesim/include/turtlesim/action/detail
[2.220s] -- Up-to-date: /home/bolka/dev_ws/install/turtlesim/include/turtlesim/action/detail/rotate_absolute__rosidl_typesupport_fastrtps_c.h
[2.220s] -- Up-to-date: /home/bolka/dev_ws/install/turtlesim/include/turtlesim/msg
[2.220s] -- Up-to-date: /home/bolka/dev_ws/install/turtlesim/include/turtlesim/msg/detail
[2.220s] -- Up-to-date: /home/bolka/dev_ws/install/turtlesim/include/turtlesim/msg/detail/pose__rosidl_typesupport_fastrtps_c.h
[2.220s] -- Up-to-date: /home/bolka/dev_ws/install/turtlesim/include/turtlesim/msg/detail/color__rosidl_typesupport_fastrtps_c.h
[2.221s] -- Up-to-date: /home/bolka/dev_ws/install/turtlesim/include/turtlesim/msg/rosidl_typesupport_fastrtps_c__visibility_control.h
[2.221s] -- Up-to-date: /home/bolka/dev_ws/install/turtlesim/lib/libturtlesim__rosidl_typesupport_fastrtps_c.so
[2.221s] -- Up-to-date: /home/bolka/dev_ws/install/turtlesim/include/turtlesim
[2.221s] -- Up-to-date: /home/bolka/dev_ws/install/turtlesim/include/turtlesim/srv
[2.221s] -- Up-to-date: /home/bolka/dev_ws/install/turtlesim/include/turtlesim/srv/detail
[2.221s] -- Up-to-date: /home/bolka/dev_ws/install/turtlesim/include/turtlesim/srv/detail/teleport_absolute__rosidl_typesupport_fastrtps_cpp.hpp
[2.221s] -- Up-to-date: /home/bolka/dev_ws/install/turtlesim/include/turtlesim/srv/detail/teleport_relative__rosidl_typesupport_fastrtps_cpp.hpp
[2.221s] -- Up-to-date: /home/bolka/dev_ws/install/turtlesim/include/turtlesim/srv/detail/spawn__rosidl_typesupport_fastrtps_cpp.hpp
[2.221s] -- Up-to-date: /home/bolka/dev_ws/install/turtlesim/include/turtlesim/srv/detail/kill__rosidl_typesupport_fastrtps_cpp.hpp
[2.222s] -- Up-to-date: /home/bolka/dev_ws/install/turtlesim/include/turtlesim/srv/detail/dds_fastrtps
[2.222s] -- Up-to-date: /home/bolka/dev_ws/install/turtlesim/include/turtlesim/srv/detail/set_pen__rosidl_typesupport_fastrtps_cpp.hpp
[2.222s] -- Up-to-date: /home/bolka/dev_ws/install/turtlesim/include/turtlesim/action
[2.222s] -- Up-to-date: /home/bolka/dev_ws/install/turtlesim/include/turtlesim/action/detail
[2.222s] -- Up-to-date: /home/bolka/dev_ws/install/turtlesim/include/turtlesim/action/detail/rotate_absolute__rosidl_typesupport_fastrtps_cpp.hpp
[2.222s] -- Up-to-date: /home/bolka/dev_ws/install/turtlesim/include/turtlesim/action/detail/dds_fastrtps
[2.222s] -- Up-to-date: /home/bolka/dev_ws/install/turtlesim/include/turtlesim/msg
[2.222s] -- Up-to-date: /home/bolka/dev_ws/install/turtlesim/include/turtlesim/msg/detail
[2.222s] -- Up-to-date: /home/bolka/dev_ws/install/turtlesim/include/turtlesim/msg/detail/dds_fastrtps
[2.222s] -- Up-to-date: /home/bolka/dev_ws/install/turtlesim/include/turtlesim/msg/detail/color__rosidl_typesupport_fastrtps_cpp.hpp
[2.222s] -- Up-to-date: /home/bolka/dev_ws/install/turtlesim/include/turtlesim/msg/detail/pose__rosidl_typesupport_fastrtps_cpp.hpp
[2.222s] -- Up-to-date: /home/bolka/dev_ws/install/turtlesim/include/turtlesim/msg/rosidl_typesupport_fastrtps_cpp__visibility_control.h
[2.223s] -- Up-to-date: /home/bolka/dev_ws/install/turtlesim/lib/libturtlesim__rosidl_typesupport_fastrtps_cpp.so
[2.223s] -- Up-to-date: /home/bolka/dev_ws/install/turtlesim/include/turtlesim
[2.223s] -- Up-to-date: /home/bolka/dev_ws/install/turtlesim/include/turtlesim/srv
[2.223s] -- Up-to-date: /home/bolka/dev_ws/install/turtlesim/include/turtlesim/srv/detail
[2.223s] -- Up-to-date: /home/bolka/dev_ws/install/turtlesim/include/turtlesim/srv/detail/teleport_relative__type_support.c
[2.223s] -- Up-to-date: /home/bolka/dev_ws/install/turtlesim/include/turtlesim/srv/detail/set_pen__rosidl_typesupport_introspection_c.h
[2.223s] -- Up-to-date: /home/bolka/dev_ws/install/turtlesim/include/turtlesim/srv/detail/spawn__type_support.c
[2.223s] -- Up-to-date: /home/bolka/dev_ws/install/turtlesim/include/turtlesim/srv/detail/teleport_absolute__rosidl_typesupport_introspection_c.h
[2.223s] -- Up-to-date: /home/bolka/dev_ws/install/turtlesim/include/turtlesim/srv/detail/spawn__rosidl_typesupport_introspection_c.h
[2.223s] -- Up-to-date: /home/bolka/dev_ws/install/turtlesim/include/turtlesim/srv/detail/teleport_relative__rosidl_typesupport_introspection_c.h
[2.224s] -- Up-to-date: /home/bolka/dev_ws/install/turtlesim/include/turtlesim/srv/detail/kill__rosidl_typesupport_introspection_c.h
[2.224s] -- Up-to-date: /home/bolka/dev_ws/install/turtlesim/include/turtlesim/srv/detail/kill__type_support.c
[2.224s] -- Up-to-date: /home/bolka/dev_ws/install/turtlesim/include/turtlesim/srv/detail/set_pen__type_support.c
[2.224s] -- Up-to-date: /home/bolka/dev_ws/install/turtlesim/include/turtlesim/srv/detail/teleport_absolute__type_support.c
[2.224s] -- Up-to-date: /home/bolka/dev_ws/install/turtlesim/include/turtlesim/action
[2.224s] -- Up-to-date: /home/bolka/dev_ws/install/turtlesim/include/turtlesim/action/detail
[2.224s] -- Up-to-date: /home/bolka/dev_ws/install/turtlesim/include/turtlesim/action/detail/rotate_absolute__type_support.c
[2.224s] -- Up-to-date: /home/bolka/dev_ws/install/turtlesim/include/turtlesim/action/detail/rotate_absolute__rosidl_typesupport_introspection_c.h
[2.224s] -- Up-to-date: /home/bolka/dev_ws/install/turtlesim/include/turtlesim/msg
[2.224s] -- Up-to-date: /home/bolka/dev_ws/install/turtlesim/include/turtlesim/msg/detail
[2.224s] -- Up-to-date: /home/bolka/dev_ws/install/turtlesim/include/turtlesim/msg/detail/color__type_support.c
[2.225s] -- Up-to-date: /home/bolka/dev_ws/install/turtlesim/include/turtlesim/msg/detail/color__rosidl_typesupport_introspection_c.h
[2.225s] -- Up-to-date: /home/bolka/dev_ws/install/turtlesim/include/turtlesim/msg/detail/pose__rosidl_typesupport_introspection_c.h
[2.225s] -- Up-to-date: /home/bolka/dev_ws/install/turtlesim/include/turtlesim/msg/detail/pose__type_support.c
[2.225s] -- Up-to-date: /home/bolka/dev_ws/install/turtlesim/include/turtlesim/msg/rosidl_typesupport_introspection_c__visibility_control.h
[2.225s] -- Up-to-date: /home/bolka/dev_ws/install/turtlesim/lib/libturtlesim__rosidl_typesupport_introspection_c.so
[2.225s] -- Up-to-date: /home/bolka/dev_ws/install/turtlesim/lib/libturtlesim__rosidl_typesupport_c.so
[2.225s] -- Up-to-date: /home/bolka/dev_ws/install/turtlesim/include/turtlesim
[2.226s] -- Up-to-date: /home/bolka/dev_ws/install/turtlesim/include/turtlesim/srv
[2.226s] -- Up-to-date: /home/bolka/dev_ws/install/turtlesim/include/turtlesim/srv/detail
[2.226s] -- Up-to-date: /home/bolka/dev_ws/install/turtlesim/include/turtlesim/srv/detail/kill__traits.hpp
[2.226s] -- Up-to-date: /home/bolka/dev_ws/install/turtlesim/include/turtlesim/srv/detail/spawn__struct.hpp
[2.226s] -- Up-to-date: /home/bolka/dev_ws/install/turtlesim/include/turtlesim/srv/detail/set_pen__traits.hpp
[2.226s] -- Up-to-date: /home/bolka/dev_ws/install/turtlesim/include/turtlesim/srv/detail/teleport_absolute__struct.hpp
[2.226s] -- Up-to-date: /home/bolka/dev_ws/install/turtlesim/include/turtlesim/srv/detail/spawn__traits.hpp
[2.226s] -- Up-to-date: /home/bolka/dev_ws/install/turtlesim/include/turtlesim/srv/detail/teleport_relative__struct.hpp
[2.226s] -- Up-to-date: /home/bolka/dev_ws/install/turtlesim/include/turtlesim/srv/detail/spawn__builder.hpp
[2.226s] -- Up-to-date: /home/bolka/dev_ws/install/turtlesim/include/turtlesim/srv/detail/teleport_absolute__traits.hpp
[2.227s] -- Up-to-date: /home/bolka/dev_ws/install/turtlesim/include/turtlesim/srv/detail/kill__builder.hpp
[2.227s] -- Up-to-date: /home/bolka/dev_ws/install/turtlesim/include/turtlesim/srv/detail/set_pen__struct.hpp
[2.227s] -- Up-to-date: /home/bolka/dev_ws/install/turtlesim/include/turtlesim/srv/detail/teleport_relative__traits.hpp
[2.227s] -- Up-to-date: /home/bolka/dev_ws/install/turtlesim/include/turtlesim/srv/detail/teleport_relative__builder.hpp
[2.227s] -- Up-to-date: /home/bolka/dev_ws/install/turtlesim/include/turtlesim/srv/detail/set_pen__builder.hpp
[2.227s] -- Up-to-date: /home/bolka/dev_ws/install/turtlesim/include/turtlesim/srv/detail/kill__struct.hpp
[2.227s] -- Up-to-date: /home/bolka/dev_ws/install/turtlesim/include/turtlesim/srv/detail/teleport_absolute__builder.hpp
[2.227s] -- Up-to-date: /home/bolka/dev_ws/install/turtlesim/include/turtlesim/srv/kill.hpp
[2.227s] -- Up-to-date: /home/bolka/dev_ws/install/turtlesim/include/turtlesim/srv/spawn.hpp
[2.227s] -- Up-to-date: /home/bolka/dev_ws/install/turtlesim/include/turtlesim/srv/teleport_absolute.hpp
[2.227s] -- Up-to-date: /home/bolka/dev_ws/install/turtlesim/include/turtlesim/srv/set_pen.hpp
[2.228s] -- Up-to-date: /home/bolka/dev_ws/install/turtlesim/include/turtlesim/srv/teleport_relative.hpp
[2.228s] -- Up-to-date: /home/bolka/dev_ws/install/turtlesim/include/turtlesim/action
[2.228s] -- Up-to-date: /home/bolka/dev_ws/install/turtlesim/include/turtlesim/action/rotate_absolute.hpp
[2.228s] -- Up-to-date: /home/bolka/dev_ws/install/turtlesim/include/turtlesim/action/detail
[2.228s] -- Up-to-date: /home/bolka/dev_ws/install/turtlesim/include/turtlesim/action/detail/rotate_absolute__traits.hpp
[2.228s] -- Up-to-date: /home/bolka/dev_ws/install/turtlesim/include/turtlesim/action/detail/rotate_absolute__builder.hpp
[2.228s] -- Up-to-date: /home/bolka/dev_ws/install/turtlesim/include/turtlesim/action/detail/rotate_absolute__struct.hpp
[2.228s] -- Up-to-date: /home/bolka/dev_ws/install/turtlesim/include/turtlesim/msg
[2.228s] -- Up-to-date: /home/bolka/dev_ws/install/turtlesim/include/turtlesim/msg/detail
[2.228s] -- Up-to-date: /home/bolka/dev_ws/install/turtlesim/include/turtlesim/msg/detail/color__struct.hpp
[2.229s] -- Up-to-date: /home/bolka/dev_ws/install/turtlesim/include/turtlesim/msg/detail/pose__builder.hpp
[2.229s] -- Up-to-date: /home/bolka/dev_ws/install/turtlesim/include/turtlesim/msg/detail/color__builder.hpp
[2.229s] -- Up-to-date: /home/bolka/dev_ws/install/turtlesim/include/turtlesim/msg/detail/color__traits.hpp
[2.229s] -- Up-to-date: /home/bolka/dev_ws/install/turtlesim/include/turtlesim/msg/detail/pose__struct.hpp
[2.229s] -- Up-to-date: /home/bolka/dev_ws/install/turtlesim/include/turtlesim/msg/detail/pose__traits.hpp
[2.229s] -- Up-to-date: /home/bolka/dev_ws/install/turtlesim/include/turtlesim/msg/color.hpp
[2.229s] -- Up-to-date: /home/bolka/dev_ws/install/turtlesim/include/turtlesim/msg/pose.hpp
[2.229s] -- Up-to-date: /home/bolka/dev_ws/install/turtlesim/include/turtlesim
[2.229s] -- Up-to-date: /home/bolka/dev_ws/install/turtlesim/include/turtlesim/srv
[2.229s] -- Up-to-date: /home/bolka/dev_ws/install/turtlesim/include/turtlesim/srv/detail
[2.230s] -- Up-to-date: /home/bolka/dev_ws/install/turtlesim/include/turtlesim/srv/detail/teleport_relative__rosidl_typesupport_introspection_cpp.hpp
[2.230s] -- Up-to-date: /home/bolka/dev_ws/install/turtlesim/include/turtlesim/srv/detail/spawn__type_support.cpp
[2.230s] -- Up-to-date: /home/bolka/dev_ws/install/turtlesim/include/turtlesim/srv/detail/set_pen__rosidl_typesupport_introspection_cpp.hpp
[2.230s] -- Up-to-date: /home/bolka/dev_ws/install/turtlesim/include/turtlesim/srv/detail/teleport_absolute__rosidl_typesupport_introspection_cpp.hpp
[2.230s] -- Up-to-date: /home/bolka/dev_ws/install/turtlesim/include/turtlesim/srv/detail/set_pen__type_support.cpp
[2.230s] -- Up-to-date: /home/bolka/dev_ws/install/turtlesim/include/turtlesim/srv/detail/teleport_absolute__type_support.cpp
[2.230s] -- Up-to-date: /home/bolka/dev_ws/install/turtlesim/include/turtlesim/srv/detail/spawn__rosidl_typesupport_introspection_cpp.hpp
[2.230s] -- Up-to-date: /home/bolka/dev_ws/install/turtlesim/include/turtlesim/srv/detail/teleport_relative__type_support.cpp
[2.230s] -- Up-to-date: /home/bolka/dev_ws/install/turtlesim/include/turtlesim/srv/detail/kill__type_support.cpp
[2.230s] -- Up-to-date: /home/bolka/dev_ws/install/turtlesim/include/turtlesim/srv/detail/kill__rosidl_typesupport_introspection_cpp.hpp
[2.230s] -- Up-to-date: /home/bolka/dev_ws/install/turtlesim/include/turtlesim/action
[2.231s] -- Up-to-date: /home/bolka/dev_ws/install/turtlesim/include/turtlesim/action/detail
[2.231s] -- Up-to-date: /home/bolka/dev_ws/install/turtlesim/include/turtlesim/action/detail/rotate_absolute__rosidl_typesupport_introspection_cpp.hpp
[2.231s] -- Up-to-date: /home/bolka/dev_ws/install/turtlesim/include/turtlesim/action/detail/rotate_absolute__type_support.cpp
[2.231s] -- Up-to-date: /home/bolka/dev_ws/install/turtlesim/include/turtlesim/msg
[2.231s] -- Up-to-date: /home/bolka/dev_ws/install/turtlesim/include/turtlesim/msg/detail
[2.231s] -- Up-to-date: /home/bolka/dev_ws/install/turtlesim/include/turtlesim/msg/detail/pose__rosidl_typesupport_introspection_cpp.hpp
[2.231s] -- Up-to-date: /home/bolka/dev_ws/install/turtlesim/include/turtlesim/msg/detail/pose__type_support.cpp
[2.231s] -- Up-to-date: /home/bolka/dev_ws/install/turtlesim/include/turtlesim/msg/detail/color__type_support.cpp
[2.231s] -- Up-to-date: /home/bolka/dev_ws/install/turtlesim/include/turtlesim/msg/detail/color__rosidl_typesupport_introspection_cpp.hpp
[2.231s] -- Up-to-date: /home/bolka/dev_ws/install/turtlesim/lib/libturtlesim__rosidl_typesupport_introspection_cpp.so
[2.232s] -- Up-to-date: /home/bolka/dev_ws/install/turtlesim/lib/libturtlesim__rosidl_typesupport_cpp.so
[2.232s] -- Up-to-date: /home/bolka/dev_ws/install/turtlesim/share/turtlesim/environment/pythonpath.sh
[2.232s] -- Up-to-date: /home/bolka/dev_ws/install/turtlesim/share/turtlesim/environment/pythonpath.dsv
[2.232s] -- Up-to-date: /home/bolka/dev_ws/install/turtlesim/lib/python3.8/site-packages/turtlesim/__init__.py
[2.271s] -- Up-to-date: /home/bolka/dev_ws/install/turtlesim/lib/python3.8/site-packages/turtlesim/action
[2.271s] -- Up-to-date: /home/bolka/dev_ws/install/turtlesim/lib/python3.8/site-packages/turtlesim/action/_rotate_absolute.py
[2.271s] -- Up-to-date: /home/bolka/dev_ws/install/turtlesim/lib/python3.8/site-packages/turtlesim/action/_rotate_absolute_s.c
[2.271s] -- Up-to-date: /home/bolka/dev_ws/install/turtlesim/lib/python3.8/site-packages/turtlesim/action/__init__.py
[2.271s] -- Up-to-date: /home/bolka/dev_ws/install/turtlesim/lib/python3.8/site-packages/turtlesim/msg
[2.271s] -- Up-to-date: /home/bolka/dev_ws/install/turtlesim/lib/python3.8/site-packages/turtlesim/msg/_pose_s.c
[2.272s] -- Up-to-date: /home/bolka/dev_ws/install/turtlesim/lib/python3.8/site-packages/turtlesim/msg/_color_s.c
[2.272s] -- Up-to-date: /home/bolka/dev_ws/install/turtlesim/lib/python3.8/site-packages/turtlesim/msg/_pose.py
[2.272s] -- Up-to-date: /home/bolka/dev_ws/install/turtlesim/lib/python3.8/site-packages/turtlesim/msg/_color.py
[2.272s] -- Up-to-date: /home/bolka/dev_ws/install/turtlesim/lib/python3.8/site-packages/turtlesim/msg/__init__.py
[2.272s] -- Up-to-date: /home/bolka/dev_ws/install/turtlesim/lib/python3.8/site-packages/turtlesim/srv
[2.272s] -- Up-to-date: /home/bolka/dev_ws/install/turtlesim/lib/python3.8/site-packages/turtlesim/srv/_spawn_s.c
[2.272s] -- Up-to-date: /home/bolka/dev_ws/install/turtlesim/lib/python3.8/site-packages/turtlesim/srv/_set_pen.py
[2.272s] -- Up-to-date: /home/bolka/dev_ws/install/turtlesim/lib/python3.8/site-packages/turtlesim/srv/_teleport_absolute.py
[2.272s] -- Up-to-date: /home/bolka/dev_ws/install/turtlesim/lib/python3.8/site-packages/turtlesim/srv/_teleport_relative_s.c
[2.272s] -- Up-to-date: /home/bolka/dev_ws/install/turtlesim/lib/python3.8/site-packages/turtlesim/srv/_kill.py
[2.273s] -- Up-to-date: /home/bolka/dev_ws/install/turtlesim/lib/python3.8/site-packages/turtlesim/srv/_spawn.py
[2.273s] -- Up-to-date: /home/bolka/dev_ws/install/turtlesim/lib/python3.8/site-packages/turtlesim/srv/_kill_s.c
[2.273s] -- Up-to-date: /home/bolka/dev_ws/install/turtlesim/lib/python3.8/site-packages/turtlesim/srv/_teleport_relative.py
[2.273s] -- Up-to-date: /home/bolka/dev_ws/install/turtlesim/lib/python3.8/site-packages/turtlesim/srv/__init__.py
[2.273s] -- Up-to-date: /home/bolka/dev_ws/install/turtlesim/lib/python3.8/site-packages/turtlesim/srv/_set_pen_s.c
[2.273s] -- Up-to-date: /home/bolka/dev_ws/install/turtlesim/lib/python3.8/site-packages/turtlesim/srv/_teleport_absolute_s.c
[2.273s] -- Up-to-date: /home/bolka/dev_ws/install/turtlesim/lib/python3.8/site-packages/turtlesim/turtlesim_s__rosidl_typesupport_fastrtps_c.cpython-38-x86_64-linux-gnu.so
[2.273s] -- Up-to-date: /home/bolka/dev_ws/install/turtlesim/lib/python3.8/site-packages/turtlesim/turtlesim_s__rosidl_typesupport_introspection_c.cpython-38-x86_64-linux-gnu.so
[2.274s] -- Up-to-date: /home/bolka/dev_ws/install/turtlesim/lib/python3.8/site-packages/turtlesim/turtlesim_s__rosidl_typesupport_c.cpython-38-x86_64-linux-gnu.so
[2.274s] -- Up-to-date: /home/bolka/dev_ws/install/turtlesim/lib/libturtlesim__python.so
[2.275s] -- Up-to-date: /home/bolka/dev_ws/install/turtlesim/share/turtlesim/action/RotateAbsolute.idl
[2.275s] -- Up-to-date: /home/bolka/dev_ws/install/turtlesim/share/turtlesim/msg/Color.idl
[2.275s] -- Up-to-date: /home/bolka/dev_ws/install/turtlesim/share/turtlesim/msg/Pose.idl
[2.275s] -- Up-to-date: /home/bolka/dev_ws/install/turtlesim/share/turtlesim/srv/Kill.idl
[2.275s] -- Up-to-date: /home/bolka/dev_ws/install/turtlesim/share/turtlesim/srv/SetPen.idl
[2.276s] -- Up-to-date: /home/bolka/dev_ws/install/turtlesim/share/turtlesim/srv/Spawn.idl
[2.276s] -- Up-to-date: /home/bolka/dev_ws/install/turtlesim/share/turtlesim/srv/TeleportAbsolute.idl
[2.276s] -- Up-to-date: /home/bolka/dev_ws/install/turtlesim/share/turtlesim/srv/TeleportRelative.idl
[2.276s] -- Up-to-date: /home/bolka/dev_ws/install/turtlesim/share/turtlesim/action/RotateAbsolute.action
[2.276s] -- Up-to-date: /home/bolka/dev_ws/install/turtlesim/share/turtlesim/msg/Color.msg
[2.276s] -- Up-to-date: /home/bolka/dev_ws/install/turtlesim/share/turtlesim/msg/Pose.msg
[2.277s] -- Up-to-date: /home/bolka/dev_ws/install/turtlesim/share/turtlesim/srv/Kill.srv
[2.277s] -- Up-to-date: /home/bolka/dev_ws/install/turtlesim/share/turtlesim/srv/Kill_Request.msg
[2.277s] -- Up-to-date: /home/bolka/dev_ws/install/turtlesim/share/turtlesim/srv/Kill_Response.msg
[2.277s] -- Up-to-date: /home/bolka/dev_ws/install/turtlesim/share/turtlesim/srv/SetPen.srv
[2.277s] -- Up-to-date: /home/bolka/dev_ws/install/turtlesim/share/turtlesim/srv/SetPen_Request.msg
[2.277s] -- Up-to-date: /home/bolka/dev_ws/install/turtlesim/share/turtlesim/srv/SetPen_Response.msg
[2.277s] -- Up-to-date: /home/bolka/dev_ws/install/turtlesim/share/turtlesim/srv/Spawn.srv
[2.277s] -- Up-to-date: /home/bolka/dev_ws/install/turtlesim/share/turtlesim/srv/Spawn_Request.msg
[2.278s] -- Up-to-date: /home/bolka/dev_ws/install/turtlesim/share/turtlesim/srv/Spawn_Response.msg
[2.278s] -- Up-to-date: /home/bolka/dev_ws/install/turtlesim/share/turtlesim/srv/TeleportAbsolute.srv
[2.278s] -- Up-to-date: /home/bolka/dev_ws/install/turtlesim/share/turtlesim/srv/TeleportAbsolute_Request.msg
[2.278s] -- Up-to-date: /home/bolka/dev_ws/install/turtlesim/share/turtlesim/srv/TeleportAbsolute_Response.msg
[2.278s] -- Up-to-date: /home/bolka/dev_ws/install/turtlesim/share/turtlesim/srv/TeleportRelative.srv
[2.278s] -- Up-to-date: /home/bolka/dev_ws/install/turtlesim/share/turtlesim/srv/TeleportRelative_Request.msg
[2.278s] -- Up-to-date: /home/bolka/dev_ws/install/turtlesim/share/turtlesim/srv/TeleportRelative_Response.msg
[2.278s] -- Up-to-date: /home/bolka/dev_ws/install/turtlesim/lib/turtlesim/turtlesim_node
[2.278s] -- Up-to-date: /home/bolka/dev_ws/install/turtlesim/lib/turtlesim/turtle_teleop_key
[2.279s] -- Up-to-date: /home/bolka/dev_ws/install/turtlesim/lib/turtlesim/draw_square
[2.280s] -- Up-to-date: /home/bolka/dev_ws/install/turtlesim/lib/turtlesim/mimic
[2.280s] -- Up-to-date: /home/bolka/dev_ws/install/turtlesim/share/turtlesim/images
[2.280s] -- Up-to-date: /home/bolka/dev_ws/install/turtlesim/share/turtlesim/images/galactic.png
[2.281s] -- Up-to-date: /home/bolka/dev_ws/install/turtlesim/share/turtlesim/images/crystal.png
[2.281s] -- Up-to-date: /home/bolka/dev_ws/install/turtlesim/share/turtlesim/images/bouncy.png
[2.281s] -- Up-to-date: /home/bolka/dev_ws/install/turtlesim/share/turtlesim/images/ardent.png
[2.281s] -- Up-to-date: /home/bolka/dev_ws/install/turtlesim/share/turtlesim/images/eloquent.png
[2.281s] -- Up-to-date: /home/bolka/dev_ws/install/turtlesim/share/turtlesim/images/foxy.png
[2.281s] -- Up-to-date: /home/bolka/dev_ws/install/turtlesim/share/turtlesim/images/dashing.png
[2.281s] -- Up-to-date: /home/bolka/dev_ws/install/turtlesim/share/turtlesim/launch
[2.282s] -- Up-to-date: /home/bolka/dev_ws/install/turtlesim/share/turtlesim/launch/multisim.launch.py
[2.282s] -- Up-to-date: /home/bolka/dev_ws/install/turtlesim/share/ament_index/resource_index/package_run_dependencies/turtlesim
[2.282s] -- Up-to-date: /home/bolka/dev_ws/install/turtlesim/share/ament_index/resource_index/parent_prefix_path/turtlesim
[2.282s] -- Up-to-date: /home/bolka/dev_ws/install/turtlesim/share/turtlesim/environment/ament_prefix_path.sh
[2.282s] -- Up-to-date: /home/bolka/dev_ws/install/turtlesim/share/turtlesim/environment/ament_prefix_path.dsv
[2.282s] -- Up-to-date: /home/bolka/dev_ws/install/turtlesim/share/turtlesim/environment/path.sh
[2.282s] -- Up-to-date: /home/bolka/dev_ws/install/turtlesim/share/turtlesim/environment/path.dsv
[2.283s] -- Up-to-date: /home/bolka/dev_ws/install/turtlesim/share/turtlesim/local_setup.bash
[2.283s] -- Up-to-date: /home/bolka/dev_ws/install/turtlesim/share/turtlesim/local_setup.sh
[2.283s] -- Up-to-date: /home/bolka/dev_ws/install/turtlesim/share/turtlesim/local_setup.zsh
[2.283s] -- Up-to-date: /home/bolka/dev_ws/install/turtlesim/share/turtlesim/local_setup.dsv
[2.283s] -- Installing: /home/bolka/dev_ws/install/turtlesim/share/turtlesim/package.dsv
[2.283s] -- Up-to-date: /home/bolka/dev_ws/install/turtlesim/share/ament_index/resource_index/packages/turtlesim
[2.284s] -- Up-to-date: /home/bolka/dev_ws/install/turtlesim/share/turtlesim/cmake/turtlesim__rosidl_generator_cExport.cmake
[2.284s] -- Up-to-date: /home/bolka/dev_ws/install/turtlesim/share/turtlesim/cmake/turtlesim__rosidl_generator_cExport-noconfig.cmake
[2.284s] -- Up-to-date: /home/bolka/dev_ws/install/turtlesim/share/turtlesim/cmake/turtlesim__rosidl_typesupport_introspection_cExport.cmake
[2.284s] -- Up-to-date: /home/bolka/dev_ws/install/turtlesim/share/turtlesim/cmake/turtlesim__rosidl_typesupport_introspection_cExport-noconfig.cmake
[2.285s] -- Up-to-date: /home/bolka/dev_ws/install/turtlesim/share/turtlesim/cmake/turtlesim__rosidl_typesupport_cExport.cmake
[2.285s] -- Up-to-date: /home/bolka/dev_ws/install/turtlesim/share/turtlesim/cmake/turtlesim__rosidl_typesupport_cExport-noconfig.cmake
[2.285s] -- Up-to-date: /home/bolka/dev_ws/install/turtlesim/share/turtlesim/cmake/turtlesim__rosidl_generator_cppExport.cmake
[2.285s] -- Up-to-date: /home/bolka/dev_ws/install/turtlesim/share/turtlesim/cmake/turtlesim__rosidl_typesupport_introspection_cppExport.cmake
[2.285s] -- Up-to-date: /home/bolka/dev_ws/install/turtlesim/share/turtlesim/cmake/turtlesim__rosidl_typesupport_introspection_cppExport-noconfig.cmake
[2.286s] -- Up-to-date: /home/bolka/dev_ws/install/turtlesim/share/turtlesim/cmake/turtlesim__rosidl_typesupport_cppExport.cmake
[2.286s] -- Up-to-date: /home/bolka/dev_ws/install/turtlesim/share/turtlesim/cmake/turtlesim__rosidl_typesupport_cppExport-noconfig.cmake
[2.286s] -- Up-to-date: /home/bolka/dev_ws/install/turtlesim/share/turtlesim/cmake/rosidl_cmake-extras.cmake
[2.286s] -- Up-to-date: /home/bolka/dev_ws/install/turtlesim/share/turtlesim/cmake/ament_cmake_export_dependencies-extras.cmake
[2.286s] -- Up-to-date: /home/bolka/dev_ws/install/turtlesim/share/turtlesim/cmake/ament_cmake_export_libraries-extras.cmake
[2.286s] -- Up-to-date: /home/bolka/dev_ws/install/turtlesim/share/turtlesim/cmake/ament_cmake_export_targets-extras.cmake
[2.287s] -- Up-to-date: /home/bolka/dev_ws/install/turtlesim/share/turtlesim/cmake/ament_cmake_export_include_directories-extras.cmake
[2.287s] -- Up-to-date: /home/bolka/dev_ws/install/turtlesim/share/turtlesim/cmake/rosidl_cmake_export_typesupport_libraries-extras.cmake
[2.287s] -- Up-to-date: /home/bolka/dev_ws/install/turtlesim/share/turtlesim/cmake/rosidl_cmake_export_typesupport_targets-extras.cmake
[2.287s] -- Up-to-date: /home/bolka/dev_ws/install/turtlesim/share/turtlesim/cmake/turtlesimConfig.cmake
[2.287s] -- Up-to-date: /home/bolka/dev_ws/install/turtlesim/share/turtlesim/cmake/turtlesimConfig-version.cmake
[2.287s] -- Up-to-date: /home/bolka/dev_ws/install/turtlesim/share/turtlesim/package.xml
[2.291s] Invoked command in '/home/bolka/dev_ws/build/turtlesim' returned '0': CMAKE_PREFIX_PATH=${CMAKE_PREFIX_PATH}:/home/bolka/dev_ws/install/simulator:/home/bolka/dev_ws/install/my_package:/home/bolka/dev_ws/install/map:/opt/ros/galactic /usr/bin/cmake --install /home/bolka/dev_ws/build/turtlesim
