[1.049s] Invoking command in '/home/bolka/dev_ws/src/simulator': PYTHONPATH=/home/bolka/dev_ws/install/simulator/lib/python3.8/site-packages:${PYTHONPATH} /usr/bin/python3 setup.py egg_info --egg-base ../../build/simulator build --build-base /home/bolka/dev_ws/build/simulator/build install --prefix /home/bolka/dev_ws/install/simulator --record /home/bolka/dev_ws/build/simulator/install.log --single-version-externally-managed
[1.624s] running egg_info
[1.625s] writing ../../build/simulator/simulator.egg-info/PKG-INFO
[1.626s] writing dependency_links to ../../build/simulator/simulator.egg-info/dependency_links.txt
[1.626s] writing entry points to ../../build/simulator/simulator.egg-info/entry_points.txt
[1.627s] writing requirements to ../../build/simulator/simulator.egg-info/requires.txt
[1.627s] writing top-level names to ../../build/simulator/simulator.egg-info/top_level.txt
[1.720s] reading manifest file '../../build/simulator/simulator.egg-info/SOURCES.txt'
[1.723s] writing manifest file '../../build/simulator/simulator.egg-info/SOURCES.txt'
[1.723s] running build
[1.724s] running build_py
[1.724s] copying simulator/node2_simulator.py -> /home/bolka/dev_ws/build/simulator/build/lib/simulator
[1.726s] running install
[1.728s] running install_lib
[1.731s] copying /home/bolka/dev_ws/build/simulator/build/lib/simulator/node2_simulator.py -> /home/bolka/dev_ws/install/simulator/lib/python3.8/site-packages/simulator
[1.732s] byte-compiling /home/bolka/dev_ws/install/simulator/lib/python3.8/site-packages/simulator/node2_simulator.py to node2_simulator.cpython-38.pyc
[1.739s] running install_data
[1.741s] running install_egg_info
[1.744s] removing '/home/bolka/dev_ws/install/simulator/lib/python3.8/site-packages/simulator-0.0.0-py3.8.egg-info' (and everything under it)
[1.745s] Copying ../../build/simulator/simulator.egg-info to /home/bolka/dev_ws/install/simulator/lib/python3.8/site-packages/simulator-0.0.0-py3.8.egg-info
[1.748s] running install_scripts
[1.790s] Installing node2_simulator script to /home/bolka/dev_ws/install/simulator/lib/simulator
[1.791s] writing list of installed files to '/home/bolka/dev_ws/build/simulator/install.log'
[1.860s] Invoked command in '/home/bolka/dev_ws/src/simulator' returned '0': PYTHONPATH=/home/bolka/dev_ws/install/simulator/lib/python3.8/site-packages:${PYTHONPATH} /usr/bin/python3 setup.py egg_info --egg-base ../../build/simulator build --build-base /home/bolka/dev_ws/build/simulator/build install --prefix /home/bolka/dev_ws/install/simulator --record /home/bolka/dev_ws/build/simulator/install.log --single-version-externally-managed
