[0.557s] DEBUG:colcon:Command line arguments: ['/usr/bin/colcon', 'build']
[0.557s] DEBUG:colcon:Parsed command line arguments: Namespace(ament_cmake_args=None, base_paths=['.'], build_base='build', catkin_cmake_args=None, catkin_skip_building_tests=False, cmake_args=None, cmake_clean_cache=False, cmake_clean_first=False, cmake_force_configure=False, cmake_target=None, cmake_target_skip_unavailable=False, continue_on_error=False, event_handlers=None, executor='parallel', ignore_user_meta=False, install_base='install', log_base=None, log_level=None, main=<bound method BuildVerb.main of <colcon_core.verb.build.BuildVerb object at 0x7fe8243f3400>>, merge_install=False, metas=['./colcon.meta'], packages_above=None, packages_above_and_dependencies=None, packages_above_depth=None, packages_end=None, packages_ignore=None, packages_ignore_regex=None, packages_select=None, packages_select_build_failed=False, packages_select_by_dep=None, packages_select_regex=None, packages_select_test_failures=False, packages_skip=None, packages_skip_build_finished=False, packages_skip_by_dep=None, packages_skip_regex=None, packages_skip_test_passed=False, packages_skip_up_to=None, packages_start=None, packages_up_to=None, packages_up_to_regex=None, parallel_workers=4, paths=None, symlink_install=False, test_result_base=None, verb_extension=<colcon_core.verb.build.BuildVerb object at 0x7fe8243f3400>, verb_name='build', verb_parser=<colcon_defaults.argument_parser.defaults.DefaultArgumentsDecorator object at 0x7fe8243f3940>)
[0.566s] Level 1:colcon.colcon_core.package_discovery:discover_packages(colcon_meta) check parameters
[0.566s] Level 1:colcon.colcon_core.package_discovery:discover_packages(recursive) check parameters
[0.566s] Level 1:colcon.colcon_core.package_discovery:discover_packages(ignore) check parameters
[0.566s] Level 1:colcon.colcon_core.package_discovery:discover_packages(path) check parameters
[0.566s] Level 1:colcon.colcon_core.package_discovery:discover_packages(colcon_meta) discover
[0.567s] Level 1:colcon.colcon_core.package_discovery:discover_packages(recursive) discover
[0.567s] INFO:colcon.colcon_core.package_discovery:Crawling recursively for packages in '/home/bolka/dev_ws'
[0.567s] Level 1:colcon.colcon_core.package_identification:_identify(.) by extensions ['ignore', 'ignore_ament_install']
[0.567s] Level 1:colcon.colcon_core.package_identification:_identify(.) by extension 'ignore'
[0.567s] Level 1:colcon.colcon_core.package_identification:_identify(.) by extension 'ignore_ament_install'
[0.567s] Level 1:colcon.colcon_core.package_identification:_identify(.) by extensions ['colcon_pkg']
[0.567s] Level 1:colcon.colcon_core.package_identification:_identify(.) by extension 'colcon_pkg'
[0.567s] Level 1:colcon.colcon_core.package_identification:_identify(.) by extensions ['colcon_meta']
[0.567s] Level 1:colcon.colcon_core.package_identification:_identify(.) by extension 'colcon_meta'
[0.567s] Level 1:colcon.colcon_core.package_identification:_identify(.) by extensions ['ros']
[0.567s] Level 1:colcon.colcon_core.package_identification:_identify(.) by extension 'ros'
[0.591s] Level 1:colcon.colcon_core.package_identification:_identify(.) by extensions ['cmake', 'python']
[0.591s] Level 1:colcon.colcon_core.package_identification:_identify(.) by extension 'cmake'
[0.591s] Level 1:colcon.colcon_core.package_identification:_identify(.) by extension 'python'
[0.591s] Level 1:colcon.colcon_core.package_identification:_identify(.) by extensions ['python_setup_py']
[0.591s] Level 1:colcon.colcon_core.package_identification:_identify(.) by extension 'python_setup_py'
[0.591s] Level 1:colcon.colcon_core.package_identification:_identify(build) by extensions ['ignore', 'ignore_ament_install']
[0.592s] Level 1:colcon.colcon_core.package_identification:_identify(build) by extension 'ignore'
[0.592s] Level 1:colcon.colcon_core.package_identification:_identify(build) ignored
[0.592s] Level 1:colcon.colcon_core.package_identification:_identify(install) by extensions ['ignore', 'ignore_ament_install']
[0.592s] Level 1:colcon.colcon_core.package_identification:_identify(install) by extension 'ignore'
[0.592s] Level 1:colcon.colcon_core.package_identification:_identify(install) ignored
[0.593s] Level 1:colcon.colcon_core.package_identification:_identify(log) by extensions ['ignore', 'ignore_ament_install']
[0.593s] Level 1:colcon.colcon_core.package_identification:_identify(log) by extension 'ignore'
[0.593s] Level 1:colcon.colcon_core.package_identification:_identify(log) ignored
[0.593s] Level 1:colcon.colcon_core.package_identification:_identify(src) by extensions ['ignore', 'ignore_ament_install']
[0.594s] Level 1:colcon.colcon_core.package_identification:_identify(src) by extension 'ignore'
[0.594s] Level 1:colcon.colcon_core.package_identification:_identify(src) by extension 'ignore_ament_install'
[0.594s] Level 1:colcon.colcon_core.package_identification:_identify(src) by extensions ['colcon_pkg']
[0.594s] Level 1:colcon.colcon_core.package_identification:_identify(src) by extension 'colcon_pkg'
[0.594s] Level 1:colcon.colcon_core.package_identification:_identify(src) by extensions ['colcon_meta']
[0.594s] Level 1:colcon.colcon_core.package_identification:_identify(src) by extension 'colcon_meta'
[0.594s] Level 1:colcon.colcon_core.package_identification:_identify(src) by extensions ['ros']
[0.594s] Level 1:colcon.colcon_core.package_identification:_identify(src) by extension 'ros'
[0.595s] Level 1:colcon.colcon_core.package_identification:_identify(src) by extensions ['cmake', 'python']
[0.595s] Level 1:colcon.colcon_core.package_identification:_identify(src) by extension 'cmake'
[0.595s] Level 1:colcon.colcon_core.package_identification:_identify(src) by extension 'python'
[0.595s] Level 1:colcon.colcon_core.package_identification:_identify(src) by extensions ['python_setup_py']
[0.595s] Level 1:colcon.colcon_core.package_identification:_identify(src) by extension 'python_setup_py'
[0.595s] Level 1:colcon.colcon_core.package_identification:_identify(src/build) by extensions ['ignore', 'ignore_ament_install']
[0.595s] Level 1:colcon.colcon_core.package_identification:_identify(src/build) by extension 'ignore'
[0.595s] Level 1:colcon.colcon_core.package_identification:_identify(src/build) ignored
[0.595s] Level 1:colcon.colcon_core.package_identification:_identify(src/install) by extensions ['ignore', 'ignore_ament_install']
[0.596s] Level 1:colcon.colcon_core.package_identification:_identify(src/install) by extension 'ignore'
[0.596s] Level 1:colcon.colcon_core.package_identification:_identify(src/install) ignored
[0.596s] Level 1:colcon.colcon_core.package_identification:_identify(src/log) by extensions ['ignore', 'ignore_ament_install']
[0.596s] Level 1:colcon.colcon_core.package_identification:_identify(src/log) by extension 'ignore'
[0.596s] Level 1:colcon.colcon_core.package_identification:_identify(src/log) ignored
[0.597s] Level 1:colcon.colcon_core.package_identification:_identify(src/map) by extensions ['ignore', 'ignore_ament_install']
[0.597s] Level 1:colcon.colcon_core.package_identification:_identify(src/map) by extension 'ignore'
[0.597s] Level 1:colcon.colcon_core.package_identification:_identify(src/map) by extension 'ignore_ament_install'
[0.597s] Level 1:colcon.colcon_core.package_identification:_identify(src/map) by extensions ['colcon_pkg']
[0.597s] Level 1:colcon.colcon_core.package_identification:_identify(src/map) by extension 'colcon_pkg'
[0.597s] Level 1:colcon.colcon_core.package_identification:_identify(src/map) by extensions ['colcon_meta']
[0.597s] Level 1:colcon.colcon_core.package_identification:_identify(src/map) by extension 'colcon_meta'
[0.597s] Level 1:colcon.colcon_core.package_identification:_identify(src/map) by extensions ['ros']
[0.597s] Level 1:colcon.colcon_core.package_identification:_identify(src/map) by extension 'ros'
[0.600s] DEBUG:colcon.colcon_core.package_identification:Package 'src/map' with type 'ros.ament_python' and name 'map'
[0.601s] Level 1:colcon.colcon_core.package_identification:_identify(src/my_package) by extensions ['ignore', 'ignore_ament_install']
[0.601s] Level 1:colcon.colcon_core.package_identification:_identify(src/my_package) by extension 'ignore'
[0.601s] Level 1:colcon.colcon_core.package_identification:_identify(src/my_package) by extension 'ignore_ament_install'
[0.601s] Level 1:colcon.colcon_core.package_identification:_identify(src/my_package) by extensions ['colcon_pkg']
[0.601s] Level 1:colcon.colcon_core.package_identification:_identify(src/my_package) by extension 'colcon_pkg'
[0.601s] Level 1:colcon.colcon_core.package_identification:_identify(src/my_package) by extensions ['colcon_meta']
[0.601s] Level 1:colcon.colcon_core.package_identification:_identify(src/my_package) by extension 'colcon_meta'
[0.602s] Level 1:colcon.colcon_core.package_identification:_identify(src/my_package) by extensions ['ros']
[0.602s] Level 1:colcon.colcon_core.package_identification:_identify(src/my_package) by extension 'ros'
[0.603s] DEBUG:colcon.colcon_core.package_identification:Package 'src/my_package' with type 'ros.ament_python' and name 'my_package'
[0.603s] Level 1:colcon.colcon_core.package_identification:_identify(src/ros_tutorials) by extensions ['ignore', 'ignore_ament_install']
[0.603s] Level 1:colcon.colcon_core.package_identification:_identify(src/ros_tutorials) by extension 'ignore'
[0.604s] Level 1:colcon.colcon_core.package_identification:_identify(src/ros_tutorials) by extension 'ignore_ament_install'
[0.604s] Level 1:colcon.colcon_core.package_identification:_identify(src/ros_tutorials) by extensions ['colcon_pkg']
[0.604s] Level 1:colcon.colcon_core.package_identification:_identify(src/ros_tutorials) by extension 'colcon_pkg'
[0.604s] Level 1:colcon.colcon_core.package_identification:_identify(src/ros_tutorials) by extensions ['colcon_meta']
[0.604s] Level 1:colcon.colcon_core.package_identification:_identify(src/ros_tutorials) by extension 'colcon_meta'
[0.604s] Level 1:colcon.colcon_core.package_identification:_identify(src/ros_tutorials) by extensions ['ros']
[0.604s] Level 1:colcon.colcon_core.package_identification:_identify(src/ros_tutorials) by extension 'ros'
[0.604s] Level 1:colcon.colcon_core.package_identification:_identify(src/ros_tutorials) by extensions ['cmake', 'python']
[0.604s] Level 1:colcon.colcon_core.package_identification:_identify(src/ros_tutorials) by extension 'cmake'
[0.605s] Level 1:colcon.colcon_core.package_identification:_identify(src/ros_tutorials) by extension 'python'
[0.605s] Level 1:colcon.colcon_core.package_identification:_identify(src/ros_tutorials) by extensions ['python_setup_py']
[0.605s] Level 1:colcon.colcon_core.package_identification:_identify(src/ros_tutorials) by extension 'python_setup_py'
[0.605s] Level 1:colcon.colcon_core.package_identification:_identify(src/ros_tutorials/ros_tutorials) by extensions ['ignore', 'ignore_ament_install']
[0.605s] Level 1:colcon.colcon_core.package_identification:_identify(src/ros_tutorials/ros_tutorials) by extension 'ignore'
[0.605s] Level 1:colcon.colcon_core.package_identification:_identify(src/ros_tutorials/ros_tutorials) ignored
[0.606s] Level 1:colcon.colcon_core.package_identification:_identify(src/ros_tutorials/roscpp_tutorials) by extensions ['ignore', 'ignore_ament_install']
[0.606s] Level 1:colcon.colcon_core.package_identification:_identify(src/ros_tutorials/roscpp_tutorials) by extension 'ignore'
[0.606s] Level 1:colcon.colcon_core.package_identification:_identify(src/ros_tutorials/roscpp_tutorials) ignored
[0.606s] Level 1:colcon.colcon_core.package_identification:_identify(src/ros_tutorials/rospy_tutorials) by extensions ['ignore', 'ignore_ament_install']
[0.606s] Level 1:colcon.colcon_core.package_identification:_identify(src/ros_tutorials/rospy_tutorials) by extension 'ignore'
[0.606s] Level 1:colcon.colcon_core.package_identification:_identify(src/ros_tutorials/rospy_tutorials) ignored
[0.607s] Level 1:colcon.colcon_core.package_identification:_identify(src/ros_tutorials/turtlesim) by extensions ['ignore', 'ignore_ament_install']
[0.607s] Level 1:colcon.colcon_core.package_identification:_identify(src/ros_tutorials/turtlesim) by extension 'ignore'
[0.607s] Level 1:colcon.colcon_core.package_identification:_identify(src/ros_tutorials/turtlesim) by extension 'ignore_ament_install'
[0.607s] Level 1:colcon.colcon_core.package_identification:_identify(src/ros_tutorials/turtlesim) by extensions ['colcon_pkg']
[0.607s] Level 1:colcon.colcon_core.package_identification:_identify(src/ros_tutorials/turtlesim) by extension 'colcon_pkg'
[0.607s] Level 1:colcon.colcon_core.package_identification:_identify(src/ros_tutorials/turtlesim) by extensions ['colcon_meta']
[0.607s] Level 1:colcon.colcon_core.package_identification:_identify(src/ros_tutorials/turtlesim) by extension 'colcon_meta'
[0.607s] Level 1:colcon.colcon_core.package_identification:_identify(src/ros_tutorials/turtlesim) by extensions ['ros']
[0.607s] Level 1:colcon.colcon_core.package_identification:_identify(src/ros_tutorials/turtlesim) by extension 'ros'
[0.610s] DEBUG:colcon.colcon_core.package_identification:Package 'src/ros_tutorials/turtlesim' with type 'ros.ament_cmake' and name 'turtlesim'
[0.610s] Level 1:colcon.colcon_core.package_identification:_identify(src/simulator) by extensions ['ignore', 'ignore_ament_install']
[0.610s] Level 1:colcon.colcon_core.package_identification:_identify(src/simulator) by extension 'ignore'
[0.610s] Level 1:colcon.colcon_core.package_identification:_identify(src/simulator) by extension 'ignore_ament_install'
[0.611s] Level 1:colcon.colcon_core.package_identification:_identify(src/simulator) by extensions ['colcon_pkg']
[0.611s] Level 1:colcon.colcon_core.package_identification:_identify(src/simulator) by extension 'colcon_pkg'
[0.611s] Level 1:colcon.colcon_core.package_identification:_identify(src/simulator) by extensions ['colcon_meta']
[0.611s] Level 1:colcon.colcon_core.package_identification:_identify(src/simulator) by extension 'colcon_meta'
[0.611s] Level 1:colcon.colcon_core.package_identification:_identify(src/simulator) by extensions ['ros']
[0.611s] Level 1:colcon.colcon_core.package_identification:_identify(src/simulator) by extension 'ros'
[0.611s] DEBUG:colcon.colcon_core.package_identification:Package 'src/simulator' with type 'ros.ament_python' and name 'simulator'
[0.612s] Level 1:colcon.colcon_core.package_discovery:discover_packages(recursive) using defaults
[0.612s] Level 1:colcon.colcon_core.package_discovery:discover_packages(ignore) discover
[0.612s] Level 1:colcon.colcon_core.package_discovery:discover_packages(ignore) using defaults
[0.612s] Level 1:colcon.colcon_core.package_discovery:discover_packages(path) discover
[0.612s] Level 1:colcon.colcon_core.package_discovery:discover_packages(path) using defaults
[0.644s] Level 5:colcon.colcon_core.verb:set package 'map' build argument 'cmake_args' from command line to 'None'
[0.644s] Level 5:colcon.colcon_core.verb:set package 'map' build argument 'cmake_target' from command line to 'None'
[0.644s] Level 5:colcon.colcon_core.verb:set package 'map' build argument 'cmake_target_skip_unavailable' from command line to 'False'
[0.644s] Level 5:colcon.colcon_core.verb:set package 'map' build argument 'cmake_clean_cache' from command line to 'False'
[0.645s] Level 5:colcon.colcon_core.verb:set package 'map' build argument 'cmake_clean_first' from command line to 'False'
[0.645s] Level 5:colcon.colcon_core.verb:set package 'map' build argument 'cmake_force_configure' from command line to 'False'
[0.645s] Level 5:colcon.colcon_core.verb:set package 'map' build argument 'ament_cmake_args' from command line to 'None'
[0.645s] Level 5:colcon.colcon_core.verb:set package 'map' build argument 'catkin_cmake_args' from command line to 'None'
[0.645s] Level 5:colcon.colcon_core.verb:set package 'map' build argument 'catkin_skip_building_tests' from command line to 'False'
[0.645s] DEBUG:colcon.colcon_core.verb:Building package 'map' with the following arguments: {'ament_cmake_args': None, 'build_base': '/home/bolka/dev_ws/build/map', 'catkin_cmake_args': None, 'catkin_skip_building_tests': False, 'cmake_args': None, 'cmake_clean_cache': False, 'cmake_clean_first': False, 'cmake_force_configure': False, 'cmake_target': None, 'cmake_target_skip_unavailable': False, 'install_base': '/home/bolka/dev_ws/install/map', 'merge_install': False, 'path': '/home/bolka/dev_ws/src/map', 'symlink_install': False, 'test_result_base': None}
[0.649s] Level 5:colcon.colcon_core.verb:set package 'my_package' build argument 'cmake_args' from command line to 'None'
[0.649s] Level 5:colcon.colcon_core.verb:set package 'my_package' build argument 'cmake_target' from command line to 'None'
[0.649s] Level 5:colcon.colcon_core.verb:set package 'my_package' build argument 'cmake_target_skip_unavailable' from command line to 'False'
[0.649s] Level 5:colcon.colcon_core.verb:set package 'my_package' build argument 'cmake_clean_cache' from command line to 'False'
[0.649s] Level 5:colcon.colcon_core.verb:set package 'my_package' build argument 'cmake_clean_first' from command line to 'False'
[0.649s] Level 5:colcon.colcon_core.verb:set package 'my_package' build argument 'cmake_force_configure' from command line to 'False'
[0.649s] Level 5:colcon.colcon_core.verb:set package 'my_package' build argument 'ament_cmake_args' from command line to 'None'
[0.649s] Level 5:colcon.colcon_core.verb:set package 'my_package' build argument 'catkin_cmake_args' from command line to 'None'
[0.649s] Level 5:colcon.colcon_core.verb:set package 'my_package' build argument 'catkin_skip_building_tests' from command line to 'False'
[0.650s] DEBUG:colcon.colcon_core.verb:Building package 'my_package' with the following arguments: {'ament_cmake_args': None, 'build_base': '/home/bolka/dev_ws/build/my_package', 'catkin_cmake_args': None, 'catkin_skip_building_tests': False, 'cmake_args': None, 'cmake_clean_cache': False, 'cmake_clean_first': False, 'cmake_force_configure': False, 'cmake_target': None, 'cmake_target_skip_unavailable': False, 'install_base': '/home/bolka/dev_ws/install/my_package', 'merge_install': False, 'path': '/home/bolka/dev_ws/src/my_package', 'symlink_install': False, 'test_result_base': None}
[0.653s] Level 5:colcon.colcon_core.verb:set package 'simulator' build argument 'cmake_args' from command line to 'None'
[0.653s] Level 5:colcon.colcon_core.verb:set package 'simulator' build argument 'cmake_target' from command line to 'None'
[0.653s] Level 5:colcon.colcon_core.verb:set package 'simulator' build argument 'cmake_target_skip_unavailable' from command line to 'False'
[0.653s] Level 5:colcon.colcon_core.verb:set package 'simulator' build argument 'cmake_clean_cache' from command line to 'False'
[0.653s] Level 5:colcon.colcon_core.verb:set package 'simulator' build argument 'cmake_clean_first' from command line to 'False'
[0.653s] Level 5:colcon.colcon_core.verb:set package 'simulator' build argument 'cmake_force_configure' from command line to 'False'
[0.653s] Level 5:colcon.colcon_core.verb:set package 'simulator' build argument 'ament_cmake_args' from command line to 'None'
[0.653s] Level 5:colcon.colcon_core.verb:set package 'simulator' build argument 'catkin_cmake_args' from command line to 'None'
[0.654s] Level 5:colcon.colcon_core.verb:set package 'simulator' build argument 'catkin_skip_building_tests' from command line to 'False'
[0.654s] DEBUG:colcon.colcon_core.verb:Building package 'simulator' with the following arguments: {'ament_cmake_args': None, 'build_base': '/home/bolka/dev_ws/build/simulator', 'catkin_cmake_args': None, 'catkin_skip_building_tests': False, 'cmake_args': None, 'cmake_clean_cache': False, 'cmake_clean_first': False, 'cmake_force_configure': False, 'cmake_target': None, 'cmake_target_skip_unavailable': False, 'install_base': '/home/bolka/dev_ws/install/simulator', 'merge_install': False, 'path': '/home/bolka/dev_ws/src/simulator', 'symlink_install': False, 'test_result_base': None}
[0.657s] Level 5:colcon.colcon_core.verb:set package 'turtlesim' build argument 'cmake_args' from command line to 'None'
[0.657s] Level 5:colcon.colcon_core.verb:set package 'turtlesim' build argument 'cmake_target' from command line to 'None'
[0.657s] Level 5:colcon.colcon_core.verb:set package 'turtlesim' build argument 'cmake_target_skip_unavailable' from command line to 'False'
[0.657s] Level 5:colcon.colcon_core.verb:set package 'turtlesim' build argument 'cmake_clean_cache' from command line to 'False'
[0.657s] Level 5:colcon.colcon_core.verb:set package 'turtlesim' build argument 'cmake_clean_first' from command line to 'False'
[0.657s] Level 5:colcon.colcon_core.verb:set package 'turtlesim' build argument 'cmake_force_configure' from command line to 'False'
[0.657s] Level 5:colcon.colcon_core.verb:set package 'turtlesim' build argument 'ament_cmake_args' from command line to 'None'
[0.657s] Level 5:colcon.colcon_core.verb:set package 'turtlesim' build argument 'catkin_cmake_args' from command line to 'None'
[0.657s] Level 5:colcon.colcon_core.verb:set package 'turtlesim' build argument 'catkin_skip_building_tests' from command line to 'False'
[0.657s] DEBUG:colcon.colcon_core.verb:Building package 'turtlesim' with the following arguments: {'ament_cmake_args': None, 'build_base': '/home/bolka/dev_ws/build/turtlesim', 'catkin_cmake_args': None, 'catkin_skip_building_tests': False, 'cmake_args': None, 'cmake_clean_cache': False, 'cmake_clean_first': False, 'cmake_force_configure': False, 'cmake_target': None, 'cmake_target_skip_unavailable': False, 'install_base': '/home/bolka/dev_ws/install/turtlesim', 'merge_install': False, 'path': '/home/bolka/dev_ws/src/ros_tutorials/turtlesim', 'symlink_install': False, 'test_result_base': None}
[0.658s] INFO:colcon.colcon_core.executor:Executing jobs using 'parallel' executor
[0.661s] DEBUG:colcon.colcon_parallel_executor.executor.parallel:run_until_complete
[0.661s] INFO:colcon.colcon_ros.task.ament_python.build:Building ROS package in '/home/bolka/dev_ws/src/map' with build type 'ament_python'
[0.661s] Level 1:colcon.colcon_core.shell:create_environment_hook('map', 'ament_prefix_path')
[0.668s] INFO:colcon.colcon_core.plugin_system:Skipping extension 'colcon_core.shell.bat': Not used on non-Windows systems
[0.668s] INFO:colcon.colcon_core.shell:Creating environment hook '/home/bolka/dev_ws/install/map/share/map/hook/ament_prefix_path.ps1'
[0.671s] INFO:colcon.colcon_core.shell:Creating environment descriptor '/home/bolka/dev_ws/install/map/share/map/hook/ament_prefix_path.dsv'
[0.672s] INFO:colcon.colcon_core.shell:Creating environment hook '/home/bolka/dev_ws/install/map/share/map/hook/ament_prefix_path.sh'
[0.676s] INFO:colcon.colcon_core.shell:Skip shell extension 'powershell' for command environment: Not usable outside of PowerShell
[0.676s] DEBUG:colcon.colcon_core.shell:Skip shell extension 'dsv' for command environment
[0.681s] DEBUG:colcon.colcon_core.shell:Ignoring prefix path '/opt/ros/galactic'
[0.686s] INFO:colcon.colcon_ros.task.ament_python.build:Building ROS package in '/home/bolka/dev_ws/src/my_package' with build type 'ament_python'
[0.686s] Level 1:colcon.colcon_core.shell:create_environment_hook('my_package', 'ament_prefix_path')
[0.688s] INFO:colcon.colcon_core.shell:Creating environment hook '/home/bolka/dev_ws/install/my_package/share/my_package/hook/ament_prefix_path.ps1'
[0.691s] INFO:colcon.colcon_core.shell:Creating environment descriptor '/home/bolka/dev_ws/install/my_package/share/my_package/hook/ament_prefix_path.dsv'
[0.691s] INFO:colcon.colcon_core.shell:Creating environment hook '/home/bolka/dev_ws/install/my_package/share/my_package/hook/ament_prefix_path.sh'
[0.693s] INFO:colcon.colcon_core.shell:Skip shell extension 'powershell' for command environment: Not usable outside of PowerShell
[0.693s] DEBUG:colcon.colcon_core.shell:Skip shell extension 'dsv' for command environment
[0.696s] DEBUG:colcon.colcon_core.shell:Ignoring prefix path '/opt/ros/galactic'
[0.700s] INFO:colcon.colcon_ros.task.ament_python.build:Building ROS package in '/home/bolka/dev_ws/src/simulator' with build type 'ament_python'
[0.701s] Level 1:colcon.colcon_core.shell:create_environment_hook('simulator', 'ament_prefix_path')
[0.703s] INFO:colcon.colcon_core.shell:Creating environment hook '/home/bolka/dev_ws/install/simulator/share/simulator/hook/ament_prefix_path.ps1'
[0.704s] INFO:colcon.colcon_core.shell:Creating environment descriptor '/home/bolka/dev_ws/install/simulator/share/simulator/hook/ament_prefix_path.dsv'
[0.704s] INFO:colcon.colcon_core.shell:Creating environment hook '/home/bolka/dev_ws/install/simulator/share/simulator/hook/ament_prefix_path.sh'
[0.706s] INFO:colcon.colcon_core.shell:Skip shell extension 'powershell' for command environment: Not usable outside of PowerShell
[0.706s] DEBUG:colcon.colcon_core.shell:Skip shell extension 'dsv' for command environment
[0.708s] DEBUG:colcon.colcon_core.shell:Ignoring prefix path '/opt/ros/galactic'
[0.711s] INFO:colcon.colcon_ros.task.ament_cmake.build:Building ROS package in '/home/bolka/dev_ws/src/ros_tutorials/turtlesim' with build type 'ament_cmake'
[0.712s] INFO:colcon.colcon_cmake.task.cmake.build:Building CMake package in '/home/bolka/dev_ws/src/ros_tutorials/turtlesim'
[0.714s] INFO:colcon.colcon_core.shell:Skip shell extension 'powershell' for command environment: Not usable outside of PowerShell
[0.714s] DEBUG:colcon.colcon_core.shell:Skip shell extension 'dsv' for command environment
[0.720s] DEBUG:colcon.colcon_core.shell:Ignoring prefix path '/opt/ros/galactic'
[1.142s] INFO:colcon.colcon_core.task.python.build:Building Python package in '/home/bolka/dev_ws/src/map'
[1.144s] INFO:colcon.colcon_core.shell:Skip shell extension 'powershell' for command environment: Not usable outside of PowerShell
[1.144s] DEBUG:colcon.colcon_core.shell:Skip shell extension 'dsv' for command environment
[1.148s] DEBUG:colcon.colcon_core.shell:Ignoring prefix path '/opt/ros/galactic'
[1.549s] INFO:colcon.colcon_core.task.python.build:Building Python package in '/home/bolka/dev_ws/src/my_package'
[1.551s] INFO:colcon.colcon_core.shell:Skip shell extension 'powershell' for command environment: Not usable outside of PowerShell
[1.551s] DEBUG:colcon.colcon_core.shell:Skip shell extension 'dsv' for command environment
[1.554s] DEBUG:colcon.colcon_core.shell:Ignoring prefix path '/opt/ros/galactic'
[1.951s] INFO:colcon.colcon_core.task.python.build:Building Python package in '/home/bolka/dev_ws/src/simulator'
[1.953s] INFO:colcon.colcon_core.shell:Skip shell extension 'powershell' for command environment: Not usable outside of PowerShell
[1.953s] DEBUG:colcon.colcon_core.shell:Skip shell extension 'dsv' for command environment
[1.957s] DEBUG:colcon.colcon_core.shell:Ignoring prefix path '/opt/ros/galactic'
[1.969s] DEBUG:colcon.colcon_core.event_handler.log_command:Invoking command in '/home/bolka/dev_ws/build/turtlesim': CMAKE_PREFIX_PATH=${CMAKE_PREFIX_PATH}:/home/bolka/dev_ws/install/simulator:/home/bolka/dev_ws/install/my_package:/home/bolka/dev_ws/install/map:/opt/ros/galactic /usr/bin/cmake --build /home/bolka/dev_ws/build/turtlesim -- -j4 -l4
[1.984s] DEBUG:colcon.colcon_core.event_handler.log_command:Invoking command in '/home/bolka/dev_ws/src/map': PYTHONPATH=/home/bolka/dev_ws/install/map/lib/python3.8/site-packages:${PYTHONPATH} /usr/bin/python3 setup.py egg_info --egg-base ../../build/map build --build-base /home/bolka/dev_ws/build/map/build install --prefix /home/bolka/dev_ws/install/map --record /home/bolka/dev_ws/build/map/install.log --single-version-externally-managed
[1.998s] DEBUG:colcon.colcon_core.event_handler.log_command:Invoking command in '/home/bolka/dev_ws/src/my_package': PYTHONPATH=/home/bolka/dev_ws/install/my_package/lib/python3.8/site-packages:${PYTHONPATH} /usr/bin/python3 setup.py egg_info --egg-base ../../build/my_package build --build-base /home/bolka/dev_ws/build/my_package/build install --prefix /home/bolka/dev_ws/install/my_package --record /home/bolka/dev_ws/build/my_package/install.log --single-version-externally-managed
[2.021s] DEBUG:colcon.colcon_core.event_handler.log_command:Invoking command in '/home/bolka/dev_ws/src/simulator': PYTHONPATH=/home/bolka/dev_ws/install/simulator/lib/python3.8/site-packages:${PYTHONPATH} /usr/bin/python3 setup.py egg_info --egg-base ../../build/simulator build --build-base /home/bolka/dev_ws/build/simulator/build install --prefix /home/bolka/dev_ws/install/simulator --record /home/bolka/dev_ws/build/simulator/install.log --single-version-externally-managed
[3.088s] DEBUG:colcon.colcon_core.event_handler.log_command:Invoked command in '/home/bolka/dev_ws/src/map' returned '0': PYTHONPATH=/home/bolka/dev_ws/install/map/lib/python3.8/site-packages:${PYTHONPATH} /usr/bin/python3 setup.py egg_info --egg-base ../../build/map build --build-base /home/bolka/dev_ws/build/map/build install --prefix /home/bolka/dev_ws/install/map --record /home/bolka/dev_ws/build/map/install.log --single-version-externally-managed
[3.100s] Level 1:colcon.colcon_core.environment:checking '/home/bolka/dev_ws/install/map' for CMake module files
[3.101s] Level 1:colcon.colcon_core.environment:checking '/home/bolka/dev_ws/install/map' for CMake config files
[3.103s] Level 1:colcon.colcon_core.environment:checking '/home/bolka/dev_ws/install/map/lib'
[3.104s] Level 1:colcon.colcon_core.environment:checking '/home/bolka/dev_ws/install/map/bin'
[3.104s] Level 1:colcon.colcon_core.environment:checking '/home/bolka/dev_ws/install/map/lib/pkgconfig/map.pc'
[3.104s] Level 1:colcon.colcon_core.environment:checking '/home/bolka/dev_ws/install/map/lib/python3.8/site-packages'
[3.104s] Level 1:colcon.colcon_core.shell:create_environment_hook('map', 'pythonpath')
[3.106s] INFO:colcon.colcon_core.shell:Creating environment hook '/home/bolka/dev_ws/install/map/share/map/hook/pythonpath.ps1'
[3.108s] INFO:colcon.colcon_core.shell:Creating environment descriptor '/home/bolka/dev_ws/install/map/share/map/hook/pythonpath.dsv'
[3.109s] INFO:colcon.colcon_core.shell:Creating environment hook '/home/bolka/dev_ws/install/map/share/map/hook/pythonpath.sh'
[3.110s] Level 1:colcon.colcon_core.environment:create_environment_scripts_only(map)
[3.112s] INFO:colcon.colcon_core.shell:Creating package script '/home/bolka/dev_ws/install/map/share/map/package.ps1'
[3.114s] INFO:colcon.colcon_core.shell:Creating package descriptor '/home/bolka/dev_ws/install/map/share/map/package.dsv'
[3.116s] INFO:colcon.colcon_core.shell:Creating package script '/home/bolka/dev_ws/install/map/share/map/package.sh'
[3.118s] INFO:colcon.colcon_core.shell:Creating package script '/home/bolka/dev_ws/install/map/share/map/package.bash'
[3.120s] INFO:colcon.colcon_core.shell:Creating package script '/home/bolka/dev_ws/install/map/share/map/package.zsh'
[3.122s] Level 1:colcon.colcon_core.environment:create_file_with_runtime_dependencies(/home/bolka/dev_ws/install/map/share/colcon-core/packages/map)
[3.226s] DEBUG:colcon.colcon_core.event_handler.log_command:Invoked command in '/home/bolka/dev_ws/build/turtlesim' returned '0': CMAKE_PREFIX_PATH=${CMAKE_PREFIX_PATH}:/home/bolka/dev_ws/install/simulator:/home/bolka/dev_ws/install/my_package:/home/bolka/dev_ws/install/map:/opt/ros/galactic /usr/bin/cmake --build /home/bolka/dev_ws/build/turtlesim -- -j4 -l4
[3.235s] Level 1:colcon.colcon_core.environment:checking '/home/bolka/dev_ws/install/my_package' for CMake module files
[3.235s] DEBUG:colcon.colcon_core.event_handler.log_command:Invoked command in '/home/bolka/dev_ws/src/my_package' returned '0': PYTHONPATH=/home/bolka/dev_ws/install/my_package/lib/python3.8/site-packages:${PYTHONPATH} /usr/bin/python3 setup.py egg_info --egg-base ../../build/my_package build --build-base /home/bolka/dev_ws/build/my_package/build install --prefix /home/bolka/dev_ws/install/my_package --record /home/bolka/dev_ws/build/my_package/install.log --single-version-externally-managed
[3.237s] Level 1:colcon.colcon_core.environment:checking '/home/bolka/dev_ws/install/my_package' for CMake config files
[3.238s] Level 1:colcon.colcon_core.environment:checking '/home/bolka/dev_ws/install/my_package/lib'
[3.238s] Level 1:colcon.colcon_core.environment:checking '/home/bolka/dev_ws/install/my_package/bin'
[3.239s] Level 1:colcon.colcon_core.environment:checking '/home/bolka/dev_ws/install/my_package/lib/pkgconfig/my_package.pc'
[3.239s] Level 1:colcon.colcon_core.environment:checking '/home/bolka/dev_ws/install/my_package/lib/python3.8/site-packages'
[3.239s] Level 1:colcon.colcon_core.shell:create_environment_hook('my_package', 'pythonpath')
[3.240s] INFO:colcon.colcon_core.shell:Creating environment hook '/home/bolka/dev_ws/install/my_package/share/my_package/hook/pythonpath.ps1'
[3.242s] INFO:colcon.colcon_core.shell:Creating environment descriptor '/home/bolka/dev_ws/install/my_package/share/my_package/hook/pythonpath.dsv'
[3.243s] INFO:colcon.colcon_core.shell:Creating environment hook '/home/bolka/dev_ws/install/my_package/share/my_package/hook/pythonpath.sh'
[3.244s] Level 1:colcon.colcon_core.environment:create_environment_scripts_only(my_package)
[3.246s] INFO:colcon.colcon_core.shell:Creating package script '/home/bolka/dev_ws/install/my_package/share/my_package/package.ps1'
[3.247s] INFO:colcon.colcon_core.shell:Creating package descriptor '/home/bolka/dev_ws/install/my_package/share/my_package/package.dsv'
[3.248s] INFO:colcon.colcon_core.shell:Creating package script '/home/bolka/dev_ws/install/my_package/share/my_package/package.sh'
[3.249s] INFO:colcon.colcon_core.shell:Creating package script '/home/bolka/dev_ws/install/my_package/share/my_package/package.bash'
[3.250s] INFO:colcon.colcon_core.shell:Creating package script '/home/bolka/dev_ws/install/my_package/share/my_package/package.zsh'
[3.251s] Level 1:colcon.colcon_core.environment:create_file_with_runtime_dependencies(/home/bolka/dev_ws/install/my_package/share/colcon-core/packages/my_package)
[3.370s] Level 1:colcon.colcon_core.environment:checking '/home/bolka/dev_ws/install/simulator' for CMake module files
[3.371s] DEBUG:colcon.colcon_core.event_handler.log_command:Invoked command in '/home/bolka/dev_ws/src/simulator' returned '0': PYTHONPATH=/home/bolka/dev_ws/install/simulator/lib/python3.8/site-packages:${PYTHONPATH} /usr/bin/python3 setup.py egg_info --egg-base ../../build/simulator build --build-base /home/bolka/dev_ws/build/simulator/build install --prefix /home/bolka/dev_ws/install/simulator --record /home/bolka/dev_ws/build/simulator/install.log --single-version-externally-managed
[3.371s] Level 1:colcon.colcon_core.environment:checking '/home/bolka/dev_ws/install/simulator' for CMake config files
[3.372s] Level 1:colcon.colcon_core.environment:checking '/home/bolka/dev_ws/install/simulator/lib'
[3.373s] Level 1:colcon.colcon_core.environment:checking '/home/bolka/dev_ws/install/simulator/bin'
[3.373s] Level 1:colcon.colcon_core.environment:checking '/home/bolka/dev_ws/install/simulator/lib/pkgconfig/simulator.pc'
[3.373s] Level 1:colcon.colcon_core.environment:checking '/home/bolka/dev_ws/install/simulator/lib/python3.8/site-packages'
[3.373s] Level 1:colcon.colcon_core.shell:create_environment_hook('simulator', 'pythonpath')
[3.374s] INFO:colcon.colcon_core.shell:Creating environment hook '/home/bolka/dev_ws/install/simulator/share/simulator/hook/pythonpath.ps1'
[3.374s] INFO:colcon.colcon_core.shell:Creating environment descriptor '/home/bolka/dev_ws/install/simulator/share/simulator/hook/pythonpath.dsv'
[3.375s] INFO:colcon.colcon_core.shell:Creating environment hook '/home/bolka/dev_ws/install/simulator/share/simulator/hook/pythonpath.sh'
[3.376s] Level 1:colcon.colcon_core.environment:create_environment_scripts_only(simulator)
[3.377s] INFO:colcon.colcon_core.shell:Creating package script '/home/bolka/dev_ws/install/simulator/share/simulator/package.ps1'
[3.378s] INFO:colcon.colcon_core.shell:Creating package descriptor '/home/bolka/dev_ws/install/simulator/share/simulator/package.dsv'
[3.379s] INFO:colcon.colcon_core.shell:Creating package script '/home/bolka/dev_ws/install/simulator/share/simulator/package.sh'
[3.379s] INFO:colcon.colcon_core.shell:Creating package script '/home/bolka/dev_ws/install/simulator/share/simulator/package.bash'
[3.380s] INFO:colcon.colcon_core.shell:Creating package script '/home/bolka/dev_ws/install/simulator/share/simulator/package.zsh'
[3.381s] Level 1:colcon.colcon_core.environment:create_file_with_runtime_dependencies(/home/bolka/dev_ws/install/simulator/share/colcon-core/packages/simulator)
[3.561s] DEBUG:colcon.colcon_core.event_handler.log_command:Invoking command in '/home/bolka/dev_ws/build/turtlesim': CMAKE_PREFIX_PATH=${CMAKE_PREFIX_PATH}:/home/bolka/dev_ws/install/simulator:/home/bolka/dev_ws/install/my_package:/home/bolka/dev_ws/install/map:/opt/ros/galactic /usr/bin/cmake --install /home/bolka/dev_ws/build/turtlesim
[3.677s] Level 1:colcon.colcon_core.environment:create_environment_scripts_only(turtlesim)
[3.679s] Level 1:colcon.colcon_core.environment:checking '/home/bolka/dev_ws/install/turtlesim' for CMake module files
[3.683s] DEBUG:colcon.colcon_core.event_handler.log_command:Invoked command in '/home/bolka/dev_ws/build/turtlesim' returned '0': CMAKE_PREFIX_PATH=${CMAKE_PREFIX_PATH}:/home/bolka/dev_ws/install/simulator:/home/bolka/dev_ws/install/my_package:/home/bolka/dev_ws/install/map:/opt/ros/galactic /usr/bin/cmake --install /home/bolka/dev_ws/build/turtlesim
[3.684s] Level 1:colcon.colcon_core.environment:checking '/home/bolka/dev_ws/install/turtlesim' for CMake config files
[3.685s] Level 1:colcon.colcon_core.shell:create_environment_hook('turtlesim', 'cmake_prefix_path')
[3.687s] INFO:colcon.colcon_core.shell:Creating environment hook '/home/bolka/dev_ws/install/turtlesim/share/turtlesim/hook/cmake_prefix_path.ps1'
[3.689s] INFO:colcon.colcon_core.shell:Creating environment descriptor '/home/bolka/dev_ws/install/turtlesim/share/turtlesim/hook/cmake_prefix_path.dsv'
[3.690s] INFO:colcon.colcon_core.shell:Creating environment hook '/home/bolka/dev_ws/install/turtlesim/share/turtlesim/hook/cmake_prefix_path.sh'
[3.691s] Level 1:colcon.colcon_core.environment:checking '/home/bolka/dev_ws/install/turtlesim/lib'
[3.691s] Level 1:colcon.colcon_core.shell:create_environment_hook('turtlesim', 'ld_library_path_lib')
[3.692s] INFO:colcon.colcon_core.shell:Creating environment hook '/home/bolka/dev_ws/install/turtlesim/share/turtlesim/hook/ld_library_path_lib.ps1'
[3.693s] INFO:colcon.colcon_core.shell:Creating environment descriptor '/home/bolka/dev_ws/install/turtlesim/share/turtlesim/hook/ld_library_path_lib.dsv'
[3.694s] INFO:colcon.colcon_core.shell:Creating environment hook '/home/bolka/dev_ws/install/turtlesim/share/turtlesim/hook/ld_library_path_lib.sh'
[3.695s] Level 1:colcon.colcon_core.environment:checking '/home/bolka/dev_ws/install/turtlesim/bin'
[3.695s] Level 1:colcon.colcon_core.environment:checking '/home/bolka/dev_ws/install/turtlesim/lib/pkgconfig/turtlesim.pc'
[3.695s] Level 1:colcon.colcon_core.environment:checking '/home/bolka/dev_ws/install/turtlesim/lib/python3.8/site-packages'
[3.695s] Level 1:colcon.colcon_core.shell:create_environment_hook('turtlesim', 'pythonpath')
[3.696s] INFO:colcon.colcon_core.shell:Creating environment hook '/home/bolka/dev_ws/install/turtlesim/share/turtlesim/hook/pythonpath.ps1'
[3.697s] INFO:colcon.colcon_core.shell:Creating environment descriptor '/home/bolka/dev_ws/install/turtlesim/share/turtlesim/hook/pythonpath.dsv'
[3.697s] INFO:colcon.colcon_core.shell:Creating environment hook '/home/bolka/dev_ws/install/turtlesim/share/turtlesim/hook/pythonpath.sh'
[3.699s] INFO:colcon.colcon_core.shell:Creating package script '/home/bolka/dev_ws/install/turtlesim/share/turtlesim/package.ps1'
[3.700s] INFO:colcon.colcon_core.shell:Creating package descriptor '/home/bolka/dev_ws/install/turtlesim/share/turtlesim/package.dsv'
[3.702s] INFO:colcon.colcon_core.shell:Creating package script '/home/bolka/dev_ws/install/turtlesim/share/turtlesim/package.sh'
[3.703s] INFO:colcon.colcon_core.shell:Creating package script '/home/bolka/dev_ws/install/turtlesim/share/turtlesim/package.bash'
[3.704s] INFO:colcon.colcon_core.shell:Creating package script '/home/bolka/dev_ws/install/turtlesim/share/turtlesim/package.zsh'
[3.704s] Level 1:colcon.colcon_core.environment:create_file_with_runtime_dependencies(/home/bolka/dev_ws/install/turtlesim/share/colcon-core/packages/turtlesim)
[3.966s] Level 1:colcon.colcon_core.environment:create_environment_scripts_only(turtlesim)
[3.968s] Level 1:colcon.colcon_core.environment:checking '/home/bolka/dev_ws/install/turtlesim' for CMake module files
[3.969s] Level 1:colcon.colcon_core.environment:checking '/home/bolka/dev_ws/install/turtlesim' for CMake config files
[3.970s] Level 1:colcon.colcon_core.shell:create_environment_hook('turtlesim', 'cmake_prefix_path')
[3.970s] INFO:colcon.colcon_core.shell:Creating environment hook '/home/bolka/dev_ws/install/turtlesim/share/turtlesim/hook/cmake_prefix_path.ps1'
[3.971s] INFO:colcon.colcon_core.shell:Creating environment descriptor '/home/bolka/dev_ws/install/turtlesim/share/turtlesim/hook/cmake_prefix_path.dsv'
[3.972s] INFO:colcon.colcon_core.shell:Creating environment hook '/home/bolka/dev_ws/install/turtlesim/share/turtlesim/hook/cmake_prefix_path.sh'
[3.973s] Level 1:colcon.colcon_core.environment:checking '/home/bolka/dev_ws/install/turtlesim/lib'
[3.973s] Level 1:colcon.colcon_core.shell:create_environment_hook('turtlesim', 'ld_library_path_lib')
[3.974s] INFO:colcon.colcon_core.shell:Creating environment hook '/home/bolka/dev_ws/install/turtlesim/share/turtlesim/hook/ld_library_path_lib.ps1'
[3.975s] INFO:colcon.colcon_core.shell:Creating environment descriptor '/home/bolka/dev_ws/install/turtlesim/share/turtlesim/hook/ld_library_path_lib.dsv'
[3.976s] INFO:colcon.colcon_core.shell:Creating environment hook '/home/bolka/dev_ws/install/turtlesim/share/turtlesim/hook/ld_library_path_lib.sh'
[3.976s] Level 1:colcon.colcon_core.environment:checking '/home/bolka/dev_ws/install/turtlesim/bin'
[3.976s] Level 1:colcon.colcon_core.environment:checking '/home/bolka/dev_ws/install/turtlesim/lib/pkgconfig/turtlesim.pc'
[3.977s] Level 1:colcon.colcon_core.environment:checking '/home/bolka/dev_ws/install/turtlesim/lib/python3.8/site-packages'
[3.977s] Level 1:colcon.colcon_core.shell:create_environment_hook('turtlesim', 'pythonpath')
[3.978s] INFO:colcon.colcon_core.shell:Creating environment hook '/home/bolka/dev_ws/install/turtlesim/share/turtlesim/hook/pythonpath.ps1'
[3.979s] INFO:colcon.colcon_core.shell:Creating environment descriptor '/home/bolka/dev_ws/install/turtlesim/share/turtlesim/hook/pythonpath.dsv'
[3.979s] INFO:colcon.colcon_core.shell:Creating environment hook '/home/bolka/dev_ws/install/turtlesim/share/turtlesim/hook/pythonpath.sh'
[3.982s] INFO:colcon.colcon_core.shell:Creating package script '/home/bolka/dev_ws/install/turtlesim/share/turtlesim/package.ps1'
[3.983s] INFO:colcon.colcon_core.shell:Creating package descriptor '/home/bolka/dev_ws/install/turtlesim/share/turtlesim/package.dsv'
[3.983s] INFO:colcon.colcon_core.shell:Creating package script '/home/bolka/dev_ws/install/turtlesim/share/turtlesim/package.sh'
[3.984s] INFO:colcon.colcon_core.shell:Creating package script '/home/bolka/dev_ws/install/turtlesim/share/turtlesim/package.bash'
[3.985s] INFO:colcon.colcon_core.shell:Creating package script '/home/bolka/dev_ws/install/turtlesim/share/turtlesim/package.zsh'
[3.985s] Level 1:colcon.colcon_core.environment:create_file_with_runtime_dependencies(/home/bolka/dev_ws/install/turtlesim/share/colcon-core/packages/turtlesim)
[3.986s] DEBUG:colcon.colcon_parallel_executor.executor.parallel:closing loop
[3.987s] DEBUG:colcon.colcon_parallel_executor.executor.parallel:loop closed
[3.987s] DEBUG:colcon.colcon_parallel_executor.executor.parallel:run_until_complete finished with '0'
[3.987s] DEBUG:colcon.colcon_core.event_reactor:joining thread
[3.996s] INFO:colcon.colcon_core.plugin_system:Skipping extension 'colcon_notification.desktop_notification.terminal_notifier': Not used on non-Darwin systems
[3.996s] INFO:colcon.colcon_core.plugin_system:Skipping extension 'colcon_notification.desktop_notification.win32': Not used on non-Windows systems
[3.996s] INFO:colcon.colcon_notification.desktop_notification:Sending desktop notification using 'notify2'
[4.023s] DEBUG:colcon.colcon_core.event_reactor:joined thread
[4.025s] INFO:colcon.colcon_core.shell:Creating prefix script '/home/bolka/dev_ws/install/local_setup.ps1'
[4.027s] INFO:colcon.colcon_core.shell:Creating prefix util module '/home/bolka/dev_ws/install/_local_setup_util_ps1.py'
[4.029s] INFO:colcon.colcon_core.shell:Creating prefix chain script '/home/bolka/dev_ws/install/setup.ps1'
[4.034s] INFO:colcon.colcon_core.shell:Creating prefix script '/home/bolka/dev_ws/install/local_setup.sh'
[4.035s] INFO:colcon.colcon_core.shell:Creating prefix util module '/home/bolka/dev_ws/install/_local_setup_util_sh.py'
[4.036s] INFO:colcon.colcon_core.shell:Creating prefix chain script '/home/bolka/dev_ws/install/setup.sh'
[4.039s] INFO:colcon.colcon_core.shell:Creating prefix script '/home/bolka/dev_ws/install/local_setup.bash'
[4.040s] INFO:colcon.colcon_core.shell:Creating prefix chain script '/home/bolka/dev_ws/install/setup.bash'
[4.043s] INFO:colcon.colcon_core.shell:Creating prefix script '/home/bolka/dev_ws/install/local_setup.zsh'
[4.044s] INFO:colcon.colcon_core.shell:Creating prefix chain script '/home/bolka/dev_ws/install/setup.zsh'
