[1.048s] Invoking command in '/home/bolka/dev_ws/src/simulator': PYTHONPATH=/home/bolka/dev_ws/install/simulator/lib/python3.8/site-packages:${PYTHONPATH} /usr/bin/python3 setup.py egg_info --egg-base ../../build/simulator build --build-base /home/bolka/dev_ws/build/simulator/build install --prefix /home/bolka/dev_ws/install/simulator --record /home/bolka/dev_ws/build/simulator/install.log --single-version-externally-managed
[1.698s] running egg_info
[1.698s] writing ../../build/simulator/simulator.egg-info/PKG-INFO
[1.702s] writing dependency_links to ../../build/simulator/simulator.egg-info/dependency_links.txt
[1.702s] writing entry points to ../../build/simulator/simulator.egg-info/entry_points.txt
[1.702s] writing requirements to ../../build/simulator/simulator.egg-info/requires.txt
[1.702s] writing top-level names to ../../build/simulator/simulator.egg-info/top_level.txt
[1.843s] reading manifest file '../../build/simulator/simulator.egg-info/SOURCES.txt'
[1.845s] writing manifest file '../../build/simulator/simulator.egg-info/SOURCES.txt'
[1.846s] running build
[1.846s] running build_py
[1.847s] running install
[1.849s] running install_lib
[1.852s] running install_data
[1.854s] running install_egg_info
[1.859s] removing '/home/bolka/dev_ws/install/simulator/lib/python3.8/site-packages/simulator-0.0.0-py3.8.egg-info' (and everything under it)
[1.859s] Copying ../../build/simulator/simulator.egg-info to /home/bolka/dev_ws/install/simulator/lib/python3.8/site-packages/simulator-0.0.0-py3.8.egg-info
[1.868s] running install_scripts
[1.908s] Installing node2_simulator script to /home/bolka/dev_ws/install/simulator/lib/simulator
[1.909s] writing list of installed files to '/home/bolka/dev_ws/build/simulator/install.log'
[1.978s] Invoked command in '/home/bolka/dev_ws/src/simulator' returned '0': PYTHONPATH=/home/bolka/dev_ws/install/simulator/lib/python3.8/site-packages:${PYTHONPATH} /usr/bin/python3 setup.py egg_info --egg-base ../../build/simulator build --build-base /home/bolka/dev_ws/build/simulator/build install --prefix /home/bolka/dev_ws/install/simulator --record /home/bolka/dev_ws/build/simulator/install.log --single-version-externally-managed
