[1.335s] Invoking command in '/home/bolka/dev_ws/src/simulator': PYTHONPATH=/home/bolka/dev_ws/install/simulator/lib/python3.8/site-packages:${PYTHONPATH} /usr/bin/python3 setup.py egg_info --egg-base ../../build/simulator build --build-base /home/bolka/dev_ws/build/simulator/build install --prefix /home/bolka/dev_ws/install/simulator --record /home/bolka/dev_ws/build/simulator/install.log --single-version-externally-managed
[2.365s] running egg_info
[2.367s] writing ../../build/simulator/simulator.egg-info/PKG-INFO
[2.368s] writing dependency_links to ../../build/simulator/simulator.egg-info/dependency_links.txt
[2.368s] writing entry points to ../../build/simulator/simulator.egg-info/entry_points.txt
[2.368s] writing requirements to ../../build/simulator/simulator.egg-info/requires.txt
[2.368s] writing top-level names to ../../build/simulator/simulator.egg-info/top_level.txt
[2.500s] reading manifest file '../../build/simulator/simulator.egg-info/SOURCES.txt'
[2.503s] writing manifest file '../../build/simulator/simulator.egg-info/SOURCES.txt'
[2.503s] running build
[2.504s] running build_py
[2.504s] copying simulator/node2_simulator.py -> /home/bolka/dev_ws/build/simulator/build/lib/simulator
[2.505s] running install
[2.509s] running install_lib
[2.510s] copying /home/bolka/dev_ws/build/simulator/build/lib/simulator/node2_simulator.py -> /home/bolka/dev_ws/install/simulator/lib/python3.8/site-packages/simulator
[2.511s] byte-compiling /home/bolka/dev_ws/install/simulator/lib/python3.8/site-packages/simulator/node2_simulator.py to node2_simulator.cpython-38.pyc
[2.517s] running install_data
[2.519s] running install_egg_info
[2.522s] removing '/home/bolka/dev_ws/install/simulator/lib/python3.8/site-packages/simulator-0.0.0-py3.8.egg-info' (and everything under it)
[2.523s] Copying ../../build/simulator/simulator.egg-info to /home/bolka/dev_ws/install/simulator/lib/python3.8/site-packages/simulator-0.0.0-py3.8.egg-info
[2.526s] running install_scripts
[2.579s] Installing node2_simulator script to /home/bolka/dev_ws/install/simulator/lib/simulator
[2.580s] writing list of installed files to '/home/bolka/dev_ws/build/simulator/install.log'
[2.650s] Invoked command in '/home/bolka/dev_ws/src/simulator' returned '0': PYTHONPATH=/home/bolka/dev_ws/install/simulator/lib/python3.8/site-packages:${PYTHONPATH} /usr/bin/python3 setup.py egg_info --egg-base ../../build/simulator build --build-base /home/bolka/dev_ws/build/simulator/build install --prefix /home/bolka/dev_ws/install/simulator --record /home/bolka/dev_ws/build/simulator/install.log --single-version-externally-managed
