[1.178s] Invoking command in '/home/bolka/dev_ws/src/simulator': PYTHONPATH=/home/bolka/dev_ws/install/simulator/lib/python3.8/site-packages:${PYTHONPATH} /usr/bin/python3 setup.py egg_info --egg-base ../../build/simulator build --build-base /home/bolka/dev_ws/build/simulator/build install --prefix /home/bolka/dev_ws/install/simulator --record /home/bolka/dev_ws/build/simulator/install.log --single-version-externally-managed
[1.947s] running egg_info
[1.948s] writing ../../build/simulator/simulator.egg-info/PKG-INFO
[1.948s] writing dependency_links to ../../build/simulator/simulator.egg-info/dependency_links.txt
[1.949s] writing entry points to ../../build/simulator/simulator.egg-info/entry_points.txt
[1.949s] writing requirements to ../../build/simulator/simulator.egg-info/requires.txt
[1.949s] writing top-level names to ../../build/simulator/simulator.egg-info/top_level.txt
[2.058s] reading manifest file '../../build/simulator/simulator.egg-info/SOURCES.txt'
[2.061s] writing manifest file '../../build/simulator/simulator.egg-info/SOURCES.txt'
[2.061s] running build
[2.062s] running build_py
[2.063s] copying simulator/node2_simulator.py -> /home/bolka/dev_ws/build/simulator/build/lib/simulator
[2.064s] running install
[2.066s] running install_lib
[2.069s] copying /home/bolka/dev_ws/build/simulator/build/lib/simulator/node2_simulator.py -> /home/bolka/dev_ws/install/simulator/lib/python3.8/site-packages/simulator
[2.071s] byte-compiling /home/bolka/dev_ws/install/simulator/lib/python3.8/site-packages/simulator/node2_simulator.py to node2_simulator.cpython-38.pyc
[2.077s] running install_data
[2.079s] running install_egg_info
[2.082s] removing '/home/bolka/dev_ws/install/simulator/lib/python3.8/site-packages/simulator-0.0.0-py3.8.egg-info' (and everything under it)
[2.083s] Copying ../../build/simulator/simulator.egg-info to /home/bolka/dev_ws/install/simulator/lib/python3.8/site-packages/simulator-0.0.0-py3.8.egg-info
[2.087s] running install_scripts
[2.141s] Installing node2_simulator script to /home/bolka/dev_ws/install/simulator/lib/simulator
[2.141s] writing list of installed files to '/home/bolka/dev_ws/build/simulator/install.log'
[2.193s] Invoked command in '/home/bolka/dev_ws/src/simulator' returned '0': PYTHONPATH=/home/bolka/dev_ws/install/simulator/lib/python3.8/site-packages:${PYTHONPATH} /usr/bin/python3 setup.py egg_info --egg-base ../../build/simulator build --build-base /home/bolka/dev_ws/build/simulator/build install --prefix /home/bolka/dev_ws/install/simulator --record /home/bolka/dev_ws/build/simulator/install.log --single-version-externally-managed
