[1.060s] Invoking command in '/home/bolka/dev_ws/src/map': PYTHONPATH=/home/bolka/dev_ws/install/map/lib/python3.8/site-packages:${PYTHONPATH} /usr/bin/python3 setup.py egg_info --egg-base ../../build/map build --build-base /home/bolka/dev_ws/build/map/build install --prefix /home/bolka/dev_ws/install/map --record /home/bolka/dev_ws/build/map/install.log --single-version-externally-managed
[1.733s] running egg_info
[1.735s] writing ../../build/map/map.egg-info/PKG-INFO
[1.736s] writing dependency_links to ../../build/map/map.egg-info/dependency_links.txt
[1.737s] writing entry points to ../../build/map/map.egg-info/entry_points.txt
[1.738s] writing requirements to ../../build/map/map.egg-info/requires.txt
[1.739s] writing top-level names to ../../build/map/map.egg-info/top_level.txt
[1.833s] reading manifest file '../../build/map/map.egg-info/SOURCES.txt'
[1.835s] writing manifest file '../../build/map/map.egg-info/SOURCES.txt'
[1.835s] running build
[1.835s] running build_py
[1.836s] running install
[1.838s] running install_lib
[1.842s] running install_data
[1.843s] running install_egg_info
[1.847s] removing '/home/bolka/dev_ws/install/map/lib/python3.8/site-packages/map-0.0.0-py3.8.egg-info' (and everything under it)
[1.848s] Copying ../../build/map/map.egg-info to /home/bolka/dev_ws/install/map/lib/python3.8/site-packages/map-0.0.0-py3.8.egg-info
[1.850s] running install_scripts
[1.899s] Installing node1_map script to /home/bolka/dev_ws/install/map/lib/map
[1.899s] writing list of installed files to '/home/bolka/dev_ws/build/map/install.log'
[1.967s] Invoked command in '/home/bolka/dev_ws/src/map' returned '0': PYTHONPATH=/home/bolka/dev_ws/install/map/lib/python3.8/site-packages:${PYTHONPATH} /usr/bin/python3 setup.py egg_info --egg-base ../../build/map build --build-base /home/bolka/dev_ws/build/map/build install --prefix /home/bolka/dev_ws/install/map --record /home/bolka/dev_ws/build/map/install.log --single-version-externally-managed
