[1.043s] Invoking command in '/home/bolka/dev_ws/src/my_package': PYTHONPATH=/home/bolka/dev_ws/install/my_package/lib/python3.8/site-packages:${PYTHONPATH} /usr/bin/python3 setup.py egg_info --egg-base ../../build/my_package build --build-base /home/bolka/dev_ws/build/my_package/build install --prefix /home/bolka/dev_ws/install/my_package --record /home/bolka/dev_ws/build/my_package/install.log --single-version-externally-managed
[1.751s] running egg_info
[1.753s] writing ../../build/my_package/my_package.egg-info/PKG-INFO
[1.753s] writing dependency_links to ../../build/my_package/my_package.egg-info/dependency_links.txt
[1.754s] writing entry points to ../../build/my_package/my_package.egg-info/entry_points.txt
[1.754s] writing requirements to ../../build/my_package/my_package.egg-info/requires.txt
[1.754s] writing top-level names to ../../build/my_package/my_package.egg-info/top_level.txt
[1.868s] reading manifest file '../../build/my_package/my_package.egg-info/SOURCES.txt'
[1.872s] writing manifest file '../../build/my_package/my_package.egg-info/SOURCES.txt'
[1.872s] running build
[1.873s] running build_py
[1.873s] running install
[1.875s] running install_lib
[1.882s] running install_data
[1.882s] running install_egg_info
[1.885s] removing '/home/bolka/dev_ws/install/my_package/lib/python3.8/site-packages/my_package-0.0.0-py3.8.egg-info' (and everything under it)
[1.885s] Copying ../../build/my_package/my_package.egg-info to /home/bolka/dev_ws/install/my_package/lib/python3.8/site-packages/my_package-0.0.0-py3.8.egg-info
[1.888s] running install_scripts
[1.939s] Installing my_node script to /home/bolka/dev_ws/install/my_package/lib/my_package
[1.939s] writing list of installed files to '/home/bolka/dev_ws/build/my_package/install.log'
[1.987s] Invoked command in '/home/bolka/dev_ws/src/my_package' returned '0': PYTHONPATH=/home/bolka/dev_ws/install/my_package/lib/python3.8/site-packages:${PYTHONPATH} /usr/bin/python3 setup.py egg_info --egg-base ../../build/my_package build --build-base /home/bolka/dev_ws/build/my_package/build install --prefix /home/bolka/dev_ws/install/my_package --record /home/bolka/dev_ws/build/my_package/install.log --single-version-externally-managed
