[1.086s] Invoking command in '/home/bolka/dev_ws/src/my_package': PYTHONPATH=/home/bolka/dev_ws/install/my_package/lib/python3.8/site-packages:${PYTHONPATH} /usr/bin/python3 setup.py egg_info --egg-base ../../build/my_package build --build-base /home/bolka/dev_ws/build/my_package/build install --prefix /home/bolka/dev_ws/install/my_package --record /home/bolka/dev_ws/build/my_package/install.log --single-version-externally-managed
[1.771s] running egg_info
[1.773s] writing ../../build/my_package/my_package.egg-info/PKG-INFO
[1.774s] writing dependency_links to ../../build/my_package/my_package.egg-info/dependency_links.txt
[1.775s] writing entry points to ../../build/my_package/my_package.egg-info/entry_points.txt
[1.776s] writing requirements to ../../build/my_package/my_package.egg-info/requires.txt
[1.777s] writing top-level names to ../../build/my_package/my_package.egg-info/top_level.txt
[1.906s] reading manifest file '../../build/my_package/my_package.egg-info/SOURCES.txt'
[1.911s] writing manifest file '../../build/my_package/my_package.egg-info/SOURCES.txt'
[1.912s] running build
[1.912s] running build_py
[1.917s] running install
[1.920s] running install_lib
[1.928s] running install_data
[1.933s] running install_egg_info
[1.939s] removing '/home/bolka/dev_ws/install/my_package/lib/python3.8/site-packages/my_package-0.0.0-py3.8.egg-info' (and everything under it)
[1.941s] Copying ../../build/my_package/my_package.egg-info to /home/bolka/dev_ws/install/my_package/lib/python3.8/site-packages/my_package-0.0.0-py3.8.egg-info
[1.944s] running install_scripts
[1.997s] Installing my_node script to /home/bolka/dev_ws/install/my_package/lib/my_package
[1.997s] writing list of installed files to '/home/bolka/dev_ws/build/my_package/install.log'
[2.056s] Invoked command in '/home/bolka/dev_ws/src/my_package' returned '0': PYTHONPATH=/home/bolka/dev_ws/install/my_package/lib/python3.8/site-packages:${PYTHONPATH} /usr/bin/python3 setup.py egg_info --egg-base ../../build/my_package build --build-base /home/bolka/dev_ws/build/my_package/build install --prefix /home/bolka/dev_ws/install/my_package --record /home/bolka/dev_ws/build/my_package/install.log --single-version-externally-managed
