[0.358s] Invoking command in '/home/bolka/dev_ws/src/simulator': PYTHONPATH=/home/bolka/dev_ws/install/simulator/lib/python3.8/site-packages:${PYTHONPATH} /usr/bin/python3 setup.py egg_info --egg-base ../../build/simulator build --build-base /home/bolka/dev_ws/build/simulator/build install --prefix /home/bolka/dev_ws/install/simulator --record /home/bolka/dev_ws/build/simulator/install.log --single-version-externally-managed
[0.668s] running egg_info
[0.669s] writing ../../build/simulator/simulator.egg-info/PKG-INFO
[0.669s] writing dependency_links to ../../build/simulator/simulator.egg-info/dependency_links.txt
[0.669s] writing entry points to ../../build/simulator/simulator.egg-info/entry_points.txt
[0.670s] writing requirements to ../../build/simulator/simulator.egg-info/requires.txt
[0.670s] writing top-level names to ../../build/simulator/simulator.egg-info/top_level.txt
[0.723s] reading manifest file '../../build/simulator/simulator.egg-info/SOURCES.txt'
[0.724s] writing manifest file '../../build/simulator/simulator.egg-info/SOURCES.txt'
[0.724s] running build
[0.725s] running build_py
[0.725s] copying simulator/node2_simulator.py -> /home/bolka/dev_ws/build/simulator/build/lib/simulator
[0.725s] running install
[0.726s] running install_lib
[0.728s] copying /home/bolka/dev_ws/build/simulator/build/lib/simulator/node2_simulator.py -> /home/bolka/dev_ws/install/simulator/lib/python3.8/site-packages/simulator
[0.729s] byte-compiling /home/bolka/dev_ws/install/simulator/lib/python3.8/site-packages/simulator/node2_simulator.py to node2_simulator.cpython-38.pyc
[0.732s] running install_data
[0.733s] running install_egg_info
[0.735s] removing '/home/bolka/dev_ws/install/simulator/lib/python3.8/site-packages/simulator-0.0.0-py3.8.egg-info' (and everything under it)
[0.736s] Copying ../../build/simulator/simulator.egg-info to /home/bolka/dev_ws/install/simulator/lib/python3.8/site-packages/simulator-0.0.0-py3.8.egg-info
[0.737s] running install_scripts
[0.759s] Installing node2_simulator script to /home/bolka/dev_ws/install/simulator/lib/simulator
[0.760s] writing list of installed files to '/home/bolka/dev_ws/build/simulator/install.log'
[0.789s] Invoked command in '/home/bolka/dev_ws/src/simulator' returned '0': PYTHONPATH=/home/bolka/dev_ws/install/simulator/lib/python3.8/site-packages:${PYTHONPATH} /usr/bin/python3 setup.py egg_info --egg-base ../../build/simulator build --build-base /home/bolka/dev_ws/build/simulator/build install --prefix /home/bolka/dev_ws/install/simulator --record /home/bolka/dev_ws/build/simulator/install.log --single-version-externally-managed
