[1.589s] Invoking command in '/home/bolka/dev_ws/build/turtlesim': CMAKE_PREFIX_PATH=${CMAKE_PREFIX_PATH}:/home/bolka/dev_ws/install/simulator:/home/bolka/dev_ws/install/my_package:/home/bolka/dev_ws/install/map:/opt/ros/galactic /usr/bin/cmake --build /home/bolka/dev_ws/build/turtlesim -- -j4 -l4
[1.766s] [ 10%] Built target turtlesim__rosidl_generator_c
[1.864s] [ 11%] Built target turtlesim__cpp
[1.890s] [ 21%] Built target turtlesim__rosidl_typesupport_introspection_c
[1.894s] [ 31%] Built target turtlesim__rosidl_typesupport_c
[1.985s] [ 41%] Built target turtlesim__rosidl_typesupport_cpp
[2.026s] [ 51%] Built target turtlesim__rosidl_typesupport_fastrtps_cpp
[2.035s] [ 61%] Built target turtlesim__rosidl_typesupport_introspection_cpp
[2.121s] [ 71%] Built target turtlesim__rosidl_typesupport_fastrtps_c
[2.267s] [ 71%] Built target turtlesim
[2.447s] [ 73%] Built target mimic
[2.457s] [ 74%] Built target turtlesim__py
[2.529s] [ 76%] Built target draw_square
[2.549s] [ 78%] Built target turtle_teleop_key
[2.666s] [ 87%] Built target turtlesim__python
[2.681s] [ 93%] Built target turtlesim_node
[2.824s] [ 95%] Built target turtlesim__rosidl_typesupport_c__pyext
[2.839s] [ 97%] Built target turtlesim__rosidl_typesupport_introspection_c__pyext
[2.848s] [100%] Built target turtlesim__rosidl_typesupport_fastrtps_c__pyext
[2.886s] Invoked command in '/home/bolka/dev_ws/build/turtlesim' returned '0': CMAKE_PREFIX_PATH=${CMAKE_PREFIX_PATH}:/home/bolka/dev_ws/install/simulator:/home/bolka/dev_ws/install/my_package:/home/bolka/dev_ws/install/map:/opt/ros/galactic /usr/bin/cmake --build /home/bolka/dev_ws/build/turtlesim -- -j4 -l4
[3.233s] Invoking command in '/home/bolka/dev_ws/build/turtlesim': CMAKE_PREFIX_PATH=${CMAKE_PREFIX_PATH}:/home/bolka/dev_ws/install/simulator:/home/bolka/dev_ws/install/my_package:/home/bolka/dev_ws/install/map:/opt/ros/galactic /usr/bin/cmake --install /home/bolka/dev_ws/build/turtlesim
[3.249s] -- Install configuration: ""
[3.249s] -- Up-to-date: /home/bolka/dev_ws/install/turtlesim/share/ament_index/resource_index/rosidl_interfaces/turtlesim
[3.249s] -- Up-to-date: /home/bolka/dev_ws/install/turtlesim/include/turtlesim
[3.249s] -- Up-to-date: /home/bolka/dev_ws/install/turtlesim/include/turtlesim/srv
[3.249s] -- Up-to-date: /home/bolka/dev_ws/install/turtlesim/include/turtlesim/srv/detail
[3.250s] -- Up-to-date: /home/bolka/dev_ws/install/turtlesim/include/turtlesim/srv/detail/spawn__functions.c
[3.250s] -- Up-to-date: /home/bolka/dev_ws/install/turtlesim/include/turtlesim/srv/detail/kill__type_support.h
[3.250s] -- Up-to-date: /home/bolka/dev_ws/install/turtlesim/include/turtlesim/srv/detail/teleport_absolute__type_support.h
[3.250s] -- Up-to-date: /home/bolka/dev_ws/install/turtlesim/include/turtlesim/srv/detail/set_pen__functions.c
[3.250s] -- Up-to-date: /home/bolka/dev_ws/install/turtlesim/include/turtlesim/srv/detail/teleport_absolute__functions.h
[3.250s] -- Up-to-date: /home/bolka/dev_ws/install/turtlesim/include/turtlesim/srv/detail/teleport_relative__type_support.h
[3.251s] -- Up-to-date: /home/bolka/dev_ws/install/turtlesim/include/turtlesim/srv/detail/teleport_absolute__struct.h
[3.251s] -- Up-to-date: /home/bolka/dev_ws/install/turtlesim/include/turtlesim/srv/detail/kill__struct.h
[3.251s] -- Up-to-date: /home/bolka/dev_ws/install/turtlesim/include/turtlesim/srv/detail/set_pen__struct.h
[3.251s] -- Up-to-date: /home/bolka/dev_ws/install/turtlesim/include/turtlesim/srv/detail/kill__functions.h
[3.251s] -- Up-to-date: /home/bolka/dev_ws/install/turtlesim/include/turtlesim/srv/detail/teleport_absolute__functions.c
[3.251s] -- Up-to-date: /home/bolka/dev_ws/install/turtlesim/include/turtlesim/srv/detail/set_pen__functions.h
[3.251s] -- Up-to-date: /home/bolka/dev_ws/install/turtlesim/include/turtlesim/srv/detail/spawn__type_support.h
[3.251s] -- Up-to-date: /home/bolka/dev_ws/install/turtlesim/include/turtlesim/srv/detail/kill__functions.c
[3.251s] -- Up-to-date: /home/bolka/dev_ws/install/turtlesim/include/turtlesim/srv/detail/teleport_relative__functions.h
[3.251s] -- Up-to-date: /home/bolka/dev_ws/install/turtlesim/include/turtlesim/srv/detail/spawn__struct.h
[3.252s] -- Up-to-date: /home/bolka/dev_ws/install/turtlesim/include/turtlesim/srv/detail/teleport_relative__functions.c
[3.252s] -- Up-to-date: /home/bolka/dev_ws/install/turtlesim/include/turtlesim/srv/detail/set_pen__type_support.h
[3.252s] -- Up-to-date: /home/bolka/dev_ws/install/turtlesim/include/turtlesim/srv/detail/spawn__functions.h
[3.252s] -- Up-to-date: /home/bolka/dev_ws/install/turtlesim/include/turtlesim/srv/detail/teleport_relative__struct.h
[3.252s] -- Up-to-date: /home/bolka/dev_ws/install/turtlesim/include/turtlesim/srv/teleport_absolute.h
[3.252s] -- Up-to-date: /home/bolka/dev_ws/install/turtlesim/include/turtlesim/srv/kill.h
[3.252s] -- Up-to-date: /home/bolka/dev_ws/install/turtlesim/include/turtlesim/srv/spawn.h
[3.252s] -- Up-to-date: /home/bolka/dev_ws/install/turtlesim/include/turtlesim/srv/set_pen.h
[3.252s] -- Up-to-date: /home/bolka/dev_ws/install/turtlesim/include/turtlesim/srv/teleport_relative.h
[3.253s] -- Up-to-date: /home/bolka/dev_ws/install/turtlesim/include/turtlesim/action
[3.253s] -- Up-to-date: /home/bolka/dev_ws/install/turtlesim/include/turtlesim/action/detail
[3.253s] -- Up-to-date: /home/bolka/dev_ws/install/turtlesim/include/turtlesim/action/detail/rotate_absolute__functions.c
[3.253s] -- Up-to-date: /home/bolka/dev_ws/install/turtlesim/include/turtlesim/action/detail/rotate_absolute__struct.h
[3.253s] -- Up-to-date: /home/bolka/dev_ws/install/turtlesim/include/turtlesim/action/detail/rotate_absolute__functions.h
[3.253s] -- Up-to-date: /home/bolka/dev_ws/install/turtlesim/include/turtlesim/action/detail/rotate_absolute__type_support.h
[3.253s] -- Up-to-date: /home/bolka/dev_ws/install/turtlesim/include/turtlesim/action/rotate_absolute.h
[3.254s] -- Up-to-date: /home/bolka/dev_ws/install/turtlesim/include/turtlesim/msg
[3.254s] -- Up-to-date: /home/bolka/dev_ws/install/turtlesim/include/turtlesim/msg/color.h
[3.254s] -- Up-to-date: /home/bolka/dev_ws/install/turtlesim/include/turtlesim/msg/detail
[3.254s] -- Up-to-date: /home/bolka/dev_ws/install/turtlesim/include/turtlesim/msg/detail/pose__functions.h
[3.254s] -- Up-to-date: /home/bolka/dev_ws/install/turtlesim/include/turtlesim/msg/detail/color__struct.h
[3.255s] -- Up-to-date: /home/bolka/dev_ws/install/turtlesim/include/turtlesim/msg/detail/color__type_support.h
[3.255s] -- Up-to-date: /home/bolka/dev_ws/install/turtlesim/include/turtlesim/msg/detail/pose__type_support.h
[3.255s] -- Up-to-date: /home/bolka/dev_ws/install/turtlesim/include/turtlesim/msg/detail/color__functions.c
[3.255s] -- Up-to-date: /home/bolka/dev_ws/install/turtlesim/include/turtlesim/msg/detail/color__functions.h
[3.255s] -- Up-to-date: /home/bolka/dev_ws/install/turtlesim/include/turtlesim/msg/detail/pose__struct.h
[3.255s] -- Up-to-date: /home/bolka/dev_ws/install/turtlesim/include/turtlesim/msg/detail/pose__functions.c
[3.255s] -- Up-to-date: /home/bolka/dev_ws/install/turtlesim/include/turtlesim/msg/rosidl_generator_c__visibility_control.h
[3.255s] -- Up-to-date: /home/bolka/dev_ws/install/turtlesim/include/turtlesim/msg/pose.h
[3.256s] -- Up-to-date: /home/bolka/dev_ws/install/turtlesim/share/turtlesim/environment/library_path.sh
[3.256s] -- Up-to-date: /home/bolka/dev_ws/install/turtlesim/share/turtlesim/environment/library_path.dsv
[3.256s] -- Up-to-date: /home/bolka/dev_ws/install/turtlesim/lib/libturtlesim__rosidl_generator_c.so
[3.256s] -- Up-to-date: /home/bolka/dev_ws/install/turtlesim/include/turtlesim
[3.256s] -- Up-to-date: /home/bolka/dev_ws/install/turtlesim/include/turtlesim/srv
[3.256s] -- Up-to-date: /home/bolka/dev_ws/install/turtlesim/include/turtlesim/srv/detail
[3.257s] -- Up-to-date: /home/bolka/dev_ws/install/turtlesim/include/turtlesim/srv/detail/teleport_absolute__rosidl_typesupport_fastrtps_c.h
[3.257s] -- Up-to-date: /home/bolka/dev_ws/install/turtlesim/include/turtlesim/srv/detail/teleport_relative__rosidl_typesupport_fastrtps_c.h
[3.257s] -- Up-to-date: /home/bolka/dev_ws/install/turtlesim/include/turtlesim/srv/detail/set_pen__rosidl_typesupport_fastrtps_c.h
[3.257s] -- Up-to-date: /home/bolka/dev_ws/install/turtlesim/include/turtlesim/srv/detail/spawn__rosidl_typesupport_fastrtps_c.h
[3.257s] -- Up-to-date: /home/bolka/dev_ws/install/turtlesim/include/turtlesim/srv/detail/kill__rosidl_typesupport_fastrtps_c.h
[3.257s] -- Up-to-date: /home/bolka/dev_ws/install/turtlesim/include/turtlesim/action
[3.257s] -- Up-to-date: /home/bolka/dev_ws/install/turtlesim/include/turtlesim/action/detail
[3.258s] -- Up-to-date: /home/bolka/dev_ws/install/turtlesim/include/turtlesim/action/detail/rotate_absolute__rosidl_typesupport_fastrtps_c.h
[3.258s] -- Up-to-date: /home/bolka/dev_ws/install/turtlesim/include/turtlesim/msg
[3.258s] -- Up-to-date: /home/bolka/dev_ws/install/turtlesim/include/turtlesim/msg/detail
[3.258s] -- Up-to-date: /home/bolka/dev_ws/install/turtlesim/include/turtlesim/msg/detail/pose__rosidl_typesupport_fastrtps_c.h
[3.258s] -- Up-to-date: /home/bolka/dev_ws/install/turtlesim/include/turtlesim/msg/detail/color__rosidl_typesupport_fastrtps_c.h
[3.258s] -- Up-to-date: /home/bolka/dev_ws/install/turtlesim/include/turtlesim/msg/rosidl_typesupport_fastrtps_c__visibility_control.h
[3.258s] -- Up-to-date: /home/bolka/dev_ws/install/turtlesim/lib/libturtlesim__rosidl_typesupport_fastrtps_c.so
[3.259s] -- Up-to-date: /home/bolka/dev_ws/install/turtlesim/include/turtlesim
[3.259s] -- Up-to-date: /home/bolka/dev_ws/install/turtlesim/include/turtlesim/srv
[3.259s] -- Up-to-date: /home/bolka/dev_ws/install/turtlesim/include/turtlesim/srv/detail
[3.259s] -- Up-to-date: /home/bolka/dev_ws/install/turtlesim/include/turtlesim/srv/detail/teleport_absolute__rosidl_typesupport_fastrtps_cpp.hpp
[3.260s] -- Up-to-date: /home/bolka/dev_ws/install/turtlesim/include/turtlesim/srv/detail/teleport_relative__rosidl_typesupport_fastrtps_cpp.hpp
[3.262s] -- Up-to-date: /home/bolka/dev_ws/install/turtlesim/include/turtlesim/srv/detail/spawn__rosidl_typesupport_fastrtps_cpp.hpp
[3.262s] -- Up-to-date: /home/bolka/dev_ws/install/turtlesim/include/turtlesim/srv/detail/kill__rosidl_typesupport_fastrtps_cpp.hpp
[3.262s] -- Up-to-date: /home/bolka/dev_ws/install/turtlesim/include/turtlesim/srv/detail/dds_fastrtps
[3.263s] -- Up-to-date: /home/bolka/dev_ws/install/turtlesim/include/turtlesim/srv/detail/set_pen__rosidl_typesupport_fastrtps_cpp.hpp
[3.263s] -- Up-to-date: /home/bolka/dev_ws/install/turtlesim/include/turtlesim/action
[3.263s] -- Up-to-date: /home/bolka/dev_ws/install/turtlesim/include/turtlesim/action/detail
[3.263s] -- Up-to-date: /home/bolka/dev_ws/install/turtlesim/include/turtlesim/action/detail/rotate_absolute__rosidl_typesupport_fastrtps_cpp.hpp
[3.263s] -- Up-to-date: /home/bolka/dev_ws/install/turtlesim/include/turtlesim/action/detail/dds_fastrtps
[3.263s] -- Up-to-date: /home/bolka/dev_ws/install/turtlesim/include/turtlesim/msg
[3.263s] -- Up-to-date: /home/bolka/dev_ws/install/turtlesim/include/turtlesim/msg/detail
[3.263s] -- Up-to-date: /home/bolka/dev_ws/install/turtlesim/include/turtlesim/msg/detail/dds_fastrtps
[3.263s] -- Up-to-date: /home/bolka/dev_ws/install/turtlesim/include/turtlesim/msg/detail/color__rosidl_typesupport_fastrtps_cpp.hpp
[3.264s] -- Up-to-date: /home/bolka/dev_ws/install/turtlesim/include/turtlesim/msg/detail/pose__rosidl_typesupport_fastrtps_cpp.hpp
[3.264s] -- Up-to-date: /home/bolka/dev_ws/install/turtlesim/include/turtlesim/msg/rosidl_typesupport_fastrtps_cpp__visibility_control.h
[3.264s] -- Up-to-date: /home/bolka/dev_ws/install/turtlesim/lib/libturtlesim__rosidl_typesupport_fastrtps_cpp.so
[3.264s] -- Up-to-date: /home/bolka/dev_ws/install/turtlesim/include/turtlesim
[3.264s] -- Up-to-date: /home/bolka/dev_ws/install/turtlesim/include/turtlesim/srv
[3.264s] -- Up-to-date: /home/bolka/dev_ws/install/turtlesim/include/turtlesim/srv/detail
[3.264s] -- Up-to-date: /home/bolka/dev_ws/install/turtlesim/include/turtlesim/srv/detail/teleport_relative__type_support.c
[3.264s] -- Up-to-date: /home/bolka/dev_ws/install/turtlesim/include/turtlesim/srv/detail/set_pen__rosidl_typesupport_introspection_c.h
[3.264s] -- Up-to-date: /home/bolka/dev_ws/install/turtlesim/include/turtlesim/srv/detail/spawn__type_support.c
[3.265s] -- Up-to-date: /home/bolka/dev_ws/install/turtlesim/include/turtlesim/srv/detail/teleport_absolute__rosidl_typesupport_introspection_c.h
[3.265s] -- Up-to-date: /home/bolka/dev_ws/install/turtlesim/include/turtlesim/srv/detail/spawn__rosidl_typesupport_introspection_c.h
[3.265s] -- Up-to-date: /home/bolka/dev_ws/install/turtlesim/include/turtlesim/srv/detail/teleport_relative__rosidl_typesupport_introspection_c.h
[3.265s] -- Up-to-date: /home/bolka/dev_ws/install/turtlesim/include/turtlesim/srv/detail/kill__rosidl_typesupport_introspection_c.h
[3.266s] -- Up-to-date: /home/bolka/dev_ws/install/turtlesim/include/turtlesim/srv/detail/kill__type_support.c
[3.267s] -- Up-to-date: /home/bolka/dev_ws/install/turtlesim/include/turtlesim/srv/detail/set_pen__type_support.c
[3.267s] -- Up-to-date: /home/bolka/dev_ws/install/turtlesim/include/turtlesim/srv/detail/teleport_absolute__type_support.c
[3.268s] -- Up-to-date: /home/bolka/dev_ws/install/turtlesim/include/turtlesim/action
[3.268s] -- Up-to-date: /home/bolka/dev_ws/install/turtlesim/include/turtlesim/action/detail
[3.268s] -- Up-to-date: /home/bolka/dev_ws/install/turtlesim/include/turtlesim/action/detail/rotate_absolute__type_support.c
[3.268s] -- Up-to-date: /home/bolka/dev_ws/install/turtlesim/include/turtlesim/action/detail/rotate_absolute__rosidl_typesupport_introspection_c.h
[3.269s] -- Up-to-date: /home/bolka/dev_ws/install/turtlesim/include/turtlesim/msg
[3.269s] -- Up-to-date: /home/bolka/dev_ws/install/turtlesim/include/turtlesim/msg/detail
[3.269s] -- Up-to-date: /home/bolka/dev_ws/install/turtlesim/include/turtlesim/msg/detail/color__type_support.c
[3.270s] -- Up-to-date: /home/bolka/dev_ws/install/turtlesim/include/turtlesim/msg/detail/color__rosidl_typesupport_introspection_c.h
[3.270s] -- Up-to-date: /home/bolka/dev_ws/install/turtlesim/include/turtlesim/msg/detail/pose__rosidl_typesupport_introspection_c.h
[3.270s] -- Up-to-date: /home/bolka/dev_ws/install/turtlesim/include/turtlesim/msg/detail/pose__type_support.c
[3.270s] -- Up-to-date: /home/bolka/dev_ws/install/turtlesim/include/turtlesim/msg/rosidl_typesupport_introspection_c__visibility_control.h
[3.271s] -- Up-to-date: /home/bolka/dev_ws/install/turtlesim/lib/libturtlesim__rosidl_typesupport_introspection_c.so
[3.271s] -- Up-to-date: /home/bolka/dev_ws/install/turtlesim/lib/libturtlesim__rosidl_typesupport_c.so
[3.271s] -- Up-to-date: /home/bolka/dev_ws/install/turtlesim/include/turtlesim
[3.271s] -- Up-to-date: /home/bolka/dev_ws/install/turtlesim/include/turtlesim/srv
[3.272s] -- Up-to-date: /home/bolka/dev_ws/install/turtlesim/include/turtlesim/srv/detail
[3.272s] -- Up-to-date: /home/bolka/dev_ws/install/turtlesim/include/turtlesim/srv/detail/kill__traits.hpp
[3.272s] -- Up-to-date: /home/bolka/dev_ws/install/turtlesim/include/turtlesim/srv/detail/spawn__struct.hpp
[3.272s] -- Up-to-date: /home/bolka/dev_ws/install/turtlesim/include/turtlesim/srv/detail/set_pen__traits.hpp
[3.272s] -- Up-to-date: /home/bolka/dev_ws/install/turtlesim/include/turtlesim/srv/detail/teleport_absolute__struct.hpp
[3.272s] -- Up-to-date: /home/bolka/dev_ws/install/turtlesim/include/turtlesim/srv/detail/spawn__traits.hpp
[3.273s] -- Up-to-date: /home/bolka/dev_ws/install/turtlesim/include/turtlesim/srv/detail/teleport_relative__struct.hpp
[3.273s] -- Up-to-date: /home/bolka/dev_ws/install/turtlesim/include/turtlesim/srv/detail/spawn__builder.hpp
[3.273s] -- Up-to-date: /home/bolka/dev_ws/install/turtlesim/include/turtlesim/srv/detail/teleport_absolute__traits.hpp
[3.273s] -- Up-to-date: /home/bolka/dev_ws/install/turtlesim/include/turtlesim/srv/detail/kill__builder.hpp
[3.273s] -- Up-to-date: /home/bolka/dev_ws/install/turtlesim/include/turtlesim/srv/detail/set_pen__struct.hpp
[3.274s] -- Up-to-date: /home/bolka/dev_ws/install/turtlesim/include/turtlesim/srv/detail/teleport_relative__traits.hpp
[3.274s] -- Up-to-date: /home/bolka/dev_ws/install/turtlesim/include/turtlesim/srv/detail/teleport_relative__builder.hpp
[3.274s] -- Up-to-date: /home/bolka/dev_ws/install/turtlesim/include/turtlesim/srv/detail/set_pen__builder.hpp
[3.274s] -- Up-to-date: /home/bolka/dev_ws/install/turtlesim/include/turtlesim/srv/detail/kill__struct.hpp
[3.274s] -- Up-to-date: /home/bolka/dev_ws/install/turtlesim/include/turtlesim/srv/detail/teleport_absolute__builder.hpp
[3.274s] -- Up-to-date: /home/bolka/dev_ws/install/turtlesim/include/turtlesim/srv/kill.hpp
[3.275s] -- Up-to-date: /home/bolka/dev_ws/install/turtlesim/include/turtlesim/srv/spawn.hpp
[3.275s] -- Up-to-date: /home/bolka/dev_ws/install/turtlesim/include/turtlesim/srv/teleport_absolute.hpp
[3.275s] -- Up-to-date: /home/bolka/dev_ws/install/turtlesim/include/turtlesim/srv/set_pen.hpp
[3.275s] -- Up-to-date: /home/bolka/dev_ws/install/turtlesim/include/turtlesim/srv/teleport_relative.hpp
[3.275s] -- Up-to-date: /home/bolka/dev_ws/install/turtlesim/include/turtlesim/action
[3.275s] -- Up-to-date: /home/bolka/dev_ws/install/turtlesim/include/turtlesim/action/rotate_absolute.hpp
[3.276s] -- Up-to-date: /home/bolka/dev_ws/install/turtlesim/include/turtlesim/action/detail
[3.276s] -- Up-to-date: /home/bolka/dev_ws/install/turtlesim/include/turtlesim/action/detail/rotate_absolute__traits.hpp
[3.276s] -- Up-to-date: /home/bolka/dev_ws/install/turtlesim/include/turtlesim/action/detail/rotate_absolute__builder.hpp
[3.276s] -- Up-to-date: /home/bolka/dev_ws/install/turtlesim/include/turtlesim/action/detail/rotate_absolute__struct.hpp
[3.276s] -- Up-to-date: /home/bolka/dev_ws/install/turtlesim/include/turtlesim/msg
[3.277s] -- Up-to-date: /home/bolka/dev_ws/install/turtlesim/include/turtlesim/msg/detail
[3.277s] -- Up-to-date: /home/bolka/dev_ws/install/turtlesim/include/turtlesim/msg/detail/color__struct.hpp
[3.277s] -- Up-to-date: /home/bolka/dev_ws/install/turtlesim/include/turtlesim/msg/detail/pose__builder.hpp
[3.278s] -- Up-to-date: /home/bolka/dev_ws/install/turtlesim/include/turtlesim/msg/detail/color__builder.hpp
[3.278s] -- Up-to-date: /home/bolka/dev_ws/install/turtlesim/include/turtlesim/msg/detail/color__traits.hpp
[3.279s] -- Up-to-date: /home/bolka/dev_ws/install/turtlesim/include/turtlesim/msg/detail/pose__struct.hpp
[3.279s] -- Up-to-date: /home/bolka/dev_ws/install/turtlesim/include/turtlesim/msg/detail/pose__traits.hpp
[3.279s] -- Up-to-date: /home/bolka/dev_ws/install/turtlesim/include/turtlesim/msg/color.hpp
[3.279s] -- Up-to-date: /home/bolka/dev_ws/install/turtlesim/include/turtlesim/msg/pose.hpp
[3.279s] -- Up-to-date: /home/bolka/dev_ws/install/turtlesim/include/turtlesim
[3.280s] -- Up-to-date: /home/bolka/dev_ws/install/turtlesim/include/turtlesim/srv
[3.280s] -- Up-to-date: /home/bolka/dev_ws/install/turtlesim/include/turtlesim/srv/detail
[3.280s] -- Up-to-date: /home/bolka/dev_ws/install/turtlesim/include/turtlesim/srv/detail/teleport_relative__rosidl_typesupport_introspection_cpp.hpp
[3.280s] -- Up-to-date: /home/bolka/dev_ws/install/turtlesim/include/turtlesim/srv/detail/spawn__type_support.cpp
[3.281s] -- Up-to-date: /home/bolka/dev_ws/install/turtlesim/include/turtlesim/srv/detail/set_pen__rosidl_typesupport_introspection_cpp.hpp
[3.281s] -- Up-to-date: /home/bolka/dev_ws/install/turtlesim/include/turtlesim/srv/detail/teleport_absolute__rosidl_typesupport_introspection_cpp.hpp
[3.281s] -- Up-to-date: /home/bolka/dev_ws/install/turtlesim/include/turtlesim/srv/detail/set_pen__type_support.cpp
[3.281s] -- Up-to-date: /home/bolka/dev_ws/install/turtlesim/include/turtlesim/srv/detail/teleport_absolute__type_support.cpp
[3.281s] -- Up-to-date: /home/bolka/dev_ws/install/turtlesim/include/turtlesim/srv/detail/spawn__rosidl_typesupport_introspection_cpp.hpp
[3.282s] -- Up-to-date: /home/bolka/dev_ws/install/turtlesim/include/turtlesim/srv/detail/teleport_relative__type_support.cpp
[3.282s] -- Up-to-date: /home/bolka/dev_ws/install/turtlesim/include/turtlesim/srv/detail/kill__type_support.cpp
[3.282s] -- Up-to-date: /home/bolka/dev_ws/install/turtlesim/include/turtlesim/srv/detail/kill__rosidl_typesupport_introspection_cpp.hpp
[3.282s] -- Up-to-date: /home/bolka/dev_ws/install/turtlesim/include/turtlesim/action
[3.282s] -- Up-to-date: /home/bolka/dev_ws/install/turtlesim/include/turtlesim/action/detail
[3.282s] -- Up-to-date: /home/bolka/dev_ws/install/turtlesim/include/turtlesim/action/detail/rotate_absolute__rosidl_typesupport_introspection_cpp.hpp
[3.283s] -- Up-to-date: /home/bolka/dev_ws/install/turtlesim/include/turtlesim/action/detail/rotate_absolute__type_support.cpp
[3.283s] -- Up-to-date: /home/bolka/dev_ws/install/turtlesim/include/turtlesim/msg
[3.283s] -- Up-to-date: /home/bolka/dev_ws/install/turtlesim/include/turtlesim/msg/detail
[3.283s] -- Up-to-date: /home/bolka/dev_ws/install/turtlesim/include/turtlesim/msg/detail/pose__rosidl_typesupport_introspection_cpp.hpp
[3.283s] -- Up-to-date: /home/bolka/dev_ws/install/turtlesim/include/turtlesim/msg/detail/pose__type_support.cpp
[3.284s] -- Up-to-date: /home/bolka/dev_ws/install/turtlesim/include/turtlesim/msg/detail/color__type_support.cpp
[3.284s] -- Up-to-date: /home/bolka/dev_ws/install/turtlesim/include/turtlesim/msg/detail/color__rosidl_typesupport_introspection_cpp.hpp
[3.284s] -- Up-to-date: /home/bolka/dev_ws/install/turtlesim/lib/libturtlesim__rosidl_typesupport_introspection_cpp.so
[3.284s] -- Up-to-date: /home/bolka/dev_ws/install/turtlesim/lib/libturtlesim__rosidl_typesupport_cpp.so
[3.284s] -- Up-to-date: /home/bolka/dev_ws/install/turtlesim/share/turtlesim/environment/pythonpath.sh
[3.284s] -- Up-to-date: /home/bolka/dev_ws/install/turtlesim/share/turtlesim/environment/pythonpath.dsv
[3.285s] -- Up-to-date: /home/bolka/dev_ws/install/turtlesim/lib/python3.8/site-packages/turtlesim/__init__.py
[3.345s] -- Up-to-date: /home/bolka/dev_ws/install/turtlesim/lib/python3.8/site-packages/turtlesim/action
[3.345s] -- Up-to-date: /home/bolka/dev_ws/install/turtlesim/lib/python3.8/site-packages/turtlesim/action/_rotate_absolute.py
[3.346s] -- Up-to-date: /home/bolka/dev_ws/install/turtlesim/lib/python3.8/site-packages/turtlesim/action/_rotate_absolute_s.c
[3.346s] -- Up-to-date: /home/bolka/dev_ws/install/turtlesim/lib/python3.8/site-packages/turtlesim/action/__init__.py
[3.346s] -- Up-to-date: /home/bolka/dev_ws/install/turtlesim/lib/python3.8/site-packages/turtlesim/msg
[3.346s] -- Up-to-date: /home/bolka/dev_ws/install/turtlesim/lib/python3.8/site-packages/turtlesim/msg/_pose_s.c
[3.347s] -- Up-to-date: /home/bolka/dev_ws/install/turtlesim/lib/python3.8/site-packages/turtlesim/msg/_color_s.c
[3.347s] -- Up-to-date: /home/bolka/dev_ws/install/turtlesim/lib/python3.8/site-packages/turtlesim/msg/_pose.py
[3.347s] -- Up-to-date: /home/bolka/dev_ws/install/turtlesim/lib/python3.8/site-packages/turtlesim/msg/_color.py
[3.347s] -- Up-to-date: /home/bolka/dev_ws/install/turtlesim/lib/python3.8/site-packages/turtlesim/msg/__init__.py
[3.348s] -- Up-to-date: /home/bolka/dev_ws/install/turtlesim/lib/python3.8/site-packages/turtlesim/srv
[3.348s] -- Up-to-date: /home/bolka/dev_ws/install/turtlesim/lib/python3.8/site-packages/turtlesim/srv/_spawn_s.c
[3.348s] -- Up-to-date: /home/bolka/dev_ws/install/turtlesim/lib/python3.8/site-packages/turtlesim/srv/_set_pen.py
[3.348s] -- Up-to-date: /home/bolka/dev_ws/install/turtlesim/lib/python3.8/site-packages/turtlesim/srv/_teleport_absolute.py
[3.349s] -- Up-to-date: /home/bolka/dev_ws/install/turtlesim/lib/python3.8/site-packages/turtlesim/srv/_teleport_relative_s.c
[3.349s] -- Up-to-date: /home/bolka/dev_ws/install/turtlesim/lib/python3.8/site-packages/turtlesim/srv/_kill.py
[3.349s] -- Up-to-date: /home/bolka/dev_ws/install/turtlesim/lib/python3.8/site-packages/turtlesim/srv/_spawn.py
[3.350s] -- Up-to-date: /home/bolka/dev_ws/install/turtlesim/lib/python3.8/site-packages/turtlesim/srv/_kill_s.c
[3.350s] -- Up-to-date: /home/bolka/dev_ws/install/turtlesim/lib/python3.8/site-packages/turtlesim/srv/_teleport_relative.py
[3.350s] -- Up-to-date: /home/bolka/dev_ws/install/turtlesim/lib/python3.8/site-packages/turtlesim/srv/__init__.py
[3.350s] -- Up-to-date: /home/bolka/dev_ws/install/turtlesim/lib/python3.8/site-packages/turtlesim/srv/_set_pen_s.c
[3.351s] -- Up-to-date: /home/bolka/dev_ws/install/turtlesim/lib/python3.8/site-packages/turtlesim/srv/_teleport_absolute_s.c
[3.351s] -- Up-to-date: /home/bolka/dev_ws/install/turtlesim/lib/python3.8/site-packages/turtlesim/turtlesim_s__rosidl_typesupport_fastrtps_c.cpython-38-x86_64-linux-gnu.so
[3.352s] -- Up-to-date: /home/bolka/dev_ws/install/turtlesim/lib/python3.8/site-packages/turtlesim/turtlesim_s__rosidl_typesupport_introspection_c.cpython-38-x86_64-linux-gnu.so
[3.352s] -- Up-to-date: /home/bolka/dev_ws/install/turtlesim/lib/python3.8/site-packages/turtlesim/turtlesim_s__rosidl_typesupport_c.cpython-38-x86_64-linux-gnu.so
[3.352s] -- Up-to-date: /home/bolka/dev_ws/install/turtlesim/lib/libturtlesim__python.so
[3.352s] -- Up-to-date: /home/bolka/dev_ws/install/turtlesim/share/turtlesim/action/RotateAbsolute.idl
[3.353s] -- Up-to-date: /home/bolka/dev_ws/install/turtlesim/share/turtlesim/msg/Color.idl
[3.353s] -- Up-to-date: /home/bolka/dev_ws/install/turtlesim/share/turtlesim/msg/Pose.idl
[3.353s] -- Up-to-date: /home/bolka/dev_ws/install/turtlesim/share/turtlesim/srv/Kill.idl
[3.353s] -- Up-to-date: /home/bolka/dev_ws/install/turtlesim/share/turtlesim/srv/SetPen.idl
[3.354s] -- Up-to-date: /home/bolka/dev_ws/install/turtlesim/share/turtlesim/srv/Spawn.idl
[3.354s] -- Up-to-date: /home/bolka/dev_ws/install/turtlesim/share/turtlesim/srv/TeleportAbsolute.idl
[3.354s] -- Up-to-date: /home/bolka/dev_ws/install/turtlesim/share/turtlesim/srv/TeleportRelative.idl
[3.354s] -- Up-to-date: /home/bolka/dev_ws/install/turtlesim/share/turtlesim/action/RotateAbsolute.action
[3.354s] -- Up-to-date: /home/bolka/dev_ws/install/turtlesim/share/turtlesim/msg/Color.msg
[3.355s] -- Up-to-date: /home/bolka/dev_ws/install/turtlesim/share/turtlesim/msg/Pose.msg
[3.355s] -- Up-to-date: /home/bolka/dev_ws/install/turtlesim/share/turtlesim/srv/Kill.srv
[3.355s] -- Up-to-date: /home/bolka/dev_ws/install/turtlesim/share/turtlesim/srv/Kill_Request.msg
[3.356s] -- Up-to-date: /home/bolka/dev_ws/install/turtlesim/share/turtlesim/srv/Kill_Response.msg
[3.356s] -- Up-to-date: /home/bolka/dev_ws/install/turtlesim/share/turtlesim/srv/SetPen.srv
[3.356s] -- Up-to-date: /home/bolka/dev_ws/install/turtlesim/share/turtlesim/srv/SetPen_Request.msg
[3.356s] -- Up-to-date: /home/bolka/dev_ws/install/turtlesim/share/turtlesim/srv/SetPen_Response.msg
[3.357s] -- Up-to-date: /home/bolka/dev_ws/install/turtlesim/share/turtlesim/srv/Spawn.srv
[3.357s] -- Up-to-date: /home/bolka/dev_ws/install/turtlesim/share/turtlesim/srv/Spawn_Request.msg
[3.357s] -- Up-to-date: /home/bolka/dev_ws/install/turtlesim/share/turtlesim/srv/Spawn_Response.msg
[3.357s] -- Up-to-date: /home/bolka/dev_ws/install/turtlesim/share/turtlesim/srv/TeleportAbsolute.srv
[3.358s] -- Up-to-date: /home/bolka/dev_ws/install/turtlesim/share/turtlesim/srv/TeleportAbsolute_Request.msg
[3.358s] -- Up-to-date: /home/bolka/dev_ws/install/turtlesim/share/turtlesim/srv/TeleportAbsolute_Response.msg
[3.358s] -- Up-to-date: /home/bolka/dev_ws/install/turtlesim/share/turtlesim/srv/TeleportRelative.srv
[3.359s] -- Up-to-date: /home/bolka/dev_ws/install/turtlesim/share/turtlesim/srv/TeleportRelative_Request.msg
[3.359s] -- Up-to-date: /home/bolka/dev_ws/install/turtlesim/share/turtlesim/srv/TeleportRelative_Response.msg
[3.359s] -- Up-to-date: /home/bolka/dev_ws/install/turtlesim/lib/turtlesim/turtlesim_node
[3.359s] -- Up-to-date: /home/bolka/dev_ws/install/turtlesim/lib/turtlesim/turtle_teleop_key
[3.360s] -- Up-to-date: /home/bolka/dev_ws/install/turtlesim/lib/turtlesim/draw_square
[3.360s] -- Up-to-date: /home/bolka/dev_ws/install/turtlesim/lib/turtlesim/mimic
[3.360s] -- Up-to-date: /home/bolka/dev_ws/install/turtlesim/share/turtlesim/images
[3.361s] -- Up-to-date: /home/bolka/dev_ws/install/turtlesim/share/turtlesim/images/galactic.png
[3.361s] -- Up-to-date: /home/bolka/dev_ws/install/turtlesim/share/turtlesim/images/crystal.png
[3.362s] -- Up-to-date: /home/bolka/dev_ws/install/turtlesim/share/turtlesim/images/bouncy.png
[3.362s] -- Up-to-date: /home/bolka/dev_ws/install/turtlesim/share/turtlesim/images/ardent.png
[3.362s] -- Up-to-date: /home/bolka/dev_ws/install/turtlesim/share/turtlesim/images/eloquent.png
[3.362s] -- Up-to-date: /home/bolka/dev_ws/install/turtlesim/share/turtlesim/images/foxy.png
[3.362s] -- Up-to-date: /home/bolka/dev_ws/install/turtlesim/share/turtlesim/images/dashing.png
[3.363s] -- Up-to-date: /home/bolka/dev_ws/install/turtlesim/share/turtlesim/launch
[3.363s] -- Up-to-date: /home/bolka/dev_ws/install/turtlesim/share/turtlesim/launch/multisim.launch.py
[3.363s] -- Up-to-date: /home/bolka/dev_ws/install/turtlesim/share/ament_index/resource_index/package_run_dependencies/turtlesim
[3.363s] -- Up-to-date: /home/bolka/dev_ws/install/turtlesim/share/ament_index/resource_index/parent_prefix_path/turtlesim
[3.364s] -- Up-to-date: /home/bolka/dev_ws/install/turtlesim/share/turtlesim/environment/ament_prefix_path.sh
[3.364s] -- Up-to-date: /home/bolka/dev_ws/install/turtlesim/share/turtlesim/environment/ament_prefix_path.dsv
[3.364s] -- Up-to-date: /home/bolka/dev_ws/install/turtlesim/share/turtlesim/environment/path.sh
[3.364s] -- Up-to-date: /home/bolka/dev_ws/install/turtlesim/share/turtlesim/environment/path.dsv
[3.365s] -- Up-to-date: /home/bolka/dev_ws/install/turtlesim/share/turtlesim/local_setup.bash
[3.365s] -- Up-to-date: /home/bolka/dev_ws/install/turtlesim/share/turtlesim/local_setup.sh
[3.368s] -- Up-to-date: /home/bolka/dev_ws/install/turtlesim/share/turtlesim/local_setup.zsh
[3.370s] -- Up-to-date: /home/bolka/dev_ws/install/turtlesim/share/turtlesim/local_setup.dsv
[3.370s] -- Installing: /home/bolka/dev_ws/install/turtlesim/share/turtlesim/package.dsv
[3.371s] -- Up-to-date: /home/bolka/dev_ws/install/turtlesim/share/ament_index/resource_index/packages/turtlesim
[3.371s] -- Up-to-date: /home/bolka/dev_ws/install/turtlesim/share/turtlesim/cmake/turtlesim__rosidl_generator_cExport.cmake
[3.371s] -- Up-to-date: /home/bolka/dev_ws/install/turtlesim/share/turtlesim/cmake/turtlesim__rosidl_generator_cExport-noconfig.cmake
[3.372s] -- Up-to-date: /home/bolka/dev_ws/install/turtlesim/share/turtlesim/cmake/turtlesim__rosidl_typesupport_introspection_cExport.cmake
[3.372s] -- Up-to-date: /home/bolka/dev_ws/install/turtlesim/share/turtlesim/cmake/turtlesim__rosidl_typesupport_introspection_cExport-noconfig.cmake
[3.373s] -- Up-to-date: /home/bolka/dev_ws/install/turtlesim/share/turtlesim/cmake/turtlesim__rosidl_typesupport_cExport.cmake
[3.373s] -- Up-to-date: /home/bolka/dev_ws/install/turtlesim/share/turtlesim/cmake/turtlesim__rosidl_typesupport_cExport-noconfig.cmake
[3.373s] -- Up-to-date: /home/bolka/dev_ws/install/turtlesim/share/turtlesim/cmake/turtlesim__rosidl_generator_cppExport.cmake
[3.373s] -- Up-to-date: /home/bolka/dev_ws/install/turtlesim/share/turtlesim/cmake/turtlesim__rosidl_typesupport_introspection_cppExport.cmake
[3.374s] -- Up-to-date: /home/bolka/dev_ws/install/turtlesim/share/turtlesim/cmake/turtlesim__rosidl_typesupport_introspection_cppExport-noconfig.cmake
[3.374s] -- Up-to-date: /home/bolka/dev_ws/install/turtlesim/share/turtlesim/cmake/turtlesim__rosidl_typesupport_cppExport.cmake
[3.374s] -- Up-to-date: /home/bolka/dev_ws/install/turtlesim/share/turtlesim/cmake/turtlesim__rosidl_typesupport_cppExport-noconfig.cmake
[3.374s] -- Up-to-date: /home/bolka/dev_ws/install/turtlesim/share/turtlesim/cmake/rosidl_cmake-extras.cmake
[3.375s] -- Up-to-date: /home/bolka/dev_ws/install/turtlesim/share/turtlesim/cmake/ament_cmake_export_dependencies-extras.cmake
[3.375s] -- Up-to-date: /home/bolka/dev_ws/install/turtlesim/share/turtlesim/cmake/ament_cmake_export_libraries-extras.cmake
[3.375s] -- Up-to-date: /home/bolka/dev_ws/install/turtlesim/share/turtlesim/cmake/ament_cmake_export_targets-extras.cmake
[3.375s] -- Up-to-date: /home/bolka/dev_ws/install/turtlesim/share/turtlesim/cmake/ament_cmake_export_include_directories-extras.cmake
[3.376s] -- Up-to-date: /home/bolka/dev_ws/install/turtlesim/share/turtlesim/cmake/rosidl_cmake_export_typesupport_libraries-extras.cmake
[3.378s] -- Up-to-date: /home/bolka/dev_ws/install/turtlesim/share/turtlesim/cmake/rosidl_cmake_export_typesupport_targets-extras.cmake
[3.378s] -- Up-to-date: /home/bolka/dev_ws/install/turtlesim/share/turtlesim/cmake/turtlesimConfig.cmake
[3.379s] -- Up-to-date: /home/bolka/dev_ws/install/turtlesim/share/turtlesim/cmake/turtlesimConfig-version.cmake
[3.379s] -- Up-to-date: /home/bolka/dev_ws/install/turtlesim/share/turtlesim/package.xml
[3.380s] Invoked command in '/home/bolka/dev_ws/build/turtlesim' returned '0': CMAKE_PREFIX_PATH=${CMAKE_PREFIX_PATH}:/home/bolka/dev_ws/install/simulator:/home/bolka/dev_ws/install/my_package:/home/bolka/dev_ws/install/map:/opt/ros/galactic /usr/bin/cmake --install /home/bolka/dev_ws/build/turtlesim
