[1.066s] Invoking command in '/home/bolka/dev_ws/src/simulator': PYTHONPATH=/home/bolka/dev_ws/install/simulator/lib/python3.8/site-packages:${PYTHONPATH} /usr/bin/python3 setup.py egg_info --egg-base ../../build/simulator build --build-base /home/bolka/dev_ws/build/simulator/build install --prefix /home/bolka/dev_ws/install/simulator --record /home/bolka/dev_ws/build/simulator/install.log --single-version-externally-managed
[1.703s] running egg_info
[1.704s] writing ../../build/simulator/simulator.egg-info/PKG-INFO
[1.704s] writing dependency_links to ../../build/simulator/simulator.egg-info/dependency_links.txt
[1.705s] writing entry points to ../../build/simulator/simulator.egg-info/entry_points.txt
[1.705s] writing requirements to ../../build/simulator/simulator.egg-info/requires.txt
[1.705s] writing top-level names to ../../build/simulator/simulator.egg-info/top_level.txt
[1.784s] reading manifest file '../../build/simulator/simulator.egg-info/SOURCES.txt'
[1.786s] writing manifest file '../../build/simulator/simulator.egg-info/SOURCES.txt'
[1.786s] running build
[1.786s] running build_py
[1.787s] running install
[1.789s] running install_lib
[1.792s] running install_data
[1.793s] running install_egg_info
[1.797s] removing '/home/bolka/dev_ws/install/simulator/lib/python3.8/site-packages/simulator-0.0.0-py3.8.egg-info' (and everything under it)
[1.798s] Copying ../../build/simulator/simulator.egg-info to /home/bolka/dev_ws/install/simulator/lib/python3.8/site-packages/simulator-0.0.0-py3.8.egg-info
[1.800s] running install_scripts
[1.841s] Installing node2_simulator script to /home/bolka/dev_ws/install/simulator/lib/simulator
[1.842s] writing list of installed files to '/home/bolka/dev_ws/build/simulator/install.log'
[1.933s] Invoked command in '/home/bolka/dev_ws/src/simulator' returned '0': PYTHONPATH=/home/bolka/dev_ws/install/simulator/lib/python3.8/site-packages:${PYTHONPATH} /usr/bin/python3 setup.py egg_info --egg-base ../../build/simulator build --build-base /home/bolka/dev_ws/build/simulator/build install --prefix /home/bolka/dev_ws/install/simulator --record /home/bolka/dev_ws/build/simulator/install.log --single-version-externally-managed
