[1.051s] Invoking command in '/home/bolka/dev_ws/src/simulator': PYTHONPATH=/home/bolka/dev_ws/install/simulator/lib/python3.8/site-packages:${PYTHONPATH} /usr/bin/python3 setup.py egg_info --egg-base ../../build/simulator build --build-base /home/bolka/dev_ws/build/simulator/build install --prefix /home/bolka/dev_ws/install/simulator --record /home/bolka/dev_ws/build/simulator/install.log --single-version-externally-managed
[1.833s] running egg_info
[1.836s] writing ../../build/simulator/simulator.egg-info/PKG-INFO
[1.837s] writing dependency_links to ../../build/simulator/simulator.egg-info/dependency_links.txt
[1.837s] writing entry points to ../../build/simulator/simulator.egg-info/entry_points.txt
[1.837s] writing requirements to ../../build/simulator/simulator.egg-info/requires.txt
[1.838s] writing top-level names to ../../build/simulator/simulator.egg-info/top_level.txt
[1.938s] reading manifest file '../../build/simulator/simulator.egg-info/SOURCES.txt'
[1.940s] writing manifest file '../../build/simulator/simulator.egg-info/SOURCES.txt'
[1.940s] running build
[1.941s] running build_py
[1.942s] copying simulator/node2_simulator.py -> /home/bolka/dev_ws/build/simulator/build/lib/simulator
[1.942s] running install
[1.943s] running install_lib
[1.943s] copying /home/bolka/dev_ws/build/simulator/build/lib/simulator/node2_simulator.py -> /home/bolka/dev_ws/install/simulator/lib/python3.8/site-packages/simulator
[1.944s] byte-compiling /home/bolka/dev_ws/install/simulator/lib/python3.8/site-packages/simulator/node2_simulator.py to node2_simulator.cpython-38.pyc
[1.948s] running install_data
[1.949s] running install_egg_info
[1.951s] removing '/home/bolka/dev_ws/install/simulator/lib/python3.8/site-packages/simulator-0.0.0-py3.8.egg-info' (and everything under it)
[1.952s] Copying ../../build/simulator/simulator.egg-info to /home/bolka/dev_ws/install/simulator/lib/python3.8/site-packages/simulator-0.0.0-py3.8.egg-info
[1.953s] running install_scripts
[1.987s] Installing node2_simulator script to /home/bolka/dev_ws/install/simulator/lib/simulator
[1.988s] writing list of installed files to '/home/bolka/dev_ws/build/simulator/install.log'
[2.033s] Invoked command in '/home/bolka/dev_ws/src/simulator' returned '0': PYTHONPATH=/home/bolka/dev_ws/install/simulator/lib/python3.8/site-packages:${PYTHONPATH} /usr/bin/python3 setup.py egg_info --egg-base ../../build/simulator build --build-base /home/bolka/dev_ws/build/simulator/build install --prefix /home/bolka/dev_ws/install/simulator --record /home/bolka/dev_ws/build/simulator/install.log --single-version-externally-managed
