[1.402s] Invoking command in '/home/bolka/dev_ws/src/simulator': PYTHONPATH=/home/bolka/dev_ws/install/simulator/lib/python3.8/site-packages:${PYTHONPATH} /usr/bin/python3 setup.py egg_info --egg-base ../../build/simulator build --build-base /home/bolka/dev_ws/build/simulator/build install --prefix /home/bolka/dev_ws/install/simulator --record /home/bolka/dev_ws/build/simulator/install.log --single-version-externally-managed
[2.249s] running egg_info
[2.256s] writing ../../build/simulator/simulator.egg-info/PKG-INFO
[2.257s] writing dependency_links to ../../build/simulator/simulator.egg-info/dependency_links.txt
[2.258s] writing entry points to ../../build/simulator/simulator.egg-info/entry_points.txt
[2.258s] writing requirements to ../../build/simulator/simulator.egg-info/requires.txt
[2.258s] writing top-level names to ../../build/simulator/simulator.egg-info/top_level.txt
[2.394s] reading manifest file '../../build/simulator/simulator.egg-info/SOURCES.txt'
[2.396s] writing manifest file '../../build/simulator/simulator.egg-info/SOURCES.txt'
[2.397s] running build
[2.398s] running build_py
[2.398s] copying simulator/node2_simulator.py -> /home/bolka/dev_ws/build/simulator/build/lib/simulator
[2.399s] running install
[2.412s] running install_lib
[2.420s] copying /home/bolka/dev_ws/build/simulator/build/lib/simulator/node2_simulator.py -> /home/bolka/dev_ws/install/simulator/lib/python3.8/site-packages/simulator
[2.425s] byte-compiling /home/bolka/dev_ws/install/simulator/lib/python3.8/site-packages/simulator/node2_simulator.py to node2_simulator.cpython-38.pyc
[2.431s] running install_data
[2.432s] running install_egg_info
[2.435s] removing '/home/bolka/dev_ws/install/simulator/lib/python3.8/site-packages/simulator-0.0.0-py3.8.egg-info' (and everything under it)
[2.436s] Copying ../../build/simulator/simulator.egg-info to /home/bolka/dev_ws/install/simulator/lib/python3.8/site-packages/simulator-0.0.0-py3.8.egg-info
[2.438s] running install_scripts
[2.494s] Installing node2_simulator script to /home/bolka/dev_ws/install/simulator/lib/simulator
[2.494s] writing list of installed files to '/home/bolka/dev_ws/build/simulator/install.log'
[2.596s] Invoked command in '/home/bolka/dev_ws/src/simulator' returned '0': PYTHONPATH=/home/bolka/dev_ws/install/simulator/lib/python3.8/site-packages:${PYTHONPATH} /usr/bin/python3 setup.py egg_info --egg-base ../../build/simulator build --build-base /home/bolka/dev_ws/build/simulator/build install --prefix /home/bolka/dev_ws/install/simulator --record /home/bolka/dev_ws/build/simulator/install.log --single-version-externally-managed
