[1.057s] Invoking command in '/home/bolka/dev_ws/src/map': PYTHONPATH=/home/bolka/dev_ws/install/map/lib/python3.8/site-packages:${PYTHONPATH} /usr/bin/python3 setup.py egg_info --egg-base ../../build/map build --build-base /home/bolka/dev_ws/build/map/build install --prefix /home/bolka/dev_ws/install/map --record /home/bolka/dev_ws/build/map/install.log --single-version-externally-managed
[1.675s] running egg_info
[1.677s] writing ../../build/map/map.egg-info/PKG-INFO
[1.677s] writing dependency_links to ../../build/map/map.egg-info/dependency_links.txt
[1.677s] writing entry points to ../../build/map/map.egg-info/entry_points.txt
[1.678s] writing requirements to ../../build/map/map.egg-info/requires.txt
[1.678s] writing top-level names to ../../build/map/map.egg-info/top_level.txt
[1.788s] reading manifest file '../../build/map/map.egg-info/SOURCES.txt'
[1.792s] writing manifest file '../../build/map/map.egg-info/SOURCES.txt'
[1.793s] running build
[1.793s] running build_py
[1.794s] copying map/node1_map.py -> /home/bolka/dev_ws/build/map/build/lib/map
[1.795s] running install
[1.798s] running install_lib
[1.801s] copying /home/bolka/dev_ws/build/map/build/lib/map/node1_map.py -> /home/bolka/dev_ws/install/map/lib/python3.8/site-packages/map
[1.804s] byte-compiling /home/bolka/dev_ws/install/map/lib/python3.8/site-packages/map/node1_map.py to node1_map.cpython-38.pyc
[1.808s] running install_data
[1.810s] running install_egg_info
[1.817s] removing '/home/bolka/dev_ws/install/map/lib/python3.8/site-packages/map-0.0.0-py3.8.egg-info' (and everything under it)
[1.818s] Copying ../../build/map/map.egg-info to /home/bolka/dev_ws/install/map/lib/python3.8/site-packages/map-0.0.0-py3.8.egg-info
[1.820s] running install_scripts
[1.871s] Installing node1_map script to /home/bolka/dev_ws/install/map/lib/map
[1.872s] writing list of installed files to '/home/bolka/dev_ws/build/map/install.log'
[1.979s] Invoked command in '/home/bolka/dev_ws/src/map' returned '0': PYTHONPATH=/home/bolka/dev_ws/install/map/lib/python3.8/site-packages:${PYTHONPATH} /usr/bin/python3 setup.py egg_info --egg-base ../../build/map build --build-base /home/bolka/dev_ws/build/map/build install --prefix /home/bolka/dev_ws/install/map --record /home/bolka/dev_ws/build/map/install.log --single-version-externally-managed
