[1.122s] Invoking command in '/home/bolka/dev_ws/src/my_package': PYTHONPATH=/home/bolka/dev_ws/install/my_package/lib/python3.8/site-packages:${PYTHONPATH} /usr/bin/python3 setup.py egg_info --egg-base ../../build/my_package build --build-base /home/bolka/dev_ws/build/my_package/build install --prefix /home/bolka/dev_ws/install/my_package --record /home/bolka/dev_ws/build/my_package/install.log --single-version-externally-managed
[2.378s] running egg_info
[2.379s] writing ../../build/my_package/my_package.egg-info/PKG-INFO
[2.379s] writing dependency_links to ../../build/my_package/my_package.egg-info/dependency_links.txt
[2.380s] writing entry points to ../../build/my_package/my_package.egg-info/entry_points.txt
[2.380s] writing requirements to ../../build/my_package/my_package.egg-info/requires.txt
[2.386s] writing top-level names to ../../build/my_package/my_package.egg-info/top_level.txt
[2.571s] reading manifest file '../../build/my_package/my_package.egg-info/SOURCES.txt'
[2.574s] writing manifest file '../../build/my_package/my_package.egg-info/SOURCES.txt'
[2.574s] running build
[2.574s] running build_py
[2.575s] running install
[2.577s] running install_lib
[2.583s] running install_data
[2.584s] running install_egg_info
[2.590s] removing '/home/bolka/dev_ws/install/my_package/lib/python3.8/site-packages/my_package-0.0.0-py3.8.egg-info' (and everything under it)
[2.591s] Copying ../../build/my_package/my_package.egg-info to /home/bolka/dev_ws/install/my_package/lib/python3.8/site-packages/my_package-0.0.0-py3.8.egg-info
[2.593s] running install_scripts
[2.676s] Installing my_node script to /home/bolka/dev_ws/install/my_package/lib/my_package
[2.677s] writing list of installed files to '/home/bolka/dev_ws/build/my_package/install.log'
[2.790s] Invoked command in '/home/bolka/dev_ws/src/my_package' returned '0': PYTHONPATH=/home/bolka/dev_ws/install/my_package/lib/python3.8/site-packages:${PYTHONPATH} /usr/bin/python3 setup.py egg_info --egg-base ../../build/my_package build --build-base /home/bolka/dev_ws/build/my_package/build install --prefix /home/bolka/dev_ws/install/my_package --record /home/bolka/dev_ws/build/my_package/install.log --single-version-externally-managed
