[0.407s] DEBUG:colcon:Command line arguments: ['/usr/bin/colcon', 'build']
[0.408s] DEBUG:colcon:Parsed command line arguments: Namespace(ament_cmake_args=None, base_paths=['.'], build_base='build', catkin_cmake_args=None, catkin_skip_building_tests=False, cmake_args=None, cmake_clean_cache=False, cmake_clean_first=False, cmake_force_configure=False, cmake_target=None, cmake_target_skip_unavailable=False, continue_on_error=False, event_handlers=None, executor='parallel', ignore_user_meta=False, install_base='install', log_base=None, log_level=None, main=<bound method BuildVerb.main of <colcon_core.verb.build.BuildVerb object at 0x7f63ad1cb370>>, merge_install=False, metas=['./colcon.meta'], packages_above=None, packages_above_and_dependencies=None, packages_above_depth=None, packages_end=None, packages_ignore=None, packages_ignore_regex=None, packages_select=None, packages_select_build_failed=False, packages_select_by_dep=None, packages_select_regex=None, packages_select_test_failures=False, packages_skip=None, packages_skip_build_finished=False, packages_skip_by_dep=None, packages_skip_regex=None, packages_skip_test_passed=False, packages_skip_up_to=None, packages_start=None, packages_up_to=None, packages_up_to_regex=None, parallel_workers=4, paths=None, symlink_install=False, test_result_base=None, verb_extension=<colcon_core.verb.build.BuildVerb object at 0x7f63ad1cb370>, verb_name='build', verb_parser=<colcon_defaults.argument_parser.defaults.DefaultArgumentsDecorator object at 0x7f63ad1cb8b0>)
[0.414s] Level 1:colcon.colcon_core.package_discovery:discover_packages(colcon_meta) check parameters
[0.414s] Level 1:colcon.colcon_core.package_discovery:discover_packages(recursive) check parameters
[0.414s] Level 1:colcon.colcon_core.package_discovery:discover_packages(ignore) check parameters
[0.414s] Level 1:colcon.colcon_core.package_discovery:discover_packages(path) check parameters
[0.414s] Level 1:colcon.colcon_core.package_discovery:discover_packages(colcon_meta) discover
[0.415s] Level 1:colcon.colcon_core.package_discovery:discover_packages(recursive) discover
[0.415s] INFO:colcon.colcon_core.package_discovery:Crawling recursively for packages in '/home/bolka/dev_ws'
[0.415s] Level 1:colcon.colcon_core.package_identification:_identify(.) by extensions ['ignore', 'ignore_ament_install']
[0.415s] Level 1:colcon.colcon_core.package_identification:_identify(.) by extension 'ignore'
[0.415s] Level 1:colcon.colcon_core.package_identification:_identify(.) by extension 'ignore_ament_install'
[0.415s] Level 1:colcon.colcon_core.package_identification:_identify(.) by extensions ['colcon_pkg']
[0.415s] Level 1:colcon.colcon_core.package_identification:_identify(.) by extension 'colcon_pkg'
[0.415s] Level 1:colcon.colcon_core.package_identification:_identify(.) by extensions ['colcon_meta']
[0.415s] Level 1:colcon.colcon_core.package_identification:_identify(.) by extension 'colcon_meta'
[0.415s] Level 1:colcon.colcon_core.package_identification:_identify(.) by extensions ['ros']
[0.415s] Level 1:colcon.colcon_core.package_identification:_identify(.) by extension 'ros'
[0.430s] Level 1:colcon.colcon_core.package_identification:_identify(.) by extensions ['cmake', 'python']
[0.431s] Level 1:colcon.colcon_core.package_identification:_identify(.) by extension 'cmake'
[0.431s] Level 1:colcon.colcon_core.package_identification:_identify(.) by extension 'python'
[0.431s] Level 1:colcon.colcon_core.package_identification:_identify(.) by extensions ['python_setup_py']
[0.431s] Level 1:colcon.colcon_core.package_identification:_identify(.) by extension 'python_setup_py'
[0.431s] Level 1:colcon.colcon_core.package_identification:_identify(build) by extensions ['ignore', 'ignore_ament_install']
[0.431s] Level 1:colcon.colcon_core.package_identification:_identify(build) by extension 'ignore'
[0.431s] Level 1:colcon.colcon_core.package_identification:_identify(build) ignored
[0.431s] Level 1:colcon.colcon_core.package_identification:_identify(install) by extensions ['ignore', 'ignore_ament_install']
[0.431s] Level 1:colcon.colcon_core.package_identification:_identify(install) by extension 'ignore'
[0.431s] Level 1:colcon.colcon_core.package_identification:_identify(install) ignored
[0.432s] Level 1:colcon.colcon_core.package_identification:_identify(log) by extensions ['ignore', 'ignore_ament_install']
[0.432s] Level 1:colcon.colcon_core.package_identification:_identify(log) by extension 'ignore'
[0.432s] Level 1:colcon.colcon_core.package_identification:_identify(log) ignored
[0.432s] Level 1:colcon.colcon_core.package_identification:_identify(src) by extensions ['ignore', 'ignore_ament_install']
[0.432s] Level 1:colcon.colcon_core.package_identification:_identify(src) by extension 'ignore'
[0.432s] Level 1:colcon.colcon_core.package_identification:_identify(src) by extension 'ignore_ament_install'
[0.432s] Level 1:colcon.colcon_core.package_identification:_identify(src) by extensions ['colcon_pkg']
[0.432s] Level 1:colcon.colcon_core.package_identification:_identify(src) by extension 'colcon_pkg'
[0.432s] Level 1:colcon.colcon_core.package_identification:_identify(src) by extensions ['colcon_meta']
[0.432s] Level 1:colcon.colcon_core.package_identification:_identify(src) by extension 'colcon_meta'
[0.432s] Level 1:colcon.colcon_core.package_identification:_identify(src) by extensions ['ros']
[0.433s] Level 1:colcon.colcon_core.package_identification:_identify(src) by extension 'ros'
[0.433s] Level 1:colcon.colcon_core.package_identification:_identify(src) by extensions ['cmake', 'python']
[0.433s] Level 1:colcon.colcon_core.package_identification:_identify(src) by extension 'cmake'
[0.433s] Level 1:colcon.colcon_core.package_identification:_identify(src) by extension 'python'
[0.433s] Level 1:colcon.colcon_core.package_identification:_identify(src) by extensions ['python_setup_py']
[0.433s] Level 1:colcon.colcon_core.package_identification:_identify(src) by extension 'python_setup_py'
[0.433s] Level 1:colcon.colcon_core.package_identification:_identify(src/build) by extensions ['ignore', 'ignore_ament_install']
[0.433s] Level 1:colcon.colcon_core.package_identification:_identify(src/build) by extension 'ignore'
[0.433s] Level 1:colcon.colcon_core.package_identification:_identify(src/build) ignored
[0.433s] Level 1:colcon.colcon_core.package_identification:_identify(src/install) by extensions ['ignore', 'ignore_ament_install']
[0.433s] Level 1:colcon.colcon_core.package_identification:_identify(src/install) by extension 'ignore'
[0.433s] Level 1:colcon.colcon_core.package_identification:_identify(src/install) ignored
[0.434s] Level 1:colcon.colcon_core.package_identification:_identify(src/log) by extensions ['ignore', 'ignore_ament_install']
[0.434s] Level 1:colcon.colcon_core.package_identification:_identify(src/log) by extension 'ignore'
[0.434s] Level 1:colcon.colcon_core.package_identification:_identify(src/log) ignored
[0.434s] Level 1:colcon.colcon_core.package_identification:_identify(src/map) by extensions ['ignore', 'ignore_ament_install']
[0.434s] Level 1:colcon.colcon_core.package_identification:_identify(src/map) by extension 'ignore'
[0.434s] Level 1:colcon.colcon_core.package_identification:_identify(src/map) by extension 'ignore_ament_install'
[0.434s] Level 1:colcon.colcon_core.package_identification:_identify(src/map) by extensions ['colcon_pkg']
[0.434s] Level 1:colcon.colcon_core.package_identification:_identify(src/map) by extension 'colcon_pkg'
[0.434s] Level 1:colcon.colcon_core.package_identification:_identify(src/map) by extensions ['colcon_meta']
[0.434s] Level 1:colcon.colcon_core.package_identification:_identify(src/map) by extension 'colcon_meta'
[0.434s] Level 1:colcon.colcon_core.package_identification:_identify(src/map) by extensions ['ros']
[0.434s] Level 1:colcon.colcon_core.package_identification:_identify(src/map) by extension 'ros'
[0.437s] DEBUG:colcon.colcon_core.package_identification:Package 'src/map' with type 'ros.ament_python' and name 'map'
[0.438s] Level 1:colcon.colcon_core.package_identification:_identify(src/my_package) by extensions ['ignore', 'ignore_ament_install']
[0.438s] Level 1:colcon.colcon_core.package_identification:_identify(src/my_package) by extension 'ignore'
[0.438s] Level 1:colcon.colcon_core.package_identification:_identify(src/my_package) by extension 'ignore_ament_install'
[0.438s] Level 1:colcon.colcon_core.package_identification:_identify(src/my_package) by extensions ['colcon_pkg']
[0.438s] Level 1:colcon.colcon_core.package_identification:_identify(src/my_package) by extension 'colcon_pkg'
[0.438s] Level 1:colcon.colcon_core.package_identification:_identify(src/my_package) by extensions ['colcon_meta']
[0.438s] Level 1:colcon.colcon_core.package_identification:_identify(src/my_package) by extension 'colcon_meta'
[0.438s] Level 1:colcon.colcon_core.package_identification:_identify(src/my_package) by extensions ['ros']
[0.438s] Level 1:colcon.colcon_core.package_identification:_identify(src/my_package) by extension 'ros'
[0.439s] DEBUG:colcon.colcon_core.package_identification:Package 'src/my_package' with type 'ros.ament_python' and name 'my_package'
[0.439s] Level 1:colcon.colcon_core.package_identification:_identify(src/ros_tutorials) by extensions ['ignore', 'ignore_ament_install']
[0.439s] Level 1:colcon.colcon_core.package_identification:_identify(src/ros_tutorials) by extension 'ignore'
[0.439s] Level 1:colcon.colcon_core.package_identification:_identify(src/ros_tutorials) by extension 'ignore_ament_install'
[0.439s] Level 1:colcon.colcon_core.package_identification:_identify(src/ros_tutorials) by extensions ['colcon_pkg']
[0.439s] Level 1:colcon.colcon_core.package_identification:_identify(src/ros_tutorials) by extension 'colcon_pkg'
[0.439s] Level 1:colcon.colcon_core.package_identification:_identify(src/ros_tutorials) by extensions ['colcon_meta']
[0.439s] Level 1:colcon.colcon_core.package_identification:_identify(src/ros_tutorials) by extension 'colcon_meta'
[0.439s] Level 1:colcon.colcon_core.package_identification:_identify(src/ros_tutorials) by extensions ['ros']
[0.440s] Level 1:colcon.colcon_core.package_identification:_identify(src/ros_tutorials) by extension 'ros'
[0.440s] Level 1:colcon.colcon_core.package_identification:_identify(src/ros_tutorials) by extensions ['cmake', 'python']
[0.440s] Level 1:colcon.colcon_core.package_identification:_identify(src/ros_tutorials) by extension 'cmake'
[0.440s] Level 1:colcon.colcon_core.package_identification:_identify(src/ros_tutorials) by extension 'python'
[0.440s] Level 1:colcon.colcon_core.package_identification:_identify(src/ros_tutorials) by extensions ['python_setup_py']
[0.440s] Level 1:colcon.colcon_core.package_identification:_identify(src/ros_tutorials) by extension 'python_setup_py'
[0.440s] Level 1:colcon.colcon_core.package_identification:_identify(src/ros_tutorials/ros_tutorials) by extensions ['ignore', 'ignore_ament_install']
[0.440s] Level 1:colcon.colcon_core.package_identification:_identify(src/ros_tutorials/ros_tutorials) by extension 'ignore'
[0.440s] Level 1:colcon.colcon_core.package_identification:_identify(src/ros_tutorials/ros_tutorials) ignored
[0.440s] Level 1:colcon.colcon_core.package_identification:_identify(src/ros_tutorials/roscpp_tutorials) by extensions ['ignore', 'ignore_ament_install']
[0.440s] Level 1:colcon.colcon_core.package_identification:_identify(src/ros_tutorials/roscpp_tutorials) by extension 'ignore'
[0.440s] Level 1:colcon.colcon_core.package_identification:_identify(src/ros_tutorials/roscpp_tutorials) ignored
[0.441s] Level 1:colcon.colcon_core.package_identification:_identify(src/ros_tutorials/rospy_tutorials) by extensions ['ignore', 'ignore_ament_install']
[0.441s] Level 1:colcon.colcon_core.package_identification:_identify(src/ros_tutorials/rospy_tutorials) by extension 'ignore'
[0.441s] Level 1:colcon.colcon_core.package_identification:_identify(src/ros_tutorials/rospy_tutorials) ignored
[0.441s] Level 1:colcon.colcon_core.package_identification:_identify(src/ros_tutorials/turtlesim) by extensions ['ignore', 'ignore_ament_install']
[0.441s] Level 1:colcon.colcon_core.package_identification:_identify(src/ros_tutorials/turtlesim) by extension 'ignore'
[0.441s] Level 1:colcon.colcon_core.package_identification:_identify(src/ros_tutorials/turtlesim) by extension 'ignore_ament_install'
[0.441s] Level 1:colcon.colcon_core.package_identification:_identify(src/ros_tutorials/turtlesim) by extensions ['colcon_pkg']
[0.441s] Level 1:colcon.colcon_core.package_identification:_identify(src/ros_tutorials/turtlesim) by extension 'colcon_pkg'
[0.441s] Level 1:colcon.colcon_core.package_identification:_identify(src/ros_tutorials/turtlesim) by extensions ['colcon_meta']
[0.441s] Level 1:colcon.colcon_core.package_identification:_identify(src/ros_tutorials/turtlesim) by extension 'colcon_meta'
[0.441s] Level 1:colcon.colcon_core.package_identification:_identify(src/ros_tutorials/turtlesim) by extensions ['ros']
[0.441s] Level 1:colcon.colcon_core.package_identification:_identify(src/ros_tutorials/turtlesim) by extension 'ros'
[0.443s] DEBUG:colcon.colcon_core.package_identification:Package 'src/ros_tutorials/turtlesim' with type 'ros.ament_cmake' and name 'turtlesim'
[0.443s] Level 1:colcon.colcon_core.package_identification:_identify(src/simulator) by extensions ['ignore', 'ignore_ament_install']
[0.444s] Level 1:colcon.colcon_core.package_identification:_identify(src/simulator) by extension 'ignore'
[0.444s] Level 1:colcon.colcon_core.package_identification:_identify(src/simulator) by extension 'ignore_ament_install'
[0.444s] Level 1:colcon.colcon_core.package_identification:_identify(src/simulator) by extensions ['colcon_pkg']
[0.444s] Level 1:colcon.colcon_core.package_identification:_identify(src/simulator) by extension 'colcon_pkg'
[0.444s] Level 1:colcon.colcon_core.package_identification:_identify(src/simulator) by extensions ['colcon_meta']
[0.444s] Level 1:colcon.colcon_core.package_identification:_identify(src/simulator) by extension 'colcon_meta'
[0.444s] Level 1:colcon.colcon_core.package_identification:_identify(src/simulator) by extensions ['ros']
[0.444s] Level 1:colcon.colcon_core.package_identification:_identify(src/simulator) by extension 'ros'
[0.446s] DEBUG:colcon.colcon_core.package_identification:Package 'src/simulator' with type 'ros.ament_python' and name 'simulator'
[0.446s] Level 1:colcon.colcon_core.package_discovery:discover_packages(recursive) using defaults
[0.446s] Level 1:colcon.colcon_core.package_discovery:discover_packages(ignore) discover
[0.446s] Level 1:colcon.colcon_core.package_discovery:discover_packages(ignore) using defaults
[0.446s] Level 1:colcon.colcon_core.package_discovery:discover_packages(path) discover
[0.446s] Level 1:colcon.colcon_core.package_discovery:discover_packages(path) using defaults
[0.472s] Level 5:colcon.colcon_core.verb:set package 'map' build argument 'cmake_args' from command line to 'None'
[0.472s] Level 5:colcon.colcon_core.verb:set package 'map' build argument 'cmake_target' from command line to 'None'
[0.472s] Level 5:colcon.colcon_core.verb:set package 'map' build argument 'cmake_target_skip_unavailable' from command line to 'False'
[0.472s] Level 5:colcon.colcon_core.verb:set package 'map' build argument 'cmake_clean_cache' from command line to 'False'
[0.472s] Level 5:colcon.colcon_core.verb:set package 'map' build argument 'cmake_clean_first' from command line to 'False'
[0.472s] Level 5:colcon.colcon_core.verb:set package 'map' build argument 'cmake_force_configure' from command line to 'False'
[0.472s] Level 5:colcon.colcon_core.verb:set package 'map' build argument 'ament_cmake_args' from command line to 'None'
[0.472s] Level 5:colcon.colcon_core.verb:set package 'map' build argument 'catkin_cmake_args' from command line to 'None'
[0.472s] Level 5:colcon.colcon_core.verb:set package 'map' build argument 'catkin_skip_building_tests' from command line to 'False'
[0.473s] DEBUG:colcon.colcon_core.verb:Building package 'map' with the following arguments: {'ament_cmake_args': None, 'build_base': '/home/bolka/dev_ws/build/map', 'catkin_cmake_args': None, 'catkin_skip_building_tests': False, 'cmake_args': None, 'cmake_clean_cache': False, 'cmake_clean_first': False, 'cmake_force_configure': False, 'cmake_target': None, 'cmake_target_skip_unavailable': False, 'install_base': '/home/bolka/dev_ws/install/map', 'merge_install': False, 'path': '/home/bolka/dev_ws/src/map', 'symlink_install': False, 'test_result_base': None}
[0.476s] Level 5:colcon.colcon_core.verb:set package 'my_package' build argument 'cmake_args' from command line to 'None'
[0.476s] Level 5:colcon.colcon_core.verb:set package 'my_package' build argument 'cmake_target' from command line to 'None'
[0.476s] Level 5:colcon.colcon_core.verb:set package 'my_package' build argument 'cmake_target_skip_unavailable' from command line to 'False'
[0.476s] Level 5:colcon.colcon_core.verb:set package 'my_package' build argument 'cmake_clean_cache' from command line to 'False'
[0.476s] Level 5:colcon.colcon_core.verb:set package 'my_package' build argument 'cmake_clean_first' from command line to 'False'
[0.476s] Level 5:colcon.colcon_core.verb:set package 'my_package' build argument 'cmake_force_configure' from command line to 'False'
[0.476s] Level 5:colcon.colcon_core.verb:set package 'my_package' build argument 'ament_cmake_args' from command line to 'None'
[0.476s] Level 5:colcon.colcon_core.verb:set package 'my_package' build argument 'catkin_cmake_args' from command line to 'None'
[0.476s] Level 5:colcon.colcon_core.verb:set package 'my_package' build argument 'catkin_skip_building_tests' from command line to 'False'
[0.476s] DEBUG:colcon.colcon_core.verb:Building package 'my_package' with the following arguments: {'ament_cmake_args': None, 'build_base': '/home/bolka/dev_ws/build/my_package', 'catkin_cmake_args': None, 'catkin_skip_building_tests': False, 'cmake_args': None, 'cmake_clean_cache': False, 'cmake_clean_first': False, 'cmake_force_configure': False, 'cmake_target': None, 'cmake_target_skip_unavailable': False, 'install_base': '/home/bolka/dev_ws/install/my_package', 'merge_install': False, 'path': '/home/bolka/dev_ws/src/my_package', 'symlink_install': False, 'test_result_base': None}
[0.479s] Level 5:colcon.colcon_core.verb:set package 'simulator' build argument 'cmake_args' from command line to 'None'
[0.479s] Level 5:colcon.colcon_core.verb:set package 'simulator' build argument 'cmake_target' from command line to 'None'
[0.479s] Level 5:colcon.colcon_core.verb:set package 'simulator' build argument 'cmake_target_skip_unavailable' from command line to 'False'
[0.479s] Level 5:colcon.colcon_core.verb:set package 'simulator' build argument 'cmake_clean_cache' from command line to 'False'
[0.479s] Level 5:colcon.colcon_core.verb:set package 'simulator' build argument 'cmake_clean_first' from command line to 'False'
[0.479s] Level 5:colcon.colcon_core.verb:set package 'simulator' build argument 'cmake_force_configure' from command line to 'False'
[0.480s] Level 5:colcon.colcon_core.verb:set package 'simulator' build argument 'ament_cmake_args' from command line to 'None'
[0.480s] Level 5:colcon.colcon_core.verb:set package 'simulator' build argument 'catkin_cmake_args' from command line to 'None'
[0.480s] Level 5:colcon.colcon_core.verb:set package 'simulator' build argument 'catkin_skip_building_tests' from command line to 'False'
[0.480s] DEBUG:colcon.colcon_core.verb:Building package 'simulator' with the following arguments: {'ament_cmake_args': None, 'build_base': '/home/bolka/dev_ws/build/simulator', 'catkin_cmake_args': None, 'catkin_skip_building_tests': False, 'cmake_args': None, 'cmake_clean_cache': False, 'cmake_clean_first': False, 'cmake_force_configure': False, 'cmake_target': None, 'cmake_target_skip_unavailable': False, 'install_base': '/home/bolka/dev_ws/install/simulator', 'merge_install': False, 'path': '/home/bolka/dev_ws/src/simulator', 'symlink_install': False, 'test_result_base': None}
[0.483s] Level 5:colcon.colcon_core.verb:set package 'turtlesim' build argument 'cmake_args' from command line to 'None'
[0.483s] Level 5:colcon.colcon_core.verb:set package 'turtlesim' build argument 'cmake_target' from command line to 'None'
[0.483s] Level 5:colcon.colcon_core.verb:set package 'turtlesim' build argument 'cmake_target_skip_unavailable' from command line to 'False'
[0.483s] Level 5:colcon.colcon_core.verb:set package 'turtlesim' build argument 'cmake_clean_cache' from command line to 'False'
[0.483s] Level 5:colcon.colcon_core.verb:set package 'turtlesim' build argument 'cmake_clean_first' from command line to 'False'
[0.483s] Level 5:colcon.colcon_core.verb:set package 'turtlesim' build argument 'cmake_force_configure' from command line to 'False'
[0.483s] Level 5:colcon.colcon_core.verb:set package 'turtlesim' build argument 'ament_cmake_args' from command line to 'None'
[0.483s] Level 5:colcon.colcon_core.verb:set package 'turtlesim' build argument 'catkin_cmake_args' from command line to 'None'
[0.483s] Level 5:colcon.colcon_core.verb:set package 'turtlesim' build argument 'catkin_skip_building_tests' from command line to 'False'
[0.483s] DEBUG:colcon.colcon_core.verb:Building package 'turtlesim' with the following arguments: {'ament_cmake_args': None, 'build_base': '/home/bolka/dev_ws/build/turtlesim', 'catkin_cmake_args': None, 'catkin_skip_building_tests': False, 'cmake_args': None, 'cmake_clean_cache': False, 'cmake_clean_first': False, 'cmake_force_configure': False, 'cmake_target': None, 'cmake_target_skip_unavailable': False, 'install_base': '/home/bolka/dev_ws/install/turtlesim', 'merge_install': False, 'path': '/home/bolka/dev_ws/src/ros_tutorials/turtlesim', 'symlink_install': False, 'test_result_base': None}
[0.484s] INFO:colcon.colcon_core.executor:Executing jobs using 'parallel' executor
[0.486s] DEBUG:colcon.colcon_parallel_executor.executor.parallel:run_until_complete
[0.487s] INFO:colcon.colcon_ros.task.ament_python.build:Building ROS package in '/home/bolka/dev_ws/src/map' with build type 'ament_python'
[0.487s] Level 1:colcon.colcon_core.shell:create_environment_hook('map', 'ament_prefix_path')
[0.492s] INFO:colcon.colcon_core.plugin_system:Skipping extension 'colcon_core.shell.bat': Not used on non-Windows systems
[0.492s] INFO:colcon.colcon_core.shell:Creating environment hook '/home/bolka/dev_ws/install/map/share/map/hook/ament_prefix_path.ps1'
[0.494s] INFO:colcon.colcon_core.shell:Creating environment descriptor '/home/bolka/dev_ws/install/map/share/map/hook/ament_prefix_path.dsv'
[0.494s] INFO:colcon.colcon_core.shell:Creating environment hook '/home/bolka/dev_ws/install/map/share/map/hook/ament_prefix_path.sh'
[0.496s] INFO:colcon.colcon_core.shell:Skip shell extension 'powershell' for command environment: Not usable outside of PowerShell
[0.496s] DEBUG:colcon.colcon_core.shell:Skip shell extension 'dsv' for command environment
[0.500s] DEBUG:colcon.colcon_core.shell:Ignoring prefix path '/opt/ros/galactic'
[0.504s] INFO:colcon.colcon_ros.task.ament_python.build:Building ROS package in '/home/bolka/dev_ws/src/my_package' with build type 'ament_python'
[0.505s] Level 1:colcon.colcon_core.shell:create_environment_hook('my_package', 'ament_prefix_path')
[0.506s] INFO:colcon.colcon_core.shell:Creating environment hook '/home/bolka/dev_ws/install/my_package/share/my_package/hook/ament_prefix_path.ps1'
[0.507s] INFO:colcon.colcon_core.shell:Creating environment descriptor '/home/bolka/dev_ws/install/my_package/share/my_package/hook/ament_prefix_path.dsv'
[0.508s] INFO:colcon.colcon_core.shell:Creating environment hook '/home/bolka/dev_ws/install/my_package/share/my_package/hook/ament_prefix_path.sh'
[0.509s] INFO:colcon.colcon_core.shell:Skip shell extension 'powershell' for command environment: Not usable outside of PowerShell
[0.509s] DEBUG:colcon.colcon_core.shell:Skip shell extension 'dsv' for command environment
[0.512s] DEBUG:colcon.colcon_core.shell:Ignoring prefix path '/opt/ros/galactic'
[0.516s] INFO:colcon.colcon_ros.task.ament_python.build:Building ROS package in '/home/bolka/dev_ws/src/simulator' with build type 'ament_python'
[0.517s] Level 1:colcon.colcon_core.shell:create_environment_hook('simulator', 'ament_prefix_path')
[0.518s] INFO:colcon.colcon_core.shell:Creating environment hook '/home/bolka/dev_ws/install/simulator/share/simulator/hook/ament_prefix_path.ps1'
[0.520s] INFO:colcon.colcon_core.shell:Creating environment descriptor '/home/bolka/dev_ws/install/simulator/share/simulator/hook/ament_prefix_path.dsv'
[0.521s] INFO:colcon.colcon_core.shell:Creating environment hook '/home/bolka/dev_ws/install/simulator/share/simulator/hook/ament_prefix_path.sh'
[0.523s] INFO:colcon.colcon_core.shell:Skip shell extension 'powershell' for command environment: Not usable outside of PowerShell
[0.523s] DEBUG:colcon.colcon_core.shell:Skip shell extension 'dsv' for command environment
[0.527s] DEBUG:colcon.colcon_core.shell:Ignoring prefix path '/opt/ros/galactic'
[0.530s] INFO:colcon.colcon_ros.task.ament_cmake.build:Building ROS package in '/home/bolka/dev_ws/src/ros_tutorials/turtlesim' with build type 'ament_cmake'
[0.530s] INFO:colcon.colcon_cmake.task.cmake.build:Building CMake package in '/home/bolka/dev_ws/src/ros_tutorials/turtlesim'
[0.532s] INFO:colcon.colcon_core.shell:Skip shell extension 'powershell' for command environment: Not usable outside of PowerShell
[0.532s] DEBUG:colcon.colcon_core.shell:Skip shell extension 'dsv' for command environment
[0.535s] DEBUG:colcon.colcon_core.shell:Ignoring prefix path '/opt/ros/galactic'
[0.868s] INFO:colcon.colcon_core.task.python.build:Building Python package in '/home/bolka/dev_ws/src/map'
[0.869s] INFO:colcon.colcon_core.shell:Skip shell extension 'powershell' for command environment: Not usable outside of PowerShell
[0.869s] DEBUG:colcon.colcon_core.shell:Skip shell extension 'dsv' for command environment
[0.871s] DEBUG:colcon.colcon_core.shell:Ignoring prefix path '/opt/ros/galactic'
[1.185s] INFO:colcon.colcon_core.task.python.build:Building Python package in '/home/bolka/dev_ws/src/my_package'
[1.186s] INFO:colcon.colcon_core.shell:Skip shell extension 'powershell' for command environment: Not usable outside of PowerShell
[1.186s] DEBUG:colcon.colcon_core.shell:Skip shell extension 'dsv' for command environment
[1.190s] DEBUG:colcon.colcon_core.shell:Ignoring prefix path '/opt/ros/galactic'
[1.516s] INFO:colcon.colcon_core.task.python.build:Building Python package in '/home/bolka/dev_ws/src/simulator'
[1.518s] INFO:colcon.colcon_core.shell:Skip shell extension 'powershell' for command environment: Not usable outside of PowerShell
[1.518s] DEBUG:colcon.colcon_core.shell:Skip shell extension 'dsv' for command environment
[1.521s] DEBUG:colcon.colcon_core.shell:Ignoring prefix path '/opt/ros/galactic'
[1.530s] DEBUG:colcon.colcon_core.event_handler.log_command:Invoking command in '/home/bolka/dev_ws/build/turtlesim': CMAKE_PREFIX_PATH=${CMAKE_PREFIX_PATH}:/home/bolka/dev_ws/install/simulator:/home/bolka/dev_ws/install/my_package:/home/bolka/dev_ws/install/map:/opt/ros/galactic /usr/bin/cmake --build /home/bolka/dev_ws/build/turtlesim -- -j4 -l4
[1.546s] DEBUG:colcon.colcon_core.event_handler.log_command:Invoking command in '/home/bolka/dev_ws/src/map': PYTHONPATH=/home/bolka/dev_ws/install/map/lib/python3.8/site-packages:${PYTHONPATH} /usr/bin/python3 setup.py egg_info --egg-base ../../build/map build --build-base /home/bolka/dev_ws/build/map/build install --prefix /home/bolka/dev_ws/install/map --record /home/bolka/dev_ws/build/map/install.log --single-version-externally-managed
[1.553s] DEBUG:colcon.colcon_core.event_handler.log_command:Invoking command in '/home/bolka/dev_ws/src/my_package': PYTHONPATH=/home/bolka/dev_ws/install/my_package/lib/python3.8/site-packages:${PYTHONPATH} /usr/bin/python3 setup.py egg_info --egg-base ../../build/my_package build --build-base /home/bolka/dev_ws/build/my_package/build install --prefix /home/bolka/dev_ws/install/my_package --record /home/bolka/dev_ws/build/my_package/install.log --single-version-externally-managed
[1.562s] DEBUG:colcon.colcon_core.event_handler.log_command:Invoking command in '/home/bolka/dev_ws/src/simulator': PYTHONPATH=/home/bolka/dev_ws/install/simulator/lib/python3.8/site-packages:${PYTHONPATH} /usr/bin/python3 setup.py egg_info --egg-base ../../build/simulator build --build-base /home/bolka/dev_ws/build/simulator/build install --prefix /home/bolka/dev_ws/install/simulator --record /home/bolka/dev_ws/build/simulator/install.log --single-version-externally-managed
[2.328s] DEBUG:colcon.colcon_core.event_handler.log_command:Invoked command in '/home/bolka/dev_ws/src/my_package' returned '0': PYTHONPATH=/home/bolka/dev_ws/install/my_package/lib/python3.8/site-packages:${PYTHONPATH} /usr/bin/python3 setup.py egg_info --egg-base ../../build/my_package build --build-base /home/bolka/dev_ws/build/my_package/build install --prefix /home/bolka/dev_ws/install/my_package --record /home/bolka/dev_ws/build/my_package/install.log --single-version-externally-managed
[2.335s] Level 1:colcon.colcon_core.environment:checking '/home/bolka/dev_ws/install/my_package' for CMake module files
[2.340s] Level 1:colcon.colcon_core.environment:checking '/home/bolka/dev_ws/install/my_package' for CMake config files
[2.341s] Level 1:colcon.colcon_core.environment:checking '/home/bolka/dev_ws/install/my_package/lib'
[2.342s] Level 1:colcon.colcon_core.environment:checking '/home/bolka/dev_ws/install/my_package/bin'
[2.342s] Level 1:colcon.colcon_core.environment:checking '/home/bolka/dev_ws/install/my_package/lib/pkgconfig/my_package.pc'
[2.342s] Level 1:colcon.colcon_core.environment:checking '/home/bolka/dev_ws/install/my_package/lib/python3.8/site-packages'
[2.342s] Level 1:colcon.colcon_core.shell:create_environment_hook('my_package', 'pythonpath')
[2.344s] INFO:colcon.colcon_core.shell:Creating environment hook '/home/bolka/dev_ws/install/my_package/share/my_package/hook/pythonpath.ps1'
[2.347s] INFO:colcon.colcon_core.shell:Creating environment descriptor '/home/bolka/dev_ws/install/my_package/share/my_package/hook/pythonpath.dsv'
[2.349s] INFO:colcon.colcon_core.shell:Creating environment hook '/home/bolka/dev_ws/install/my_package/share/my_package/hook/pythonpath.sh'
[2.350s] Level 1:colcon.colcon_core.environment:create_environment_scripts_only(my_package)
[2.352s] INFO:colcon.colcon_core.shell:Creating package script '/home/bolka/dev_ws/install/my_package/share/my_package/package.ps1'
[2.356s] INFO:colcon.colcon_core.shell:Creating package descriptor '/home/bolka/dev_ws/install/my_package/share/my_package/package.dsv'
[2.358s] INFO:colcon.colcon_core.shell:Creating package script '/home/bolka/dev_ws/install/my_package/share/my_package/package.sh'
[2.360s] INFO:colcon.colcon_core.shell:Creating package script '/home/bolka/dev_ws/install/my_package/share/my_package/package.bash'
[2.362s] INFO:colcon.colcon_core.shell:Creating package script '/home/bolka/dev_ws/install/my_package/share/my_package/package.zsh'
[2.364s] Level 1:colcon.colcon_core.environment:create_file_with_runtime_dependencies(/home/bolka/dev_ws/install/my_package/share/colcon-core/packages/my_package)
[2.387s] Level 1:colcon.colcon_core.environment:checking '/home/bolka/dev_ws/install/map' for CMake module files
[2.388s] DEBUG:colcon.colcon_core.event_handler.log_command:Invoked command in '/home/bolka/dev_ws/src/map' returned '0': PYTHONPATH=/home/bolka/dev_ws/install/map/lib/python3.8/site-packages:${PYTHONPATH} /usr/bin/python3 setup.py egg_info --egg-base ../../build/map build --build-base /home/bolka/dev_ws/build/map/build install --prefix /home/bolka/dev_ws/install/map --record /home/bolka/dev_ws/build/map/install.log --single-version-externally-managed
[2.388s] Level 1:colcon.colcon_core.environment:checking '/home/bolka/dev_ws/install/map' for CMake config files
[2.389s] Level 1:colcon.colcon_core.environment:checking '/home/bolka/dev_ws/install/map/lib'
[2.389s] Level 1:colcon.colcon_core.environment:checking '/home/bolka/dev_ws/install/map/bin'
[2.389s] Level 1:colcon.colcon_core.environment:checking '/home/bolka/dev_ws/install/map/lib/pkgconfig/map.pc'
[2.389s] Level 1:colcon.colcon_core.environment:checking '/home/bolka/dev_ws/install/map/lib/python3.8/site-packages'
[2.390s] Level 1:colcon.colcon_core.shell:create_environment_hook('map', 'pythonpath')
[2.390s] INFO:colcon.colcon_core.shell:Creating environment hook '/home/bolka/dev_ws/install/map/share/map/hook/pythonpath.ps1'
[2.393s] INFO:colcon.colcon_core.shell:Creating environment descriptor '/home/bolka/dev_ws/install/map/share/map/hook/pythonpath.dsv'
[2.395s] INFO:colcon.colcon_core.shell:Creating environment hook '/home/bolka/dev_ws/install/map/share/map/hook/pythonpath.sh'
[2.396s] Level 1:colcon.colcon_core.environment:create_environment_scripts_only(map)
[2.397s] INFO:colcon.colcon_core.shell:Creating package script '/home/bolka/dev_ws/install/map/share/map/package.ps1'
[2.399s] INFO:colcon.colcon_core.shell:Creating package descriptor '/home/bolka/dev_ws/install/map/share/map/package.dsv'
[2.400s] INFO:colcon.colcon_core.shell:Creating package script '/home/bolka/dev_ws/install/map/share/map/package.sh'
[2.401s] INFO:colcon.colcon_core.shell:Creating package script '/home/bolka/dev_ws/install/map/share/map/package.bash'
[2.402s] INFO:colcon.colcon_core.shell:Creating package script '/home/bolka/dev_ws/install/map/share/map/package.zsh'
[2.403s] Level 1:colcon.colcon_core.environment:create_file_with_runtime_dependencies(/home/bolka/dev_ws/install/map/share/colcon-core/packages/map)
[2.407s] DEBUG:colcon.colcon_core.event_handler.log_command:Invoked command in '/home/bolka/dev_ws/build/turtlesim' returned '0': CMAKE_PREFIX_PATH=${CMAKE_PREFIX_PATH}:/home/bolka/dev_ws/install/simulator:/home/bolka/dev_ws/install/my_package:/home/bolka/dev_ws/install/map:/opt/ros/galactic /usr/bin/cmake --build /home/bolka/dev_ws/build/turtlesim -- -j4 -l4
[2.492s] Level 1:colcon.colcon_core.environment:checking '/home/bolka/dev_ws/install/simulator' for CMake module files
[2.493s] DEBUG:colcon.colcon_core.event_handler.log_command:Invoked command in '/home/bolka/dev_ws/src/simulator' returned '0': PYTHONPATH=/home/bolka/dev_ws/install/simulator/lib/python3.8/site-packages:${PYTHONPATH} /usr/bin/python3 setup.py egg_info --egg-base ../../build/simulator build --build-base /home/bolka/dev_ws/build/simulator/build install --prefix /home/bolka/dev_ws/install/simulator --record /home/bolka/dev_ws/build/simulator/install.log --single-version-externally-managed
[2.494s] Level 1:colcon.colcon_core.environment:checking '/home/bolka/dev_ws/install/simulator' for CMake config files
[2.494s] Level 1:colcon.colcon_core.environment:checking '/home/bolka/dev_ws/install/simulator/lib'
[2.495s] Level 1:colcon.colcon_core.environment:checking '/home/bolka/dev_ws/install/simulator/bin'
[2.495s] Level 1:colcon.colcon_core.environment:checking '/home/bolka/dev_ws/install/simulator/lib/pkgconfig/simulator.pc'
[2.495s] Level 1:colcon.colcon_core.environment:checking '/home/bolka/dev_ws/install/simulator/lib/python3.8/site-packages'
[2.495s] Level 1:colcon.colcon_core.shell:create_environment_hook('simulator', 'pythonpath')
[2.496s] INFO:colcon.colcon_core.shell:Creating environment hook '/home/bolka/dev_ws/install/simulator/share/simulator/hook/pythonpath.ps1'
[2.496s] INFO:colcon.colcon_core.shell:Creating environment descriptor '/home/bolka/dev_ws/install/simulator/share/simulator/hook/pythonpath.dsv'
[2.497s] INFO:colcon.colcon_core.shell:Creating environment hook '/home/bolka/dev_ws/install/simulator/share/simulator/hook/pythonpath.sh'
[2.498s] Level 1:colcon.colcon_core.environment:create_environment_scripts_only(simulator)
[2.499s] INFO:colcon.colcon_core.shell:Creating package script '/home/bolka/dev_ws/install/simulator/share/simulator/package.ps1'
[2.499s] INFO:colcon.colcon_core.shell:Creating package descriptor '/home/bolka/dev_ws/install/simulator/share/simulator/package.dsv'
[2.500s] INFO:colcon.colcon_core.shell:Creating package script '/home/bolka/dev_ws/install/simulator/share/simulator/package.sh'
[2.501s] INFO:colcon.colcon_core.shell:Creating package script '/home/bolka/dev_ws/install/simulator/share/simulator/package.bash'
[2.501s] INFO:colcon.colcon_core.shell:Creating package script '/home/bolka/dev_ws/install/simulator/share/simulator/package.zsh'
[2.502s] Level 1:colcon.colcon_core.environment:create_file_with_runtime_dependencies(/home/bolka/dev_ws/install/simulator/share/colcon-core/packages/simulator)
[2.657s] DEBUG:colcon.colcon_core.event_handler.log_command:Invoking command in '/home/bolka/dev_ws/build/turtlesim': CMAKE_PREFIX_PATH=${CMAKE_PREFIX_PATH}:/home/bolka/dev_ws/install/simulator:/home/bolka/dev_ws/install/my_package:/home/bolka/dev_ws/install/map:/opt/ros/galactic /usr/bin/cmake --install /home/bolka/dev_ws/build/turtlesim
[2.739s] Level 1:colcon.colcon_core.environment:create_environment_scripts_only(turtlesim)
[2.741s] Level 1:colcon.colcon_core.environment:checking '/home/bolka/dev_ws/install/turtlesim' for CMake module files
[2.741s] DEBUG:colcon.colcon_core.event_handler.log_command:Invoked command in '/home/bolka/dev_ws/build/turtlesim' returned '0': CMAKE_PREFIX_PATH=${CMAKE_PREFIX_PATH}:/home/bolka/dev_ws/install/simulator:/home/bolka/dev_ws/install/my_package:/home/bolka/dev_ws/install/map:/opt/ros/galactic /usr/bin/cmake --install /home/bolka/dev_ws/build/turtlesim
[2.742s] Level 1:colcon.colcon_core.environment:checking '/home/bolka/dev_ws/install/turtlesim' for CMake config files
[2.743s] Level 1:colcon.colcon_core.shell:create_environment_hook('turtlesim', 'cmake_prefix_path')
[2.744s] INFO:colcon.colcon_core.shell:Creating environment hook '/home/bolka/dev_ws/install/turtlesim/share/turtlesim/hook/cmake_prefix_path.ps1'
[2.744s] INFO:colcon.colcon_core.shell:Creating environment descriptor '/home/bolka/dev_ws/install/turtlesim/share/turtlesim/hook/cmake_prefix_path.dsv'
[2.745s] INFO:colcon.colcon_core.shell:Creating environment hook '/home/bolka/dev_ws/install/turtlesim/share/turtlesim/hook/cmake_prefix_path.sh'
[2.746s] Level 1:colcon.colcon_core.environment:checking '/home/bolka/dev_ws/install/turtlesim/lib'
[2.746s] Level 1:colcon.colcon_core.shell:create_environment_hook('turtlesim', 'ld_library_path_lib')
[2.746s] INFO:colcon.colcon_core.shell:Creating environment hook '/home/bolka/dev_ws/install/turtlesim/share/turtlesim/hook/ld_library_path_lib.ps1'
[2.747s] INFO:colcon.colcon_core.shell:Creating environment descriptor '/home/bolka/dev_ws/install/turtlesim/share/turtlesim/hook/ld_library_path_lib.dsv'
[2.747s] INFO:colcon.colcon_core.shell:Creating environment hook '/home/bolka/dev_ws/install/turtlesim/share/turtlesim/hook/ld_library_path_lib.sh'
[2.748s] Level 1:colcon.colcon_core.environment:checking '/home/bolka/dev_ws/install/turtlesim/bin'
[2.748s] Level 1:colcon.colcon_core.environment:checking '/home/bolka/dev_ws/install/turtlesim/lib/pkgconfig/turtlesim.pc'
[2.748s] Level 1:colcon.colcon_core.environment:checking '/home/bolka/dev_ws/install/turtlesim/lib/python3.8/site-packages'
[2.748s] Level 1:colcon.colcon_core.shell:create_environment_hook('turtlesim', 'pythonpath')
[2.749s] INFO:colcon.colcon_core.shell:Creating environment hook '/home/bolka/dev_ws/install/turtlesim/share/turtlesim/hook/pythonpath.ps1'
[2.749s] INFO:colcon.colcon_core.shell:Creating environment descriptor '/home/bolka/dev_ws/install/turtlesim/share/turtlesim/hook/pythonpath.dsv'
[2.750s] INFO:colcon.colcon_core.shell:Creating environment hook '/home/bolka/dev_ws/install/turtlesim/share/turtlesim/hook/pythonpath.sh'
[2.752s] INFO:colcon.colcon_core.shell:Creating package script '/home/bolka/dev_ws/install/turtlesim/share/turtlesim/package.ps1'
[2.753s] INFO:colcon.colcon_core.shell:Creating package descriptor '/home/bolka/dev_ws/install/turtlesim/share/turtlesim/package.dsv'
[2.754s] INFO:colcon.colcon_core.shell:Creating package script '/home/bolka/dev_ws/install/turtlesim/share/turtlesim/package.sh'
[2.755s] INFO:colcon.colcon_core.shell:Creating package script '/home/bolka/dev_ws/install/turtlesim/share/turtlesim/package.bash'
[2.756s] INFO:colcon.colcon_core.shell:Creating package script '/home/bolka/dev_ws/install/turtlesim/share/turtlesim/package.zsh'
[2.756s] Level 1:colcon.colcon_core.environment:create_file_with_runtime_dependencies(/home/bolka/dev_ws/install/turtlesim/share/colcon-core/packages/turtlesim)
[2.971s] Level 1:colcon.colcon_core.environment:create_environment_scripts_only(turtlesim)
[2.973s] Level 1:colcon.colcon_core.environment:checking '/home/bolka/dev_ws/install/turtlesim' for CMake module files
[2.974s] Level 1:colcon.colcon_core.environment:checking '/home/bolka/dev_ws/install/turtlesim' for CMake config files
[2.975s] Level 1:colcon.colcon_core.shell:create_environment_hook('turtlesim', 'cmake_prefix_path')
[2.976s] INFO:colcon.colcon_core.shell:Creating environment hook '/home/bolka/dev_ws/install/turtlesim/share/turtlesim/hook/cmake_prefix_path.ps1'
[2.977s] INFO:colcon.colcon_core.shell:Creating environment descriptor '/home/bolka/dev_ws/install/turtlesim/share/turtlesim/hook/cmake_prefix_path.dsv'
[2.978s] INFO:colcon.colcon_core.shell:Creating environment hook '/home/bolka/dev_ws/install/turtlesim/share/turtlesim/hook/cmake_prefix_path.sh'
[2.979s] Level 1:colcon.colcon_core.environment:checking '/home/bolka/dev_ws/install/turtlesim/lib'
[2.979s] Level 1:colcon.colcon_core.shell:create_environment_hook('turtlesim', 'ld_library_path_lib')
[2.980s] INFO:colcon.colcon_core.shell:Creating environment hook '/home/bolka/dev_ws/install/turtlesim/share/turtlesim/hook/ld_library_path_lib.ps1'
[2.980s] INFO:colcon.colcon_core.shell:Creating environment descriptor '/home/bolka/dev_ws/install/turtlesim/share/turtlesim/hook/ld_library_path_lib.dsv'
[2.981s] INFO:colcon.colcon_core.shell:Creating environment hook '/home/bolka/dev_ws/install/turtlesim/share/turtlesim/hook/ld_library_path_lib.sh'
[2.982s] Level 1:colcon.colcon_core.environment:checking '/home/bolka/dev_ws/install/turtlesim/bin'
[2.982s] Level 1:colcon.colcon_core.environment:checking '/home/bolka/dev_ws/install/turtlesim/lib/pkgconfig/turtlesim.pc'
[2.982s] Level 1:colcon.colcon_core.environment:checking '/home/bolka/dev_ws/install/turtlesim/lib/python3.8/site-packages'
[2.982s] Level 1:colcon.colcon_core.shell:create_environment_hook('turtlesim', 'pythonpath')
[2.983s] INFO:colcon.colcon_core.shell:Creating environment hook '/home/bolka/dev_ws/install/turtlesim/share/turtlesim/hook/pythonpath.ps1'
[2.983s] INFO:colcon.colcon_core.shell:Creating environment descriptor '/home/bolka/dev_ws/install/turtlesim/share/turtlesim/hook/pythonpath.dsv'
[2.984s] INFO:colcon.colcon_core.shell:Creating environment hook '/home/bolka/dev_ws/install/turtlesim/share/turtlesim/hook/pythonpath.sh'
[2.985s] INFO:colcon.colcon_core.shell:Creating package script '/home/bolka/dev_ws/install/turtlesim/share/turtlesim/package.ps1'
[2.986s] INFO:colcon.colcon_core.shell:Creating package descriptor '/home/bolka/dev_ws/install/turtlesim/share/turtlesim/package.dsv'
[2.987s] INFO:colcon.colcon_core.shell:Creating package script '/home/bolka/dev_ws/install/turtlesim/share/turtlesim/package.sh'
[2.987s] INFO:colcon.colcon_core.shell:Creating package script '/home/bolka/dev_ws/install/turtlesim/share/turtlesim/package.bash'
[2.988s] INFO:colcon.colcon_core.shell:Creating package script '/home/bolka/dev_ws/install/turtlesim/share/turtlesim/package.zsh'
[2.989s] Level 1:colcon.colcon_core.environment:create_file_with_runtime_dependencies(/home/bolka/dev_ws/install/turtlesim/share/colcon-core/packages/turtlesim)
[2.989s] DEBUG:colcon.colcon_parallel_executor.executor.parallel:closing loop
[2.990s] DEBUG:colcon.colcon_parallel_executor.executor.parallel:loop closed
[2.990s] DEBUG:colcon.colcon_parallel_executor.executor.parallel:run_until_complete finished with '0'
[2.990s] DEBUG:colcon.colcon_core.event_reactor:joining thread
[2.998s] INFO:colcon.colcon_core.plugin_system:Skipping extension 'colcon_notification.desktop_notification.terminal_notifier': Not used on non-Darwin systems
[2.998s] INFO:colcon.colcon_core.plugin_system:Skipping extension 'colcon_notification.desktop_notification.win32': Not used on non-Windows systems
[2.998s] INFO:colcon.colcon_notification.desktop_notification:Sending desktop notification using 'notify2'
[3.024s] DEBUG:colcon.colcon_core.event_reactor:joined thread
[3.026s] INFO:colcon.colcon_core.shell:Creating prefix script '/home/bolka/dev_ws/install/local_setup.ps1'
[3.028s] INFO:colcon.colcon_core.shell:Creating prefix util module '/home/bolka/dev_ws/install/_local_setup_util_ps1.py'
[3.033s] INFO:colcon.colcon_core.shell:Creating prefix chain script '/home/bolka/dev_ws/install/setup.ps1'
[3.036s] INFO:colcon.colcon_core.shell:Creating prefix script '/home/bolka/dev_ws/install/local_setup.sh'
[3.037s] INFO:colcon.colcon_core.shell:Creating prefix util module '/home/bolka/dev_ws/install/_local_setup_util_sh.py'
[3.038s] INFO:colcon.colcon_core.shell:Creating prefix chain script '/home/bolka/dev_ws/install/setup.sh'
[3.042s] INFO:colcon.colcon_core.shell:Creating prefix script '/home/bolka/dev_ws/install/local_setup.bash'
[3.044s] INFO:colcon.colcon_core.shell:Creating prefix chain script '/home/bolka/dev_ws/install/setup.bash'
[3.049s] INFO:colcon.colcon_core.shell:Creating prefix script '/home/bolka/dev_ws/install/local_setup.zsh'
[3.051s] INFO:colcon.colcon_core.shell:Creating prefix chain script '/home/bolka/dev_ws/install/setup.zsh'
