[0.389s] Invoking command in '/home/bolka/dev_ws/src/my_package': PYTHONPATH=/home/bolka/dev_ws/install/my_package/lib/python3.8/site-packages:${PYTHONPATH} /usr/bin/python3 setup.py egg_info --egg-base ../../build/my_package build --build-base /home/bolka/dev_ws/build/my_package/build install --prefix /home/bolka/dev_ws/install/my_package --record /home/bolka/dev_ws/build/my_package/install.log --single-version-externally-managed
[0.899s] running egg_info
[0.900s] creating ../../build/my_package/my_package.egg-info
[0.901s] writing ../../build/my_package/my_package.egg-info/PKG-INFO
[0.901s] writing dependency_links to ../../build/my_package/my_package.egg-info/dependency_links.txt
[0.902s] writing entry points to ../../build/my_package/my_package.egg-info/entry_points.txt
[0.902s] writing requirements to ../../build/my_package/my_package.egg-info/requires.txt
[0.902s] writing top-level names to ../../build/my_package/my_package.egg-info/top_level.txt
[0.910s] writing manifest file '../../build/my_package/my_package.egg-info/SOURCES.txt'
[0.980s] reading manifest file '../../build/my_package/my_package.egg-info/SOURCES.txt'
[0.982s] writing manifest file '../../build/my_package/my_package.egg-info/SOURCES.txt'
[0.982s] running build
[0.983s] running build_py
[0.983s] creating /home/bolka/dev_ws/build/my_package/build
[0.983s] creating /home/bolka/dev_ws/build/my_package/build/lib
[0.984s] creating /home/bolka/dev_ws/build/my_package/build/lib/my_package
[0.984s] copying my_package/__init__.py -> /home/bolka/dev_ws/build/my_package/build/lib/my_package
[0.985s] copying my_package/my_node.py -> /home/bolka/dev_ws/build/my_package/build/lib/my_package
[0.985s] running install
[0.985s] running install_lib
[0.987s] creating /home/bolka/dev_ws/install/my_package/lib/python3.8/site-packages/my_package
[0.988s] copying /home/bolka/dev_ws/build/my_package/build/lib/my_package/__init__.py -> /home/bolka/dev_ws/install/my_package/lib/python3.8/site-packages/my_package
[0.988s] copying /home/bolka/dev_ws/build/my_package/build/lib/my_package/my_node.py -> /home/bolka/dev_ws/install/my_package/lib/python3.8/site-packages/my_package
[0.989s] byte-compiling /home/bolka/dev_ws/install/my_package/lib/python3.8/site-packages/my_package/__init__.py to __init__.cpython-38.pyc
[0.990s] byte-compiling /home/bolka/dev_ws/install/my_package/lib/python3.8/site-packages/my_package/my_node.py to my_node.cpython-38.pyc
[0.990s] running install_data
[0.992s] creating /home/bolka/dev_ws/install/my_package/share/ament_index
[0.992s] creating /home/bolka/dev_ws/install/my_package/share/ament_index/resource_index
[0.992s] creating /home/bolka/dev_ws/install/my_package/share/ament_index/resource_index/packages
[0.993s] copying resource/my_package -> /home/bolka/dev_ws/install/my_package/share/ament_index/resource_index/packages
[0.993s] copying package.xml -> /home/bolka/dev_ws/install/my_package/share/my_package
[0.993s] running install_egg_info
[0.997s] Copying ../../build/my_package/my_package.egg-info to /home/bolka/dev_ws/install/my_package/lib/python3.8/site-packages/my_package-0.0.0-py3.8.egg-info
[0.998s] running install_scripts
[1.036s] Installing my_node script to /home/bolka/dev_ws/install/my_package/lib/my_package
[1.037s] writing list of installed files to '/home/bolka/dev_ws/build/my_package/install.log'
[1.083s] Invoked command in '/home/bolka/dev_ws/src/my_package' returned '0': PYTHONPATH=/home/bolka/dev_ws/install/my_package/lib/python3.8/site-packages:${PYTHONPATH} /usr/bin/python3 setup.py egg_info --egg-base ../../build/my_package build --build-base /home/bolka/dev_ws/build/my_package/build install --prefix /home/bolka/dev_ws/install/my_package --record /home/bolka/dev_ws/build/my_package/install.log --single-version-externally-managed
