[1.156s] Invoking command in '/home/bolka/dev_ws/src/map': PYTHONPATH=/home/bolka/dev_ws/install/map/lib/python3.8/site-packages:${PYTHONPATH} /usr/bin/python3 setup.py egg_info --egg-base ../../build/map build --build-base /home/bolka/dev_ws/build/map/build install --prefix /home/bolka/dev_ws/install/map --record /home/bolka/dev_ws/build/map/install.log --single-version-externally-managed
[2.017s] running egg_info
[2.019s] writing ../../build/map/map.egg-info/PKG-INFO
[2.020s] writing dependency_links to ../../build/map/map.egg-info/dependency_links.txt
[2.021s] writing entry points to ../../build/map/map.egg-info/entry_points.txt
[2.022s] writing requirements to ../../build/map/map.egg-info/requires.txt
[2.023s] writing top-level names to ../../build/map/map.egg-info/top_level.txt
[2.135s] reading manifest file '../../build/map/map.egg-info/SOURCES.txt'
[2.136s] writing manifest file '../../build/map/map.egg-info/SOURCES.txt'
[2.137s] running build
[2.137s] running build_py
[2.137s] running install
[2.138s] running install_lib
[2.141s] running install_data
[2.142s] running install_egg_info
[2.146s] removing '/home/bolka/dev_ws/install/map/lib/python3.8/site-packages/map-0.0.0-py3.8.egg-info' (and everything under it)
[2.147s] Copying ../../build/map/map.egg-info to /home/bolka/dev_ws/install/map/lib/python3.8/site-packages/map-0.0.0-py3.8.egg-info
[2.149s] running install_scripts
[2.190s] Installing node1_map script to /home/bolka/dev_ws/install/map/lib/map
[2.191s] writing list of installed files to '/home/bolka/dev_ws/build/map/install.log'
[2.235s] Invoked command in '/home/bolka/dev_ws/src/map' returned '0': PYTHONPATH=/home/bolka/dev_ws/install/map/lib/python3.8/site-packages:${PYTHONPATH} /usr/bin/python3 setup.py egg_info --egg-base ../../build/map build --build-base /home/bolka/dev_ws/build/map/build install --prefix /home/bolka/dev_ws/install/map --record /home/bolka/dev_ws/build/map/install.log --single-version-externally-managed
