[1.040s] Invoking command in '/home/bolka/dev_ws/src/simulator': PYTHONPATH=/home/bolka/dev_ws/install/simulator/lib/python3.8/site-packages:${PYTHONPATH} /usr/bin/python3 setup.py egg_info --egg-base ../../build/simulator build --build-base /home/bolka/dev_ws/build/simulator/build install --prefix /home/bolka/dev_ws/install/simulator --record /home/bolka/dev_ws/build/simulator/install.log --single-version-externally-managed
[1.651s] running egg_info
[1.652s] writing ../../build/simulator/simulator.egg-info/PKG-INFO
[1.653s] writing dependency_links to ../../build/simulator/simulator.egg-info/dependency_links.txt
[1.653s] writing entry points to ../../build/simulator/simulator.egg-info/entry_points.txt
[1.653s] writing requirements to ../../build/simulator/simulator.egg-info/requires.txt
[1.654s] writing top-level names to ../../build/simulator/simulator.egg-info/top_level.txt
[1.745s] reading manifest file '../../build/simulator/simulator.egg-info/SOURCES.txt'
[1.747s] writing manifest file '../../build/simulator/simulator.egg-info/SOURCES.txt'
[1.747s] running build
[1.748s] running build_py
[1.748s] copying simulator/node2_simulator.py -> /home/bolka/dev_ws/build/simulator/build/lib/simulator
[1.748s] running install
[1.750s] running install_lib
[1.752s] copying /home/bolka/dev_ws/build/simulator/build/lib/simulator/node2_simulator.py -> /home/bolka/dev_ws/install/simulator/lib/python3.8/site-packages/simulator
[1.753s] byte-compiling /home/bolka/dev_ws/install/simulator/lib/python3.8/site-packages/simulator/node2_simulator.py to node2_simulator.cpython-38.pyc
[1.759s] running install_data
[1.760s] running install_egg_info
[1.764s] removing '/home/bolka/dev_ws/install/simulator/lib/python3.8/site-packages/simulator-0.0.0-py3.8.egg-info' (and everything under it)
[1.765s] Copying ../../build/simulator/simulator.egg-info to /home/bolka/dev_ws/install/simulator/lib/python3.8/site-packages/simulator-0.0.0-py3.8.egg-info
[1.767s] running install_scripts
[1.811s] Installing node2_simulator script to /home/bolka/dev_ws/install/simulator/lib/simulator
[1.811s] writing list of installed files to '/home/bolka/dev_ws/build/simulator/install.log'
[1.869s] Invoked command in '/home/bolka/dev_ws/src/simulator' returned '0': PYTHONPATH=/home/bolka/dev_ws/install/simulator/lib/python3.8/site-packages:${PYTHONPATH} /usr/bin/python3 setup.py egg_info --egg-base ../../build/simulator build --build-base /home/bolka/dev_ws/build/simulator/build install --prefix /home/bolka/dev_ws/install/simulator --record /home/bolka/dev_ws/build/simulator/install.log --single-version-externally-managed
