[1.657s] Invoking command in '/home/bolka/dev_ws/src/simulator': PYTHONPATH=/home/bolka/dev_ws/install/simulator/lib/python3.8/site-packages:${PYTHONPATH} /usr/bin/python3 setup.py egg_info --egg-base ../../build/simulator build --build-base /home/bolka/dev_ws/build/simulator/build install --prefix /home/bolka/dev_ws/install/simulator --record /home/bolka/dev_ws/build/simulator/install.log --single-version-externally-managed
[2.792s] running egg_info
[2.798s] writing ../../build/simulator/simulator.egg-info/PKG-INFO
[2.799s] writing dependency_links to ../../build/simulator/simulator.egg-info/dependency_links.txt
[2.800s] writing entry points to ../../build/simulator/simulator.egg-info/entry_points.txt
[2.800s] writing requirements to ../../build/simulator/simulator.egg-info/requires.txt
[2.800s] writing top-level names to ../../build/simulator/simulator.egg-info/top_level.txt
[2.920s] reading manifest file '../../build/simulator/simulator.egg-info/SOURCES.txt'
[2.922s] writing manifest file '../../build/simulator/simulator.egg-info/SOURCES.txt'
[2.923s] running build
[2.923s] running build_py
[2.924s] copying simulator/node2_simulator.py -> /home/bolka/dev_ws/build/simulator/build/lib/simulator
[2.925s] running install
[2.927s] running install_lib
[2.931s] copying /home/bolka/dev_ws/build/simulator/build/lib/simulator/node2_simulator.py -> /home/bolka/dev_ws/install/simulator/lib/python3.8/site-packages/simulator
[2.932s] byte-compiling /home/bolka/dev_ws/install/simulator/lib/python3.8/site-packages/simulator/node2_simulator.py to node2_simulator.cpython-38.pyc
[2.941s] running install_data
[2.942s] running install_egg_info
[2.945s] removing '/home/bolka/dev_ws/install/simulator/lib/python3.8/site-packages/simulator-0.0.0-py3.8.egg-info' (and everything under it)
[2.945s] Copying ../../build/simulator/simulator.egg-info to /home/bolka/dev_ws/install/simulator/lib/python3.8/site-packages/simulator-0.0.0-py3.8.egg-info
[2.947s] running install_scripts
[3.000s] Installing node2_simulator script to /home/bolka/dev_ws/install/simulator/lib/simulator
[3.001s] writing list of installed files to '/home/bolka/dev_ws/build/simulator/install.log'
[3.051s] Invoked command in '/home/bolka/dev_ws/src/simulator' returned '0': PYTHONPATH=/home/bolka/dev_ws/install/simulator/lib/python3.8/site-packages:${PYTHONPATH} /usr/bin/python3 setup.py egg_info --egg-base ../../build/simulator build --build-base /home/bolka/dev_ws/build/simulator/build install --prefix /home/bolka/dev_ws/install/simulator --record /home/bolka/dev_ws/build/simulator/install.log --single-version-externally-managed
