[1.080s] Invoking command in '/home/bolka/dev_ws/src/simulator': PYTHONPATH=/home/bolka/dev_ws/install/simulator/lib/python3.8/site-packages:${PYTHONPATH} /usr/bin/python3 setup.py egg_info --egg-base ../../build/simulator build --build-base /home/bolka/dev_ws/build/simulator/build install --prefix /home/bolka/dev_ws/install/simulator --record /home/bolka/dev_ws/build/simulator/install.log --single-version-externally-managed
[1.745s] running egg_info
[1.746s] writing ../../build/simulator/simulator.egg-info/PKG-INFO
[1.747s] writing dependency_links to ../../build/simulator/simulator.egg-info/dependency_links.txt
[1.747s] writing entry points to ../../build/simulator/simulator.egg-info/entry_points.txt
[1.748s] writing requirements to ../../build/simulator/simulator.egg-info/requires.txt
[1.748s] writing top-level names to ../../build/simulator/simulator.egg-info/top_level.txt
[1.847s] reading manifest file '../../build/simulator/simulator.egg-info/SOURCES.txt'
[1.850s] writing manifest file '../../build/simulator/simulator.egg-info/SOURCES.txt'
[1.851s] running build
[1.851s] running build_py
[1.852s] running install
[1.855s] running install_lib
[1.859s] running install_data
[1.861s] running install_egg_info
[1.866s] removing '/home/bolka/dev_ws/install/simulator/lib/python3.8/site-packages/simulator-0.0.0-py3.8.egg-info' (and everything under it)
[1.867s] Copying ../../build/simulator/simulator.egg-info to /home/bolka/dev_ws/install/simulator/lib/python3.8/site-packages/simulator-0.0.0-py3.8.egg-info
[1.869s] running install_scripts
[1.921s] Installing node2_simulator script to /home/bolka/dev_ws/install/simulator/lib/simulator
[1.922s] writing list of installed files to '/home/bolka/dev_ws/build/simulator/install.log'
[2.006s] Invoked command in '/home/bolka/dev_ws/src/simulator' returned '0': PYTHONPATH=/home/bolka/dev_ws/install/simulator/lib/python3.8/site-packages:${PYTHONPATH} /usr/bin/python3 setup.py egg_info --egg-base ../../build/simulator build --build-base /home/bolka/dev_ws/build/simulator/build install --prefix /home/bolka/dev_ws/install/simulator --record /home/bolka/dev_ws/build/simulator/install.log --single-version-externally-managed
