[1.311s] Invoking command in '/home/bolka/dev_ws/src/my_package': PYTHONPATH=/home/bolka/dev_ws/install/my_package/lib/python3.8/site-packages:${PYTHONPATH} /usr/bin/python3 setup.py egg_info --egg-base ../../build/my_package build --build-base /home/bolka/dev_ws/build/my_package/build install --prefix /home/bolka/dev_ws/install/my_package --record /home/bolka/dev_ws/build/my_package/install.log --single-version-externally-managed
[2.206s] running egg_info
[2.210s] writing ../../build/my_package/my_package.egg-info/PKG-INFO
[2.212s] writing dependency_links to ../../build/my_package/my_package.egg-info/dependency_links.txt
[2.218s] writing entry points to ../../build/my_package/my_package.egg-info/entry_points.txt
[2.219s] writing requirements to ../../build/my_package/my_package.egg-info/requires.txt
[2.219s] writing top-level names to ../../build/my_package/my_package.egg-info/top_level.txt
[2.341s] reading manifest file '../../build/my_package/my_package.egg-info/SOURCES.txt'
[2.344s] writing manifest file '../../build/my_package/my_package.egg-info/SOURCES.txt'
[2.345s] running build
[2.345s] running build_py
[2.345s] running install
[2.347s] running install_lib
[2.352s] running install_data
[2.353s] running install_egg_info
[2.359s] removing '/home/bolka/dev_ws/install/my_package/lib/python3.8/site-packages/my_package-0.0.0-py3.8.egg-info' (and everything under it)
[2.360s] Copying ../../build/my_package/my_package.egg-info to /home/bolka/dev_ws/install/my_package/lib/python3.8/site-packages/my_package-0.0.0-py3.8.egg-info
[2.364s] running install_scripts
[2.454s] Installing my_node script to /home/bolka/dev_ws/install/my_package/lib/my_package
[2.454s] writing list of installed files to '/home/bolka/dev_ws/build/my_package/install.log'
[2.549s] Invoked command in '/home/bolka/dev_ws/src/my_package' returned '0': PYTHONPATH=/home/bolka/dev_ws/install/my_package/lib/python3.8/site-packages:${PYTHONPATH} /usr/bin/python3 setup.py egg_info --egg-base ../../build/my_package build --build-base /home/bolka/dev_ws/build/my_package/build install --prefix /home/bolka/dev_ws/install/my_package --record /home/bolka/dev_ws/build/my_package/install.log --single-version-externally-managed
