[1.037s] Invoking command in '/home/bolka/dev_ws/src/my_package': PYTHONPATH=/home/bolka/dev_ws/install/my_package/lib/python3.8/site-packages:${PYTHONPATH} /usr/bin/python3 setup.py egg_info --egg-base ../../build/my_package build --build-base /home/bolka/dev_ws/build/my_package/build install --prefix /home/bolka/dev_ws/install/my_package --record /home/bolka/dev_ws/build/my_package/install.log --single-version-externally-managed
[1.669s] running egg_info
[1.670s] writing ../../build/my_package/my_package.egg-info/PKG-INFO
[1.671s] writing dependency_links to ../../build/my_package/my_package.egg-info/dependency_links.txt
[1.671s] writing entry points to ../../build/my_package/my_package.egg-info/entry_points.txt
[1.672s] writing requirements to ../../build/my_package/my_package.egg-info/requires.txt
[1.673s] writing top-level names to ../../build/my_package/my_package.egg-info/top_level.txt
[1.761s] reading manifest file '../../build/my_package/my_package.egg-info/SOURCES.txt'
[1.763s] writing manifest file '../../build/my_package/my_package.egg-info/SOURCES.txt'
[1.764s] running build
[1.765s] running build_py
[1.766s] running install
[1.768s] running install_lib
[1.771s] running install_data
[1.772s] running install_egg_info
[1.777s] removing '/home/bolka/dev_ws/install/my_package/lib/python3.8/site-packages/my_package-0.0.0-py3.8.egg-info' (and everything under it)
[1.779s] Copying ../../build/my_package/my_package.egg-info to /home/bolka/dev_ws/install/my_package/lib/python3.8/site-packages/my_package-0.0.0-py3.8.egg-info
[1.783s] running install_scripts
[1.832s] Installing my_node script to /home/bolka/dev_ws/install/my_package/lib/my_package
[1.832s] writing list of installed files to '/home/bolka/dev_ws/build/my_package/install.log'
[1.889s] Invoked command in '/home/bolka/dev_ws/src/my_package' returned '0': PYTHONPATH=/home/bolka/dev_ws/install/my_package/lib/python3.8/site-packages:${PYTHONPATH} /usr/bin/python3 setup.py egg_info --egg-base ../../build/my_package build --build-base /home/bolka/dev_ws/build/my_package/build install --prefix /home/bolka/dev_ws/install/my_package --record /home/bolka/dev_ws/build/my_package/install.log --single-version-externally-managed
