[1.652s] Invoking command in '/home/bolka/dev_ws/src/my_package': PYTHONPATH=/home/bolka/dev_ws/install/my_package/lib/python3.8/site-packages:${PYTHONPATH} /usr/bin/python3 setup.py egg_info --egg-base ../../build/my_package build --build-base /home/bolka/dev_ws/build/my_package/build install --prefix /home/bolka/dev_ws/install/my_package --record /home/bolka/dev_ws/build/my_package/install.log --single-version-externally-managed
[2.563s] running egg_info
[2.571s] writing ../../build/my_package/my_package.egg-info/PKG-INFO
[2.573s] writing dependency_links to ../../build/my_package/my_package.egg-info/dependency_links.txt
[2.577s] writing entry points to ../../build/my_package/my_package.egg-info/entry_points.txt
[2.579s] writing requirements to ../../build/my_package/my_package.egg-info/requires.txt
[2.579s] writing top-level names to ../../build/my_package/my_package.egg-info/top_level.txt
[2.686s] reading manifest file '../../build/my_package/my_package.egg-info/SOURCES.txt'
[2.688s] writing manifest file '../../build/my_package/my_package.egg-info/SOURCES.txt'
[2.688s] running build
[2.689s] running build_py
[2.690s] running install
[2.692s] running install_lib
[2.695s] running install_data
[2.697s] running install_egg_info
[2.708s] removing '/home/bolka/dev_ws/install/my_package/lib/python3.8/site-packages/my_package-0.0.0-py3.8.egg-info' (and everything under it)
[2.709s] Copying ../../build/my_package/my_package.egg-info to /home/bolka/dev_ws/install/my_package/lib/python3.8/site-packages/my_package-0.0.0-py3.8.egg-info
[2.711s] running install_scripts
[2.805s] Installing my_node script to /home/bolka/dev_ws/install/my_package/lib/my_package
[2.806s] writing list of installed files to '/home/bolka/dev_ws/build/my_package/install.log'
[2.892s] Invoked command in '/home/bolka/dev_ws/src/my_package' returned '0': PYTHONPATH=/home/bolka/dev_ws/install/my_package/lib/python3.8/site-packages:${PYTHONPATH} /usr/bin/python3 setup.py egg_info --egg-base ../../build/my_package build --build-base /home/bolka/dev_ws/build/my_package/build install --prefix /home/bolka/dev_ws/install/my_package --record /home/bolka/dev_ws/build/my_package/install.log --single-version-externally-managed
