[1.080s] Invoking command in '/home/bolka/dev_ws/src/simulator': PYTHONPATH=/home/bolka/dev_ws/install/simulator/lib/python3.8/site-packages:${PYTHONPATH} /usr/bin/python3 setup.py egg_info --egg-base ../../build/simulator build --build-base /home/bolka/dev_ws/build/simulator/build install --prefix /home/bolka/dev_ws/install/simulator --record /home/bolka/dev_ws/build/simulator/install.log --single-version-externally-managed
[1.758s] running egg_info
[1.759s] writing ../../build/simulator/simulator.egg-info/PKG-INFO
[1.764s] writing dependency_links to ../../build/simulator/simulator.egg-info/dependency_links.txt
[1.765s] writing entry points to ../../build/simulator/simulator.egg-info/entry_points.txt
[1.765s] writing requirements to ../../build/simulator/simulator.egg-info/requires.txt
[1.765s] writing top-level names to ../../build/simulator/simulator.egg-info/top_level.txt
[1.872s] reading manifest file '../../build/simulator/simulator.egg-info/SOURCES.txt'
[1.874s] writing manifest file '../../build/simulator/simulator.egg-info/SOURCES.txt'
[1.875s] running build
[1.875s] running build_py
[1.876s] copying simulator/node2_simulator.py -> /home/bolka/dev_ws/build/simulator/build/lib/simulator
[1.876s] running install
[1.878s] running install_lib
[1.880s] copying /home/bolka/dev_ws/build/simulator/build/lib/simulator/node2_simulator.py -> /home/bolka/dev_ws/install/simulator/lib/python3.8/site-packages/simulator
[1.881s] byte-compiling /home/bolka/dev_ws/install/simulator/lib/python3.8/site-packages/simulator/node2_simulator.py to node2_simulator.cpython-38.pyc
[1.886s] running install_data
[1.887s] running install_egg_info
[1.890s] removing '/home/bolka/dev_ws/install/simulator/lib/python3.8/site-packages/simulator-0.0.0-py3.8.egg-info' (and everything under it)
[1.891s] Copying ../../build/simulator/simulator.egg-info to /home/bolka/dev_ws/install/simulator/lib/python3.8/site-packages/simulator-0.0.0-py3.8.egg-info
[1.893s] running install_scripts
[1.940s] Installing node2_simulator script to /home/bolka/dev_ws/install/simulator/lib/simulator
[1.941s] writing list of installed files to '/home/bolka/dev_ws/build/simulator/install.log'
[2.012s] Invoked command in '/home/bolka/dev_ws/src/simulator' returned '0': PYTHONPATH=/home/bolka/dev_ws/install/simulator/lib/python3.8/site-packages:${PYTHONPATH} /usr/bin/python3 setup.py egg_info --egg-base ../../build/simulator build --build-base /home/bolka/dev_ws/build/simulator/build install --prefix /home/bolka/dev_ws/install/simulator --record /home/bolka/dev_ws/build/simulator/install.log --single-version-externally-managed
