[1.110s] Invoking command in '/home/bolka/dev_ws/src/simulator': PYTHONPATH=/home/bolka/dev_ws/install/simulator/lib/python3.8/site-packages:${PYTHONPATH} /usr/bin/python3 setup.py egg_info --egg-base ../../build/simulator build --build-base /home/bolka/dev_ws/build/simulator/build install --prefix /home/bolka/dev_ws/install/simulator --record /home/bolka/dev_ws/build/simulator/install.log --single-version-externally-managed
[1.810s] running egg_info
[1.812s] writing ../../build/simulator/simulator.egg-info/PKG-INFO
[1.812s] writing dependency_links to ../../build/simulator/simulator.egg-info/dependency_links.txt
[1.813s] writing entry points to ../../build/simulator/simulator.egg-info/entry_points.txt
[1.813s] writing requirements to ../../build/simulator/simulator.egg-info/requires.txt
[1.814s] writing top-level names to ../../build/simulator/simulator.egg-info/top_level.txt
[1.957s] reading manifest file '../../build/simulator/simulator.egg-info/SOURCES.txt'
[1.959s] writing manifest file '../../build/simulator/simulator.egg-info/SOURCES.txt'
[1.959s] running build
[1.960s] running build_py
[1.960s] copying simulator/node2_simulator.py -> /home/bolka/dev_ws/build/simulator/build/lib/simulator
[1.960s] running install
[1.962s] running install_lib
[1.965s] copying /home/bolka/dev_ws/build/simulator/build/lib/simulator/node2_simulator.py -> /home/bolka/dev_ws/install/simulator/lib/python3.8/site-packages/simulator
[1.966s] byte-compiling /home/bolka/dev_ws/install/simulator/lib/python3.8/site-packages/simulator/node2_simulator.py to node2_simulator.cpython-38.pyc
[1.970s] running install_data
[1.971s] running install_egg_info
[1.975s] removing '/home/bolka/dev_ws/install/simulator/lib/python3.8/site-packages/simulator-0.0.0-py3.8.egg-info' (and everything under it)
[1.979s] Copying ../../build/simulator/simulator.egg-info to /home/bolka/dev_ws/install/simulator/lib/python3.8/site-packages/simulator-0.0.0-py3.8.egg-info
[1.983s] running install_scripts
[2.027s] Installing node2_simulator script to /home/bolka/dev_ws/install/simulator/lib/simulator
[2.028s] writing list of installed files to '/home/bolka/dev_ws/build/simulator/install.log'
[2.092s] Invoked command in '/home/bolka/dev_ws/src/simulator' returned '0': PYTHONPATH=/home/bolka/dev_ws/install/simulator/lib/python3.8/site-packages:${PYTHONPATH} /usr/bin/python3 setup.py egg_info --egg-base ../../build/simulator build --build-base /home/bolka/dev_ws/build/simulator/build install --prefix /home/bolka/dev_ws/install/simulator --record /home/bolka/dev_ws/build/simulator/install.log --single-version-externally-managed
