[1.043s] Invoking command in '/home/bolka/dev_ws/src/simulator': PYTHONPATH=/home/bolka/dev_ws/install/simulator/lib/python3.8/site-packages:${PYTHONPATH} /usr/bin/python3 setup.py egg_info --egg-base ../../build/simulator build --build-base /home/bolka/dev_ws/build/simulator/build install --prefix /home/bolka/dev_ws/install/simulator --record /home/bolka/dev_ws/build/simulator/install.log --single-version-externally-managed
[1.751s] running egg_info
[1.753s] writing ../../build/simulator/simulator.egg-info/PKG-INFO
[1.754s] writing dependency_links to ../../build/simulator/simulator.egg-info/dependency_links.txt
[1.755s] writing entry points to ../../build/simulator/simulator.egg-info/entry_points.txt
[1.756s] writing requirements to ../../build/simulator/simulator.egg-info/requires.txt
[1.757s] writing top-level names to ../../build/simulator/simulator.egg-info/top_level.txt
[1.882s] reading manifest file '../../build/simulator/simulator.egg-info/SOURCES.txt'
[1.884s] writing manifest file '../../build/simulator/simulator.egg-info/SOURCES.txt'
[1.885s] running build
[1.885s] running build_py
[1.886s] copying simulator/node2_simulator.py -> /home/bolka/dev_ws/build/simulator/build/lib/simulator
[1.886s] running install
[1.889s] running install_lib
[1.891s] copying /home/bolka/dev_ws/build/simulator/build/lib/simulator/node2_simulator.py -> /home/bolka/dev_ws/install/simulator/lib/python3.8/site-packages/simulator
[1.892s] byte-compiling /home/bolka/dev_ws/install/simulator/lib/python3.8/site-packages/simulator/node2_simulator.py to node2_simulator.cpython-38.pyc
[1.893s] running install_data
[1.895s] running install_egg_info
[1.906s] removing '/home/bolka/dev_ws/install/simulator/lib/python3.8/site-packages/simulator-0.0.0-py3.8.egg-info' (and everything under it)
[1.906s] Copying ../../build/simulator/simulator.egg-info to /home/bolka/dev_ws/install/simulator/lib/python3.8/site-packages/simulator-0.0.0-py3.8.egg-info
[1.907s] running install_scripts
[1.933s] Installing node2_simulator script to /home/bolka/dev_ws/install/simulator/lib/simulator
[1.934s] writing list of installed files to '/home/bolka/dev_ws/build/simulator/install.log'
[1.974s] Invoked command in '/home/bolka/dev_ws/src/simulator' returned '0': PYTHONPATH=/home/bolka/dev_ws/install/simulator/lib/python3.8/site-packages:${PYTHONPATH} /usr/bin/python3 setup.py egg_info --egg-base ../../build/simulator build --build-base /home/bolka/dev_ws/build/simulator/build install --prefix /home/bolka/dev_ws/install/simulator --record /home/bolka/dev_ws/build/simulator/install.log --single-version-externally-managed
