[1.057s] Invoking command in '/home/bolka/dev_ws/src/map': PYTHONPATH=/home/bolka/dev_ws/install/map/lib/python3.8/site-packages:${PYTHONPATH} /usr/bin/python3 setup.py egg_info --egg-base ../../build/map build --build-base /home/bolka/dev_ws/build/map/build install --prefix /home/bolka/dev_ws/install/map --record /home/bolka/dev_ws/build/map/install.log --single-version-externally-managed
[1.654s] running egg_info
[1.656s] writing ../../build/map/map.egg-info/PKG-INFO
[1.656s] writing dependency_links to ../../build/map/map.egg-info/dependency_links.txt
[1.657s] writing entry points to ../../build/map/map.egg-info/entry_points.txt
[1.657s] writing requirements to ../../build/map/map.egg-info/requires.txt
[1.657s] writing top-level names to ../../build/map/map.egg-info/top_level.txt
[1.751s] reading manifest file '../../build/map/map.egg-info/SOURCES.txt'
[1.753s] writing manifest file '../../build/map/map.egg-info/SOURCES.txt'
[1.754s] running build
[1.754s] running build_py
[1.754s] running install
[1.756s] running install_lib
[1.759s] running install_data
[1.772s] running install_egg_info
[1.776s] removing '/home/bolka/dev_ws/install/map/lib/python3.8/site-packages/map-0.0.0-py3.8.egg-info' (and everything under it)
[1.776s] Copying ../../build/map/map.egg-info to /home/bolka/dev_ws/install/map/lib/python3.8/site-packages/map-0.0.0-py3.8.egg-info
[1.778s] running install_scripts
[1.828s] Installing node1_map script to /home/bolka/dev_ws/install/map/lib/map
[1.829s] writing list of installed files to '/home/bolka/dev_ws/build/map/install.log'
[1.889s] Invoked command in '/home/bolka/dev_ws/src/map' returned '0': PYTHONPATH=/home/bolka/dev_ws/install/map/lib/python3.8/site-packages:${PYTHONPATH} /usr/bin/python3 setup.py egg_info --egg-base ../../build/map build --build-base /home/bolka/dev_ws/build/map/build install --prefix /home/bolka/dev_ws/install/map --record /home/bolka/dev_ws/build/map/install.log --single-version-externally-managed
