[1.043s] Invoking command in '/home/bolka/dev_ws/src/simulator': PYTHONPATH=/home/bolka/dev_ws/install/simulator/lib/python3.8/site-packages:${PYTHONPATH} /usr/bin/python3 setup.py egg_info --egg-base ../../build/simulator build --build-base /home/bolka/dev_ws/build/simulator/build install --prefix /home/bolka/dev_ws/install/simulator --record /home/bolka/dev_ws/build/simulator/install.log --single-version-externally-managed
[1.616s] running egg_info
[1.628s] writing ../../build/simulator/simulator.egg-info/PKG-INFO
[1.630s] writing dependency_links to ../../build/simulator/simulator.egg-info/dependency_links.txt
[1.630s] writing entry points to ../../build/simulator/simulator.egg-info/entry_points.txt
[1.631s] writing requirements to ../../build/simulator/simulator.egg-info/requires.txt
[1.632s] writing top-level names to ../../build/simulator/simulator.egg-info/top_level.txt
[1.722s] reading manifest file '../../build/simulator/simulator.egg-info/SOURCES.txt'
[1.724s] writing manifest file '../../build/simulator/simulator.egg-info/SOURCES.txt'
[1.725s] running build
[1.725s] running build_py
[1.726s] running install
[1.728s] running install_lib
[1.732s] running install_data
[1.733s] running install_egg_info
[1.737s] removing '/home/bolka/dev_ws/install/simulator/lib/python3.8/site-packages/simulator-0.0.0-py3.8.egg-info' (and everything under it)
[1.738s] Copying ../../build/simulator/simulator.egg-info to /home/bolka/dev_ws/install/simulator/lib/python3.8/site-packages/simulator-0.0.0-py3.8.egg-info
[1.740s] running install_scripts
[1.786s] Installing node2_simulator script to /home/bolka/dev_ws/install/simulator/lib/simulator
[1.787s] writing list of installed files to '/home/bolka/dev_ws/build/simulator/install.log'
[1.861s] Invoked command in '/home/bolka/dev_ws/src/simulator' returned '0': PYTHONPATH=/home/bolka/dev_ws/install/simulator/lib/python3.8/site-packages:${PYTHONPATH} /usr/bin/python3 setup.py egg_info --egg-base ../../build/simulator build --build-base /home/bolka/dev_ws/build/simulator/build install --prefix /home/bolka/dev_ws/install/simulator --record /home/bolka/dev_ws/build/simulator/install.log --single-version-externally-managed
