[1.131s] Invoking command in '/home/bolka/dev_ws/src/map': PYTHONPATH=/home/bolka/dev_ws/install/map/lib/python3.8/site-packages:${PYTHONPATH} /usr/bin/python3 setup.py egg_info --egg-base ../../build/map build --build-base /home/bolka/dev_ws/build/map/build install --prefix /home/bolka/dev_ws/install/map --record /home/bolka/dev_ws/build/map/install.log --single-version-externally-managed
[2.669s] running egg_info
[2.670s] writing ../../build/map/map.egg-info/PKG-INFO
[2.671s] writing dependency_links to ../../build/map/map.egg-info/dependency_links.txt
[2.671s] writing entry points to ../../build/map/map.egg-info/entry_points.txt
[2.671s] writing requirements to ../../build/map/map.egg-info/requires.txt
[2.672s] writing top-level names to ../../build/map/map.egg-info/top_level.txt
[2.804s] reading manifest file '../../build/map/map.egg-info/SOURCES.txt'
[2.809s] writing manifest file '../../build/map/map.egg-info/SOURCES.txt'
[2.809s] running build
[2.809s] running build_py
[2.810s] running install
[2.811s] running install_lib
[2.811s] running install_data
[2.812s] running install_egg_info
[2.817s] removing '/home/bolka/dev_ws/install/map/lib/python3.8/site-packages/map-0.0.0-py3.8.egg-info' (and everything under it)
[2.818s] Copying ../../build/map/map.egg-info to /home/bolka/dev_ws/install/map/lib/python3.8/site-packages/map-0.0.0-py3.8.egg-info
[2.822s] running install_scripts
[2.867s] Installing node1_map script to /home/bolka/dev_ws/install/map/lib/map
[2.870s] writing list of installed files to '/home/bolka/dev_ws/build/map/install.log'
[2.941s] Invoked command in '/home/bolka/dev_ws/src/map' returned '0': PYTHONPATH=/home/bolka/dev_ws/install/map/lib/python3.8/site-packages:${PYTHONPATH} /usr/bin/python3 setup.py egg_info --egg-base ../../build/map build --build-base /home/bolka/dev_ws/build/map/build install --prefix /home/bolka/dev_ws/install/map --record /home/bolka/dev_ws/build/map/install.log --single-version-externally-managed
