[1.158s] Invoking command in '/home/bolka/dev_ws/src/map': PYTHONPATH=/home/bolka/dev_ws/install/map/lib/python3.8/site-packages:${PYTHONPATH} /usr/bin/python3 setup.py egg_info --egg-base ../../build/map build --build-base /home/bolka/dev_ws/build/map/build install --prefix /home/bolka/dev_ws/install/map --record /home/bolka/dev_ws/build/map/install.log --single-version-externally-managed
[1.890s] running egg_info
[1.892s] writing ../../build/map/map.egg-info/PKG-INFO
[1.895s] writing dependency_links to ../../build/map/map.egg-info/dependency_links.txt
[1.895s] writing entry points to ../../build/map/map.egg-info/entry_points.txt
[1.896s] writing requirements to ../../build/map/map.egg-info/requires.txt
[1.897s] writing top-level names to ../../build/map/map.egg-info/top_level.txt
[2.042s] reading manifest file '../../build/map/map.egg-info/SOURCES.txt'
[2.046s] writing manifest file '../../build/map/map.egg-info/SOURCES.txt'
[2.047s] running build
[2.047s] running build_py
[2.049s] running install
[2.052s] running install_lib
[2.056s] running install_data
[2.058s] running install_egg_info
[2.064s] removing '/home/bolka/dev_ws/install/map/lib/python3.8/site-packages/map-0.0.0-py3.8.egg-info' (and everything under it)
[2.065s] Copying ../../build/map/map.egg-info to /home/bolka/dev_ws/install/map/lib/python3.8/site-packages/map-0.0.0-py3.8.egg-info
[2.069s] running install_scripts
[2.125s] Installing node1_map script to /home/bolka/dev_ws/install/map/lib/map
[2.125s] writing list of installed files to '/home/bolka/dev_ws/build/map/install.log'
[2.188s] Invoked command in '/home/bolka/dev_ws/src/map' returned '0': PYTHONPATH=/home/bolka/dev_ws/install/map/lib/python3.8/site-packages:${PYTHONPATH} /usr/bin/python3 setup.py egg_info --egg-base ../../build/map build --build-base /home/bolka/dev_ws/build/map/build install --prefix /home/bolka/dev_ws/install/map --record /home/bolka/dev_ws/build/map/install.log --single-version-externally-managed
