running egg_info
writing ../../build/simulator/simulator.egg-info/PKG-INFO
writing dependency_links to ../../build/simulator/simulator.egg-info/dependency_links.txt
writing entry points to ../../build/simulator/simulator.egg-info/entry_points.txt
writing requirements to ../../build/simulator/simulator.egg-info/requires.txt
writing top-level names to ../../build/simulator/simulator.egg-info/top_level.txt
reading manifest file '../../build/simulator/simulator.egg-info/SOURCES.txt'
writing manifest file '../../build/simulator/simulator.egg-info/SOURCES.txt'
running build
running build_py
copying simulator/node2_simulator.py -> /home/bolka/dev_ws/build/simulator/build/lib/simulator
running install
running install_lib
copying /home/bolka/dev_ws/build/simulator/build/lib/simulator/node2_simulator.py -> /home/bolka/dev_ws/install/simulator/lib/python3.8/site-packages/simulator
byte-compiling /home/bolka/dev_ws/install/simulator/lib/python3.8/site-packages/simulator/node2_simulator.py to node2_simulator.cpython-38.pyc
running install_data
running install_egg_info
removing '/home/bolka/dev_ws/install/simulator/lib/python3.8/site-packages/simulator-0.0.0-py3.8.egg-info' (and everything under it)
Copying ../../build/simulator/simulator.egg-info to /home/bolka/dev_ws/install/simulator/lib/python3.8/site-packages/simulator-0.0.0-py3.8.egg-info
running install_scripts
Installing node2_simulator script to /home/bolka/dev_ws/install/simulator/lib/simulator
writing list of installed files to '/home/bolka/dev_ws/build/simulator/install.log'
