[1.038s] Invoking command in '/home/bolka/dev_ws/src/simulator': PYTHONPATH=/home/bolka/dev_ws/install/simulator/lib/python3.8/site-packages:${PYTHONPATH} /usr/bin/python3 setup.py egg_info --egg-base ../../build/simulator build --build-base /home/bolka/dev_ws/build/simulator/build install --prefix /home/bolka/dev_ws/install/simulator --record /home/bolka/dev_ws/build/simulator/install.log --single-version-externally-managed
[1.771s] running egg_info
[1.773s] writing ../../build/simulator/simulator.egg-info/PKG-INFO
[1.774s] writing dependency_links to ../../build/simulator/simulator.egg-info/dependency_links.txt
[1.775s] writing entry points to ../../build/simulator/simulator.egg-info/entry_points.txt
[1.776s] writing requirements to ../../build/simulator/simulator.egg-info/requires.txt
[1.776s] writing top-level names to ../../build/simulator/simulator.egg-info/top_level.txt
[1.875s] reading manifest file '../../build/simulator/simulator.egg-info/SOURCES.txt'
[1.877s] writing manifest file '../../build/simulator/simulator.egg-info/SOURCES.txt'
[1.877s] running build
[1.877s] running build_py
[1.878s] running install
[1.878s] running install_lib
[1.880s] running install_data
[1.886s] running install_egg_info
[1.887s] removing '/home/bolka/dev_ws/install/simulator/lib/python3.8/site-packages/simulator-0.0.0-py3.8.egg-info' (and everything under it)
[1.888s] Copying ../../build/simulator/simulator.egg-info to /home/bolka/dev_ws/install/simulator/lib/python3.8/site-packages/simulator-0.0.0-py3.8.egg-info
[1.890s] running install_scripts
[1.925s] Installing node2_simulator script to /home/bolka/dev_ws/install/simulator/lib/simulator
[1.926s] writing list of installed files to '/home/bolka/dev_ws/build/simulator/install.log'
[1.970s] Invoked command in '/home/bolka/dev_ws/src/simulator' returned '0': PYTHONPATH=/home/bolka/dev_ws/install/simulator/lib/python3.8/site-packages:${PYTHONPATH} /usr/bin/python3 setup.py egg_info --egg-base ../../build/simulator build --build-base /home/bolka/dev_ws/build/simulator/build install --prefix /home/bolka/dev_ws/install/simulator --record /home/bolka/dev_ws/build/simulator/install.log --single-version-externally-managed
